<?xml version="1.0" encoding="UTF-8"?>
<coverage generated="1699215906352" clover="3.2.0">
  <project timestamp="1699215906352" name="All files">
    <metrics statements="3137" coveredstatements="1121" conditionals="2174" coveredconditionals="421" methods="912" coveredmethods="325" elements="6223" coveredelements="1867" complexity="0" loc="3137" ncloc="3137" packages="35" files="81" classes="81"/>
    <package name="core">
      <metrics statements="759" coveredstatements="338" conditionals="642" coveredconditionals="190" methods="173" coveredmethods="99"/>
      <file name="index.js" path="C:\Users\User\source\repos\multi-swagger\Multi-Swagger\src\core\index.js">
        <metrics statements="50" coveredstatements="39" conditionals="43" coveredconditionals="23" methods="5" coveredmethods="5"/>
        <line num="10" count="95" type="stmt"/>
        <line num="14" count="95" type="cond" truecount="2" falsecount="0"/>
        <line num="15" count="95" type="stmt"/>
        <line num="22" count="95" type="stmt"/>
        <line num="42" count="246" type="stmt"/>
        <line num="43" count="220" type="stmt"/>
        <line num="112" count="95" type="cond" truecount="1" falsecount="1"/>
        <line num="114" count="95" type="stmt"/>
        <line num="115" count="95" type="stmt"/>
        <line num="117" count="95" type="stmt"/>
        <line num="119" count="95" type="stmt"/>
        <line num="138" count="95" type="cond" truecount="1" falsecount="1"/>
        <line num="142" count="95" type="stmt"/>
        <line num="143" count="0" type="cond" truecount="0" falsecount="2"/>
        <line num="147" count="0" type="stmt"/>
        <line num="152" count="95" type="stmt"/>
        <line num="153" count="190" type="stmt"/>
        <line num="160" count="95" type="stmt"/>
        <line num="161" count="95" type="stmt"/>
        <line num="163" count="95" type="stmt"/>
        <line num="165" count="95" type="stmt"/>
        <line num="169" count="95" type="cond" truecount="1" falsecount="1"/>
        <line num="170" count="95" type="cond" truecount="2" falsecount="0"/>
        <line num="173" count="95" type="cond" truecount="1" falsecount="1"/>
        <line num="174" count="0" type="stmt"/>
        <line num="177" count="95" type="stmt"/>
        <line num="178" count="95" type="stmt"/>
        <line num="180" count="95" type="cond" truecount="1" falsecount="1"/>
        <line num="181" count="95" type="cond" truecount="4" falsecount="1"/>
        <line num="182" count="0" type="stmt"/>
        <line num="183" count="0" type="stmt"/>
        <line num="184" count="0" type="stmt"/>
        <line num="185" count="95" type="cond" truecount="4" falsecount="1"/>
        <line num="188" count="95" type="stmt"/>
        <line num="189" count="95" type="stmt"/>
        <line num="193" count="95" type="cond" truecount="1" falsecount="1"/>
        <line num="194" count="0" type="stmt"/>
        <line num="195" count="95" type="cond" truecount="1" falsecount="1"/>
        <line num="196" count="95" type="stmt"/>
        <line num="197" count="95" type="stmt"/>
        <line num="198" count="0" type="cond" truecount="0" falsecount="4"/>
        <line num="202" count="0" type="stmt"/>
        <line num="205" count="95" type="stmt"/>
        <line num="208" count="95" type="cond" truecount="2" falsecount="0"/>
        <line num="210" count="95" type="cond" truecount="2" falsecount="3"/>
        <line num="211" count="0" type="stmt"/>
        <line num="218" count="95" type="stmt"/>
        <line num="221" count="0" type="stmt"/>
        <line num="225" count="95" type="stmt"/>
        <line num="230" count="95" type="stmt"/>
      </file>
      <file name="oauth2-authorize.js" path="C:\Users\User\source\repos\multi-swagger\Multi-Swagger\src\core\oauth2-authorize.js">
        <metrics statements="56" coveredstatements="0" conditionals="39" coveredconditionals="0" methods="1" coveredmethods="0"/>
        <line num="6" count="0" type="stmt"/>
        <line num="7" count="0" type="stmt"/>
        <line num="8" count="0" type="stmt"/>
        <line num="10" count="0" type="cond" truecount="0" falsecount="8"/>
        <line num="12" count="0" type="stmt"/>
        <line num="13" count="0" type="stmt"/>
        <line num="16" count="0" type="stmt"/>
        <line num="17" count="0" type="stmt"/>
        <line num="20" count="0" type="stmt"/>
        <line num="21" count="0" type="stmt"/>
        <line num="24" count="0" type="stmt"/>
        <line num="25" count="0" type="stmt"/>
        <line num="30" count="0" type="stmt"/>
        <line num="31" count="0" type="stmt"/>
        <line num="36" count="0" type="stmt"/>
        <line num="37" count="0" type="stmt"/>
        <line num="40" count="0" type="cond" truecount="0" falsecount="2"/>
        <line num="41" count="0" type="stmt"/>
        <line num="44" count="0" type="stmt"/>
        <line num="47" count="0" type="cond" truecount="0" falsecount="2"/>
        <line num="48" count="0" type="stmt"/>
        <line num="54" count="0" type="stmt"/>
        <line num="56" count="0" type="stmt"/>
        <line num="58" count="0" type="stmt"/>
        <line num="59" count="0" type="cond" truecount="0" falsecount="2"/>
        <line num="60" count="0" type="stmt"/>
        <line num="61" count="0" type="cond" truecount="0" falsecount="2"/>
        <line num="62" count="0" type="stmt"/>
        <line num="65" count="0" type="cond" truecount="0" falsecount="2"/>
        <line num="66" count="0" type="cond" truecount="0" falsecount="2"/>
        <line num="68" count="0" type="stmt"/>
        <line num="71" count="0" type="stmt"/>
        <line num="73" count="0" type="stmt"/>
        <line num="75" count="0" type="cond" truecount="0" falsecount="2"/>
        <line num="76" count="0" type="stmt"/>
        <line num="79" count="0" type="cond" truecount="0" falsecount="6"/>
        <line num="80" count="0" type="stmt"/>
        <line num="81" count="0" type="stmt"/>
        <line num="83" count="0" type="stmt"/>
        <line num="84" count="0" type="stmt"/>
        <line num="88" count="0" type="stmt"/>
        <line num="91" count="0" type="stmt"/>
        <line num="93" count="0" type="stmt"/>
        <line num="94" count="0" type="cond" truecount="0" falsecount="2"/>
        <line num="95" count="0" type="stmt"/>
        <line num="99" count="0" type="stmt"/>
        <line num="101" count="0" type="cond" truecount="0" falsecount="2"/>
        <line num="103" count="0" type="stmt"/>
        <line num="109" count="0" type="stmt"/>
        <line num="111" count="0" type="cond" truecount="0" falsecount="2"/>
        <line num="117" count="0" type="cond" truecount="0" falsecount="2"/>
        <line num="118" count="0" type="stmt"/>
        <line num="119" count="0" type="cond" truecount="0" falsecount="2"/>
        <line num="120" count="0" type="stmt"/>
        <line num="122" count="0" type="stmt"/>
        <line num="125" count="0" type="stmt"/>
      </file>
      <file name="syntax-highlighting.js" path="C:\Users\User\source\repos\multi-swagger\Multi-Swagger\src\core\syntax-highlighting.js">
        <metrics statements="15" coveredstatements="13" conditionals="2" coveredconditionals="1" methods="1" coveredmethods="1"/>
        <line num="18" count="95" type="stmt"/>
        <line num="19" count="95" type="stmt"/>
        <line num="20" count="95" type="stmt"/>
        <line num="21" count="95" type="stmt"/>
        <line num="22" count="95" type="stmt"/>
        <line num="23" count="95" type="stmt"/>
        <line num="24" count="95" type="stmt"/>
        <line num="25" count="95" type="stmt"/>
        <line num="27" count="95" type="stmt"/>
        <line num="28" count="95" type="stmt"/>
        <line num="30" count="95" type="stmt"/>
        <line num="31" count="28" type="cond" truecount="1" falsecount="1"/>
        <line num="32" count="0" type="stmt"/>
        <line num="33" count="0" type="stmt"/>
        <line num="35" count="28" type="stmt"/>
      </file>
      <file name="system.js" path="C:\Users\User\source\repos\multi-swagger\Multi-Swagger\src\core\system.js">
        <metrics statements="198" coveredstatements="175" conditionals="127" coveredconditionals="102" methods="65" coveredmethods="58"/>
        <line num="13" count="95" type="stmt"/>
        <line num="18" count="95" type="stmt"/>
        <line num="25" count="95" type="cond" truecount="2" falsecount="0"/>
        <line num="27" count="95" type="stmt"/>
        <line num="35" count="95" type="stmt"/>
        <line num="50" count="95" type="stmt"/>
        <line num="53" count="95" type="stmt"/>
        <line num="56" count="95" type="stmt"/>
        <line num="59" count="95" type="stmt"/>
        <line num="63" count="1520" type="stmt"/>
        <line num="67" count="190" type="stmt"/>
        <line num="68" count="190" type="stmt"/>
        <line num="69" count="190" type="cond" truecount="1" falsecount="1"/>
        <line num="70" count="190" type="stmt"/>
        <line num="73" count="190" type="stmt"/>
        <line num="75" count="190" type="cond" truecount="1" falsecount="1"/>
        <line num="76" count="190" type="stmt"/>
        <line num="81" count="475" type="stmt"/>
        <line num="82" count="475" type="stmt"/>
        <line num="84" count="475" type="stmt"/>
        <line num="93" count="475" type="cond" truecount="2" falsecount="0"/>
        <line num="94" count="380" type="stmt"/>
        <line num="98" count="86512" type="stmt"/>
        <line num="102" count="475" type="stmt"/>
        <line num="114" count="19305" type="stmt"/>
        <line num="118" count="475" type="stmt"/>
        <line num="124" count="95" type="stmt"/>
        <line num="128" count="380" type="stmt"/>
        <line num="136" count="950" type="stmt"/>
        <line num="137" count="950" type="stmt"/>
        <line num="138" count="5320" type="stmt"/>
        <line num="139" count="5320" type="cond" truecount="2" falsecount="0"/>
        <line num="140" count="4940" type="stmt"/>
        <line num="145" count="475" type="stmt"/>
        <line num="149" count="475" type="stmt"/>
        <line num="151" count="475" type="stmt"/>
        <line num="152" count="2280" type="stmt"/>
        <line num="153" count="52440" type="cond" truecount="2" falsecount="0"/>
        <line num="154" count="31540" type="stmt"/>
        <line num="160" count="475" type="stmt"/>
        <line num="161" count="475" type="stmt"/>
        <line num="162" count="2280" type="stmt"/>
        <line num="163" count="2280" type="cond" truecount="2" falsecount="0"/>
        <line num="164" count="1520" type="stmt"/>
        <line num="165" count="24320" type="stmt"/>
        <line num="166" count="24320" type="cond" truecount="2" falsecount="0"/>
        <line num="167" count="20900" type="stmt"/>
        <line num="170" count="3420" type="cond" truecount="1" falsecount="1"/>
        <line num="171" count="0" type="stmt"/>
        <line num="173" count="3420" type="stmt"/>
        <line num="174" count="5700" type="stmt"/>
        <line num="175" count="1012" type="stmt"/>
        <line num="177" count="5700" type="cond" truecount="1" falsecount="1"/>
        <line num="178" count="0" type="stmt"/>
        <line num="180" count="5700" type="stmt"/>
        <line num="184" count="760" type="stmt"/>
        <line num="189" count="475" type="stmt"/>
        <line num="190" count="475" type="stmt"/>
        <line num="191" count="2660" type="stmt"/>
        <line num="192" count="2660" type="stmt"/>
        <line num="193" count="2660" type="cond" truecount="2" falsecount="0"/>
        <line num="194" count="760" type="stmt"/>
        <line num="195" count="31920" type="stmt"/>
        <line num="196" count="31920" type="cond" truecount="2" falsecount="0"/>
        <line num="197" count="26980" type="stmt"/>
        <line num="200" count="4940" type="cond" truecount="1" falsecount="1"/>
        <line num="201" count="0" type="stmt"/>
        <line num="203" count="4940" type="stmt"/>
        <line num="204" count="4940" type="stmt"/>
        <line num="205" count="12725" type="stmt"/>
        <line num="207" count="4940" type="cond" truecount="1" falsecount="1"/>
        <line num="208" count="0" type="stmt"/>
        <line num="210" count="4940" type="stmt"/>
        <line num="214" count="1900" type="stmt"/>
        <line num="219" count="0" type="stmt"/>
        <line num="220" count="0" type="stmt"/>
        <line num="221" count="0" type="stmt"/>
        <line num="226" count="475" type="stmt"/>
        <line num="227" count="2660" type="stmt"/>
        <line num="228" count="2660" type="stmt"/>
        <line num="233" count="475" type="stmt"/>
        <line num="239" count="4358" type="stmt"/>
        <line num="241" count="4358" type="cond" truecount="2" falsecount="0"/>
        <line num="242" count="1693" type="stmt"/>
        <line num="243" count="1926" type="stmt"/>
        <line num="246" count="2665" type="cond" truecount="1" falsecount="1"/>
        <line num="247" count="2665" type="stmt"/>
        <line num="250" count="0" type="stmt"/>
        <line num="254" count="475" type="stmt"/>
        <line num="255" count="2660" type="stmt"/>
        <line num="256" count="98041" type="stmt"/>
        <line num="258" count="2660" type="stmt"/>
        <line num="259" count="43320" type="stmt"/>
        <line num="260" count="98041" type="stmt"/>
        <line num="263" count="98041" type="cond" truecount="2" falsecount="0"/>
        <line num="264" count="5599" type="stmt"/>
        <line num="266" count="98041" type="stmt"/>
        <line num="274" count="475" type="cond" truecount="1" falsecount="1"/>
        <line num="276" count="475" type="stmt"/>
        <line num="278" count="475" type="stmt"/>
        <line num="279" count="33820" type="cond" truecount="2" falsecount="0"/>
        <line num="280" count="31540" type="stmt"/>
        <line num="283" count="31540" type="stmt"/>
        <line num="284" count="4961" type="stmt"/>
        <line num="285" count="4961" type="stmt"/>
        <line num="286" count="4961" type="stmt"/>
        <line num="289" count="0" type="stmt"/>
        <line num="292" count="4961" type="stmt"/>
        <line num="297" count="2280" type="stmt"/>
        <line num="301" count="0" type="stmt"/>
        <line num="302" count="0" type="stmt"/>
        <line num="307" count="0" type="stmt"/>
        <line num="308" count="0" type="stmt"/>
        <line num="315" count="5985" type="cond" truecount="4" falsecount="0"/>
        <line num="316" count="2755" type="stmt"/>
        <line num="319" count="3230" type="cond" truecount="2" falsecount="0"/>
        <line num="320" count="2470" type="stmt"/>
        <line num="323" count="760" type="cond" truecount="1" falsecount="1"/>
        <line num="324" count="760" type="cond" truecount="1" falsecount="1"/>
        <line num="326" count="760" type="stmt"/>
        <line num="327" count="3325" type="stmt"/>
        <line num="331" count="0" type="stmt"/>
        <line num="335" count="5985" type="stmt"/>
        <line num="336" count="5985" type="cond" truecount="4" falsecount="0"/>
        <line num="337" count="2755" type="cond" truecount="2" falsecount="0"/>
        <line num="338" count="95" type="stmt"/>
        <line num="339" count="95" type="stmt"/>
        <line num="343" count="5985" type="cond" truecount="2" falsecount="0"/>
        <line num="344" count="2470" type="stmt"/>
        <line num="346" count="3515" type="cond" truecount="2" falsecount="0"/>
        <line num="347" count="3325" type="stmt"/>
        <line num="350" count="2755" type="stmt"/>
        <line num="358" count="3515" type="cond" truecount="1" falsecount="1"/>
        <line num="359" count="0" type="stmt"/>
        <line num="361" count="3515" type="cond" truecount="1" falsecount="1"/>
        <line num="362" count="0" type="stmt"/>
        <line num="367" count="3515" type="cond" truecount="2" falsecount="0"/>
        <line num="368" count="1045" type="stmt"/>
        <line num="369" count="4560" type="cond" truecount="2" falsecount="0"/>
        <line num="370" count="4560" type="cond" truecount="4" falsecount="0"/>
        <line num="371" count="285" type="stmt"/>
        <line num="372" count="285" type="stmt"/>
        <line num="373" count="4275" type="cond" truecount="2" falsecount="0"/>
        <line num="374" count="2185" type="stmt"/>
        <line num="375" count="2185" type="stmt"/>
        <line num="379" count="1045" type="cond" truecount="2" falsecount="0"/>
        <line num="383" count="285" type="stmt"/>
        <line num="391" count="3515" type="stmt"/>
        <line num="392" count="3515" type="cond" truecount="2" falsecount="0"/>
        <line num="393" count="2660" type="stmt"/>
        <line num="394" count="9500" type="stmt"/>
        <line num="395" count="9500" type="cond" truecount="1" falsecount="1"/>
        <line num="396" count="0" type="stmt"/>
        <line num="399" count="9500" type="stmt"/>
        <line num="402" count="9500" type="cond" truecount="2" falsecount="0"/>
        <line num="403" count="4750" type="stmt"/>
        <line num="404" count="11780" type="stmt"/>
        <line num="407" count="11780" type="cond" truecount="2" falsecount="0"/>
        <line num="408" count="950" type="stmt"/>
        <line num="409" count="950" type="stmt"/>
        <line num="412" count="11780" type="cond" truecount="7" falsecount="0"/>
        <line num="413" count="570" type="stmt"/>
        <line num="420" count="9500" type="cond" truecount="2" falsecount="0"/>
        <line num="421" count="1710" type="stmt"/>
        <line num="422" count="3800" type="stmt"/>
        <line num="425" count="3800" type="cond" truecount="2" falsecount="0"/>
        <line num="426" count="1235" type="stmt"/>
        <line num="427" count="1235" type="stmt"/>
        <line num="430" count="3800" type="cond" truecount="6" falsecount="1"/>
        <line num="431" count="0" type="stmt"/>
        <line num="439" count="3515" type="stmt"/>
        <line num="443" count="380" type="stmt"/>
        <line num="444" count="2660" type="stmt"/>
        <line num="446" count="380" type="stmt"/>
        <line num="450" count="380" type="stmt"/>
        <line num="451" count="2660" type="stmt"/>
        <line num="452" count="2660" type="stmt"/>
        <line num="455" count="380" type="cond" truecount="1" falsecount="1"/>
        <line num="456" count="0" type="stmt"/>
        <line num="459" count="380" type="stmt"/>
        <line num="463" count="2660" type="cond" truecount="1" falsecount="0"/>
        <line num="464" count="22113" type="cond" truecount="2" falsecount="0"/>
        <line num="465" count="3159" type="stmt"/>
        <line num="467" count="18954" type="stmt"/>
        <line num="468" count="18954" type="cond" truecount="2" falsecount="0"/>
        <line num="469" count="2779" type="stmt"/>
        <line num="472" count="2779" type="cond" truecount="1" falsecount="1"/>
        <line num="474" count="16175" type="stmt"/>
        <line num="481" count="112214" type="cond" truecount="1" falsecount="1"/>
        <line num="482" count="0" type="stmt"/>
        <line num="485" count="112214" type="stmt"/>
        <line num="486" count="107526" type="stmt"/>
        <line num="487" count="107526" type="stmt"/>
        <line num="489" count="0" type="cond" truecount="0" falsecount="2"/>
        <line num="490" count="0" type="stmt"/>
        <line num="492" count="0" type="stmt"/>
        <line num="498" count="95" type="stmt"/>
        <line num="508" count="95" type="stmt"/>
      </file>
      <file name="utils.js" path="C:\Users\User\source\repos\multi-swagger\Multi-Swagger\src\core\utils.js">
        <metrics statements="429" coveredstatements="102" conditionals="427" coveredconditionals="62" methods="97" coveredmethods="34"/>
        <line num="31" count="95" type="stmt"/>
        <line num="33" count="43418" type="stmt"/>
        <line num="36" count="98" type="cond" truecount="2" falsecount="0"/>
        <line num="37" count="70" type="stmt"/>
        <line num="38" count="28" type="cond" truecount="1" falsecount="1"/>
        <line num="39" count="0" type="stmt"/>
        <line num="40" count="28" type="stmt"/>
        <line num="44" count="0" type="cond" truecount="0" falsecount="2"/>
        <line num="45" count="0" type="stmt"/>
        <line num="47" count="0" type="cond" truecount="0" falsecount="2"/>
        <line num="48" count="0" type="stmt"/>
        <line num="50" count="0" type="stmt"/>
        <line num="54" count="43390" type="cond" truecount="2" falsecount="0"/>
        <line num="55" count="151" type="stmt"/>
        <line num="57" count="43239" type="cond" truecount="1" falsecount="1"/>
        <line num="58" count="0" type="stmt"/>
        <line num="60" count="43239" type="cond" truecount="2" falsecount="0"/>
        <line num="61" count="21509" type="stmt"/>
        <line num="63" count="21730" type="cond" truecount="2" falsecount="0"/>
        <line num="64" count="2490" type="stmt"/>
        <line num="66" count="19240" type="cond" truecount="1" falsecount="1"/>
        <line num="68" count="0" type="stmt"/>
        <line num="69" count="0" type="stmt"/>
        <line num="71" count="19240" type="stmt"/>
        <line num="93" count="0" type="cond" truecount="0" falsecount="2"/>
        <line num="94" count="0" type="stmt"/>
        <line num="96" count="0" type="stmt"/>
        <line num="97" count="0" type="stmt"/>
        <line num="98" count="0" type="stmt"/>
        <line num="99" count="0" type="stmt"/>
        <line num="100" count="0" type="cond" truecount="0" falsecount="6"/>
        <line num="101" count="0" type="stmt"/>
        <line num="103" count="0" type="cond" truecount="0" falsecount="2"/>
        <line num="105" count="0" type="stmt"/>
        <line num="110" count="0" type="stmt"/>
        <line num="111" count="0" type="stmt"/>
        <line num="113" count="0" type="stmt"/>
        <line num="115" count="0" type="stmt"/>
        <line num="116" count="0" type="stmt"/>
        <line num="117" count="0" type="stmt"/>
        <line num="120" count="0" type="stmt"/>
        <line num="124" count="0" type="stmt"/>
        <line num="125" count="0" type="stmt"/>
        <line num="126" count="0" type="stmt"/>
        <line num="127" count="0" type="stmt"/>
        <line num="128" count="0" type="stmt"/>
        <line num="132" count="6209" type="cond" truecount="2" falsecount="0"/>
        <line num="133" count="6125" type="stmt"/>
        <line num="134" count="84" type="stmt"/>
        <line num="138" count="63080" type="stmt"/>
        <line num="142" count="94352" type="cond" truecount="2" falsecount="0"/>
        <line num="146" count="10663" type="stmt"/>
        <line num="150" count="11305" type="stmt"/>
        <line num="154" count="95" type="stmt"/>
        <line num="157" count="11020" type="stmt"/>
        <line num="158" count="150480" type="stmt"/>
        <line num="159" count="150480" type="stmt"/>
        <line num="164" count="3230" type="stmt"/>
        <line num="165" count="57760" type="stmt"/>
        <line num="166" count="57760" type="cond" truecount="4" falsecount="0"/>
        <line num="167" count="36480" type="stmt"/>
        <line num="168" count="57760" type="stmt"/>
        <line num="174" count="95" type="stmt"/>
        <line num="175" count="95" type="stmt"/>
        <line num="176" count="4961" type="cond" truecount="2" falsecount="0"/>
        <line num="177" count="2182" type="stmt"/>
        <line num="180" count="2779" type="stmt"/>
        <line num="186" count="42" type="stmt"/>
        <line num="187" count="42" type="cond" truecount="1" falsecount="1"/>
        <line num="198" count="3337" type="cond" truecount="1" falsecount="1"/>
        <line num="199" count="0" type="stmt"/>
        <line num="201" count="3337" type="cond" truecount="1" falsecount="1"/>
        <line num="202" count="3337" type="cond" truecount="2" falsecount="0"/>
        <line num="213" count="0" type="cond" truecount="0" falsecount="4"/>
        <line num="214" count="0" type="stmt"/>
        <line num="217" count="0" type="cond" truecount="0" falsecount="2"/>
        <line num="218" count="0" type="stmt"/>
        <line num="221" count="0" type="cond" truecount="0" falsecount="2"/>
        <line num="222" count="0" type="stmt"/>
        <line num="226" count="0" type="stmt"/>
        <line num="227" count="0" type="stmt"/>
        <line num="228" count="0" type="stmt"/>
        <line num="229" count="0" type="stmt"/>
        <line num="230" count="0" type="stmt"/>
        <line num="231" count="0" type="cond" truecount="0" falsecount="2"/>
        <line num="232" count="0" type="stmt"/>
        <line num="234" count="0" type="stmt"/>
        <line num="238" count="0" type="stmt"/>
        <line num="242" count="0" type="stmt"/>
        <line num="250" count="0" type="stmt"/>
        <line num="251" count="0" type="stmt"/>
        <line num="252" count="0" type="stmt"/>
        <line num="255" count="0" type="cond" truecount="0" falsecount="4"/>
        <line num="256" count="0" type="stmt"/>
        <line num="257" count="0" type="stmt"/>
        <line num="259" count="0" type="stmt"/>
        <line num="263" count="0" type="stmt"/>
        <line num="268" count="16910" type="stmt"/>
        <line num="273" count="16910" type="stmt"/>
        <line num="281" count="95" type="cond" truecount="0" falsecount="2"/>
        <line num="283" count="0" type="cond" truecount="0" falsecount="2"/>
        <line num="284" count="0" type="stmt"/>
        <line num="287" count="0" type="stmt"/>
        <line num="289" count="0" type="cond" truecount="0" falsecount="2"/>
        <line num="290" count="0" type="stmt"/>
        <line num="292" count="0" type="stmt"/>
        <line num="294" count="0" type="cond" truecount="0" falsecount="2"/>
        <line num="295" count="0" type="stmt"/>
        <line num="299" count="0" type="cond" truecount="0" falsecount="4"/>
        <line num="300" count="0" type="stmt"/>
        <line num="303" count="0" type="stmt"/>
        <line num="305" count="0" type="stmt"/>
        <line num="308" count="95" type="stmt"/>
        <line num="309" count="0" type="cond" truecount="0" falsecount="2"/>
        <line num="310" count="0" type="stmt"/>
        <line num="314" count="95" type="stmt"/>
        <line num="315" count="0" type="cond" truecount="0" falsecount="2"/>
        <line num="316" count="0" type="stmt"/>
        <line num="320" count="95" type="stmt"/>
        <line num="321" count="0" type="cond" truecount="0" falsecount="2"/>
        <line num="322" count="0" type="stmt"/>
        <line num="326" count="95" type="stmt"/>
        <line num="327" count="0" type="cond" truecount="0" falsecount="2"/>
        <line num="328" count="0" type="stmt"/>
        <line num="332" count="95" type="stmt"/>
        <line num="333" count="0" type="cond" truecount="0" falsecount="4"/>
        <line num="334" count="0" type="stmt"/>
        <line num="338" count="95" type="stmt"/>
        <line num="339" count="0" type="cond" truecount="0" falsecount="6"/>
        <line num="340" count="0" type="stmt"/>
        <line num="344" count="95" type="stmt"/>
        <line num="345" count="0" type="cond" truecount="0" falsecount="4"/>
        <line num="346" count="0" type="stmt"/>
        <line num="350" count="95" type="stmt"/>
        <line num="351" count="0" type="cond" truecount="0" falsecount="2"/>
        <line num="352" count="0" type="stmt"/>
        <line num="356" count="95" type="stmt"/>
        <line num="357" count="0" type="stmt"/>
        <line num="358" count="0" type="cond" truecount="0" falsecount="2"/>
        <line num="359" count="0" type="stmt"/>
        <line num="363" count="95" type="stmt"/>
        <line num="364" count="0" type="cond" truecount="0" falsecount="2"/>
        <line num="365" count="0" type="cond" truecount="0" falsecount="2"/>
        <line num="369" count="95" type="stmt"/>
        <line num="370" count="0" type="cond" truecount="0" falsecount="2"/>
        <line num="371" count="0" type="stmt"/>
        <line num="373" count="0" type="cond" truecount="0" falsecount="4"/>
        <line num="374" count="0" type="stmt"/>
        <line num="375" count="0" type="stmt"/>
        <line num="376" count="0" type="stmt"/>
        <line num="377" count="0" type="cond" truecount="0" falsecount="2"/>
        <line num="378" count="0" type="stmt"/>
        <line num="379" count="0" type="stmt"/>
        <line num="380" count="0" type="cond" truecount="0" falsecount="4"/>
        <line num="381" count="0" type="stmt"/>
        <line num="384" count="0" type="cond" truecount="0" falsecount="2"/>
        <line num="385" count="0" type="stmt"/>
        <line num="391" count="95" type="stmt"/>
        <line num="392" count="0" type="cond" truecount="0" falsecount="6"/>
        <line num="393" count="0" type="cond" truecount="0" falsecount="2"/>
        <line num="397" count="95" type="stmt"/>
        <line num="398" count="0" type="cond" truecount="0" falsecount="4"/>
        <line num="399" count="0" type="cond" truecount="0" falsecount="2"/>
        <line num="403" count="95" type="stmt"/>
        <line num="404" count="0" type="cond" truecount="0" falsecount="2"/>
        <line num="405" count="0" type="cond" truecount="0" falsecount="2"/>
        <line num="409" count="95" type="stmt"/>
        <line num="410" count="0" type="stmt"/>
        <line num="411" count="0" type="cond" truecount="0" falsecount="2"/>
        <line num="412" count="0" type="stmt"/>
        <line num="417" count="0" type="cond" truecount="0" falsecount="2"/>
        <line num="418" count="0" type="stmt"/>
        <line num="419" count="0" type="stmt"/>
        <line num="420" count="0" type="stmt"/>
        <line num="421" count="0" type="stmt"/>
        <line num="422" count="0" type="stmt"/>
        <line num="423" count="0" type="stmt"/>
        <line num="424" count="0" type="stmt"/>
        <line num="425" count="0" type="stmt"/>
        <line num="426" count="0" type="stmt"/>
        <line num="427" count="0" type="stmt"/>
        <line num="428" count="0" type="stmt"/>
        <line num="429" count="0" type="stmt"/>
        <line num="430" count="0" type="stmt"/>
        <line num="432" count="0" type="cond" truecount="0" falsecount="2"/>
        <line num="433" count="0" type="cond" truecount="0" falsecount="2"/>
        <line num="434" count="0" type="cond" truecount="0" falsecount="2"/>
        <line num="436" count="0" type="cond" truecount="0" falsecount="2"/>
        <line num="439" count="0" type="cond" truecount="0" falsecount="3"/>
        <line num="443" count="0" type="cond" truecount="0" falsecount="2"/>
        <line num="447" count="0" type="cond" truecount="0" falsecount="3"/>
        <line num="451" count="0" type="cond" truecount="0" falsecount="2"/>
        <line num="452" count="0" type="stmt"/>
        <line num="456" count="0" type="cond" truecount="0" falsecount="2"/>
        <line num="457" count="0" type="cond" truecount="0" falsecount="3"/>
        <line num="458" count="0" type="cond" truecount="0" falsecount="3"/>
        <line num="459" count="0" type="cond" truecount="0" falsecount="3"/>
        <line num="460" count="0" type="cond" truecount="0" falsecount="2"/>
        <line num="461" count="0" type="cond" truecount="0" falsecount="3"/>
        <line num="462" count="0" type="cond" truecount="0" falsecount="3"/>
        <line num="463" count="0" type="cond" truecount="0" falsecount="3"/>
        <line num="464" count="0" type="cond" truecount="0" falsecount="3"/>
        <line num="465" count="0" type="cond" truecount="0" falsecount="3"/>
        <line num="467" count="0" type="stmt"/>
        <line num="472" count="0" type="stmt"/>
        <line num="474" count="0" type="cond" truecount="0" falsecount="5"/>
        <line num="475" count="0" type="stmt"/>
        <line num="476" count="0" type="stmt"/>
        <line num="478" count="0" type="cond" truecount="0" falsecount="2"/>
        <line num="483" count="0" type="stmt"/>
        <line num="484" count="0" type="cond" truecount="0" falsecount="2"/>
        <line num="485" count="0" type="stmt"/>
        <line num="486" count="0" type="stmt"/>
        <line num="488" count="0" type="stmt"/>
        <line num="489" count="0" type="stmt"/>
        <line num="492" count="0" type="cond" truecount="0" falsecount="6"/>
        <line num="493" count="0" type="stmt"/>
        <line num="494" count="0" type="cond" truecount="0" falsecount="2"/>
        <line num="495" count="0" type="stmt"/>
        <line num="499" count="0" type="cond" truecount="0" falsecount="4"/>
        <line num="500" count="0" type="stmt"/>
        <line num="501" count="0" type="stmt"/>
        <line num="502" count="0" type="stmt"/>
        <line num="503" count="0" type="stmt"/>
        <line num="508" count="0" type="cond" truecount="0" falsecount="2"/>
        <line num="509" count="0" type="stmt"/>
        <line num="510" count="0" type="cond" truecount="0" falsecount="2"/>
        <line num="513" count="0" type="cond" truecount="0" falsecount="2"/>
        <line num="514" count="0" type="cond" truecount="0" falsecount="2"/>
        <line num="515" count="0" type="stmt"/>
        <line num="516" count="0" type="cond" truecount="0" falsecount="2"/>
        <line num="520" count="0" type="cond" truecount="0" falsecount="2"/>
        <line num="521" count="0" type="cond" truecount="0" falsecount="2"/>
        <line num="522" count="0" type="stmt"/>
        <line num="523" count="0" type="cond" truecount="0" falsecount="2"/>
        <line num="527" count="0" type="cond" truecount="0" falsecount="2"/>
        <line num="528" count="0" type="cond" truecount="0" falsecount="2"/>
        <line num="529" count="0" type="stmt"/>
        <line num="530" count="0" type="cond" truecount="0" falsecount="2"/>
        <line num="534" count="0" type="cond" truecount="0" falsecount="4"/>
        <line num="535" count="0" type="stmt"/>
        <line num="536" count="0" type="cond" truecount="0" falsecount="2"/>
        <line num="539" count="0" type="cond" truecount="0" falsecount="2"/>
        <line num="540" count="0" type="stmt"/>
        <line num="541" count="0" type="cond" truecount="0" falsecount="2"/>
        <line num="544" count="0" type="cond" truecount="0" falsecount="4"/>
        <line num="545" count="0" type="stmt"/>
        <line num="546" count="0" type="cond" truecount="0" falsecount="2"/>
        <line num="549" count="0" type="cond" truecount="0" falsecount="4"/>
        <line num="550" count="0" type="stmt"/>
        <line num="551" count="0" type="cond" truecount="0" falsecount="2"/>
        <line num="554" count="0" type="cond" truecount="0" falsecount="2"/>
        <line num="556" count="0" type="cond" truecount="0" falsecount="2"/>
        <line num="557" count="0" type="stmt"/>
        <line num="558" count="0" type="cond" truecount="0" falsecount="2"/>
        <line num="559" count="0" type="stmt"/>
        <line num="561" count="0" type="stmt"/>
        <line num="563" count="0" type="cond" truecount="0" falsecount="2"/>
        <line num="564" count="0" type="stmt"/>
        <line num="565" count="0" type="cond" truecount="0" falsecount="2"/>
        <line num="566" count="0" type="stmt"/>
        <line num="567" count="0" type="cond" truecount="0" falsecount="2"/>
        <line num="568" count="0" type="stmt"/>
        <line num="569" count="0" type="cond" truecount="0" falsecount="2"/>
        <line num="570" count="0" type="stmt"/>
        <line num="571" count="0" type="cond" truecount="0" falsecount="2"/>
        <line num="572" count="0" type="stmt"/>
        <line num="573" count="0" type="cond" truecount="0" falsecount="2"/>
        <line num="574" count="0" type="stmt"/>
        <line num="575" count="0" type="cond" truecount="0" falsecount="2"/>
        <line num="576" count="0" type="stmt"/>
        <line num="577" count="0" type="cond" truecount="0" falsecount="2"/>
        <line num="578" count="0" type="cond" truecount="0" falsecount="4"/>
        <line num="579" count="0" type="stmt"/>
        <line num="581" count="0" type="cond" truecount="0" falsecount="2"/>
        <line num="582" count="0" type="stmt"/>
        <line num="583" count="0" type="stmt"/>
        <line num="584" count="0" type="stmt"/>
        <line num="585" count="0" type="stmt"/>
        <line num="588" count="0" type="cond" truecount="0" falsecount="2"/>
        <line num="589" count="0" type="stmt"/>
        <line num="590" count="0" type="cond" truecount="0" falsecount="2"/>
        <line num="591" count="0" type="stmt"/>
        <line num="594" count="0" type="stmt"/>
        <line num="598" count="95" type="cond" truecount="0" falsecount="3"/>
        <line num="600" count="0" type="stmt"/>
        <line num="602" count="0" type="stmt"/>
        <line num="604" count="0" type="stmt"/>
        <line num="607" count="95" type="stmt"/>
        <line num="608" count="0" type="cond" truecount="0" falsecount="4"/>
        <line num="609" count="0" type="stmt"/>
        <line num="611" count="0" type="cond" truecount="0" falsecount="4"/>
        <line num="612" count="0" type="cond" truecount="0" falsecount="7"/>
        <line num="613" count="0" type="stmt"/>
        <line num="615" count="0" type="cond" truecount="0" falsecount="2"/>
        <line num="616" count="0" type="stmt"/>
        <line num="617" count="0" type="stmt"/>
        <line num="621" count="0" type="stmt"/>
        <line num="624" count="95" type="stmt"/>
        <line num="631" count="95" type="stmt"/>
        <line num="633" count="95" type="stmt"/>
        <line num="634" count="42" type="stmt"/>
        <line num="635" count="42" type="stmt"/>
        <line num="637" count="42" type="stmt"/>
        <line num="638" count="42" type="cond" truecount="2" falsecount="0"/>
        <line num="643" count="42" type="cond" truecount="2" falsecount="0"/>
        <line num="648" count="95" type="stmt"/>
        <line num="649" count="0" type="stmt"/>
        <line num="651" count="0" type="stmt"/>
        <line num="652" count="0" type="stmt"/>
        <line num="656" count="0" type="cond" truecount="0" falsecount="2"/>
        <line num="657" count="0" type="stmt"/>
        <line num="660" count="0" type="stmt"/>
        <line num="661" count="0" type="stmt"/>
        <line num="663" count="0" type="stmt"/>
        <line num="667" count="95" type="cond" truecount="2" falsecount="1"/>
        <line num="668" count="42" type="cond" truecount="3" falsecount="1"/>
        <line num="669" count="0" type="stmt"/>
        <line num="670" count="42" type="cond" truecount="2" falsecount="2"/>
        <line num="671" count="0" type="stmt"/>
        <line num="673" count="42" type="cond" truecount="1" falsecount="1"/>
        <line num="674" count="0" type="stmt"/>
        <line num="676" count="42" type="cond" truecount="1" falsecount="1"/>
        <line num="677" count="0" type="stmt"/>
        <line num="679" count="42" type="stmt"/>
        <line num="682" count="95" type="stmt"/>
        <line num="683" count="0" type="stmt"/>
        <line num="684" count="0" type="stmt"/>
        <line num="686" count="0" type="cond" truecount="0" falsecount="2"/>
        <line num="687" count="0" type="stmt"/>
        <line num="689" count="0" type="cond" truecount="0" falsecount="2"/>
        <line num="690" count="0" type="stmt"/>
        <line num="692" count="0" type="stmt"/>
        <line num="693" count="0" type="cond" truecount="0" falsecount="2"/>
        <line num="694" count="0" type="stmt"/>
        <line num="696" count="0" type="stmt"/>
        <line num="697" count="0" type="cond" truecount="0" falsecount="3"/>
        <line num="701" count="0" type="stmt"/>
        <line num="704" count="95" type="stmt"/>
        <line num="705" count="0" type="stmt"/>
        <line num="706" count="0" type="stmt"/>
        <line num="710" count="95" type="stmt"/>
        <line num="713" count="0" type="cond" truecount="0" falsecount="2"/>
        <line num="714" count="0" type="stmt"/>
        <line num="716" count="0" type="stmt"/>
        <line num="719" count="0" type="stmt"/>
        <line num="722" count="95" type="stmt"/>
        <line num="724" count="0" type="stmt"/>
        <line num="725" count="0" type="stmt"/>
        <line num="728" count="0" type="stmt"/>
        <line num="732" count="95" type="stmt"/>
        <line num="733" count="0" type="stmt"/>
        <line num="735" count="0" type="stmt"/>
        <line num="736" count="0" type="stmt"/>
        <line num="737" count="0" type="cond" truecount="0" falsecount="4"/>
        <line num="738" count="0" type="stmt"/>
        <line num="741" count="0" type="stmt"/>
        <line num="745" count="95" type="stmt"/>
        <line num="746" count="0" type="stmt"/>
        <line num="747" count="0" type="stmt"/>
        <line num="752" count="2201" type="cond" truecount="3" falsecount="1"/>
        <line num="753" count="0" type="stmt"/>
        <line num="756" count="2201" type="stmt"/>
        <line num="760" count="4122" type="cond" truecount="6" falsecount="0"/>
        <line num="761" count="2061" type="stmt"/>
        <line num="763" count="2061" type="stmt"/>
        <line num="768" count="42" type="cond" truecount="1" falsecount="1"/>
        <line num="770" count="0" type="stmt"/>
        <line num="773" count="42" type="cond" truecount="1" falsecount="1"/>
        <line num="775" count="0" type="stmt"/>
        <line num="778" count="42" type="stmt"/>
        <line num="779" count="42" type="cond" truecount="3" falsecount="1"/>
        <line num="783" count="42" type="cond" truecount="2" falsecount="0"/>
        <line num="784" count="42" type="cond" truecount="2" falsecount="0"/>
        <line num="785" count="42" type="cond" truecount="1" falsecount="1"/>
        <line num="787" count="42" type="cond" truecount="1" falsecount="1"/>
        <line num="791" count="10682" type="cond" truecount="2" falsecount="2"/>
        <line num="793" count="6009" type="stmt"/>
        <line num="795" count="4956" type="stmt"/>
        <line num="796" count="95" type="stmt"/>
        <line num="802" count="0" type="cond" truecount="0" falsecount="1"/>
        <line num="803" count="0" type="cond" truecount="0" falsecount="6"/>
        <line num="804" count="0" type="stmt"/>
        <line num="807" count="0" type="stmt"/>
        <line num="809" count="0" type="stmt"/>
        <line num="810" count="0" type="cond" truecount="0" falsecount="4"/>
        <line num="811" count="0" type="stmt"/>
        <line num="812" count="0" type="stmt"/>
        <line num="814" count="0" type="stmt"/>
        <line num="817" count="0" type="stmt"/>
        <line num="821" count="28" type="cond" truecount="1" falsecount="1"/>
        <line num="822" count="28" type="stmt"/>
        <line num="825" count="0" type="cond" truecount="0" falsecount="4"/>
        <line num="826" count="0" type="stmt"/>
        <line num="829" count="0" type="cond" truecount="0" falsecount="4"/>
        <line num="830" count="0" type="stmt"/>
        <line num="831" count="0" type="stmt"/>
        <line num="834" count="0" type="stmt"/>
        <line num="838" count="0" type="cond" truecount="0" falsecount="4"/>
        <line num="839" count="0" type="stmt"/>
        <line num="842" count="0" type="stmt"/>
        <line num="846" count="0" type="cond" truecount="0" falsecount="2"/>
        <line num="847" count="0" type="stmt"/>
        <line num="850" count="0" type="stmt"/>
        <line num="854" count="0" type="cond" truecount="0" falsecount="2"/>
        <line num="855" count="0" type="stmt"/>
        <line num="857" count="0" type="stmt"/>
        <line num="858" count="0" type="stmt"/>
        <line num="860" count="0" type="stmt"/>
        <line num="864" count="0" type="cond" truecount="0" falsecount="7"/>
        <line num="865" count="0" type="stmt"/>
        <line num="868" count="0" type="cond" truecount="0" falsecount="4"/>
        <line num="869" count="0" type="stmt"/>
        <line num="872" count="0" type="stmt"/>
        <line num="876" count="0" type="cond" truecount="0" falsecount="4"/>
        <line num="880" count="0" type="stmt"/>
        <line num="884" count="0" type="stmt"/>
        <line num="886" count="0" type="stmt"/>
        <line num="888" count="0" type="stmt"/>
        <line num="890" count="0" type="stmt"/>
        <line num="895" count="0" type="stmt"/>
        <line num="901" count="0" type="stmt"/>
        <line num="909" count="0" type="stmt"/>
        <line num="915" count="95" type="stmt"/>
        <line num="916" count="0" type="cond" truecount="0" falsecount="2"/>
        <line num="917" count="0" type="stmt"/>
        <line num="920" count="0" type="cond" truecount="0" falsecount="4"/>
        <line num="921" count="0" type="stmt"/>
        <line num="924" count="0" type="stmt"/>
      </file>
      <file name="window.js" path="C:\Users\User\source\repos\multi-swagger\Multi-Swagger\src\core\window.js">
        <metrics statements="11" coveredstatements="9" conditionals="4" coveredconditionals="2" methods="4" coveredmethods="1"/>
        <line num="2" count="95" type="stmt"/>
        <line num="10" count="95" type="cond" truecount="1" falsecount="1"/>
        <line num="11" count="0" type="stmt"/>
        <line num="14" count="95" type="stmt"/>
        <line num="15" count="95" type="stmt"/>
        <line num="16" count="95" type="stmt"/>
        <line num="17" count="95" type="stmt"/>
        <line num="18" count="285" type="cond" truecount="1" falsecount="1"/>
        <line num="19" count="285" type="stmt"/>
        <line num="23" count="0" type="stmt"/>
        <line num="26" count="95" type="stmt"/>
      </file>
    </package>
    <package name="core.components">
      <metrics statements="1" coveredstatements="1" conditionals="0" coveredconditionals="0" methods="1" coveredmethods="1"/>
      <file name="jump-to-path.jsx" path="C:\Users\User\source\repos\multi-swagger\Multi-Swagger\src\core\components\jump-to-path.jsx">
        <metrics statements="1" coveredstatements="1" conditionals="0" coveredconditionals="0" methods="1" coveredmethods="1"/>
        <line num="7" count="3933" type="stmt"/>
      </file>
    </package>
    <package name="core.components.parameters">
      <metrics statements="0" coveredstatements="0" conditionals="0" coveredconditionals="0" methods="0" coveredmethods="0"/>
      <file name="index.js" path="C:\Users\User\source\repos\multi-swagger\Multi-Swagger\src\core\components\parameters\index.js">
        <metrics statements="0" coveredstatements="0" conditionals="0" coveredconditionals="0" methods="0" coveredmethods="0"/>
      </file>
    </package>
    <package name="core.plugins">
      <metrics statements="51" coveredstatements="30" conditionals="38" coveredconditionals="15" methods="12" coveredmethods="9"/>
      <file name="all.js" path="C:\Users\User\source\repos\multi-swagger\Multi-Swagger\src\core\plugins\all.js">
        <metrics statements="8" coveredstatements="7" conditionals="4" coveredconditionals="3" methods="1" coveredmethods="1"/>
        <line num="4" count="95" type="stmt"/>
        <line num="6" count="95" type="stmt"/>
        <line num="10" count="95" type="stmt"/>
        <line num="11" count="16910" type="cond" truecount="1" falsecount="1"/>
        <line num="12" count="0" type="stmt"/>
        <line num="20" count="16910" type="stmt"/>
        <line num="21" count="16910" type="cond" truecount="2" falsecount="0"/>
        <line num="24" count="95" type="stmt"/>
      </file>
      <file name="download-url.js" path="C:\Users\User\source\repos\multi-swagger\Multi-Swagger\src\core\plugins\download-url.js">
        <metrics statements="43" coveredstatements="23" conditionals="34" coveredconditionals="12" methods="11" coveredmethods="8"/>
        <line num="6" count="380" type="stmt"/>
        <line num="8" count="380" type="stmt"/>
        <line num="9" count="166" type="stmt"/>
        <line num="12" count="166" type="stmt"/>
        <line num="13" count="166" type="stmt"/>
        <line num="14" count="166" type="cond" truecount="1" falsecount="1"/>
        <line num="15" count="166" type="stmt"/>
        <line num="16" count="166" type="stmt"/>
        <line num="17" count="166" type="stmt"/>
        <line num="20" count="0" type="cond" truecount="1" falsecount="1"/>
        <line num="21" count="0" type="cond" truecount="1" falsecount="1"/>
        <line num="29" count="151" type="cond" truecount="3" falsecount="1"/>
        <line num="30" count="0" type="stmt"/>
        <line num="31" count="0" type="cond" truecount="0" falsecount="2"/>
        <line num="33" count="0" type="cond" truecount="0" falsecount="4"/>
        <line num="34" count="0" type="stmt"/>
        <line num="36" count="151" type="stmt"/>
        <line num="37" count="151" type="stmt"/>
        <line num="38" count="151" type="cond" truecount="2" falsecount="0"/>
        <line num="39" count="71" type="stmt"/>
        <line num="44" count="0" type="stmt"/>
        <line num="47" count="0" type="cond" truecount="0" falsecount="2"/>
        <line num="48" count="0" type="stmt"/>
        <line num="51" count="0" type="stmt"/>
        <line num="52" count="0" type="stmt"/>
        <line num="55" count="0" type="cond" truecount="0" falsecount="4"/>
        <line num="56" count="0" type="stmt"/>
        <line num="60" count="0" type="stmt"/>
        <line num="61" count="0" type="stmt"/>
        <line num="63" count="0" type="cond" truecount="0" falsecount="2"/>
        <line num="64" count="0" type="stmt"/>
        <line num="68" count="0" type="stmt"/>
        <line num="71" count="0" type="stmt"/>
        <line num="78" count="317" type="stmt"/>
        <line num="79" count="317" type="cond" truecount="1" falsecount="1"/>
        <line num="80" count="0" type="stmt"/>
        <line num="83" count="317" type="stmt"/>
        <line num="90" count="380" type="stmt"/>
        <line num="92" count="317" type="cond" truecount="1" falsecount="1"/>
        <line num="98" count="380" type="stmt"/>
        <line num="101" count="1937" type="cond" truecount="1" falsecount="1"/>
        <line num="103" count="1937" type="cond" truecount="1" falsecount="1"/>
        <line num="107" count="380" type="stmt"/>
      </file>
    </package>
    <package name="core.plugins.auth">
      <metrics statements="235" coveredstatements="48" conditionals="108" coveredconditionals="6" methods="71" coveredmethods="14"/>
      <file name="actions.js" path="C:\Users\User\source\repos\multi-swagger\Multi-Swagger\src\core\plugins\auth\actions.js">
        <metrics statements="106" coveredstatements="22" conditionals="45" coveredconditionals="0" methods="31" coveredmethods="2"/>
        <line num="5" count="95" type="stmt"/>
        <line num="6" count="95" type="stmt"/>
        <line num="7" count="95" type="stmt"/>
        <line num="8" count="95" type="stmt"/>
        <line num="9" count="95" type="stmt"/>
        <line num="10" count="95" type="stmt"/>
        <line num="11" count="95" type="stmt"/>
        <line num="12" count="95" type="stmt"/>
        <line num="14" count="95" type="stmt"/>
        <line num="17" count="1" type="stmt"/>
        <line num="24" count="0" type="stmt"/>
        <line num="30" count="95" type="stmt"/>
        <line num="31" count="0" type="stmt"/>
        <line num="32" count="0" type="stmt"/>
        <line num="36" count="0" type="stmt"/>
        <line num="42" count="95" type="stmt"/>
        <line num="43" count="0" type="stmt"/>
        <line num="44" count="0" type="stmt"/>
        <line num="47" count="95" type="stmt"/>
        <line num="48" count="0" type="stmt"/>
        <line num="49" count="0" type="stmt"/>
        <line num="50" count="0" type="stmt"/>
        <line num="53" count="0" type="stmt"/>
        <line num="55" count="0" type="cond" truecount="0" falsecount="4"/>
        <line num="56" count="0" type="stmt"/>
        <line num="64" count="0" type="cond" truecount="0" falsecount="2"/>
        <line num="65" count="0" type="stmt"/>
        <line num="71" count="0" type="stmt"/>
        <line num="74" count="0" type="stmt"/>
        <line num="79" count="0" type="stmt"/>
        <line num="86" count="95" type="stmt"/>
        <line num="87" count="0" type="stmt"/>
        <line num="88" count="0" type="stmt"/>
        <line num="91" count="95" type="stmt"/>
        <line num="92" count="0" type="stmt"/>
        <line num="93" count="0" type="stmt"/>
        <line num="99" count="0" type="stmt"/>
        <line num="100" count="0" type="stmt"/>
        <line num="102" count="0" type="cond" truecount="0" falsecount="3"/>
        <line num="104" count="0" type="stmt"/>
        <line num="105" count="0" type="stmt"/>
        <line num="108" count="0" type="stmt"/>
        <line num="109" count="0" type="stmt"/>
        <line num="111" count="0" type="stmt"/>
        <line num="114" count="0" type="stmt"/>
        <line num="118" count="0" type="cond" truecount="0" falsecount="2"/>
        <line num="119" count="0" type="stmt"/>
        <line num="122" count="0" type="cond" truecount="0" falsecount="2"/>
        <line num="123" count="0" type="stmt"/>
        <line num="127" count="95" type="stmt"/>
        <line num="128" count="0" type="stmt"/>
        <line num="129" count="0" type="stmt"/>
        <line num="132" count="0" type="stmt"/>
        <line num="137" count="0" type="stmt"/>
        <line num="140" count="95" type="stmt"/>
        <line num="141" count="0" type="stmt"/>
        <line num="142" count="0" type="stmt"/>
        <line num="151" count="0" type="stmt"/>
        <line num="154" count="95" type="stmt"/>
        <line num="155" count="0" type="stmt"/>
        <line num="156" count="0" type="stmt"/>
        <line num="159" count="0" type="stmt"/>
        <line num="167" count="0" type="stmt"/>
        <line num="170" count="95" type="stmt"/>
        <line num="171" count="0" type="cond" truecount="0" falsecount="2"/>
        <line num="173" count="0" type="cond" truecount="0" falsecount="2"/>
        <line num="177" count="0" type="cond" truecount="0" falsecount="2"/>
        <line num="178" count="0" type="stmt"/>
        <line num="179" count="0" type="stmt"/>
        <line num="181" count="0" type="stmt"/>
        <line num="184" count="0" type="cond" truecount="0" falsecount="2"/>
        <line num="185" count="0" type="stmt"/>
        <line num="188" count="0" type="stmt"/>
        <line num="190" count="0" type="stmt"/>
        <line num="196" count="0" type="stmt"/>
        <line num="206" count="0" type="stmt"/>
        <line num="207" count="0" type="cond" truecount="0" falsecount="3"/>
        <line num="208" count="0" type="cond" truecount="0" falsecount="3"/>
        <line num="210" count="0" type="cond" truecount="0" falsecount="2"/>
        <line num="211" count="0" type="stmt"/>
        <line num="217" count="0" type="stmt"/>
        <line num="220" count="0" type="cond" truecount="0" falsecount="4"/>
        <line num="221" count="0" type="stmt"/>
        <line num="227" count="0" type="stmt"/>
        <line num="230" count="0" type="stmt"/>
        <line num="233" count="0" type="stmt"/>
        <line num="234" count="0" type="stmt"/>
        <line num="239" count="0" type="cond" truecount="0" falsecount="4"/>
        <line num="240" count="0" type="stmt"/>
        <line num="241" count="0" type="stmt"/>
        <line num="242" count="0" type="cond" truecount="0" falsecount="2"/>
        <line num="243" count="0" type="cond" truecount="0" falsecount="2"/>
        <line num="244" count="0" type="stmt"/>
        <line num="245" count="0" type="cond" truecount="0" falsecount="2"/>
        <line num="246" count="0" type="stmt"/>
        <line num="251" count="0" type="stmt"/>
        <line num="261" count="95" type="stmt"/>
        <line num="268" count="0" type="stmt"/>
        <line num="274" count="95" type="stmt"/>
        <line num="275" count="0" type="stmt"/>
        <line num="277" count="0" type="cond" truecount="0" falsecount="2"/>
        <line num="280" count="0" type="stmt"/>
        <line num="281" count="0" type="stmt"/>
        <line num="284" count="95" type="stmt"/>
        <line num="285" count="0" type="stmt"/>
        <line num="287" count="0" type="stmt"/>
      </file>
      <file name="index.js" path="C:\Users\User\source\repos\multi-swagger\Multi-Swagger\src\core\plugins\auth\index.js">
        <metrics statements="17" coveredstatements="5" conditionals="10" coveredconditionals="1" methods="4" coveredmethods="2"/>
        <line num="9" count="190" type="stmt"/>
        <line num="11" count="95" type="cond" truecount="1" falsecount="1"/>
        <line num="12" count="95" type="stmt"/>
        <line num="13" count="95" type="stmt"/>
        <line num="14" count="95" type="stmt"/>
        <line num="44" count="0" type="stmt"/>
        <line num="46" count="0" type="cond" truecount="0" falsecount="2"/>
        <line num="48" count="0" type="stmt"/>
        <line num="50" count="0" type="cond" truecount="0" falsecount="2"/>
        <line num="51" count="0" type="stmt"/>
        <line num="54" count="0" type="stmt"/>
        <line num="69" count="0" type="stmt"/>
        <line num="71" count="0" type="cond" truecount="0" falsecount="2"/>
        <line num="73" count="0" type="stmt"/>
        <line num="75" count="0" type="cond" truecount="0" falsecount="2"/>
        <line num="76" count="0" type="stmt"/>
        <line num="79" count="0" type="stmt"/>
      </file>
      <file name="reducers.js" path="C:\Users\User\source\repos\multi-swagger\Multi-Swagger\src\core\plugins\auth\reducers.js">
        <metrics statements="27" coveredstatements="2" conditionals="12" coveredconditionals="0" methods="9" coveredmethods="2"/>
        <line num="15" count="1" type="stmt"/>
        <line num="19" count="0" type="stmt"/>
        <line num="20" count="0" type="cond" truecount="0" falsecount="2"/>
        <line num="23" count="0" type="stmt"/>
        <line num="24" count="0" type="cond" truecount="0" falsecount="2"/>
        <line num="25" count="0" type="stmt"/>
        <line num="27" count="0" type="stmt"/>
        <line num="29" count="0" type="cond" truecount="0" falsecount="4"/>
        <line num="30" count="0" type="stmt"/>
        <line num="31" count="0" type="cond" truecount="0" falsecount="2"/>
        <line num="32" count="0" type="stmt"/>
        <line num="33" count="0" type="stmt"/>
        <line num="35" count="0" type="stmt"/>
        <line num="40" count="0" type="stmt"/>
        <line num="44" count="0" type="stmt"/>
        <line num="48" count="0" type="stmt"/>
        <line num="51" count="0" type="stmt"/>
        <line num="52" count="0" type="stmt"/>
        <line num="54" count="0" type="cond" truecount="0" falsecount="2"/>
        <line num="55" count="0" type="stmt"/>
        <line num="57" count="0" type="stmt"/>
        <line num="61" count="0" type="stmt"/>
        <line num="62" count="0" type="stmt"/>
        <line num="63" count="0" type="stmt"/>
        <line num="67" count="0" type="stmt"/>
        <line num="71" count="95" type="stmt"/>
        <line num="75" count="0" type="stmt"/>
      </file>
      <file name="selectors.js" path="C:\Users\User\source\repos\multi-swagger\Multi-Swagger\src\core\plugins\auth\selectors.js">
        <metrics statements="58" coveredstatements="17" conditionals="27" coveredconditionals="5" methods="22" coveredmethods="8"/>
        <line num="4" count="95" type="stmt"/>
        <line num="6" count="95" type="stmt"/>
        <line num="8" count="12" type="stmt"/>
        <line num="11" count="95" type="stmt"/>
        <line num="13" count="0" type="stmt"/>
        <line num="14" count="0" type="cond" truecount="0" falsecount="2"/>
        <line num="15" count="0" type="stmt"/>
        <line num="18" count="0" type="stmt"/>
        <line num="19" count="0" type="stmt"/>
        <line num="21" count="0" type="stmt"/>
        <line num="22" count="0" type="stmt"/>
        <line num="25" count="0" type="stmt"/>
        <line num="30" count="95" type="stmt"/>
        <line num="31" count="0" type="stmt"/>
        <line num="32" count="0" type="stmt"/>
        <line num="33" count="0" type="stmt"/>
        <line num="35" count="0" type="stmt"/>
        <line num="36" count="0" type="stmt"/>
        <line num="37" count="0" type="stmt"/>
        <line num="38" count="0" type="stmt"/>
        <line num="41" count="0" type="cond" truecount="0" falsecount="4"/>
        <line num="42" count="0" type="stmt"/>
        <line num="44" count="0" type="stmt"/>
        <line num="45" count="0" type="cond" truecount="0" falsecount="2"/>
        <line num="46" count="0" type="stmt"/>
        <line num="50" count="0" type="stmt"/>
        <line num="53" count="0" type="stmt"/>
        <line num="56" count="0" type="stmt"/>
        <line num="59" count="0" type="stmt"/>
        <line num="62" count="95" type="cond" truecount="0" falsecount="1"/>
        <line num="63" count="0" type="cond" truecount="0" falsecount="2"/>
        <line num="64" count="0" type="stmt"/>
        <line num="65" count="0" type="stmt"/>
        <line num="66" count="0" type="stmt"/>
        <line num="67" count="0" type="cond" truecount="0" falsecount="2"/>
        <line num="68" count="0" type="stmt"/>
        <line num="69" count="0" type="cond" truecount="0" falsecount="2"/>
        <line num="70" count="0" type="stmt"/>
        <line num="71" count="0" type="stmt"/>
        <line num="72" count="0" type="cond" truecount="0" falsecount="4"/>
        <line num="73" count="0" type="stmt"/>
        <line num="74" count="0" type="cond" truecount="0" falsecount="2"/>
        <line num="75" count="0" type="stmt"/>
        <line num="78" count="0" type="stmt"/>
        <line num="82" count="0" type="stmt"/>
        <line num="85" count="0" type="stmt"/>
        <line num="88" count="95" type="stmt"/>
        <line num="90" count="71" type="cond" truecount="2" falsecount="0"/>
        <line num="94" count="3886" type="stmt"/>
        <line num="95" count="3886" type="stmt"/>
        <line num="97" count="3886" type="cond" truecount="1" falsecount="1"/>
        <line num="98" count="0" type="stmt"/>
        <line num="101" count="3886" type="stmt"/>
        <line num="102" count="139" type="stmt"/>
        <line num="104" count="139" type="stmt"/>
        <line num="105" count="139" type="cond" truecount="2" falsecount="0"/>
        <line num="110" count="95" type="stmt"/>
        <line num="112" count="1" type="stmt"/>
      </file>
      <file name="wrap-actions.js" path="C:\Users\User\source\repos\multi-swagger\Multi-Swagger\src\core\plugins\auth\wrap-actions.js">
        <metrics statements="27" coveredstatements="2" conditionals="14" coveredconditionals="0" methods="5" coveredmethods="0"/>
        <line num="12" count="95" type="stmt"/>
        <line num="13" count="0" type="stmt"/>
        <line num="15" count="0" type="stmt"/>
        <line num="17" count="0" type="cond" truecount="0" falsecount="2"/>
        <line num="20" count="0" type="stmt"/>
        <line num="21" count="0" type="stmt"/>
        <line num="22" count="0" type="stmt"/>
        <line num="23" count="0" type="stmt"/>
        <line num="24" count="0" type="cond" truecount="0" falsecount="2"/>
        <line num="26" count="0" type="cond" truecount="0" falsecount="2"/>
        <line num="27" count="0" type="stmt"/>
        <line num="30" count="0" type="stmt"/>
        <line num="37" count="95" type="stmt"/>
        <line num="38" count="0" type="stmt"/>
        <line num="39" count="0" type="stmt"/>
        <line num="42" count="0" type="stmt"/>
        <line num="43" count="0" type="cond" truecount="0" falsecount="4"/>
        <line num="44" count="0" type="stmt"/>
        <line num="45" count="0" type="stmt"/>
        <line num="46" count="0" type="stmt"/>
        <line num="47" count="0" type="stmt"/>
        <line num="48" count="0" type="cond" truecount="0" falsecount="2"/>
        <line num="50" count="0" type="cond" truecount="0" falsecount="2"/>
        <line num="51" count="0" type="stmt"/>
        <line num="52" count="0" type="stmt"/>
        <line num="57" count="0" type="stmt"/>
        <line num="63" count="0" type="stmt"/>
      </file>
    </package>
    <package name="core.plugins.auth.configs-extensions">
      <metrics statements="8" coveredstatements="5" conditionals="4" coveredconditionals="1" methods="2" coveredmethods="2"/>
      <file name="wrap-actions.js" path="C:\Users\User\source\repos\multi-swagger\Multi-Swagger\src\core\plugins\auth\configs-extensions\wrap-actions.js">
        <metrics statements="8" coveredstatements="5" conditionals="4" coveredconditionals="1" methods="2" coveredmethods="2"/>
        <line num="4" count="95" type="stmt"/>
        <line num="5" count="95" type="stmt"/>
        <line num="6" count="95" type="stmt"/>
        <line num="8" count="95" type="stmt"/>
        <line num="11" count="95" type="cond" truecount="1" falsecount="1"/>
        <line num="12" count="0" type="stmt"/>
        <line num="13" count="0" type="cond" truecount="0" falsecount="2"/>
        <line num="14" count="0" type="stmt"/>
      </file>
    </package>
    <package name="core.plugins.auth.spec-extensions">
      <metrics statements="3" coveredstatements="1" conditionals="6" coveredconditionals="0" methods="2" coveredmethods="0"/>
      <file name="wrap-actions.js" path="C:\Users\User\source\repos\multi-swagger\Multi-Swagger\src\core\plugins\auth\spec-extensions\wrap-actions.js">
        <metrics statements="3" coveredstatements="1" conditionals="6" coveredconditionals="0" methods="2" coveredmethods="0"/>
        <line num="2" count="95" type="stmt"/>
        <line num="3" count="0" type="stmt"/>
        <line num="9" count="0" type="stmt"/>
      </file>
    </package>
    <package name="core.plugins.configs">
      <metrics statements="33" coveredstatements="12" conditionals="10" coveredconditionals="0" methods="15" coveredmethods="5"/>
      <file name="actions.js" path="C:\Users\User\source\repos\multi-swagger\Multi-Swagger\src\core\plugins\configs\actions.js">
        <metrics statements="5" coveredstatements="3" conditionals="0" coveredconditionals="0" methods="4" coveredmethods="2"/>
        <line num="1" count="95" type="stmt"/>
        <line num="2" count="95" type="stmt"/>
        <line num="6" count="0" type="stmt"/>
        <line num="16" count="0" type="stmt"/>
        <line num="24" count="95" type="stmt"/>
      </file>
      <file name="helpers.js" path="C:\Users\User\source\repos\multi-swagger\Multi-Swagger\src\core\plugins\configs\helpers.js">
        <metrics statements="6" coveredstatements="3" conditionals="2" coveredconditionals="0" methods="1" coveredmethods="1"/>
        <line num="3" count="95" type="stmt"/>
        <line num="4" count="95" type="stmt"/>
        <line num="5" count="95" type="stmt"/>
        <line num="7" count="0" type="cond" truecount="0" falsecount="2"/>
        <line num="8" count="0" type="stmt"/>
        <line num="10" count="0" type="stmt"/>
      </file>
      <file name="index.js" path="C:\Users\User\source\repos\multi-swagger\Multi-Swagger\src\core\plugins\configs\index.js">
        <metrics statements="3" coveredstatements="3" conditionals="0" coveredconditionals="0" methods="2" coveredmethods="2"/>
        <line num="8" count="95" type="stmt"/>
        <line num="10" count="95" type="stmt"/>
        <line num="17" count="380" type="stmt"/>
      </file>
      <file name="reducers.js" path="C:\Users\User\source\repos\multi-swagger\Multi-Swagger\src\core\plugins\configs\reducers.js">
        <metrics statements="4" coveredstatements="0" conditionals="0" coveredconditionals="0" methods="2" coveredmethods="0"/>
        <line num="11" count="0" type="stmt"/>
        <line num="15" count="0" type="stmt"/>
        <line num="16" count="0" type="stmt"/>
        <line num="17" count="0" type="stmt"/>
      </file>
      <file name="selectors.js" path="C:\Users\User\source\repos\multi-swagger\Multi-Swagger\src\core\plugins\configs\selectors.js">
        <metrics statements="2" coveredstatements="1" conditionals="2" coveredconditionals="0" methods="1" coveredmethods="0"/>
        <line num="2" count="95" type="stmt"/>
        <line num="3" count="0" type="cond" truecount="0" falsecount="2"/>
      </file>
      <file name="spec-actions.js" path="C:\Users\User\source\repos\multi-swagger\Multi-Swagger\src\core\plugins\configs\spec-actions.js">
        <metrics statements="13" coveredstatements="2" conditionals="6" coveredconditionals="0" methods="5" coveredmethods="0"/>
        <line num="3" count="95" type="stmt"/>
        <line num="4" count="0" type="stmt"/>
        <line num="6" count="0" type="stmt"/>
        <line num="9" count="95" type="stmt"/>
        <line num="10" count="0" type="cond" truecount="0" falsecount="2"/>
        <line num="11" count="0" type="stmt"/>
        <line num="15" count="0" type="cond" truecount="0" falsecount="4"/>
        <line num="16" count="0" type="stmt"/>
        <line num="17" count="0" type="stmt"/>
        <line num="18" count="0" type="stmt"/>
        <line num="19" count="0" type="stmt"/>
        <line num="20" count="0" type="stmt"/>
        <line num="22" count="0" type="stmt"/>
      </file>
    </package>
    <package name="core.plugins.deep-linking">
      <metrics statements="95" coveredstatements="17" conditionals="58" coveredconditionals="1" methods="23" coveredmethods="5"/>
      <file name="helpers.js" path="C:\Users\User\source\repos\multi-swagger\Multi-Swagger\src\core\plugins\deep-linking\helpers.js">
        <metrics statements="4" coveredstatements="1" conditionals="2" coveredconditionals="0" methods="1" coveredmethods="0"/>
        <line num="1" count="95" type="stmt"/>
        <line num="2" count="0" type="cond" truecount="0" falsecount="2"/>
        <line num="3" count="0" type="stmt"/>
        <line num="5" count="0" type="stmt"/>
      </file>
      <file name="index.js" path="C:\Users\User\source\repos\multi-swagger\Multi-Swagger\src\core\plugins\deep-linking\index.js">
        <metrics statements="5" coveredstatements="5" conditionals="0" coveredconditionals="0" methods="3" coveredmethods="3"/>
        <line num="8" count="190" type="stmt"/>
        <line num="12" count="95" type="stmt"/>
        <line num="13" count="95" type="stmt"/>
        <line num="15" count="95" type="stmt"/>
        <line num="16" count="95" type="stmt"/>
      </file>
      <file name="layout.js" path="C:\Users\User\source\repos\multi-swagger\Multi-Swagger\src\core\plugins\deep-linking\layout.js">
        <metrics statements="86" coveredstatements="11" conditionals="56" coveredconditionals="1" methods="19" coveredmethods="2"/>
        <line num="6" count="95" type="stmt"/>
        <line num="7" count="95" type="stmt"/>
        <line num="9" count="95" type="stmt"/>
        <line num="10" count="14" type="stmt"/>
        <line num="12" count="14" type="cond" truecount="1" falsecount="1"/>
        <line num="13" count="14" type="stmt"/>
        <line num="16" count="0" type="stmt"/>
        <line num="17" count="0" type="stmt"/>
        <line num="19" count="0" type="cond" truecount="0" falsecount="2"/>
        <line num="22" count="0" type="stmt"/>
        <line num="25" count="0" type="cond" truecount="0" falsecount="2"/>
        <line num="26" count="0" type="stmt"/>
        <line num="28" count="0" type="stmt"/>
        <line num="30" count="0" type="cond" truecount="0" falsecount="2"/>
        <line num="31" count="0" type="stmt"/>
        <line num="34" count="0" type="cond" truecount="0" falsecount="2"/>
        <line num="35" count="0" type="stmt"/>
        <line num="36" count="0" type="cond" truecount="0" falsecount="2"/>
        <line num="37" count="0" type="stmt"/>
        <line num="43" count="0" type="stmt"/>
        <line num="47" count="95" type="stmt"/>
        <line num="48" count="0" type="stmt"/>
        <line num="54" count="95" type="stmt"/>
        <line num="56" count="0" type="cond" truecount="0" falsecount="2"/>
        <line num="57" count="0" type="stmt"/>
        <line num="60" count="0" type="cond" truecount="0" falsecount="2"/>
        <line num="61" count="0" type="stmt"/>
        <line num="64" count="0" type="cond" truecount="0" falsecount="2"/>
        <line num="66" count="0" type="stmt"/>
        <line num="69" count="0" type="cond" truecount="0" falsecount="2"/>
        <line num="73" count="0" type="stmt"/>
        <line num="76" count="0" type="cond" truecount="0" falsecount="2"/>
        <line num="78" count="0" type="stmt"/>
        <line num="80" count="0" type="cond" truecount="0" falsecount="2"/>
        <line num="82" count="0" type="cond" truecount="0" falsecount="2"/>
        <line num="84" count="0" type="stmt"/>
        <line num="88" count="0" type="cond" truecount="0" falsecount="2"/>
        <line num="89" count="0" type="stmt"/>
        <line num="90" count="0" type="stmt"/>
        <line num="93" count="0" type="stmt"/>
        <line num="98" count="0" type="cond" truecount="0" falsecount="4"/>
        <line num="99" count="0" type="stmt"/>
        <line num="100" count="0" type="stmt"/>
        <line num="103" count="0" type="stmt"/>
        <line num="106" count="0" type="stmt"/>
        <line num="110" count="95" type="stmt"/>
        <line num="111" count="0" type="stmt"/>
        <line num="113" count="0" type="cond" truecount="0" falsecount="2"/>
        <line num="114" count="0" type="stmt"/>
        <line num="115" count="0" type="stmt"/>
        <line num="120" count="95" type="stmt"/>
        <line num="121" count="0" type="stmt"/>
        <line num="122" count="0" type="cond" truecount="0" falsecount="2"/>
        <line num="123" count="0" type="stmt"/>
        <line num="124" count="0" type="stmt"/>
        <line num="126" count="0" type="stmt"/>
        <line num="130" count="95" type="stmt"/>
        <line num="131" count="0" type="stmt"/>
        <line num="139" count="0" type="stmt"/>
        <line num="140" count="0" type="stmt"/>
        <line num="141" count="0" type="stmt"/>
        <line num="142" count="0" type="cond" truecount="0" falsecount="2"/>
        <line num="144" count="0" type="cond" truecount="0" falsecount="2"/>
        <line num="145" count="0" type="stmt"/>
        <line num="146" count="0" type="stmt"/>
        <line num="147" count="0" type="stmt"/>
        <line num="148" count="0" type="cond" truecount="0" falsecount="4"/>
        <line num="149" count="0" type="stmt"/>
        <line num="151" count="0" type="cond" truecount="0" falsecount="2"/>
        <line num="152" count="0" type="stmt"/>
        <line num="155" count="0" type="stmt"/>
        <line num="173" count="0" type="stmt"/>
        <line num="176" count="0" type="stmt"/>
        <line num="178" count="0" type="cond" truecount="0" falsecount="2"/>
        <line num="179" count="0" type="stmt"/>
        <line num="180" count="0" type="cond" truecount="0" falsecount="2"/>
        <line num="181" count="0" type="stmt"/>
        <line num="183" count="0" type="stmt"/>
        <line num="186" count="0" type="stmt"/>
        <line num="188" count="0" type="cond" truecount="0" falsecount="2"/>
        <line num="189" count="0" type="stmt"/>
        <line num="190" count="0" type="cond" truecount="0" falsecount="2"/>
        <line num="191" count="0" type="stmt"/>
        <line num="193" count="0" type="stmt"/>
        <line num="198" count="0" type="stmt"/>
        <line num="201" count="0" type="stmt"/>
      </file>
    </package>
    <package name="core.plugins.deep-linking-client">
      <metrics statements="95" coveredstatements="22" conditionals="58" coveredconditionals="3" methods="23" coveredmethods="10"/>
      <file name="helpers.js" path="C:\Users\User\source\repos\multi-swagger\Multi-Swagger\src\core\plugins\deep-linking-client\helpers.js">
        <metrics statements="4" coveredstatements="1" conditionals="2" coveredconditionals="0" methods="1" coveredmethods="0"/>
        <line num="1" count="95" type="stmt"/>
        <line num="2" count="0" type="cond" truecount="0" falsecount="2"/>
        <line num="3" count="0" type="stmt"/>
        <line num="5" count="0" type="stmt"/>
      </file>
      <file name="index.js" path="C:\Users\User\source\repos\multi-swagger\Multi-Swagger\src\core\plugins\deep-linking-client\index.js">
        <metrics statements="5" coveredstatements="5" conditionals="0" coveredconditionals="0" methods="3" coveredmethods="3"/>
        <line num="6" count="190" type="stmt"/>
        <line num="10" count="95" type="stmt"/>
        <line num="11" count="95" type="stmt"/>
        <line num="13" count="95" type="stmt"/>
        <line num="14" count="95" type="stmt"/>
      </file>
      <file name="layout.js" path="C:\Users\User\source\repos\multi-swagger\Multi-Swagger\src\core\plugins\deep-linking-client\layout.js">
        <metrics statements="86" coveredstatements="16" conditionals="56" coveredconditionals="3" methods="19" coveredmethods="7"/>
        <line num="6" count="95" type="stmt"/>
        <line num="7" count="95" type="stmt"/>
        <line num="9" count="95" type="stmt"/>
        <line num="10" count="14" type="stmt"/>
        <line num="12" count="14" type="cond" truecount="1" falsecount="1"/>
        <line num="13" count="14" type="stmt"/>
        <line num="16" count="0" type="stmt"/>
        <line num="17" count="0" type="stmt"/>
        <line num="19" count="0" type="cond" truecount="0" falsecount="2"/>
        <line num="22" count="0" type="stmt"/>
        <line num="25" count="0" type="cond" truecount="0" falsecount="2"/>
        <line num="26" count="0" type="stmt"/>
        <line num="28" count="0" type="stmt"/>
        <line num="30" count="0" type="cond" truecount="0" falsecount="2"/>
        <line num="31" count="0" type="stmt"/>
        <line num="34" count="0" type="cond" truecount="0" falsecount="2"/>
        <line num="35" count="0" type="stmt"/>
        <line num="36" count="0" type="cond" truecount="0" falsecount="2"/>
        <line num="37" count="0" type="stmt"/>
        <line num="43" count="0" type="stmt"/>
        <line num="47" count="95" type="stmt"/>
        <line num="48" count="0" type="stmt"/>
        <line num="54" count="190" type="stmt"/>
        <line num="56" count="190" type="cond" truecount="1" falsecount="1"/>
        <line num="57" count="190" type="stmt"/>
        <line num="60" count="0" type="cond" truecount="0" falsecount="2"/>
        <line num="61" count="0" type="stmt"/>
        <line num="64" count="0" type="cond" truecount="0" falsecount="2"/>
        <line num="66" count="0" type="stmt"/>
        <line num="69" count="0" type="cond" truecount="0" falsecount="2"/>
        <line num="73" count="0" type="stmt"/>
        <line num="76" count="0" type="cond" truecount="0" falsecount="2"/>
        <line num="78" count="0" type="stmt"/>
        <line num="80" count="0" type="cond" truecount="0" falsecount="2"/>
        <line num="82" count="0" type="cond" truecount="0" falsecount="2"/>
        <line num="84" count="0" type="stmt"/>
        <line num="88" count="0" type="cond" truecount="0" falsecount="2"/>
        <line num="89" count="0" type="stmt"/>
        <line num="90" count="0" type="stmt"/>
        <line num="93" count="0" type="stmt"/>
        <line num="98" count="0" type="cond" truecount="0" falsecount="4"/>
        <line num="99" count="0" type="stmt"/>
[...]
        <line num="361" count="0" type="stmt"/>
        <line num="365" count="95" type="stmt"/>
        <line num="366" count="0" type="stmt"/>
        <line num="367" count="0" type="cond" truecount="0" falsecount="2"/>
        <line num="368" count="0" type="stmt"/>
        <line num="371" count="95" type="stmt"/>
        <line num="372" count="0" type="stmt"/>
        <line num="373" count="0" type="stmt"/>
        <line num="375" count="0" type="stmt"/>
        <line num="376" count="0" type="stmt"/>
        <line num="379" count="0" type="stmt"/>
        <line num="386" count="0" type="cond" truecount="0" falsecount="2"/>
        <line num="387" count="0" type="stmt"/>
        <line num="388" count="0" type="cond" truecount="0" falsecount="2"/>
        <line num="389" count="0" type="cond" truecount="0" falsecount="3"/>
        <line num="393" count="95" type="stmt"/>
        <line num="396" count="0" type="stmt"/>
        <line num="397" count="0" type="cond" truecount="0" falsecount="3"/>
        <line num="403" count="0" type="cond" truecount="0" falsecount="2"/>
        <line num="404" count="0" type="stmt"/>
        <line num="405" count="0" type="stmt"/>
        <line num="406" count="0" type="cond" truecount="0" falsecount="4"/>
        <line num="407" count="0" type="stmt"/>
        <line num="413" count="0" type="cond" truecount="0" falsecount="2"/>
        <line num="414" count="0" type="cond" truecount="0" falsecount="2"/>
        <line num="420" count="0" type="cond" truecount="0" falsecount="2"/>
        <line num="421" count="0" type="cond" truecount="0" falsecount="2"/>
        <line num="427" count="0" type="cond" truecount="0" falsecount="2"/>
        <line num="428" count="0" type="stmt"/>
        <line num="429" count="0" type="stmt"/>
        <line num="430" count="0" type="stmt"/>
        <line num="432" count="0" type="cond" truecount="0" falsecount="2"/>
        <line num="435" count="0" type="cond" truecount="0" falsecount="2"/>
        <line num="441" count="0" type="stmt"/>
        <line num="449" count="1232" type="cond" truecount="1" falsecount="1"/>
        <line num="451" count="1232" type="stmt"/>
        <line num="453" count="1232" type="cond" truecount="1" falsecount="1"/>
        <line num="455" count="1232" type="stmt"/>
        <line num="458" count="0" type="stmt"/>
        <line num="459" count="0" type="stmt"/>
        <line num="461" count="0" type="cond" truecount="0" falsecount="3"/>
        <line num="467" count="1232" type="cond" truecount="1" falsecount="1"/>
        <line num="469" count="1232" type="stmt"/>
        <line num="470" count="1232" type="stmt"/>
        <line num="472" count="1232" type="cond" truecount="1" falsecount="1"/>
        <line num="474" count="1232" type="stmt"/>
        <line num="477" count="0" type="stmt"/>
        <line num="479" count="0" type="stmt"/>
        <line num="480" count="0" type="stmt"/>
        <line num="481" count="0" type="stmt"/>
        <line num="483" count="0" type="cond" truecount="0" falsecount="3"/>
        <line num="488" count="0" type="cond" truecount="0" falsecount="2"/>
        <line num="490" count="0" type="stmt"/>
        <line num="491" count="0" type="stmt"/>
        <line num="493" count="0" type="cond" truecount="0" falsecount="2"/>
        <line num="495" count="0" type="stmt"/>
        <line num="498" count="0" type="stmt"/>
        <line num="500" count="0" type="stmt"/>
        <line num="501" count="0" type="stmt"/>
        <line num="502" count="0" type="stmt"/>
        <line num="504" count="0" type="cond" truecount="0" falsecount="3"/>
        <line num="507" count="95" type="stmt"/>
        <line num="508" count="3337" type="stmt"/>
        <line num="509" count="3337" type="stmt"/>
        <line num="510" count="3337" type="cond" truecount="1" falsecount="1"/>
        <line num="512" count="3337" type="cond" truecount="3" falsecount="1"/>
        <line num="515" count="95" type="stmt"/>
        <line num="516" count="0" type="stmt"/>
        <line num="519" count="95" type="stmt"/>
        <line num="520" count="3337" type="cond" truecount="1" falsecount="1"/>
        <line num="521" count="3337" type="stmt"/>
        <line num="522" count="3337" type="stmt"/>
        <line num="524" count="3337" type="stmt"/>
        <line num="525" count="0" type="stmt"/>
        <line num="526" count="0" type="cond" truecount="0" falsecount="4"/>
        <line num="527" count="0" type="stmt"/>
        <line num="531" count="3337" type="stmt"/>
        <line num="534" count="95" type="stmt"/>
        <line num="535" count="0" type="stmt"/>
        <line num="538" count="95" type="stmt"/>
        <line num="539" count="0" type="stmt"/>
        <line num="543" count="0" type="stmt"/>
        <line num="544" count="0" type="cond" truecount="0" falsecount="2"/>
        <line num="545" count="0" type="stmt"/>
        <line num="547" count="0" type="cond" truecount="0" falsecount="2"/>
        <line num="548" count="0" type="stmt"/>
        <line num="550" count="0" type="stmt"/>
        <line num="551" count="0" type="stmt"/>
        <line num="552" count="0" type="cond" truecount="0" falsecount="2"/>
        <line num="553" count="0" type="stmt"/>
        <line num="554" count="0" type="stmt"/>
        <line num="557" count="0" type="stmt"/>
        <line num="560" count="95" type="stmt"/>
        <line num="561" count="0" type="cond" truecount="0" falsecount="5"/>
        <line num="562" count="0" type="stmt"/>
        <line num="564" count="0" type="stmt"/>
        <line num="565" count="0" type="cond" truecount="0" falsecount="5"/>
        <line num="567" count="0" type="stmt"/>
        <line num="569" count="0" type="stmt"/>
        <line num="570" count="0" type="stmt"/>
        <line num="571" count="0" type="stmt"/>
        <line num="576" count="142" type="cond" truecount="2" falsecount="0"/>
        <line num="579" count="95" type="stmt"/>
        <line num="581" count="0" type="stmt"/>
        <line num="585" count="95" type="stmt"/>
        <line num="586" count="0" type="stmt"/>
        <line num="588" count="0" type="stmt"/>
        <line num="592" count="95" type="stmt"/>
        <line num="595" count="0" type="stmt"/>
        <line num="596" count="0" type="cond" truecount="0" falsecount="2"/>
        <line num="600" count="95" type="stmt"/>
        <line num="602" count="0" type="stmt"/>
        <line num="605" count="95" type="stmt"/>
        <line num="607" count="0" type="stmt"/>
        <line num="610" count="95" type="stmt"/>
        <line num="612" count="0" type="stmt"/>
        <line num="620" count="95" type="stmt"/>
        <line num="622" count="0" type="stmt"/>
        <line num="625" count="95" type="stmt"/>
        <line num="628" count="0" type="cond" truecount="0" falsecount="4"/>
        <line num="629" count="0" type="stmt"/>
        <line num="631" count="0" type="stmt"/>
        <line num="633" count="0" type="cond" truecount="0" falsecount="4"/>
        <line num="634" count="0" type="stmt"/>
        <line num="637" count="0" type="stmt"/>
        <line num="638" count="0" type="cond" truecount="0" falsecount="4"/>
        <line num="639" count="0" type="stmt"/>
        <line num="641" count="0" type="stmt"/>
        <line num="642" count="0" type="cond" truecount="0" falsecount="2"/>
        <line num="643" count="0" type="stmt"/>
        <line num="645" count="0" type="stmt"/>
        <line num="654" count="0" type="stmt"/>
        <line num="658" count="95" type="stmt"/>
        <line num="664" count="0" type="stmt"/>
        <line num="665" count="0" type="cond" truecount="0" falsecount="2"/>
        <line num="666" count="0" type="cond" truecount="0" falsecount="2"/>
        <line num="667" count="0" type="stmt"/>
        <line num="668" count="0" type="cond" truecount="0" falsecount="2"/>
        <line num="669" count="0" type="stmt"/>
        <line num="671" count="0" type="cond" truecount="0" falsecount="2"/>
        <line num="672" count="0" type="stmt"/>
        <line num="674" count="0" type="stmt"/>
        <line num="678" count="0" type="stmt"/>
        <line num="685" count="95" type="stmt"/>
        <line num="691" count="0" type="stmt"/>
        <line num="692" count="0" type="stmt"/>
        <line num="693" count="0" type="cond" truecount="0" falsecount="2"/>
        <line num="694" count="0" type="stmt"/>
        <line num="695" count="0" type="stmt"/>
        <line num="699" count="0" type="stmt"/>
        <line num="705" count="95" type="stmt"/>
        <line num="707" count="0" type="stmt"/>
        <line num="709" count="0" type="stmt"/>
        <line num="711" count="0" type="stmt"/>
        <line num="713" count="0" type="cond" truecount="0" falsecount="2"/>
        <line num="714" count="0" type="cond" truecount="0" falsecount="2"/>
        <line num="718" count="0" type="cond" truecount="0" falsecount="2"/>
        <line num="719" count="0" type="cond" truecount="0" falsecount="2"/>
        <line num="722" count="0" type="stmt"/>
      </file>
      <file name="wrap-actions.js" path="C:\Users\User\source\repos\multi-swagger\Multi-Swagger\src\core\plugins\spec\wrap-actions.js">
        <metrics statements="19" coveredstatements="15" conditionals="4" coveredconditionals="3" methods="9" coveredmethods="5"/>
        <line num="3" count="151" type="stmt"/>
        <line num="4" count="151" type="stmt"/>
        <line num="7" count="151" type="stmt"/>
        <line num="10" count="151" type="stmt"/>
        <line num="11" count="151" type="stmt"/>
        <line num="17" count="151" type="stmt"/>
        <line num="20" count="151" type="stmt"/>
        <line num="21" count="151" type="cond" truecount="2" falsecount="0"/>
        <line num="22" count="151" type="stmt"/>
        <line num="26" count="151" type="stmt"/>
        <line num="27" count="127" type="stmt"/>
        <line num="29" count="127" type="cond" truecount="1" falsecount="1"/>
        <line num="30" count="0" type="stmt"/>
        <line num="35" count="151" type="stmt"/>
        <line num="39" count="95" type="stmt"/>
        <line num="41" count="0" type="stmt"/>
        <line num="42" count="0" type="stmt"/>
        <line num="45" count="95" type="stmt"/>
        <line num="46" count="0" type="stmt"/>
      </file>
    </package>
    <package name="core.plugins.swagger-js">
      <metrics statements="10" coveredstatements="7" conditionals="6" coveredconditionals="2" methods="4" coveredmethods="4"/>
      <file name="configs-wrap-actions.js" path="C:\Users\User\source\repos\multi-swagger\Multi-Swagger\src\core\plugins\swagger-js\configs-wrap-actions.js">
        <metrics statements="5" coveredstatements="4" conditionals="4" coveredconditionals="1" methods="2" coveredmethods="2"/>
        <line num="1" count="95" type="stmt"/>
        <line num="2" count="95" type="stmt"/>
        <line num="3" count="95" type="stmt"/>
        <line num="5" count="95" type="cond" truecount="1" falsecount="1"/>
        <line num="6" count="0" type="cond" truecount="0" falsecount="2"/>
      </file>
      <file name="index.js" path="C:\Users\User\source\repos\multi-swagger\Multi-Swagger\src\core\plugins\swagger-js\index.js">
        <metrics statements="5" coveredstatements="3" conditionals="2" coveredconditionals="1" methods="2" coveredmethods="2"/>
        <line num="9" count="190" type="stmt"/>
        <line num="16" count="155" type="cond" truecount="1" falsecount="1"/>
        <line num="17" count="0" type="stmt"/>
        <line num="18" count="0" type="stmt"/>
        <line num="26" count="155" type="stmt"/>
      </file>
    </package>
    <package name="core.plugins.util">
      <metrics statements="1" coveredstatements="1" conditionals="0" coveredconditionals="0" methods="1" coveredmethods="1"/>
      <file name="index.js" path="C:\Users\User\source\repos\multi-swagger\Multi-Swagger\src\core\plugins\util\index.js">
        <metrics statements="1" coveredstatements="1" conditionals="0" coveredconditionals="0" methods="1" coveredmethods="1"/>
        <line num="4" count="190" type="stmt"/>
      </file>
    </package>
    <package name="core.plugins.view">
      <metrics statements="11" coveredstatements="11" conditionals="3" coveredconditionals="3" methods="6" coveredmethods="5"/>
      <file name="fn.js" path="C:\Users\User\source\repos\multi-swagger\Multi-Swagger\src\core\plugins\view\fn.js">
        <metrics statements="1" coveredstatements="1" conditionals="3" coveredconditionals="3" methods="1" coveredmethods="1"/>
        <line num="1" count="3056" type="cond" truecount="3" falsecount="0"/>
      </file>
      <file name="index.js" path="C:\Users\User\source\repos\multi-swagger\Multi-Swagger\src\core\plugins\view\index.js">
        <metrics statements="10" coveredstatements="10" conditionals="0" coveredconditionals="0" methods="5" coveredmethods="4"/>
        <line num="7" count="95" type="stmt"/>
        <line num="8" count="121797" type="stmt"/>
        <line num="9" count="190" type="stmt"/>
        <line num="12" count="95" type="stmt"/>
        <line num="13" count="190" type="stmt"/>
        <line num="14" count="190" type="stmt"/>
        <line num="17" count="95" type="stmt"/>
        <line num="19" count="190" type="stmt"/>
        <line num="20" count="190" type="stmt"/>
        <line num="22" count="190" type="stmt"/>
      </file>
    </package>
    <package name="core.presets">
      <metrics statements="5" coveredstatements="5" conditionals="0" coveredconditionals="0" methods="2" coveredmethods="2"/>
      <file name="apis.js" path="C:\Users\User\source\repos\multi-swagger\Multi-Swagger\src\core\presets\apis.js">
        <metrics statements="1" coveredstatements="1" conditionals="0" coveredconditionals="0" methods="1" coveredmethods="1"/>
        <line num="8" count="190" type="stmt"/>
      </file>
      <file name="base.js" path="C:\Users\User\source\repos\multi-swagger\Multi-Swagger\src\core\presets\base.js">
        <metrics statements="4" coveredstatements="4" conditionals="0" coveredconditionals="0" methods="1" coveredmethods="1"/>
        <line num="104" count="190" type="stmt"/>
        <line num="184" count="190" type="stmt"/>
        <line num="188" count="190" type="stmt"/>
        <line num="192" count="190" type="stmt"/>
      </file>
    </package>
    <package name="core.utils">
      <metrics statements="21" coveredstatements="8" conditionals="20" coveredconditionals="3" methods="7" coveredmethods="4"/>
      <file name="jsonParse.js" path="C:\Users\User\source\repos\multi-swagger\Multi-Swagger\src\core\utils\jsonParse.js">
        <metrics statements="6" coveredstatements="5" conditionals="4" coveredconditionals="2" methods="2" coveredmethods="2"/>
        <line num="2" count="28" type="stmt"/>
        <line num="3" count="28" type="stmt"/>
        <line num="4" count="28" type="cond" truecount="1" falsecount="1"/>
        <line num="7" count="0" type="stmt"/>
        <line num="13" count="28" type="stmt"/>
        <line num="14" count="28" type="cond" truecount="1" falsecount="1"/>
      </file>
      <file name="url.js" path="C:\Users\User\source\repos\multi-swagger\Multi-Swagger\src\core\utils\url.js">
        <metrics statements="15" coveredstatements="3" conditionals="16" coveredconditionals="1" methods="5" coveredmethods="2"/>
        <line num="2" count="0" type="stmt"/>
        <line num="6" count="0" type="cond" truecount="0" falsecount="2"/>
        <line num="8" count="0" type="stmt"/>
        <line num="12" count="0" type="cond" truecount="0" falsecount="2"/>
        <line num="13" count="0" type="cond" truecount="0" falsecount="2"/>
        <line num="15" count="0" type="stmt"/>
        <line num="19" count="646" type="cond" truecount="1" falsecount="1"/>
        <line num="20" count="0" type="cond" truecount="0" falsecount="2"/>
        <line num="22" count="0" type="stmt"/>
        <line num="23" count="0" type="cond" truecount="0" falsecount="2"/>
        <line num="24" count="0" type="stmt"/>
        <line num="26" count="0" type="stmt"/>
        <line num="34" count="646" type="stmt"/>
        <line num="35" count="646" type="stmt"/>
        <line num="37" count="0" type="stmt"/>
      </file>
    </package>
    <package name="helpers">
      <metrics statements="32" coveredstatements="14" conditionals="17" coveredconditionals="5" methods="11" coveredmethods="6"/>
      <file name="create-html-ready-id.js" path="C:\Users\User\source\repos\multi-swagger\Multi-Swagger\src\helpers\create-html-ready-id.js">
        <metrics statements="1" coveredstatements="1" conditionals="1" coveredconditionals="1" methods="1" coveredmethods="1"/>
        <line num="9" count="42" type="stmt"/>
      </file>
      <file name="get-parameter-schema.js" path="C:\Users\User\source\repos\multi-swagger\Multi-Swagger\src\helpers\get-parameter-schema.js">
        <metrics statements="13" coveredstatements="1" conditionals="11" coveredconditionals="0" methods="2" coveredmethods="0"/>
        <line num="7" count="95" type="stmt"/>
        <line num="48" count="0" type="cond" truecount="0" falsecount="2"/>
        <line num="49" count="0" type="stmt"/>
        <line num="55" count="0" type="cond" truecount="0" falsecount="2"/>
        <line num="57" count="0" type="cond" truecount="0" falsecount="2"/>
        <line num="58" count="0" type="stmt"/>
        <line num="63" count="0" type="stmt"/>
        <line num="64" count="0" type="stmt"/>
        <line num="72" count="0" type="cond" truecount="0" falsecount="2"/>
        <line num="73" count="0" type="stmt"/>
        <line num="77" count="0" type="stmt"/>
        <line num="79" count="0" type="stmt"/>
        <line num="88" count="0" type="stmt"/>
      </file>
      <file name="memoizeN.js" path="C:\Users\User\source\repos\multi-swagger\Multi-Swagger\src\helpers\memoizeN.js">
        <metrics statements="18" coveredstatements="12" conditionals="5" coveredconditionals="4" methods="8" coveredmethods="5"/>
        <line num="10" count="95" type="stmt"/>
        <line num="11" count="42" type="cond" truecount="4" falsecount="0"/>
        <line num="13" count="42" type="stmt"/>
        <line num="16" count="95" type="stmt"/>
        <line num="20" count="0" type="stmt"/>
        <line num="21" count="0" type="stmt"/>
        <line num="22" count="0" type="stmt"/>
        <line num="26" count="0" type="stmt"/>
        <line num="27" count="0" type="stmt"/>
        <line num="28" count="0" type="stmt"/>
        <line num="32" count="42" type="stmt"/>
        <line num="33" count="42" type="stmt"/>
        <line num="37" count="95" type="cond" truecount="0" falsecount="1"/>
        <line num="38" count="380" type="stmt"/>
        <line num="39" count="380" type="stmt"/>
        <line num="41" count="380" type="stmt"/>
        <line num="43" count="380" type="stmt"/>
        <line num="45" count="380" type="stmt"/>
      </file>
    </package>
    <package name="plugins.topbar">
      <metrics statements="1" coveredstatements="1" conditionals="0" coveredconditionals="0" methods="1" coveredmethods="1"/>
      <file name="index.js" path="C:\Users\User\source\repos\multi-swagger\Multi-Swagger\src\plugins\topbar\index.js">
        <metrics statements="1" coveredstatements="1" conditionals="0" coveredconditionals="0" methods="1" coveredmethods="1"/>
        <line num="5" count="190" type="stmt"/>
      </file>
    </package>
    <package name="standalone">
      <metrics statements="1" coveredstatements="1" conditionals="0" coveredconditionals="0" methods="1" coveredmethods="1"/>
      <file name="index.js" path="C:\Users\User\source\repos\multi-swagger\Multi-Swagger\src\standalone\index.js">
        <metrics statements="1" coveredstatements="1" conditionals="0" coveredconditionals="0" methods="1" coveredmethods="1"/>
        <line num="12" count="190" type="stmt"/>
      </file>
    </package>
  </project>
</coverage>
