<?xml version="1.0" encoding="UTF-8"?>
<coverage generated="1698574476022" clover="3.2.0">
  <project timestamp="1698574476022" name="All files">
    <metrics statements="3460" coveredstatements="2193" conditionals="2920" coveredconditionals="1559" methods="864" coveredmethods="438" elements="7244" coveredelements="4190" complexity="0" loc="3460" ncloc="3460" packages="27" files="73" classes="73"/>
    <package name="docker.configurator">
      <metrics statements="42" coveredstatements="41" conditionals="27" coveredconditionals="26" methods="7" coveredmethods="7"/>
      <file name="helpers.js" path="C:\Users\User\source\repos\multi-swagger\Multi-Swagger\docker\configurator\helpers.js">
        <metrics statements="5" coveredstatements="4" conditionals="3" coveredconditionals="2" methods="2" coveredmethods="2"/>
        <line num="1" count="1" type="cond" truecount="1" falsecount="0"/>
        <line num="3" count="2" type="stmt"/>
        <line num="6" count="16" type="cond" truecount="1" falsecount="1"/>
        <line num="7" count="16" type="stmt"/>
        <line num="9" count="0" type="stmt"/>
      </file>
      <file name="oauth.js" path="C:\Users\User\source\repos\multi-swagger\Multi-Swagger\docker\configurator\oauth.js">
        <metrics statements="9" coveredstatements="9" conditionals="2" coveredconditionals="2" methods="2" coveredmethods="2"/>
        <line num="1" count="1" type="stmt"/>
        <line num="2" count="1" type="stmt"/>
        <line num="4" count="1" type="stmt"/>
        <line num="12" count="2" type="stmt"/>
        <line num="44" count="1" type="stmt"/>
        <line num="45" count="4" type="stmt"/>
        <line num="47" count="4" type="cond" truecount="2" falsecount="0"/>
        <line num="48" count="2" type="stmt"/>
        <line num="54" count="2" type="stmt"/>
      </file>
      <file name="translator.js" path="C:\Users\User\source\repos\multi-swagger\Multi-Swagger\docker\configurator\translator.js">
        <metrics statements="25" coveredstatements="25" conditionals="22" coveredconditionals="22" methods="3" coveredmethods="3"/>
        <line num="2" count="2" type="stmt"/>
        <line num="4" count="2" type="stmt"/>
        <line num="57" count="20" type="cond" truecount="2" falsecount="0"/>
        <line num="58" count="20" type="stmt"/>
        <line num="65" count="20" type="stmt"/>
        <line num="66" count="90" type="stmt"/>
        <line num="67" count="90" type="stmt"/>
        <line num="69" count="90" type="cond" truecount="2" falsecount="0"/>
        <line num="71" count="88" type="cond" truecount="2" falsecount="0"/>
        <line num="72" count="3" type="stmt"/>
        <line num="75" count="88" type="stmt"/>
        <line num="77" count="88" type="cond" truecount="2" falsecount="0"/>
        <line num="78" count="14" type="cond" truecount="4" falsecount="0"/>
        <line num="81" count="2" type="stmt"/>
        <line num="83" count="12" type="stmt"/>
        <line num="86" count="86" type="stmt"/>
        <line num="94" count="20" type="stmt"/>
        <line num="96" count="20" type="stmt"/>
        <line num="97" count="96" type="stmt"/>
        <line num="99" count="96" type="cond" truecount="2" falsecount="0"/>
        <line num="101" count="96" type="cond" truecount="2" falsecount="0"/>
        <line num="102" count="44" type="stmt"/>
        <line num="104" count="52" type="cond" truecount="2" falsecount="0"/>
        <line num="108" count="20" type="stmt"/>
        <line num="111" count="2" type="stmt"/>
      </file>
      <file name="variables.js" path="C:\Users\User\source\repos\multi-swagger\Multi-Swagger\docker\configurator\variables.js">
        <metrics statements="3" coveredstatements="3" conditionals="0" coveredconditionals="0" methods="0" coveredmethods="0"/>
        <line num="1" count="2" type="stmt"/>
        <line num="112" count="2" type="stmt"/>
        <line num="125" count="2" type="stmt"/>
      </file>
    </package>
    <package name="src.core">
      <metrics statements="837" coveredstatements="592" conditionals="778" coveredconditionals="491" methods="209" coveredmethods="133"/>
      <file name="json-schema-components.jsx" path="C:\Users\User\source\repos\multi-swagger\Multi-Swagger\src\core\json-schema-components.jsx">
        <metrics statements="143" coveredstatements="53" conditionals="181" coveredconditionals="56" methods="42" coveredmethods="7"/>
        <line num="10" count="1" type="stmt"/>
        <line num="25" count="1" type="stmt"/>
        <line num="37" count="1" type="stmt"/>
        <line num="40" count="1" type="stmt"/>
        <line num="41" count="1" type="cond" truecount="1" falsecount="1"/>
        <line num="42" count="0" type="stmt"/>
        <line num="43" count="1" type="cond" truecount="1" falsecount="1"/>
        <line num="44" count="0" type="stmt"/>
        <line num="49" count="10" type="stmt"/>
        <line num="50" count="10" type="cond" truecount="3" falsecount="1"/>
        <line num="51" count="10" type="cond" truecount="3" falsecount="1"/>
        <line num="53" count="10" type="stmt"/>
        <line num="54" count="10" type="cond" truecount="3" falsecount="1"/>
        <line num="58" count="10" type="cond" truecount="2" falsecount="0"/>
        <line num="59" count="2" type="stmt"/>
        <line num="61" count="10" type="stmt"/>
        <line num="67" count="1" type="stmt"/>
        <line num="68" count="5" type="stmt"/>
        <line num="69" count="0" type="cond" truecount="0" falsecount="4"/>
        <line num="70" count="0" type="stmt"/>
        <line num="72" count="5" type="stmt"/>
        <line num="74" count="5" type="stmt"/>
        <line num="75" count="5" type="cond" truecount="3" falsecount="1"/>
        <line num="76" count="5" type="cond" truecount="3" falsecount="1"/>
        <line num="77" count="5" type="cond" truecount="3" falsecount="1"/>
        <line num="78" count="5" type="cond" truecount="3" falsecount="1"/>
        <line num="79" count="5" type="cond" truecount="2" falsecount="0"/>
        <line num="80" count="3" type="stmt"/>
        <line num="82" count="5" type="cond" truecount="1" falsecount="1"/>
        <line num="84" count="5" type="cond" truecount="2" falsecount="0"/>
        <line num="85" count="3" type="stmt"/>
        <line num="86" count="3" type="cond" truecount="1" falsecount="1"/>
        <line num="95" count="2" type="cond" truecount="2" falsecount="2"/>
        <line num="96" count="2" type="stmt"/>
        <line num="97" count="2" type="cond" truecount="3" falsecount="1"/>
        <line num="98" count="0" type="stmt"/>
        <line num="107" count="2" type="stmt"/>
        <line num="126" count="1" type="stmt"/>
        <line num="129" count="0" type="stmt"/>
        <line num="130" count="0" type="stmt"/>
        <line num="134" count="0" type="stmt"/>
        <line num="135" count="0" type="cond" truecount="0" falsecount="2"/>
        <line num="136" count="0" type="stmt"/>
        <line num="138" count="0" type="cond" truecount="0" falsecount="2"/>
        <line num="139" count="0" type="stmt"/>
        <line num="142" count="0" type="stmt"/>
        <line num="143" count="0" type="stmt"/>
        <line num="146" count="0" type="stmt"/>
        <line num="147" count="0" type="stmt"/>
        <line num="152" count="0" type="stmt"/>
        <line num="153" count="0" type="stmt"/>
        <line num="158" count="0" type="stmt"/>
        <line num="159" count="0" type="stmt"/>
        <line num="160" count="0" type="stmt"/>
        <line num="167" count="0" type="stmt"/>
        <line num="168" count="0" type="stmt"/>
        <line num="174" count="0" type="stmt"/>
        <line num="176" count="0" type="cond" truecount="0" falsecount="4"/>
        <line num="177" count="0" type="stmt"/>
        <line num="178" count="0" type="stmt"/>
        <line num="179" count="0" type="stmt"/>
        <line num="180" count="0" type="stmt"/>
        <line num="182" count="0" type="cond" truecount="0" falsecount="5"/>
        <line num="183" count="0" type="stmt"/>
        <line num="184" count="0" type="stmt"/>
        <line num="185" count="0" type="stmt"/>
        <line num="186" count="0" type="stmt"/>
        <line num="188" count="0" type="stmt"/>
        <line num="189" count="0" type="cond" truecount="0" falsecount="5"/>
        <line num="190" count="0" type="cond" truecount="0" falsecount="4"/>
        <line num="191" count="0" type="stmt"/>
        <line num="192" count="0" type="cond" truecount="0" falsecount="5"/>
        <line num="193" count="0" type="stmt"/>
        <line num="197" count="0" type="cond" truecount="0" falsecount="4"/>
        <line num="198" count="0" type="stmt"/>
        <line num="201" count="0" type="cond" truecount="0" falsecount="2"/>
        <line num="202" count="0" type="stmt"/>
        <line num="203" count="0" type="cond" truecount="0" falsecount="2"/>
        <line num="213" count="0" type="stmt"/>
        <line num="214" count="0" type="stmt"/>
        <line num="218" count="0" type="stmt"/>
        <line num="219" count="0" type="stmt"/>
        <line num="220" count="0" type="stmt"/>
        <line num="222" count="0" type="stmt"/>
        <line num="228" count="0" type="stmt"/>
        <line num="236" count="0" type="stmt"/>
        <line num="242" count="0" type="stmt"/>
        <line num="255" count="0" type="stmt"/>
        <line num="279" count="1" type="stmt"/>
        <line num="281" count="0" type="stmt"/>
        <line num="282" count="0" type="stmt"/>
        <line num="283" count="0" type="stmt"/>
        <line num="287" count="0" type="stmt"/>
        <line num="288" count="0" type="cond" truecount="0" falsecount="2"/>
        <line num="289" count="0" type="stmt"/>
        <line num="291" count="0" type="cond" truecount="0" falsecount="2"/>
        <line num="293" count="0" type="stmt"/>
        <line num="308" count="1" type="stmt"/>
        <line num="310" count="0" type="stmt"/>
        <line num="311" count="0" type="stmt"/>
        <line num="312" count="0" type="stmt"/>
        <line num="316" count="0" type="stmt"/>
        <line num="317" count="0" type="stmt"/>
        <line num="318" count="0" type="cond" truecount="0" falsecount="2"/>
        <line num="320" count="0" type="stmt"/>
        <line num="330" count="1" type="stmt"/>
        <line num="332" count="4" type="stmt"/>
        <line num="334" count="4" type="stmt"/>
        <line num="335" count="4" type="cond" truecount="1" falsecount="1"/>
        <line num="336" count="4" type="cond" truecount="3" falsecount="1"/>
        <line num="337" count="4" type="cond" truecount="2" falsecount="0"/>
        <line num="338" count="4" type="cond" truecount="2" falsecount="0"/>
        <line num="339" count="4" type="stmt"/>
        <line num="341" count="4" type="cond" truecount="1" falsecount="1"/>
        <line num="351" count="1" type="stmt"/>
        <line num="352" count="0" type="stmt"/>
        <line num="353" count="0" type="cond" truecount="0" falsecount="2"/>
        <line num="354" count="0" type="cond" truecount="0" falsecount="4"/>
        <line num="356" count="0" type="cond" truecount="0" falsecount="4"/>
        <line num="357" count="0" type="stmt"/>
        <line num="359" count="0" type="stmt"/>
        <line num="360" count="0" type="stmt"/>
        <line num="361" count="0" type="stmt"/>
        <line num="362" count="0" type="cond" truecount="0" falsecount="2"/>
        <line num="363" count="0" type="cond" truecount="0" falsecount="2"/>
        <line num="364" count="0" type="stmt"/>
        <line num="366" count="0" type="stmt"/>
        <line num="367" count="0" type="cond" truecount="0" falsecount="2"/>
        <line num="368" count="0" type="stmt"/>
        <line num="370" count="0" type="stmt"/>
        <line num="372" count="0" type="stmt"/>
        <line num="378" count="1" type="stmt"/>
        <line num="382" count="1" type="stmt"/>
        <line num="384" count="1" type="stmt"/>
        <line num="385" count="0" type="stmt"/>
        <line num="388" count="1" type="stmt"/>
        <line num="389" count="0" type="stmt"/>
        <line num="391" count="0" type="stmt"/>
        <line num="400" count="1" type="stmt"/>
        <line num="402" count="1" type="stmt"/>
        <line num="403" count="1" type="cond" truecount="1" falsecount="3"/>
        <line num="405" count="1" type="stmt"/>
        <line num="419" count="0" type="cond" truecount="0" falsecount="4"/>
      </file>
      <file name="oauth2-authorize.js" path="C:\Users\User\source\repos\multi-swagger\Multi-Swagger\src\core\oauth2-authorize.js">
        <metrics statements="56" coveredstatements="41" conditionals="39" coveredconditionals="27" methods="1" coveredmethods="1"/>
        <line num="6" count="8" type="stmt"/>
        <line num="7" count="8" type="stmt"/>
        <line num="8" count="8" type="stmt"/>
        <line num="10" count="8" type="cond" truecount="3" falsecount="5"/>
        <line num="12" count="0" type="stmt"/>
        <line num="13" count="0" type="stmt"/>
        <line num="16" count="0" type="stmt"/>
        <line num="17" count="0" type="stmt"/>
        <line num="20" count="4" type="stmt"/>
        <line num="21" count="4" type="stmt"/>
        <line num="24" count="0" type="stmt"/>
        <line num="25" count="0" type="stmt"/>
        <line num="30" count="0" type="stmt"/>
        <line num="31" count="0" type="stmt"/>
        <line num="36" count="4" type="stmt"/>
        <line num="37" count="4" type="stmt"/>
        <line num="40" count="8" type="cond" truecount="1" falsecount="1"/>
        <line num="41" count="0" type="stmt"/>
        <line num="44" count="8" type="stmt"/>
        <line num="47" count="8" type="cond" truecount="1" falsecount="1"/>
        <line num="48" count="0" type="stmt"/>
        <line num="54" count="0" type="stmt"/>
        <line num="56" count="8" type="stmt"/>
        <line num="58" count="8" type="stmt"/>
        <line num="59" count="8" type="cond" truecount="2" falsecount="0"/>
        <line num="60" count="5" type="stmt"/>
        <line num="61" count="3" type="cond" truecount="2" falsecount="0"/>
        <line num="62" count="2" type="stmt"/>
        <line num="65" count="8" type="cond" truecount="2" falsecount="0"/>
        <line num="66" count="7" type="cond" truecount="2" falsecount="0"/>
        <line num="68" count="7" type="stmt"/>
        <line num="71" count="8" type="stmt"/>
        <line num="73" count="8" type="stmt"/>
        <line num="75" count="8" type="cond" truecount="1" falsecount="1"/>
        <line num="76" count="0" type="stmt"/>
        <line num="79" count="8" type="cond" truecount="6" falsecount="0"/>
        <line num="80" count="3" type="stmt"/>
        <line num="81" count="3" type="stmt"/>
        <line num="83" count="3" type="stmt"/>
        <line num="84" count="3" type="stmt"/>
        <line num="88" count="3" type="stmt"/>
        <line num="91" count="8" type="stmt"/>
        <line num="93" count="8" type="stmt"/>
        <line num="94" count="0" type="cond" truecount="0" falsecount="2"/>
        <line num="95" count="0" type="stmt"/>
        <line num="99" count="8" type="stmt"/>
        <line num="101" count="8" type="cond" truecount="2" falsecount="0"/>
        <line num="103" count="1" type="stmt"/>
        <line num="109" count="7" type="stmt"/>
        <line num="111" count="8" type="cond" truecount="2" falsecount="0"/>
        <line num="117" count="8" type="cond" truecount="1" falsecount="1"/>
        <line num="118" count="0" type="stmt"/>
        <line num="119" count="8" type="cond" truecount="2" falsecount="0"/>
        <line num="120" count="2" type="stmt"/>
        <line num="122" count="6" type="stmt"/>
        <line num="125" count="8" type="stmt"/>
      </file>
      <file name="system.js" path="C:\Users\User\source\repos\multi-swagger\Multi-Swagger\src\core\system.js">
        <metrics statements="198" coveredstatements="180" conditionals="127" coveredconditionals="104" methods="65" coveredmethods="56"/>
        <line num="13" count="71" type="stmt"/>
        <line num="18" count="41" type="stmt"/>
        <line num="25" count="41" type="cond" truecount="2" falsecount="0"/>
        <line num="27" count="41" type="stmt"/>
        <line num="35" count="41" type="stmt"/>
        <line num="50" count="41" type="stmt"/>
        <line num="53" count="41" type="stmt"/>
        <line num="56" count="41" type="stmt"/>
        <line num="59" count="41" type="stmt"/>
        <line num="63" count="370" type="stmt"/>
        <line num="67" count="46" type="stmt"/>
        <line num="68" count="46" type="stmt"/>
        <line num="69" count="46" type="cond" truecount="1" falsecount="1"/>
        <line num="70" count="46" type="stmt"/>
        <line num="73" count="46" type="stmt"/>
        <line num="75" count="46" type="cond" truecount="2" falsecount="0"/>
        <line num="76" count="35" type="stmt"/>
        <line num="81" count="122" type="stmt"/>
        <line num="82" count="122" type="stmt"/>
        <line num="84" count="122" type="stmt"/>
        <line num="93" count="122" type="cond" truecount="2" falsecount="0"/>
        <line num="94" count="81" type="stmt"/>
        <line num="98" count="196" type="stmt"/>
        <line num="102" count="122" type="stmt"/>
        <line num="114" count="0" type="stmt"/>
        <line num="118" count="122" type="stmt"/>
        <line num="124" count="0" type="stmt"/>
        <line num="128" count="81" type="stmt"/>
        <line num="136" count="244" type="stmt"/>
        <line num="137" count="244" type="stmt"/>
        <line num="138" count="104" type="stmt"/>
        <line num="139" count="104" type="cond" truecount="2" falsecount="0"/>
        <line num="140" count="52" type="stmt"/>
        <line num="145" count="122" type="stmt"/>
        <line num="149" count="122" type="stmt"/>
        <line num="151" count="122" type="stmt"/>
        <line num="152" count="13" type="stmt"/>
        <line num="153" count="13" type="cond" truecount="1" falsecount="1"/>
        <line num="154" count="13" type="stmt"/>
        <line num="160" count="122" type="stmt"/>
        <line num="161" count="122" type="stmt"/>
        <line num="162" count="13" type="stmt"/>
        <line num="163" count="13" type="cond" truecount="2" falsecount="0"/>
        <line num="164" count="10" type="stmt"/>
        <line num="165" count="10" type="stmt"/>
        <line num="166" count="10" type="cond" truecount="1" falsecount="1"/>
        <line num="167" count="0" type="stmt"/>
        <line num="170" count="10" type="cond" truecount="2" falsecount="0"/>
        <line num="171" count="5" type="stmt"/>
        <line num="173" count="10" type="stmt"/>
        <line num="174" count="14" type="stmt"/>
        <line num="175" count="8" type="stmt"/>
        <line num="177" count="14" type="cond" truecount="1" falsecount="1"/>
        <line num="178" count="0" type="stmt"/>
        <line num="180" count="14" type="stmt"/>
        <line num="184" count="3" type="stmt"/>
        <line num="189" count="122" type="stmt"/>
        <line num="190" count="122" type="stmt"/>
        <line num="191" count="39" type="stmt"/>
        <line num="192" count="39" type="stmt"/>
        <line num="193" count="39" type="cond" truecount="2" falsecount="0"/>
        <line num="194" count="9" type="stmt"/>
        <line num="195" count="9" type="stmt"/>
        <line num="196" count="9" type="cond" truecount="1" falsecount="1"/>
        <line num="197" count="0" type="stmt"/>
        <line num="200" count="9" type="cond" truecount="2" falsecount="0"/>
        <line num="201" count="7" type="stmt"/>
        <line num="203" count="9" type="stmt"/>
        <line num="204" count="11" type="stmt"/>
        <line num="205" count="6" type="stmt"/>
        <line num="207" count="11" type="cond" truecount="1" falsecount="1"/>
        <line num="208" count="0" type="stmt"/>
        <line num="210" count="11" type="stmt"/>
        <line num="214" count="30" type="stmt"/>
        <line num="219" count="0" type="stmt"/>
        <line num="220" count="0" type="stmt"/>
        <line num="221" count="0" type="stmt"/>
        <line num="226" count="122" type="stmt"/>
        <line num="227" count="52" type="stmt"/>
        <line num="228" count="52" type="stmt"/>
        <line num="233" count="122" type="stmt"/>
        <line num="239" count="32" type="stmt"/>
        <line num="241" count="32" type="cond" truecount="2" falsecount="0"/>
        <line num="242" count="13" type="stmt"/>
        <line num="243" count="14" type="stmt"/>
        <line num="246" count="19" type="cond" truecount="2" falsecount="0"/>
        <line num="247" count="17" type="stmt"/>
        <line num="250" count="2" type="stmt"/>
        <line num="254" count="122" type="stmt"/>
        <line num="255" count="39" type="stmt"/>
        <line num="256" count="39" type="stmt"/>
        <line num="258" count="39" type="stmt"/>
        <line num="259" count="39" type="stmt"/>
        <line num="260" count="19" type="stmt"/>
        <line num="263" count="19" type="cond" truecount="2" falsecount="0"/>
        <line num="264" count="13" type="stmt"/>
        <line num="266" count="19" type="stmt"/>
        <line num="274" count="122" type="cond" truecount="1" falsecount="1"/>
        <line num="276" count="122" type="stmt"/>
        <line num="278" count="122" type="stmt"/>
        <line num="279" count="26" type="cond" truecount="2" falsecount="0"/>
        <line num="280" count="13" type="stmt"/>
        <line num="283" count="13" type="stmt"/>
        <line num="284" count="6" type="stmt"/>
        <line num="285" count="6" type="stmt"/>
        <line num="286" count="6" type="stmt"/>
        <line num="289" count="1" type="stmt"/>
        <line num="292" count="6" type="stmt"/>
        <line num="297" count="122" type="stmt"/>
        <line num="301" count="0" type="stmt"/>
        <line num="302" count="0" type="stmt"/>
        <line num="307" count="0" type="stmt"/>
        <line num="308" count="0" type="stmt"/>
        <line num="315" count="165" type="cond" truecount="4" falsecount="0"/>
        <line num="316" count="87" type="stmt"/>
        <line num="319" count="78" type="cond" truecount="2" falsecount="0"/>
        <line num="320" count="41" type="stmt"/>
        <line num="323" count="37" type="cond" truecount="1" falsecount="1"/>
        <line num="324" count="37" type="cond" truecount="2" falsecount="0"/>
        <line num="326" count="37" type="stmt"/>
        <line num="327" count="78" type="stmt"/>
        <line num="331" count="0" type="stmt"/>
        <line num="335" count="165" type="stmt"/>
        <line num="336" count="165" type="cond" truecount="4" falsecount="0"/>
        <line num="337" count="87" type="cond" truecount="2" falsecount="0"/>
        <line num="338" count="6" type="stmt"/>
        <line num="339" count="6" type="stmt"/>
        <line num="343" count="165" type="cond" truecount="2" falsecount="0"/>
        <line num="344" count="41" type="stmt"/>
        <line num="346" count="124" type="cond" truecount="2" falsecount="0"/>
        <line num="347" count="78" type="stmt"/>
        <line num="350" count="87" type="stmt"/>
        <line num="358" count="124" type="cond" truecount="1" falsecount="1"/>
        <line num="359" count="0" type="stmt"/>
        <line num="361" count="124" type="cond" truecount="1" falsecount="1"/>
        <line num="362" count="0" type="stmt"/>
        <line num="367" count="124" type="cond" truecount="2" falsecount="0"/>
        <line num="368" count="16" type="stmt"/>
        <line num="369" count="16" type="cond" truecount="2" falsecount="0"/>
        <line num="370" count="16" type="cond" truecount="4" falsecount="0"/>
        <line num="371" count="1" type="stmt"/>
        <line num="372" count="1" type="stmt"/>
        <line num="373" count="15" type="cond" truecount="2" falsecount="0"/>
        <line num="374" count="14" type="stmt"/>
        <line num="375" count="14" type="stmt"/>
        <line num="379" count="16" type="cond" truecount="2" falsecount="0"/>
        <line num="383" count="15" type="stmt"/>
        <line num="391" count="124" type="stmt"/>
        <line num="392" count="124" type="cond" truecount="2" falsecount="0"/>
        <line num="393" count="59" type="stmt"/>
        <line num="394" count="15" type="stmt"/>
        <line num="395" count="15" type="cond" truecount="1" falsecount="1"/>
        <line num="396" count="0" type="stmt"/>
        <line num="399" count="15" type="stmt"/>
        <line num="402" count="15" type="cond" truecount="2" falsecount="0"/>
        <line num="403" count="3" type="stmt"/>
        <line num="404" count="3" type="stmt"/>
        <line num="407" count="3" type="cond" truecount="1" falsecount="1"/>
        <line num="408" count="3" type="stmt"/>
        <line num="409" count="3" type="stmt"/>
        <line num="412" count="3" type="cond" truecount="7" falsecount="0"/>
        <line num="413" count="2" type="stmt"/>
        <line num="420" count="15" type="cond" truecount="2" falsecount="0"/>
        <line num="421" count="1" type="stmt"/>
        <line num="422" count="1" type="stmt"/>
        <line num="425" count="1" type="cond" truecount="1" falsecount="1"/>
        <line num="426" count="1" type="stmt"/>
        <line num="427" count="1" type="stmt"/>
        <line num="430" count="1" type="cond" truecount="6" falsecount="1"/>
        <line num="431" count="1" type="stmt"/>
        <line num="439" count="124" type="stmt"/>
        <line num="443" count="81" type="stmt"/>
        <line num="444" count="52" type="stmt"/>
        <line num="446" count="81" type="stmt"/>
        <line num="450" count="81" type="stmt"/>
        <line num="451" count="52" type="stmt"/>
        <line num="452" count="52" type="stmt"/>
        <line num="455" count="81" type="cond" truecount="2" falsecount="0"/>
        <line num="456" count="30" type="stmt"/>
        <line num="459" count="51" type="stmt"/>
        <line num="463" count="52" type="cond" truecount="1" falsecount="0"/>
        <line num="464" count="59" type="cond" truecount="2" falsecount="0"/>
        <line num="465" count="57" type="stmt"/>
        <line num="467" count="2" type="stmt"/>
        <line num="468" count="2" type="cond" truecount="2" falsecount="0"/>
        <line num="469" count="1" type="stmt"/>
        <line num="472" count="1" type="cond" truecount="1" falsecount="1"/>
        <line num="474" count="1" type="stmt"/>
        <line num="481" count="53" type="cond" truecount="1" falsecount="1"/>
        <line num="482" count="0" type="stmt"/>
        <line num="485" count="53" type="stmt"/>
        <line num="486" count="47" type="stmt"/>
        <line num="487" count="47" type="stmt"/>
        <line num="489" count="5" type="cond" truecount="1" falsecount="1"/>
        <line num="490" count="5" type="stmt"/>
        <line num="492" count="5" type="stmt"/>
        <line num="498" count="41" type="stmt"/>
        <line num="508" count="41" type="stmt"/>
      </file>
      <file name="utils.js" path="C:\Users\User\source\repos\multi-swagger\Multi-Swagger\src\core\utils.js">
        <metrics statements="429" coveredstatements="309" conditionals="427" coveredconditionals="302" methods="97" coveredmethods="68"/>
        <line num="31" count="25" type="stmt"/>
        <line num="33" count="1039" type="stmt"/>
        <line num="36" count="399" type="cond" truecount="2" falsecount="0"/>
        <line num="37" count="204" type="stmt"/>
        <line num="38" count="195" type="cond" truecount="1" falsecount="1"/>
        <line num="39" count="0" type="stmt"/>
        <line num="40" count="195" type="stmt"/>
        <line num="44" count="0" type="cond" truecount="0" falsecount="2"/>
        <line num="45" count="0" type="stmt"/>
        <line num="47" count="0" type="cond" truecount="0" falsecount="2"/>
        <line num="48" count="0" type="stmt"/>
        <line num="50" count="0" type="stmt"/>
        <line num="54" count="844" type="cond" truecount="2" falsecount="0"/>
        <line num="55" count="1" type="stmt"/>
        <line num="57" count="843" type="cond" truecount="1" falsecount="1"/>
        <line num="58" count="0" type="stmt"/>
        <line num="60" count="843" type="cond" truecount="2" falsecount="0"/>
        <line num="61" count="490" type="stmt"/>
        <line num="63" count="353" type="cond" truecount="2" falsecount="0"/>
        <line num="64" count="95" type="stmt"/>
        <line num="66" count="258" type="cond" truecount="1" falsecount="1"/>
        <line num="68" count="0" type="stmt"/>
        <line num="69" count="0" type="stmt"/>
        <line num="71" count="258" type="stmt"/>
        <line num="93" count="0" type="cond" truecount="0" falsecount="2"/>
        <line num="94" count="0" type="stmt"/>
        <line num="96" count="0" type="stmt"/>
        <line num="97" count="0" type="stmt"/>
        <line num="98" count="0" type="stmt"/>
        <line num="99" count="0" type="stmt"/>
        <line num="100" count="0" type="cond" truecount="0" falsecount="6"/>
        <line num="101" count="0" type="stmt"/>
        <line num="103" count="0" type="cond" truecount="0" falsecount="2"/>
        <line num="105" count="0" type="stmt"/>
        <line num="110" count="0" type="stmt"/>
        <line num="111" count="0" type="stmt"/>
        <line num="113" count="0" type="stmt"/>
        <line num="115" count="0" type="stmt"/>
        <line num="116" count="0" type="stmt"/>
        <line num="117" count="0" type="stmt"/>
        <line num="120" count="0" type="stmt"/>
        <line num="124" count="0" type="stmt"/>
        <line num="125" count="0" type="stmt"/>
        <line num="126" count="0" type="stmt"/>
        <line num="127" count="0" type="stmt"/>
        <line num="128" count="0" type="stmt"/>
        <line num="132" count="5" type="cond" truecount="1" falsecount="1"/>
        <line num="133" count="5" type="stmt"/>
        <line num="134" count="0" type="stmt"/>
        <line num="138" count="38" type="stmt"/>
        <line num="142" count="1989" type="cond" truecount="2" falsecount="0"/>
        <line num="146" count="648" type="stmt"/>
        <line num="150" count="409" type="stmt"/>
        <line num="154" count="25" type="stmt"/>
        <line num="157" count="778" type="stmt"/>
        <line num="158" count="256" type="stmt"/>
        <line num="159" count="256" type="stmt"/>
        <line num="164" count="257" type="stmt"/>
        <line num="165" count="117" type="stmt"/>
        <line num="166" count="117" type="cond" truecount="4" falsecount="0"/>
        <line num="167" count="65" type="stmt"/>
        <line num="168" count="117" type="stmt"/>
        <line num="174" count="41" type="stmt"/>
        <line num="175" count="41" type="stmt"/>
        <line num="176" count="6" type="cond" truecount="1" falsecount="1"/>
        <line num="177" count="0" type="stmt"/>
        <line num="180" count="6" type="stmt"/>
        <line num="186" count="0" type="stmt"/>
        <line num="187" count="0" type="cond" truecount="0" falsecount="2"/>
        <line num="198" count="0" type="cond" truecount="0" falsecount="2"/>
        <line num="199" count="0" type="stmt"/>
        <line num="201" count="0" type="cond" truecount="0" falsecount="2"/>
        <line num="202" count="0" type="cond" truecount="0" falsecount="2"/>
        <line num="213" count="10" type="cond" truecount="4" falsecount="0"/>
        <line num="214" count="1" type="stmt"/>
        <line num="217" count="9" type="cond" truecount="2" falsecount="0"/>
        <line num="218" count="1" type="stmt"/>
        <line num="221" count="9" type="cond" truecount="2" falsecount="0"/>
        <line num="222" count="5" type="stmt"/>
        <line num="226" count="4" type="stmt"/>
        <line num="227" count="4" type="stmt"/>
        <line num="228" count="4" type="stmt"/>
        <line num="229" count="7" type="stmt"/>
        <line num="230" count="7" type="stmt"/>
        <line num="231" count="7" type="cond" truecount="2" falsecount="0"/>
        <line num="232" count="2" type="stmt"/>
        <line num="234" count="5" type="stmt"/>
        <line num="238" count="4" type="stmt"/>
        <line num="242" count="5" type="stmt"/>
        <line num="250" count="5" type="stmt"/>
        <line num="251" count="14" type="stmt"/>
        <line num="252" count="14" type="stmt"/>
        <line num="255" count="5" type="cond" truecount="4" falsecount="0"/>
        <line num="256" count="4" type="stmt"/>
        <line num="257" count="4" type="stmt"/>
        <line num="259" count="0" type="stmt"/>
        <line num="263" count="1" type="stmt"/>
        <line num="268" count="0" type="stmt"/>
        <line num="273" count="0" type="stmt"/>
        <line num="281" count="25" type="cond" truecount="0" falsecount="2"/>
        <line num="283" count="0" type="cond" truecount="0" falsecount="2"/>
        <line num="284" count="0" type="stmt"/>
        <line num="287" count="0" type="stmt"/>
        <line num="289" count="0" type="cond" truecount="0" falsecount="2"/>
        <line num="290" count="0" type="stmt"/>
        <line num="292" count="0" type="stmt"/>
        <line num="294" count="0" type="cond" truecount="0" falsecount="2"/>
        <line num="295" count="0" type="stmt"/>
        <line num="299" count="0" type="cond" truecount="0" falsecount="4"/>
        <line num="300" count="0" type="stmt"/>
        <line num="303" count="0" type="stmt"/>
        <line num="305" count="0" type="stmt"/>
        <line num="308" count="25" type="stmt"/>
        <line num="309" count="11" type="cond" truecount="2" falsecount="0"/>
        <line num="310" count="5" type="stmt"/>
        <line num="314" count="25" type="stmt"/>
        <line num="315" count="11" type="cond" truecount="2" falsecount="0"/>
        <line num="316" count="5" type="stmt"/>
        <line num="320" count="25" type="stmt"/>
        <line num="321" count="40" type="cond" truecount="2" falsecount="0"/>
        <line num="322" count="15" type="stmt"/>
        <line num="326" count="25" type="stmt"/>
        <line num="327" count="34" type="cond" truecount="2" falsecount="0"/>
        <line num="328" count="16" type="stmt"/>
        <line num="332" count="25" type="stmt"/>
        <line num="333" count="11" type="cond" truecount="4" falsecount="0"/>
        <line num="334" count="4" type="stmt"/>
        <line num="338" count="25" type="stmt"/>
        <line num="339" count="12" type="cond" truecount="6" falsecount="0"/>
        <line num="340" count="4" type="stmt"/>
        <line num="344" count="25" type="stmt"/>
        <line num="345" count="21" type="cond" truecount="4" falsecount="0"/>
        <line num="346" count="2" type="stmt"/>
        <line num="350" count="25" type="stmt"/>
        <line num="351" count="3" type="cond" truecount="2" falsecount="0"/>
        <line num="352" count="2" type="stmt"/>
        <line num="356" count="25" type="stmt"/>
        <line num="357" count="8" type="stmt"/>
        <line num="358" count="8" type="cond" truecount="2" falsecount="0"/>
        <line num="359" count="2" type="stmt"/>
        <line num="363" count="25" type="stmt"/>
        <line num="364" count="11" type="cond" truecount="2" falsecount="0"/>
        <line num="365" count="7" type="cond" truecount="2" falsecount="0"/>
        <line num="369" count="25" type="stmt"/>
        <line num="370" count="0" type="cond" truecount="0" falsecount="2"/>
        <line num="371" count="0" type="stmt"/>
        <line num="373" count="0" type="cond" truecount="0" falsecount="4"/>
        <line num="374" count="0" type="stmt"/>
        <line num="375" count="0" type="stmt"/>
        <line num="376" count="0" type="stmt"/>
        <line num="377" count="0" type="cond" truecount="0" falsecount="2"/>
        <line num="378" count="0" type="stmt"/>
        <line num="379" count="0" type="stmt"/>
        <line num="380" count="0" type="cond" truecount="0" falsecount="4"/>
        <line num="381" count="0" type="stmt"/>
        <line num="384" count="0" type="cond" truecount="0" falsecount="2"/>
        <line num="385" count="0" type="stmt"/>
        <line num="391" count="25" type="stmt"/>
        <line num="392" count="2" type="cond" truecount="5" falsecount="1"/>
        <line num="393" count="1" type="cond" truecount="1" falsecount="1"/>
        <line num="397" count="25" type="stmt"/>
        <line num="398" count="0" type="cond" truecount="0" falsecount="4"/>
        <line num="399" count="0" type="cond" truecount="0" falsecount="2"/>
        <line num="403" count="25" type="stmt"/>
        <line num="404" count="9" type="cond" truecount="2" falsecount="0"/>
        <line num="405" count="5" type="cond" truecount="2" falsecount="0"/>
        <line num="409" count="25" type="stmt"/>
        <line num="410" count="8" type="stmt"/>
        <line num="411" count="8" type="cond" truecount="2" falsecount="0"/>
        <line num="412" count="5" type="stmt"/>
        <line num="417" count="125" type="cond" truecount="2" falsecount="0"/>
        <line num="418" count="121" type="stmt"/>
        <line num="419" count="121" type="stmt"/>
        <line num="420" count="121" type="stmt"/>
        <line num="421" count="121" type="stmt"/>
        <line num="422" count="121" type="stmt"/>
        <line num="423" count="121" type="stmt"/>
        <line num="424" count="121" type="stmt"/>
        <line num="425" count="121" type="stmt"/>
        <line num="426" count="121" type="stmt"/>
        <line num="427" count="121" type="stmt"/>
        <line num="428" count="121" type="stmt"/>
        <line num="429" count="121" type="stmt"/>
        <line num="430" count="121" type="stmt"/>
        <line num="432" count="121" type="cond" truecount="2" falsecount="0"/>
        <line num="433" count="121" type="cond" truecount="2" falsecount="0"/>
        <line num="434" count="121" type="cond" truecount="2" falsecount="0"/>
        <line num="436" count="121" type="cond" truecount="2" falsecount="0"/>
        <line num="439" count="121" type="cond" truecount="3" falsecount="0"/>
        <line num="443" count="121" type="cond" truecount="1" falsecount="1"/>
        <line num="447" count="121" type="cond" truecount="3" falsecount="0"/>
        <line num="451" count="121" type="cond" truecount="2" falsecount="0"/>
        <line num="452" count="11" type="stmt"/>
        <line num="456" count="110" type="cond" truecount="2" falsecount="0"/>
        <line num="457" count="110" type="cond" truecount="3" falsecount="0"/>
        <line num="458" count="110" type="cond" truecount="3" falsecount="0"/>
        <line num="459" count="110" type="cond" truecount="3" falsecount="0"/>
        <line num="460" count="110" type="cond" truecount="2" falsecount="0"/>
        <line num="461" count="110" type="cond" truecount="3" falsecount="0"/>
        <line num="462" count="110" type="cond" truecount="3" falsecount="0"/>
        <line num="463" count="110" type="cond" truecount="3" falsecount="0"/>
        <line num="464" count="110" type="cond" truecount="3" falsecount="0"/>
        <line num="465" count="110" type="cond" truecount="3" falsecount="0"/>
        <line num="467" count="110" type="stmt"/>
        <line num="472" count="692" type="stmt"/>
        <line num="474" count="110" type="cond" truecount="5" falsecount="0"/>
        <line num="475" count="19" type="stmt"/>
        <line num="476" count="19" type="stmt"/>
        <line num="478" count="91" type="cond" truecount="2" falsecount="0"/>
        <line num="483" count="9" type="stmt"/>
        <line num="484" count="9" type="cond" truecount="2" falsecount="0"/>
        <line num="485" count="6" type="stmt"/>
        <line num="486" count="6" type="stmt"/>
        <line num="488" count="3" type="stmt"/>
        <line num="489" count="3" type="stmt"/>
        <line num="492" count="6" type="cond" truecount="4" falsecount="2"/>
        <line num="493" count="0" type="stmt"/>
        <line num="494" count="0" type="cond" truecount="0" falsecount="2"/>
        <line num="495" count="0" type="stmt"/>
        <line num="499" count="6" type="cond" truecount="3" falsecount="1"/>
        <line num="500" count="0" type="stmt"/>
        <line num="501" count="0" type="stmt"/>
        <line num="502" count="0" type="stmt"/>
        <line num="503" count="0" type="stmt"/>
        <line num="508" count="88" type="cond" truecount="1" falsecount="1"/>
        <line num="509" count="0" type="stmt"/>
        <line num="510" count="0" type="cond" truecount="0" falsecount="2"/>
        <line num="513" count="88" type="cond" truecount="2" falsecount="0"/>
        <line num="514" count="2" type="cond" truecount="1" falsecount="1"/>
        <line num="515" count="2" type="stmt"/>
        <line num="516" count="2" type="cond" truecount="2" falsecount="0"/>
        <line num="520" count="88" type="cond" truecount="1" falsecount="1"/>
        <line num="521" count="0" type="cond" truecount="0" falsecount="2"/>
        <line num="522" count="0" type="stmt"/>
        <line num="523" count="0" type="cond" truecount="0" falsecount="2"/>
        <line num="527" count="88" type="cond" truecount="1" falsecount="1"/>
        <line num="528" count="0" type="cond" truecount="0" falsecount="2"/>
        <line num="529" count="0" type="stmt"/>
        <line num="530" count="0" type="cond" truecount="0" falsecount="2"/>
        <line num="534" count="88" type="cond" truecount="4" falsecount="0"/>
        <line num="535" count="6" type="stmt"/>
        <line num="536" count="6" type="cond" truecount="2" falsecount="0"/>
        <line num="539" count="88" type="cond" truecount="2" falsecount="0"/>
        <line num="540" count="4" type="stmt"/>
        <line num="541" count="4" type="cond" truecount="2" falsecount="0"/>
        <line num="544" count="88" type="cond" truecount="4" falsecount="0"/>
        <line num="545" count="6" type="stmt"/>
        <line num="546" count="6" type="cond" truecount="2" falsecount="0"/>
        <line num="549" count="88" type="cond" truecount="4" falsecount="0"/>
        <line num="550" count="6" type="stmt"/>
        <line num="551" count="6" type="cond" truecount="2" falsecount="0"/>
        <line num="554" count="88" type="cond" truecount="2" falsecount="0"/>
        <line num="556" count="21" type="cond" truecount="1" falsecount="1"/>
        <line num="557" count="0" type="stmt"/>
        <line num="558" count="21" type="cond" truecount="1" falsecount="1"/>
        <line num="559" count="0" type="stmt"/>
        <line num="561" count="21" type="stmt"/>
        <line num="563" count="21" type="cond" truecount="2" falsecount="0"/>
        <line num="564" count="2" type="stmt"/>
        <line num="565" count="67" type="cond" truecount="2" falsecount="0"/>
        <line num="566" count="12" type="stmt"/>
        <line num="567" count="12" type="cond" truecount="2" falsecount="0"/>
        <line num="568" count="4" type="stmt"/>
        <line num="569" count="55" type="cond" truecount="2" falsecount="0"/>
        <line num="570" count="16" type="stmt"/>
        <line num="571" count="16" type="cond" truecount="2" falsecount="0"/>
        <line num="572" count="6" type="stmt"/>
        <line num="573" count="39" type="cond" truecount="2" falsecount="0"/>
        <line num="574" count="10" type="stmt"/>
        <line num="575" count="10" type="cond" truecount="2" falsecount="0"/>
        <line num="576" count="4" type="stmt"/>
        <line num="577" count="29" type="cond" truecount="2" falsecount="0"/>
        <line num="578" count="16" type="cond" truecount="4" falsecount="0"/>
        <line num="579" count="4" type="stmt"/>
        <line num="581" count="12" type="cond" truecount="1" falsecount="1"/>
        <line num="582" count="12" type="stmt"/>
        <line num="583" count="12" type="stmt"/>
        <line num="584" count="12" type="stmt"/>
        <line num="585" count="4" type="stmt"/>
        <line num="588" count="13" type="cond" truecount="2" falsecount="0"/>
        <line num="589" count="6" type="stmt"/>
        <line num="590" count="6" type="cond" truecount="2" falsecount="0"/>
        <line num="591" count="2" type="stmt"/>
        <line num="594" count="37" type="stmt"/>
        <line num="598" count="25" type="cond" truecount="3" falsecount="0"/>
        <line num="600" count="113" type="stmt"/>
        <line num="602" count="113" type="stmt"/>
        <line num="604" count="113" type="stmt"/>
        <line num="607" count="25" type="stmt"/>
        <line num="608" count="0" type="cond" truecount="0" falsecount="4"/>
        <line num="609" count="0" type="stmt"/>
        <line num="611" count="0" type="cond" truecount="0" falsecount="4"/>
        <line num="612" count="0" type="cond" truecount="0" falsecount="7"/>
        <line num="613" count="0" type="stmt"/>
        <line num="615" count="0" type="cond" truecount="0" falsecount="2"/>
        <line num="616" count="0" type="stmt"/>
        <line num="617" count="0" type="stmt"/>
        <line num="621" count="0" type="stmt"/>
        <line num="624" count="25" type="stmt"/>
        <line num="631" count="25" type="stmt"/>
        <line num="633" count="25" type="stmt"/>
        <line num="634" count="24" type="stmt"/>
        <line num="635" count="24" type="stmt"/>
        <line num="637" count="24" type="stmt"/>
        <line num="638" count="24" type="cond" truecount="2" falsecount="0"/>
        <line num="643" count="30" type="cond" truecount="2" falsecount="0"/>
        <line num="648" count="25" type="stmt"/>
        <line num="649" count="2" type="stmt"/>
        <line num="651" count="2" type="stmt"/>
        <line num="652" count="2" type="stmt"/>
        <line num="656" count="2" type="cond" truecount="1" falsecount="1"/>
        <line num="657" count="2" type="stmt"/>
        <line num="660" count="0" type="stmt"/>
        <line num="661" count="0" type="stmt"/>
        <line num="663" count="2" type="stmt"/>
        <line num="667" count="25" type="cond" truecount="3" falsecount="0"/>
        <line num="668" count="24" type="cond" truecount="4" falsecount="0"/>
        <line num="669" count="1" type="stmt"/>
        <line num="670" count="24" type="cond" truecount="3" falsecount="1"/>
        <line num="671" count="0" type="stmt"/>
        <line num="673" count="24" type="cond" truecount="1" falsecount="1"/>
        <line num="674" count="0" type="stmt"/>
        <line num="676" count="24" type="cond" truecount="2" falsecount="0"/>
        <line num="677" count="2" type="stmt"/>
        <line num="679" count="22" type="stmt"/>
        <line num="682" count="25" type="stmt"/>
        <line num="683" count="4" type="stmt"/>
        <line num="684" count="4" type="stmt"/>
        <line num="686" count="4" type="cond" truecount="2" falsecount="0"/>
        <line num="687" count="1" type="stmt"/>
        <line num="689" count="3" type="cond" truecount="1" falsecount="1"/>
        <line num="690" count="3" type="stmt"/>
        <line num="692" count="3" type="stmt"/>
        <line num="693" count="5" type="cond" truecount="1" falsecount="1"/>
        <line num="694" count="0" type="stmt"/>
        <line num="696" count="5" type="stmt"/>
        <line num="697" count="5" type="cond" truecount="3" falsecount="0"/>
        <line num="701" count="3" type="stmt"/>
        <line num="704" count="25" type="stmt"/>
        <line num="705" count="3" type="stmt"/>
        <line num="706" count="3" type="stmt"/>
        <line num="710" count="25" type="stmt"/>
        <line num="713" count="9" type="cond" truecount="1" falsecount="1"/>
        <line num="714" count="0" type="stmt"/>
        <line num="716" count="9" type="stmt"/>
        <line num="719" count="9" type="stmt"/>
        <line num="722" count="25" type="stmt"/>
        <line num="724" count="0" type="stmt"/>
        <line num="725" count="0" type="stmt"/>
        <line num="728" count="0" type="stmt"/>
        <line num="732" count="25" type="stmt"/>
        <line num="733" count="2" type="stmt"/>
        <line num="735" count="2" type="stmt"/>
        <line num="736" count="11" type="stmt"/>
        <line num="737" count="11" type="cond" truecount="4" falsecount="0"/>
        <line num="738" count="6" type="stmt"/>
        <line num="741" count="2" type="stmt"/>
        <line num="745" count="25" type="stmt"/>
        <line num="746" count="0" type="stmt"/>
        <line num="747" count="0" type="stmt"/>
        <line num="752" count="24" type="cond" truecount="4" falsecount="0"/>
        <line num="753" count="6" type="stmt"/>
        <line num="756" count="18" type="stmt"/>
        <line num="760" count="7" type="cond" truecount="6" falsecount="0"/>
        <line num="761" count="6" type="stmt"/>
        <line num="763" count="1" type="stmt"/>
        <line num="768" count="6" type="cond" truecount="2" falsecount="0"/>
        <line num="770" count="2" type="stmt"/>
        <line num="773" count="4" type="cond" truecount="1" falsecount="1"/>
        <line num="775" count="0" type="stmt"/>
        <line num="778" count="4" type="stmt"/>
        <line num="779" count="8" type="cond" truecount="4" falsecount="0"/>
        <line num="783" count="4" type="cond" truecount="2" falsecount="0"/>
        <line num="784" count="4" type="cond" truecount="2" falsecount="0"/>
        <line num="785" count="4" type="cond" truecount="2" falsecount="0"/>
        <line num="787" count="4" type="cond" truecount="2" falsecount="0"/>
        <line num="791" count="25" type="cond" truecount="4" falsecount="0"/>
        <line num="793" count="25" type="stmt"/>
        <line num="795" count="25" type="stmt"/>
        <line num="796" count="25" type="stmt"/>
        <line num="802" count="2" type="cond" truecount="1" falsecount="0"/>
        <line num="803" count="120" type="cond" truecount="6" falsecount="0"/>
        <line num="804" count="89" type="stmt"/>
        <line num="807" count="31" type="stmt"/>
        <line num="809" count="31" type="stmt"/>
        <line num="810" count="45" type="cond" truecount="4" falsecount="0"/>
        <line num="811" count="8" type="stmt"/>
        <line num="812" count="8" type="stmt"/>
        <line num="814" count="37" type="stmt"/>
        <line num="817" count="31" type="stmt"/>
        <line num="821" count="8" type="cond" truecount="2" falsecount="0"/>
        <line num="822" count="4" type="stmt"/>
        <line num="825" count="4" type="cond" truecount="2" falsecount="2"/>
        <line num="826" count="0" type="stmt"/>
        <line num="829" count="4" type="cond" truecount="2" falsecount="2"/>
        <line num="830" count="0" type="stmt"/>
        <line num="831" count="0" type="stmt"/>
        <line num="834" count="0" type="stmt"/>
        <line num="838" count="4" type="cond" truecount="3" falsecount="1"/>
        <line num="839" count="0" type="stmt"/>
        <line num="842" count="4" type="stmt"/>
        <line num="846" count="0" type="cond" truecount="0" falsecount="2"/>
        <line num="847" count="0" type="stmt"/>
        <line num="850" count="0" type="stmt"/>
        <line num="854" count="13" type="cond" truecount="2" falsecount="0"/>
        <line num="855" count="1" type="stmt"/>
        <line num="857" count="12" type="stmt"/>
        <line num="858" count="12" type="stmt"/>
        <line num="860" count="12" type="stmt"/>
        <line num="864" count="12" type="cond" truecount="7" falsecount="0"/>
        <line num="865" count="6" type="stmt"/>
        <line num="868" count="12" type="cond" truecount="4" falsecount="0"/>
        <line num="869" count="10" type="stmt"/>
        <line num="872" count="12" type="stmt"/>
        <line num="876" count="12" type="cond" truecount="3" falsecount="1"/>
        <line num="880" count="3" type="stmt"/>
        <line num="884" count="3" type="stmt"/>
        <line num="886" count="9" type="stmt"/>
        <line num="888" count="9" type="stmt"/>
        <line num="890" count="3" type="stmt"/>
        <line num="895" count="1" type="stmt"/>
        <line num="901" count="1" type="stmt"/>
        <line num="909" count="2" type="stmt"/>
        <line num="915" count="25" type="stmt"/>
        <line num="916" count="0" type="cond" truecount="0" falsecount="2"/>
        <line num="917" count="0" type="stmt"/>
        <line num="920" count="0" type="cond" truecount="0" falsecount="4"/>
        <line num="921" count="0" type="stmt"/>
        <line num="924" count="0" type="stmt"/>
      </file>
      <file name="window.js" path="C:\Users\User\source\repos\multi-swagger\Multi-Swagger\src\core\window.js">
        <metrics statements="11" coveredstatements="9" conditionals="4" coveredconditionals="2" methods="4" coveredmethods="1"/>
        <line num="2" count="58" type="stmt"/>
        <line num="10" count="58" type="cond" truecount="1" falsecount="1"/>
        <line num="11" count="0" type="stmt"/>
        <line num="14" count="58" type="stmt"/>
        <line num="15" count="58" type="stmt"/>
        <line num="16" count="58" type="stmt"/>
        <line num="17" count="58" type="stmt"/>
        <line num="18" count="174" type="cond" truecount="1" falsecount="1"/>
        <line num="19" count="174" type="stmt"/>
        <line num="23" count="0" type="stmt"/>
        <line num="26" count="58" type="stmt"/>
      </file>
    </package>
    <package name="src.core.components">
      <metrics statements="625" coveredstatements="390" conditionals="728" coveredconditionals="325" methods="108" coveredmethods="49"/>
      <file name="deep-link.jsx" path="C:\Users\User\source\repos\multi-swagger\Multi-Swagger\src\core\components\deep-link.jsx">
        <metrics statements="3" coveredstatements="1" conditionals="4" coveredconditionals="0" methods="2" coveredmethods="0"/>
        <line num="4" count="1" type="stmt"/>
        <line num="5" count="0" type="stmt"/>
        <line num="7" count="0" type="cond" truecount="0" falsecount="2"/>
      </file>
      <file name="info.jsx" path="C:\Users\User\source\repos\multi-swagger\Multi-Swagger\src\core\components\info.jsx">
        <metrics statements="32" coveredstatements="30" conditionals="38" coveredconditionals="30" methods="5" coveredmethods="4"/>
        <line num="15" count="0" type="stmt"/>
        <line num="17" count="0" type="stmt"/>
        <line num="36" count="1" type="stmt"/>
        <line num="37" count="1" type="cond" truecount="1" falsecount="1"/>
        <line num="38" count="1" type="stmt"/>
        <line num="39" count="1" type="stmt"/>
        <line num="41" count="1" type="stmt"/>
        <line num="43" count="1" type="stmt"/>
        <line num="66" count="1" type="stmt"/>
        <line num="68" count="1" type="stmt"/>
        <line num="69" count="1" type="cond" truecount="2" falsecount="0"/>
        <line num="70" count="1" type="stmt"/>
        <line num="72" count="1" type="stmt"/>
        <line num="91" count="1" type="stmt"/>
        <line num="93" count="1" type="stmt"/>
        <line num="95" count="1" type="stmt"/>
        <line num="112" count="7" type="stmt"/>
        <line num="113" count="7" type="stmt"/>
        <line num="114" count="7" type="stmt"/>
        <line num="115" count="7" type="stmt"/>
        <line num="116" count="7" type="stmt"/>
        <line num="117" count="7" type="stmt"/>
        <line num="118" count="7" type="stmt"/>
        <line num="119" count="7" type="cond" truecount="2" falsecount="0"/>
        <line num="120" count="7" type="stmt"/>
        <line num="121" count="7" type="cond" truecount="2" falsecount="0"/>
        <line num="123" count="7" type="stmt"/>
        <line num="124" count="7" type="stmt"/>
        <line num="125" count="7" type="stmt"/>
        <line num="126" count="7" type="stmt"/>
        <line num="127" count="7" type="stmt"/>
        <line num="129" count="7" type="stmt"/>
      </file>
      <file name="layout-utils.jsx" path="C:\Users\User\source\repos\multi-swagger\Multi-Swagger\src\core\components\layout-utils.jsx">
        <metrics statements="64" coveredstatements="32" conditionals="36" coveredconditionals="13" methods="19" coveredmethods="8"/>
        <line num="5" count="17" type="stmt"/>
        <line num="10" count="0" type="stmt"/>
        <line num="13" count="0" type="cond" truecount="0" falsecount="2"/>
        <line num="14" count="0" type="stmt"/>
        <line num="16" count="0" type="cond" truecount="0" falsecount="2"/>
        <line num="17" count="0" type="stmt"/>
        <line num="29" count="8" type="stmt"/>
        <line num="51" count="1" type="stmt"/>
        <line num="53" count="1" type="cond" truecount="2" falsecount="2"/>
        <line num="54" count="0" type="stmt"/>
        <line num="56" count="1" type="stmt"/>
        <line num="58" count="1" type="stmt"/>
        <line num="59" count="4" type="cond" truecount="1" falsecount="1"/>
        <line num="60" count="0" type="stmt"/>
        <line num="62" count="4" type="stmt"/>
        <line num="63" count="4" type="cond" truecount="2" falsecount="0"/>
        <line num="64" count="1" type="stmt"/>
        <line num="66" count="1" type="cond" truecount="1" falsecount="1"/>
        <line num="67" count="0" type="stmt"/>
        <line num="68" count="0" type="stmt"/>
        <line num="71" count="1" type="stmt"/>
        <line num="72" count="1" type="stmt"/>
        <line num="76" count="1" type="cond" truecount="1" falsecount="1"/>
        <line num="77" count="0" type="stmt"/>
        <line num="80" count="1" type="stmt"/>
        <line num="82" count="1" type="stmt"/>
        <line num="102" count="0" type="stmt"/>
        <line num="117" count="8" type="stmt"/>
        <line num="122" count="0" type="stmt"/>
        <line num="128" count="8" type="stmt"/>
        <line num="130" count="8" type="stmt"/>
        <line num="143" count="8" type="stmt"/>
        <line num="149" count="7" type="stmt"/>
        <line num="153" count="7" type="cond" truecount="1" falsecount="1"/>
        <line num="154" count="0" type="stmt"/>
        <line num="156" count="7" type="cond" truecount="1" falsecount="1"/>
        <line num="159" count="7" type="stmt"/>
        <line num="162" count="7" type="stmt"/>
        <line num="163" count="0" type="stmt"/>
        <line num="164" count="0" type="stmt"/>
        <line num="168" count="0" type="cond" truecount="0" falsecount="2"/>
        <line num="169" count="0" type="stmt"/>
        <line num="170" count="0" type="stmt"/>
        <line num="173" count="0" type="stmt"/>
        <line num="176" count="0" type="stmt"/>
        <line num="179" count="0" type="stmt"/>
        <line num="181" count="0" type="cond" truecount="0" falsecount="2"/>
        <line num="186" count="0" type="cond" truecount="0" falsecount="2"/>
        <line num="187" count="0" type="stmt"/>
        <line num="192" count="7" type="stmt"/>
        <line num="193" count="7" type="cond" truecount="2" falsecount="0"/>
        <line num="195" count="7" type="stmt"/>
        <line num="200" count="12" type="stmt"/>
        <line num="211" count="7" type="stmt"/>
        <line num="220" count="8" type="stmt"/>
        <line num="234" count="8" type="stmt"/>
        <line num="240" count="0" type="cond" truecount="0" falsecount="2"/>
        <line num="241" count="0" type="stmt"/>
        <line num="242" count="0" type="stmt"/>
        <line num="250" count="0" type="stmt"/>
        <line num="252" count="0" type="cond" truecount="0" falsecount="2"/>
        <line num="253" count="0" type="stmt"/>
        <line num="255" count="0" type="cond" truecount="0" falsecount="2"/>
        <line num="256" count="0" type="stmt"/>
      </file>
      <file name="model-collapse.jsx" path="C:\Users\User\source\repos\multi-swagger\Multi-Swagger\src\core\components\model-collapse.jsx">
        <metrics statements="23" coveredstatements="1" conditionals="32" coveredconditionals="0" methods="7" coveredmethods="0"/>
        <line num="21" count="3" type="stmt"/>
        <line num="31" count="0" type="stmt"/>
        <line num="33" count="0" type="stmt"/>
        <line num="35" count="0" type="stmt"/>
        <line num="42" count="0" type="stmt"/>
        <line num="43" count="0" type="cond" truecount="0" falsecount="4"/>
        <line num="47" count="0" type="stmt"/>
        <line num="52" count="0" type="cond" truecount="0" falsecount="2"/>
        <line num="53" count="0" type="stmt"/>
        <line num="57" count="0" type="stmt"/>
        <line num="58" count="0" type="cond" truecount="0" falsecount="2"/>
        <line num="59" count="0" type="stmt"/>
        <line num="62" count="0" type="stmt"/>
        <line num="67" count="0" type="stmt"/>
        <line num="68" count="0" type="cond" truecount="0" falsecount="4"/>
        <line num="69" count="0" type="stmt"/>
        <line num="71" count="0" type="cond" truecount="0" falsecount="2"/>
        <line num="72" count="0" type="stmt"/>
        <line num="77" count="0" type="stmt"/>
        <line num="79" count="0" type="cond" truecount="0" falsecount="2"/>
        <line num="80" count="0" type="cond" truecount="0" falsecount="2"/>
        <line num="81" count="0" type="cond" truecount="0" falsecount="2"/>
        <line num="87" count="0" type="stmt"/>
      </file>
      <file name="model-example.jsx" path="C:\Users\User\source\repos\multi-swagger\Multi-Swagger\src\core\components\model-example.jsx">
        <metrics statements="24" coveredstatements="20" conditionals="23" coveredconditionals="16" methods="4" coveredmethods="2"/>
        <line num="21" count="8" type="stmt"/>
        <line num="22" count="8" type="stmt"/>
        <line num="23" count="8" type="stmt"/>
        <line num="25" count="8" type="stmt"/>
        <line num="27" count="8" type="cond" truecount="4" falsecount="0"/>
        <line num="28" count="2" type="stmt"/>
        <line num="31" count="8" type="cond" truecount="2" falsecount="0"/>
        <line num="32" count="3" type="stmt"/>
        <line num="35" count="8" type="stmt"/>
        <line num="40" count="8" type="stmt"/>
        <line num="41" count="0" type="stmt"/>
        <line num="43" count="0" type="stmt"/>
        <line num="49" count="0" type="cond" truecount="0" falsecount="2"/>
        <line num="54" count="0" type="stmt"/>
        <line num="59" count="8" type="stmt"/>
        <line num="60" count="8" type="stmt"/>
        <line num="61" count="8" type="stmt"/>
        <line num="62" count="8" type="stmt"/>
        <line num="63" count="8" type="stmt"/>
        <line num="64" count="8" type="stmt"/>
        <line num="65" count="8" type="stmt"/>
        <line num="66" count="8" type="stmt"/>
        <line num="68" count="8" type="stmt"/>
        <line num="70" count="8" type="stmt"/>
      </file>
      <file name="model-wrapper.jsx" path="C:\Users\User\source\repos\multi-swagger\Multi-Swagger\src\core\components\model-wrapper.jsx">
        <metrics statements="8" coveredstatements="0" conditionals="6" coveredconditionals="0" methods="2" coveredmethods="0"/>
        <line num="23" count="0" type="stmt"/>
        <line num="25" count="0" type="cond" truecount="0" falsecount="2"/>
        <line num="26" count="0" type="stmt"/>
        <line num="31" count="0" type="stmt"/>
        <line num="32" count="0" type="stmt"/>
        <line num="35" count="0" type="cond" truecount="0" falsecount="2"/>
        <line num="37" count="0" type="stmt"/>
        <line num="40" count="0" type="stmt"/>
      </file>
      <file name="model.jsx" path="C:\Users\User\source\repos\multi-swagger\Multi-Swagger\src\core\components\model.jsx">
        <metrics statements="33" coveredstatements="12" conditionals="32" coveredconditionals="3" methods="4" coveredmethods="2"/>
        <line num="6" count="2" type="stmt"/>
        <line num="7" count="4" type="stmt"/>
        <line num="9" count="4" type="stmt"/>
        <line num="10" count="4" type="stmt"/>
        <line num="12" count="1" type="stmt"/>
        <line num="17" count="2" type="stmt"/>
        <line num="33" count="1" type="stmt"/>
        <line num="34" count="4" type="cond" truecount="2" falsecount="0"/>
        <line num="35" count="1" type="stmt"/>
        <line num="37" count="3" type="cond" truecount="1" falsecount="1"/>
        <line num="38" count="3" type="stmt"/>
        <line num="42" count="1" type="stmt"/>
        <line num="43" count="0" type="stmt"/>
        <line num="45" count="0" type="stmt"/>
        <line num="50" count="0" type="stmt"/>
        <line num="51" count="0" type="stmt"/>
        <line num="52" count="0" type="stmt"/>
        <line num="53" count="0" type="stmt"/>
        <line num="54" count="0" type="stmt"/>
        <line num="55" count="0" type="cond" truecount="0" falsecount="2"/>
        <line num="58" count="0" type="cond" truecount="0" falsecount="4"/>
        <line num="59" count="0" type="stmt"/>
        <line num="62" count="0" type="cond" truecount="0" falsecount="4"/>
        <line num="63" count="0" type="stmt"/>
        <line num="66" count="0" type="cond" truecount="0" falsecount="2"/>
        <line num="67" count="0" type="stmt"/>
        <line num="73" count="0" type="cond" truecount="0" falsecount="2"/>
        <line num="74" count="0" type="cond" truecount="0" falsecount="2"/>
        <line num="75" count="0" type="cond" truecount="0" falsecount="3"/>
        <line num="77" count="0" type="cond" truecount="0" falsecount="7"/>
        <line num="79" count="0" type="stmt"/>
        <line num="90" count="0" type="stmt"/>
        <line num="104" count="0" type="stmt"/>
      </file>
      <file name="models.jsx" path="C:\Users\User\source\repos\multi-swagger\Multi-Swagger\src\core\components\models.jsx">
        <metrics statements="43" coveredstatements="32" conditionals="36" coveredconditionals="17" methods="8" coveredmethods="4"/>
        <line num="15" count="1" type="stmt"/>
        <line num="16" count="1" type="stmt"/>
        <line num="17" count="1" type="cond" truecount="1" falsecount="1"/>
        <line num="20" count="1" type="stmt"/>
        <line num="21" count="2" type="stmt"/>
        <line num="24" count="1" type="stmt"/>
        <line num="25" count="0" type="stmt"/>
        <line num="26" count="0" type="stmt"/>
        <line num="27" count="0" type="cond" truecount="0" falsecount="2"/>
        <line num="28" count="0" type="stmt"/>
        <line num="32" count="1" type="stmt"/>
        <line num="33" count="0" type="cond" truecount="0" falsecount="2"/>
        <line num="34" count="0" type="stmt"/>
        <line num="38" count="1" type="stmt"/>
        <line num="39" count="0" type="cond" truecount="0" falsecount="2"/>
        <line num="40" count="0" type="stmt"/>
        <line num="41" count="0" type="stmt"/>
        <line num="46" count="1" type="stmt"/>
        <line num="47" count="1" type="stmt"/>
        <line num="48" count="1" type="stmt"/>
        <line num="49" count="1" type="cond" truecount="3" falsecount="1"/>
        <line num="51" count="1" type="stmt"/>
        <line num="52" count="1" type="cond" truecount="1" falsecount="1"/>
        <line num="53" count="1" type="stmt"/>
        <line num="55" count="1" type="stmt"/>
        <line num="56" count="1" type="stmt"/>
        <line num="57" count="1" type="stmt"/>
        <line num="58" count="1" type="stmt"/>
        <line num="60" count="1" type="cond" truecount="1" falsecount="1"/>
        <line num="65" count="0" type="stmt"/>
        <line num="77" count="2" type="stmt"/>
        <line num="78" count="2" type="stmt"/>
        <line num="80" count="2" type="stmt"/>
        <line num="81" count="2" type="stmt"/>
        <line num="83" count="2" type="cond" truecount="1" falsecount="1"/>
        <line num="84" count="2" type="cond" truecount="1" falsecount="1"/>
        <line num="86" count="2" type="cond" truecount="3" falsecount="0"/>
        <line num="87" count="2" type="stmt"/>
        <line num="89" count="2" type="cond" truecount="2" falsecount="3"/>
        <line num="92" count="0" type="stmt"/>
        <line num="95" count="2" type="stmt"/>
        <line num="109" count="2" type="stmt"/>
        <line num="115" count="2" type="stmt"/>
      </file>
      <file name="object-model.jsx" path="C:\Users\User\source\repos\multi-swagger\Multi-Swagger\src\core\components\object-model.jsx">
        <metrics statements="49" coveredstatements="41" conditionals="70" coveredconditionals="34" methods="9" coveredmethods="6"/>
        <line num="7" count="1" type="stmt"/>
        <line num="8" count="1" type="stmt"/>
        <line num="9" count="1" type="stmt"/>
        <line num="30" count="6" type="stmt"/>
        <line num="31" count="6" type="stmt"/>
        <line num="32" count="6" type="stmt"/>
        <line num="34" count="6" type="cond" truecount="1" falsecount="1"/>
        <line num="35" count="0" type="stmt"/>
        <line num="38" count="6" type="stmt"/>
        <line num="40" count="6" type="stmt"/>
        <line num="41" count="6" type="stmt"/>
        <line num="42" count="6" type="stmt"/>
        <line num="43" count="6" type="cond" truecount="3" falsecount="0"/>
        <line num="44" count="6" type="stmt"/>
        <line num="45" count="6" type="stmt"/>
        <line num="46" count="9" type="stmt"/>
        <line num="47" count="6" type="stmt"/>
        <line num="48" count="6" type="stmt"/>
        <line num="49" count="6" type="stmt"/>
        <line num="51" count="6" type="stmt"/>
        <line num="52" count="6" type="stmt"/>
        <line num="53" count="6" type="stmt"/>
        <line num="54" count="6" type="stmt"/>
        <line num="55" count="6" type="stmt"/>
        <line num="56" count="6" type="stmt"/>
        <line num="58" count="6" type="stmt"/>
        <line num="59" count="0" type="stmt"/>
        <line num="61" count="6" type="stmt"/>
        <line num="68" count="6" type="cond" truecount="1" falsecount="1"/>
        <line num="69" count="6" type="cond" truecount="1" falsecount="1"/>
        <line num="70" count="6" type="cond" truecount="1" falsecount="1"/>
        <line num="72" count="6" type="cond" truecount="1" falsecount="1"/>
        <line num="77" count="6" type="stmt"/>
        <line num="125" count="18" type="cond" truecount="2" falsecount="2"/>
        <line num="130" count="18" type="cond" truecount="1" falsecount="1"/>
        <line num="131" count="18" type="cond" truecount="1" falsecount="1"/>
        <line num="133" count="18" type="stmt"/>
        <line num="135" count="18" type="cond" truecount="1" falsecount="1"/>
        <line num="136" count="0" type="stmt"/>
        <line num="139" count="18" type="cond" truecount="1" falsecount="1"/>
        <line num="140" count="0" type="stmt"/>
        <line num="143" count="18" type="stmt"/>
        <line num="167" count="9" type="cond" truecount="1" falsecount="1"/>
        <line num="168" count="9" type="stmt"/>
        <line num="171" count="0" type="cond" truecount="0" falsecount="4"/>
        <line num="173" count="0" type="stmt"/>
        <line num="203" count="0" type="stmt"/>
        <line num="219" count="0" type="stmt"/>
        <line num="252" count="9" type="cond" truecount="2" falsecount="0"/>
      </file>
      <file name="operation-tag.jsx" path="C:\Users\User\source\repos\multi-swagger\Multi-Swagger\src\core\components\operation-tag.jsx">
        <metrics statements="23" coveredstatements="18" conditionals="26" coveredconditionals="14" methods="5" coveredmethods="2"/>
        <line num="11" count="1" type="stmt"/>
        <line num="43" count="1" type="stmt"/>
        <line num="47" count="1" type="cond" truecount="1" falsecount="1"/>
        <line num="48" count="0" type="stmt"/>
        <line num="54" count="1" type="stmt"/>
        <line num="56" count="1" type="cond" truecount="1" falsecount="1"/>
        <line num="58" count="1" type="stmt"/>
        <line num="59" count="1" type="stmt"/>
        <line num="60" count="1" type="stmt"/>
        <line num="61" count="1" type="stmt"/>
        <line num="63" count="1" type="stmt"/>
        <line num="64" count="1" type="stmt"/>
        <line num="65" count="1" type="stmt"/>
        <line num="67" count="1" type="cond" truecount="2" falsecount="2"/>
        <line num="68" count="0" type="stmt"/>
        <line num="70" count="1" type="stmt"/>
        <line num="73" count="1" type="stmt"/>
        <line num="74" count="1" type="cond" truecount="2" falsecount="0"/>
        <line num="76" count="1" type="stmt"/>
        <line num="80" count="0" type="stmt"/>
        <line num="82" count="2" type="stmt"/>
        <line num="102" count="0" type="stmt"/>
        <line num="114" count="0" type="stmt"/>
      </file>
      <file name="operation.jsx" path="C:\Users\User\source\repos\multi-swagger\Multi-Swagger\src\core\components\operation.jsx">
        <metrics statements="31" coveredstatements="1" conditionals="67" coveredconditionals="0" methods="2" coveredmethods="0"/>
        <line num="37" count="1" type="stmt"/>
        <line num="64" count="0" type="stmt"/>
        <line num="65" count="0" type="stmt"/>
        <line num="79" count="0" type="stmt"/>
        <line num="86" count="0" type="stmt"/>
        <line num="88" count="0" type="cond" truecount="0" falsecount="2"/>
        <line num="89" count="0" type="stmt"/>
        <line num="91" count="0" type="stmt"/>
        <line num="92" count="0" type="stmt"/>
        <line num="93" count="0" type="stmt"/>
        <line num="94" count="0" type="stmt"/>
        <line num="95" count="0" type="stmt"/>
        <line num="97" count="0" type="stmt"/>
        <line num="98" count="0" type="stmt"/>
        <line num="99" count="0" type="stmt"/>
        <line num="100" count="0" type="stmt"/>
        <line num="101" count="0" type="stmt"/>
        <line num="102" count="0" type="stmt"/>
        <line num="103" count="0" type="stmt"/>
        <line num="104" count="0" type="stmt"/>
        <line num="105" count="0" type="stmt"/>
        <line num="106" count="0" type="stmt"/>
        <line num="107" count="0" type="stmt"/>
        <line num="109" count="0" type="stmt"/>
        <line num="112" count="0" type="cond" truecount="0" falsecount="5"/>
        <line num="113" count="0" type="cond" truecount="0" falsecount="2"/>
        <line num="114" count="0" type="stmt"/>
        <line num="117" count="0" type="stmt"/>
        <line num="119" count="0" type="stmt"/>
        <line num="121" count="0" type="stmt"/>
        <line num="202" count="0" type="stmt"/>
      </file>
      <file name="parameter-row.jsx" path="C:\Users\User\source\repos\multi-swagger\Multi-Swagger\src\core\components\parameter-row.jsx">
        <metrics statements="103" coveredstatements="72" conditionals="183" coveredconditionals="105" methods="11" coveredmethods="5"/>
        <line num="28" count="14" type="stmt"/>
        <line num="30" count="12" type="stmt"/>
        <line num="34" count="0" type="stmt"/>
        <line num="35" count="0" type="stmt"/>
        <line num="37" count="0" type="cond" truecount="0" falsecount="2"/>
        <line num="39" count="0" type="cond" truecount="0" falsecount="2"/>
        <line num="43" count="0" type="cond" truecount="0" falsecount="2"/>
        <line num="44" count="0" type="stmt"/>
        <line num="45" count="0" type="cond" truecount="0" falsecount="2"/>
        <line num="47" count="0" type="cond" truecount="0" falsecount="2"/>
        <line num="49" count="0" type="cond" truecount="0" falsecount="2"/>
        <line num="53" count="0" type="cond" truecount="0" falsecount="2"/>
        <line num="54" count="0" type="stmt"/>
        <line num="55" count="0" type="cond" truecount="0" falsecount="5"/>
        <line num="56" count="0" type="stmt"/>
        <line num="59" count="0" type="cond" truecount="0" falsecount="4"/>
        <line num="60" count="0" type="stmt"/>
        <line num="63" count="0" type="stmt"/>
        <line num="66" count="12" type="cond" truecount="1" falsecount="0"/>
        <line num="67" count="6" type="stmt"/>
        <line num="71" count="6" type="cond" truecount="4" falsecount="1"/>
        <line num="72" count="0" type="stmt"/>
        <line num="74" count="6" type="stmt"/>
        <line num="77" count="6" type="stmt"/>
        <line num="80" count="12" type="stmt"/>
        <line num="81" count="0" type="stmt"/>
        <line num="89" count="12" type="stmt"/>
        <line num="90" count="0" type="stmt"/>
        <line num="91" count="0" type="stmt"/>
        <line num="92" count="0" type="stmt"/>
        <line num="93" count="0" type="stmt"/>
        <line num="96" count="12" type="stmt"/>
        <line num="97" count="12" type="stmt"/>
        <line num="99" count="12" type="cond" truecount="1" falsecount="1"/>
        <line num="100" count="12" type="stmt"/>
        <line num="101" count="12" type="stmt"/>
        <line num="107" count="12" type="cond" truecount="1" falsecount="1"/>
        <line num="112" count="12" type="cond" truecount="3" falsecount="1"/>
        <line num="113" count="0" type="stmt"/>
        <line num="116" count="12" type="cond" truecount="1" falsecount="1"/>
        <line num="121" count="12" type="cond" truecount="2" falsecount="0"/>
        <line num="122" count="6" type="stmt"/>
        <line num="128" count="6" type="cond" truecount="1" falsecount="1"/>
        <line num="129" count="6" type="stmt"/>
        <line num="130" count="6" type="stmt"/>
        <line num="146" count="12" type="cond" truecount="4" falsecount="0"/>
        <line num="148" count="6" type="stmt"/>
        <line num="153" count="12" type="cond" truecount="2" falsecount="0"/>
        <line num="154" count="6" type="stmt"/>
        <line num="155" count="6" type="cond" truecount="1" falsecount="1"/>
        <line num="165" count="0" type="stmt"/>
        <line num="177" count="6" type="stmt"/>
        <line num="179" count="6" type="cond" truecount="1" falsecount="1"/>
        <line num="181" count="6" type="stmt"/>
        <line num="185" count="12" type="stmt"/>
        <line num="187" count="12" type="stmt"/>
        <line num="189" count="12" type="stmt"/>
        <line num="191" count="12" type="cond" truecount="1" falsecount="1"/>
        <line num="192" count="0" type="stmt"/>
        <line num="195" count="12" type="cond" truecount="1" falsecount="1"/>
        <line num="198" count="12" type="stmt"/>
        <line num="199" count="12" type="stmt"/>
        <line num="200" count="12" type="stmt"/>
        <line num="201" count="12" type="cond" truecount="1" falsecount="1"/>
        <line num="215" count="12" type="stmt"/>
        <line num="216" count="12" type="stmt"/>
        <line num="217" count="12" type="stmt"/>
        <line num="218" count="12" type="stmt"/>
        <line num="219" count="12" type="stmt"/>
        <line num="220" count="12" type="stmt"/>
        <line num="222" count="12" type="stmt"/>
        <line num="223" count="12" type="cond" truecount="1" falsecount="1"/>
        <line num="225" count="12" type="cond" truecount="1" falsecount="1"/>
        <line num="226" count="12" type="cond" truecount="1" falsecount="1"/>
        <line num="227" count="12" type="cond" truecount="1" falsecount="1"/>
        <line num="228" count="12" type="stmt"/>
        <line num="229" count="12" type="stmt"/>
        <line num="230" count="12" type="stmt"/>
        <line num="232" count="12" type="cond" truecount="1" falsecount="1"/>
        <line num="233" count="12" type="cond" truecount="1" falsecount="1"/>
        <line num="234" count="12" type="cond" truecount="1" falsecount="1"/>
        <line num="240" count="12" type="stmt"/>
        <line num="242" count="12" type="cond" truecount="3" falsecount="1"/>
[...]
        <line num="316" count="3" type="stmt"/>
        <line num="318" count="0" type="stmt"/>
        <line num="321" count="3" type="stmt"/>
        <line num="323" count="0" type="stmt"/>
        <line num="326" count="3" type="stmt"/>
        <line num="327" count="0" type="stmt"/>
        <line num="330" count="3" type="stmt"/>
        <line num="331" count="0" type="stmt"/>
        <line num="334" count="3" type="stmt"/>
        <line num="335" count="0" type="stmt"/>
        <line num="338" count="3" type="stmt"/>
        <line num="340" count="0" type="stmt"/>
        <line num="343" count="3" type="stmt"/>
        <line num="344" count="8" type="stmt"/>
        <line num="345" count="8" type="stmt"/>
        <line num="347" count="8" type="stmt"/>
        <line num="348" count="10" type="stmt"/>
        <line num="349" count="10" type="stmt"/>
        <line num="350" count="10" type="stmt"/>
        <line num="356" count="9" type="cond" truecount="2" falsecount="0"/>
        <line num="359" count="3" type="stmt"/>
        <line num="360" count="1" type="stmt"/>
        <line num="361" count="1" type="stmt"/>
        <line num="365" count="3" type="stmt"/>
        <line num="366" count="2" type="stmt"/>
        <line num="367" count="2" type="cond" truecount="2" falsecount="0"/>
        <line num="368" count="2" type="stmt"/>
        <line num="371" count="3" type="stmt"/>
        <line num="372" count="4" type="stmt"/>
        <line num="373" count="4" type="stmt"/>
        <line num="375" count="4" type="stmt"/>
        <line num="376" count="4" type="stmt"/>
        <line num="379" count="4" type="stmt"/>
        <line num="386" count="0" type="cond" truecount="0" falsecount="2"/>
        <line num="387" count="0" type="stmt"/>
        <line num="388" count="0" type="cond" truecount="0" falsecount="2"/>
        <line num="389" count="0" type="cond" truecount="0" falsecount="3"/>
        <line num="393" count="3" type="stmt"/>
        <line num="396" count="0" type="stmt"/>
        <line num="397" count="0" type="cond" truecount="0" falsecount="3"/>
        <line num="403" count="2" type="cond" truecount="1" falsecount="1"/>
        <line num="404" count="2" type="stmt"/>
        <line num="405" count="2" type="stmt"/>
        <line num="406" count="2" type="cond" truecount="2" falsecount="2"/>
        <line num="407" count="2" type="stmt"/>
        <line num="413" count="0" type="cond" truecount="0" falsecount="2"/>
        <line num="414" count="0" type="cond" truecount="0" falsecount="2"/>
        <line num="420" count="5" type="cond" truecount="1" falsecount="1"/>
        <line num="421" count="5" type="cond" truecount="2" falsecount="0"/>
        <line num="427" count="7" type="cond" truecount="1" falsecount="1"/>
        <line num="428" count="7" type="stmt"/>
        <line num="429" count="7" type="stmt"/>
        <line num="430" count="7" type="stmt"/>
        <line num="432" count="7" type="cond" truecount="2" falsecount="0"/>
        <line num="435" count="7" type="cond" truecount="2" falsecount="0"/>
        <line num="441" count="7" type="stmt"/>
        <line num="449" count="7" type="cond" truecount="1" falsecount="1"/>
        <line num="451" count="7" type="stmt"/>
        <line num="453" count="7" type="cond" truecount="2" falsecount="0"/>
        <line num="455" count="1" type="stmt"/>
        <line num="458" count="6" type="stmt"/>
        <line num="459" count="6" type="stmt"/>
        <line num="461" count="6" type="cond" truecount="3" falsecount="0"/>
        <line num="467" count="5" type="cond" truecount="1" falsecount="1"/>
        <line num="469" count="5" type="stmt"/>
        <line num="470" count="5" type="stmt"/>
        <line num="472" count="5" type="cond" truecount="1" falsecount="1"/>
        <line num="474" count="0" type="stmt"/>
        <line num="477" count="5" type="stmt"/>
        <line num="479" count="5" type="stmt"/>
        <line num="480" count="5" type="stmt"/>
        <line num="481" count="5" type="stmt"/>
        <line num="483" count="5" type="cond" truecount="3" falsecount="0"/>
        <line num="488" count="5" type="cond" truecount="1" falsecount="1"/>
        <line num="490" count="5" type="stmt"/>
        <line num="491" count="5" type="stmt"/>
        <line num="493" count="5" type="cond" truecount="1" falsecount="1"/>
        <line num="495" count="0" type="stmt"/>
        <line num="498" count="5" type="stmt"/>
        <line num="500" count="5" type="stmt"/>
        <line num="501" count="5" type="stmt"/>
        <line num="502" count="5" type="stmt"/>
        <line num="504" count="5" type="cond" truecount="3" falsecount="0"/>
        <line num="507" count="3" type="stmt"/>
        <line num="508" count="1" type="stmt"/>
        <line num="509" count="1" type="stmt"/>
        <line num="510" count="1" type="cond" truecount="1" falsecount="1"/>
        <line num="512" count="1" type="cond" truecount="3" falsecount="1"/>
        <line num="515" count="3" type="stmt"/>
        <line num="516" count="0" type="stmt"/>
        <line num="519" count="3" type="stmt"/>
        <line num="520" count="0" type="cond" truecount="0" falsecount="2"/>
        <line num="521" count="0" type="stmt"/>
        <line num="522" count="0" type="stmt"/>
        <line num="524" count="0" type="stmt"/>
        <line num="525" count="0" type="stmt"/>
        <line num="526" count="0" type="cond" truecount="0" falsecount="4"/>
        <line num="527" count="0" type="stmt"/>
        <line num="531" count="0" type="stmt"/>
        <line num="534" count="3" type="stmt"/>
        <line num="535" count="0" type="stmt"/>
        <line num="538" count="3" type="stmt"/>
        <line num="539" count="0" type="stmt"/>
        <line num="543" count="0" type="stmt"/>
        <line num="544" count="0" type="cond" truecount="0" falsecount="2"/>
        <line num="545" count="0" type="stmt"/>
        <line num="547" count="0" type="cond" truecount="0" falsecount="2"/>
        <line num="548" count="0" type="stmt"/>
        <line num="550" count="0" type="stmt"/>
        <line num="551" count="0" type="stmt"/>
        <line num="552" count="0" type="cond" truecount="0" falsecount="2"/>
        <line num="553" count="0" type="stmt"/>
        <line num="554" count="0" type="stmt"/>
        <line num="557" count="0" type="stmt"/>
        <line num="560" count="3" type="stmt"/>
        <line num="561" count="9" type="cond" truecount="5" falsecount="0"/>
        <line num="562" count="2" type="stmt"/>
        <line num="564" count="7" type="stmt"/>
        <line num="565" count="7" type="cond" truecount="5" falsecount="0"/>
        <line num="567" count="5" type="stmt"/>
        <line num="569" count="2" type="stmt"/>
        <line num="570" count="2" type="stmt"/>
        <line num="571" count="2" type="stmt"/>
        <line num="576" count="0" type="cond" truecount="0" falsecount="2"/>
        <line num="579" count="3" type="stmt"/>
        <line num="581" count="0" type="stmt"/>
        <line num="585" count="3" type="stmt"/>
        <line num="586" count="0" type="stmt"/>
        <line num="588" count="0" type="stmt"/>
        <line num="592" count="3" type="stmt"/>
        <line num="595" count="0" type="stmt"/>
        <line num="596" count="0" type="cond" truecount="0" falsecount="2"/>
        <line num="600" count="3" type="stmt"/>
        <line num="602" count="0" type="stmt"/>
        <line num="605" count="3" type="stmt"/>
        <line num="607" count="0" type="stmt"/>
        <line num="610" count="3" type="stmt"/>
        <line num="612" count="0" type="stmt"/>
        <line num="620" count="3" type="stmt"/>
        <line num="622" count="0" type="stmt"/>
        <line num="625" count="3" type="stmt"/>
        <line num="628" count="0" type="cond" truecount="0" falsecount="4"/>
        <line num="629" count="0" type="stmt"/>
        <line num="631" count="0" type="stmt"/>
        <line num="633" count="0" type="cond" truecount="0" falsecount="4"/>
        <line num="634" count="0" type="stmt"/>
        <line num="637" count="0" type="stmt"/>
        <line num="638" count="0" type="cond" truecount="0" falsecount="4"/>
        <line num="639" count="0" type="stmt"/>
        <line num="641" count="0" type="stmt"/>
        <line num="642" count="0" type="cond" truecount="0" falsecount="2"/>
        <line num="643" count="0" type="stmt"/>
        <line num="645" count="0" type="stmt"/>
        <line num="654" count="0" type="stmt"/>
        <line num="658" count="3" type="stmt"/>
        <line num="664" count="0" type="stmt"/>
        <line num="665" count="0" type="cond" truecount="0" falsecount="2"/>
        <line num="666" count="0" type="cond" truecount="0" falsecount="2"/>
        <line num="667" count="0" type="stmt"/>
        <line num="668" count="0" type="cond" truecount="0" falsecount="2"/>
        <line num="669" count="0" type="stmt"/>
        <line num="671" count="0" type="cond" truecount="0" falsecount="2"/>
        <line num="672" count="0" type="stmt"/>
        <line num="674" count="0" type="stmt"/>
        <line num="678" count="0" type="stmt"/>
        <line num="685" count="3" type="stmt"/>
        <line num="691" count="0" type="stmt"/>
        <line num="692" count="0" type="stmt"/>
        <line num="693" count="0" type="cond" truecount="0" falsecount="2"/>
        <line num="694" count="0" type="stmt"/>
        <line num="695" count="0" type="stmt"/>
        <line num="699" count="0" type="stmt"/>
        <line num="705" count="3" type="stmt"/>
        <line num="707" count="0" type="stmt"/>
        <line num="709" count="0" type="stmt"/>
        <line num="711" count="0" type="stmt"/>
        <line num="713" count="0" type="cond" truecount="0" falsecount="2"/>
        <line num="714" count="0" type="cond" truecount="0" falsecount="2"/>
        <line num="718" count="0" type="cond" truecount="0" falsecount="2"/>
        <line num="719" count="0" type="cond" truecount="0" falsecount="2"/>
        <line num="722" count="0" type="stmt"/>
      </file>
    </package>
    <package name="src.core.plugins.swagger-js">
      <metrics statements="5" coveredstatements="5" conditionals="4" coveredconditionals="4" methods="2" coveredmethods="2"/>
      <file name="configs-wrap-actions.js" path="C:\Users\User\source\repos\multi-swagger\Multi-Swagger\src\core\plugins\swagger-js\configs-wrap-actions.js">
        <metrics statements="5" coveredstatements="5" conditionals="4" coveredconditionals="4" methods="2" coveredmethods="2"/>
        <line num="1" count="5" type="stmt"/>
        <line num="2" count="5" type="stmt"/>
        <line num="3" count="5" type="stmt"/>
        <line num="5" count="5" type="cond" truecount="2" falsecount="0"/>
        <line num="6" count="4" type="cond" truecount="2" falsecount="0"/>
      </file>
    </package>
    <package name="src.core.plugins.view">
      <metrics statements="58" coveredstatements="34" conditionals="22" coveredconditionals="11" methods="25" coveredmethods="15"/>
      <file name="fn.js" path="C:\Users\User\source\repos\multi-swagger\Multi-Swagger\src\core\plugins\view\fn.js">
        <metrics statements="1" coveredstatements="1" conditionals="3" coveredconditionals="2" methods="1" coveredmethods="1"/>
        <line num="1" count="11" type="cond" truecount="2" falsecount="1"/>
      </file>
      <file name="index.js" path="C:\Users\User\source\repos\multi-swagger\Multi-Swagger\src\core\plugins\view\index.js">
        <metrics statements="10" coveredstatements="10" conditionals="0" coveredconditionals="0" methods="5" coveredmethods="4"/>
        <line num="7" count="2" type="stmt"/>
        <line num="8" count="24" type="stmt"/>
        <line num="9" count="20" type="stmt"/>
        <line num="12" count="2" type="stmt"/>
        <line num="13" count="20" type="stmt"/>
        <line num="14" count="20" type="stmt"/>
        <line num="17" count="2" type="stmt"/>
        <line num="19" count="20" type="stmt"/>
        <line num="20" count="20" type="stmt"/>
        <line num="22" count="20" type="stmt"/>
      </file>
      <file name="root-injects.jsx" path="C:\Users\User\source\repos\multi-swagger\Multi-Swagger\src\core\plugins\view\root-injects.jsx">
        <metrics statements="47" coveredstatements="23" conditionals="19" coveredconditionals="9" methods="19" coveredmethods="10"/>
        <line num="8" count="4" type="stmt"/>
        <line num="9" count="4" type="stmt"/>
        <line num="13" count="4" type="stmt"/>
        <line num="16" count="4" type="stmt"/>
        <line num="17" count="4" type="stmt"/>
        <line num="20" count="2" type="stmt"/>
        <line num="21" count="0" type="stmt"/>
        <line num="25" count="0" type="stmt"/>
        <line num="32" count="0" type="stmt"/>
        <line num="33" count="0" type="stmt"/>
        <line num="36" count="2" type="stmt"/>
        <line num="37" count="4" type="stmt"/>
        <line num="38" count="4" type="stmt"/>
        <line num="39" count="4" type="cond" truecount="2" falsecount="0"/>
        <line num="40" count="4" type="stmt"/>
        <line num="43" count="4" type="stmt"/>
        <line num="50" count="2" type="stmt"/>
        <line num="51" count="0" type="stmt"/>
        <line num="52" count="0" type="stmt"/>
        <line num="54" count="0" type="cond" truecount="0" falsecount="2"/>
        <line num="55" count="0" type="stmt"/>
        <line num="60" count="20" type="stmt"/>
        <line num="61" count="0" type="stmt"/>
        <line num="62" count="0" type="stmt"/>
        <line num="66" count="0" type="stmt"/>
        <line num="67" count="0" type="stmt"/>
        <line num="71" count="0" type="stmt"/>
        <line num="75" count="0" type="cond" truecount="0" falsecount="2"/>
        <line num="76" count="0" type="stmt"/>
        <line num="79" count="0" type="stmt"/>
        <line num="80" count="0" type="stmt"/>
        <line num="83" count="20" type="stmt"/>
        <line num="84" count="0" type="stmt"/>
        <line num="85" count="0" type="stmt"/>
        <line num="88" count="20" type="cond" truecount="1" falsecount="0"/>
        <line num="90" count="24" type="cond" truecount="1" falsecount="1"/>
        <line num="91" count="0" type="stmt"/>
        <line num="96" count="24" type="stmt"/>
        <line num="98" count="24" type="cond" truecount="1" falsecount="1"/>
        <line num="99" count="0" type="cond" truecount="0" falsecount="2"/>
        <line num="100" count="0" type="stmt"/>
        <line num="102" count="0" type="stmt"/>
        <line num="105" count="24" type="cond" truecount="2" falsecount="0"/>
        <line num="106" count="20" type="stmt"/>
        <line num="109" count="4" type="cond" truecount="1" falsecount="1"/>
        <line num="110" count="0" type="stmt"/>
        <line num="114" count="4" type="stmt"/>
      </file>
    </package>
    <package name="src.core.utils">
      <metrics statements="21" coveredstatements="20" conditionals="20" coveredconditionals="15" methods="7" coveredmethods="7"/>
      <file name="jsonParse.js" path="C:\Users\User\source\repos\multi-swagger\Multi-Swagger\src\core\utils\jsonParse.js">
        <metrics statements="6" coveredstatements="6" conditionals="4" coveredconditionals="3" methods="2" coveredmethods="2"/>
        <line num="2" count="5" type="stmt"/>
        <line num="3" count="5" type="stmt"/>
        <line num="4" count="3" type="cond" truecount="1" falsecount="1"/>
        <line num="7" count="2" type="stmt"/>
        <line num="13" count="5" type="stmt"/>
        <line num="14" count="5" type="cond" truecount="2" falsecount="0"/>
      </file>
      <file name="url.js" path="C:\Users\User\source\repos\multi-swagger\Multi-Swagger\src\core\utils\url.js">
        <metrics statements="15" coveredstatements="14" conditionals="16" coveredconditionals="12" methods="5" coveredmethods="5"/>
        <line num="2" count="80" type="stmt"/>
        <line num="6" count="7" type="cond" truecount="1" falsecount="1"/>
        <line num="8" count="0" type="stmt"/>
        <line num="12" count="26" type="cond" truecount="2" falsecount="0"/>
        <line num="13" count="17" type="cond" truecount="2" falsecount="0"/>
        <line num="15" count="10" type="stmt"/>
        <line num="19" count="50" type="cond" truecount="2" falsecount="0"/>
        <line num="20" count="32" type="cond" truecount="2" falsecount="0"/>
        <line num="22" count="22" type="stmt"/>
        <line num="23" count="22" type="cond" truecount="2" falsecount="0"/>
        <line num="24" count="4" type="stmt"/>
        <line num="26" count="18" type="stmt"/>
        <line num="34" count="33" type="stmt"/>
        <line num="35" count="33" type="stmt"/>
        <line num="37" count="1" type="stmt"/>
      </file>
    </package>
    <package name="src.helpers">
      <metrics statements="31" coveredstatements="25" conditionals="16" coveredconditionals="15" methods="10" coveredmethods="7"/>
      <file name="get-parameter-schema.js" path="C:\Users\User\source\repos\multi-swagger\Multi-Swagger\src\helpers\get-parameter-schema.js">
        <metrics statements="13" coveredstatements="13" conditionals="11" coveredconditionals="11" methods="2" coveredmethods="2"/>
        <line num="7" count="26" type="stmt"/>
        <line num="48" count="143" type="cond" truecount="2" falsecount="0"/>
        <line num="49" count="1" type="stmt"/>
        <line num="55" count="142" type="cond" truecount="2" falsecount="0"/>
        <line num="57" count="62" type="cond" truecount="2" falsecount="0"/>
        <line num="58" count="1" type="stmt"/>
        <line num="63" count="61" type="stmt"/>
        <line num="64" count="160" type="stmt"/>
        <line num="72" count="80" type="cond" truecount="2" falsecount="0"/>
        <line num="73" count="8" type="stmt"/>
        <line num="77" count="8" type="stmt"/>
        <line num="79" count="8" type="stmt"/>
        <line num="88" count="72" type="stmt"/>
      </file>
      <file name="memoizeN.js" path="C:\Users\User\source\repos\multi-swagger\Multi-Swagger\src\helpers\memoizeN.js">
        <metrics statements="18" coveredstatements="12" conditionals="5" coveredconditionals="4" methods="8" coveredmethods="5"/>
        <line num="10" count="28" type="stmt"/>
        <line num="11" count="103" type="cond" truecount="4" falsecount="0"/>
        <line num="13" count="107" type="stmt"/>
        <line num="16" count="25" type="stmt"/>
        <line num="20" count="0" type="stmt"/>
        <line num="21" count="0" type="stmt"/>
        <line num="22" count="0" type="stmt"/>
        <line num="26" count="0" type="stmt"/>
        <line num="27" count="0" type="stmt"/>
        <line num="28" count="0" type="stmt"/>
        <line num="32" count="28" type="stmt"/>
        <line num="33" count="28" type="stmt"/>
        <line num="37" count="25" type="cond" truecount="0" falsecount="1"/>
        <line num="38" count="70" type="stmt"/>
        <line num="39" count="70" type="stmt"/>
        <line num="41" count="70" type="stmt"/>
        <line num="43" count="70" type="stmt"/>
        <line num="45" count="70" type="stmt"/>
      </file>
    </package>
    <package name="swagger-ui-dist-package">
      <metrics statements="5" coveredstatements="4" conditionals="4" coveredconditionals="3" methods="1" coveredmethods="1"/>
      <file name="absolute-path.js" path="C:\Users\User\source\repos\multi-swagger\Multi-Swagger\swagger-ui-dist-package\absolute-path.js">
        <metrics statements="5" coveredstatements="4" conditionals="4" coveredconditionals="3" methods="1" coveredmethods="1"/>
        <line num="6" count="1" type="stmt"/>
        <line num="8" count="1" type="cond" truecount="3" falsecount="1"/>
        <line num="9" count="1" type="stmt"/>
        <line num="11" count="0" type="stmt"/>
        <line num="14" count="1" type="stmt"/>
      </file>
    </package>
  </project>
</coverage>
