{"C:\\Users\\User\\source\\repos\\multi-swagger\\Multi-Swagger\\docker\\configurator\\helpers.js": {"path":"C:\\Users\\User\\source\\repos\\multi-swagger\\Multi-Swagger\\docker\\configurator\\helpers.js","statementMap":{"0":{"start":{"line":1,"column":0},"end":{"line":13,"column":1}},"1":{"start":{"line":3,"column":2},"end":{"line":12,"column":15}},"2":{"start":{"line":6,"column":6},"end":{"line":10,"column":7}},"3":{"start":{"line":7,"column":8},"end":{"line":7,"column":51}},"4":{"start":{"line":9,"column":8},"end":{"line":9,"column":19}}},"fnMap":{"0":{"name":"indent","decl":{"start":{"line":1,"column":33},"end":{"line":1,"column":39}},"loc":{"start":{"line":1,"column":64},"end":{"line":13,"column":1}},"line":1},"1":{"name":"(anonymous_1)","decl":{"start":{"line":5,"column":9},"end":{"line":5,"column":10}},"loc":{"start":{"line":5,"column":22},"end":{"line":11,"column":5}},"line":5}},"branchMap":{"0":{"loc":{"start":{"line":1,"column":50},"end":{"line":1,"column":62}},"type":"default-arg","locations":[{"start":{"line":1,"column":61},"end":{"line":1,"column":62}}],"line":1},"1":{"loc":{"start":{"line":6,"column":6},"end":{"line":10,"column":7}},"type":"if","locations":[{"start":{"line":6,"column":6},"end":{"line":10,"column":7}},{"start":{"line":8,"column":13},"end":{"line":10,"column":7}}],"line":6}},"s":{"0":1,"1":2,"2":16,"3":16,"4":0},"f":{"0":2,"1":16},"b":{"0":[2],"1":[16,0]},"_coverageSchema":"1a1c01bbd47fc00a2c39e90264f33305004495a9","hash":"788ed0eecfbe2ea82de037d482c3d135cd9ef128"}
,"C:\\Users\\User\\source\\repos\\multi-swagger\\Multi-Swagger\\docker\\configurator\\oauth.js": {"path":"C:\\Users\\User\\source\\repos\\multi-swagger\\Multi-Swagger\\docker\\configurator\\oauth.js","statementMap":{"0":{"start":{"line":1,"column":19},"end":{"line":1,"column":42}},"1":{"start":{"line":2,"column":15},"end":{"line":2,"column":42}},"2":{"start":{"line":4,"column":25},"end":{"line":42,"column":1}},"3":{"start":{"line":12,"column":19},"end":{"line":12,"column":101}},"4":{"start":{"line":44,"column":0},"end":{"line":55,"column":1}},"5":{"start":{"line":45,"column":27},"end":{"line":45,"column":72}},"6":{"start":{"line":47,"column":2},"end":{"line":52,"column":3}},"7":{"start":{"line":48,"column":4},"end":{"line":51,"column":4}},"8":{"start":{"line":54,"column":2},"end":{"line":54,"column":11}}},"fnMap":{"0":{"name":"(anonymous_0)","decl":{"start":{"line":12,"column":13},"end":{"line":12,"column":14}},"loc":{"start":{"line":12,"column":19},"end":{"line":12,"column":101}},"line":12},"1":{"name":"oauthBlockBuilder","decl":{"start":{"line":44,"column":26},"end":{"line":44,"column":43}},"loc":{"start":{"line":44,"column":49},"end":{"line":55,"column":1}},"line":44}},"branchMap":{"0":{"loc":{"start":{"line":47,"column":2},"end":{"line":52,"column":3}},"type":"if","locations":[{"start":{"line":47,"column":2},"end":{"line":52,"column":3}},{"start":{},"end":{}}],"line":47}},"s":{"0":1,"1":1,"2":1,"3":2,"4":1,"5":4,"6":4,"7":2,"8":2},"f":{"0":2,"1":4},"b":{"0":[2,2]},"_coverageSchema":"1a1c01bbd47fc00a2c39e90264f33305004495a9","hash":"d0ccff413c0840a6f8f8a2c668f9c0edbffbb23f"}
,"C:\\Users\\User\\source\\repos\\multi-swagger\\Multi-Swagger\\docker\\configurator\\translator.js": {"path":"C:\\Users\\User\\source\\repos\\multi-swagger\\Multi-Swagger\\docker\\configurator\\translator.js","statementMap":{"0":{"start":{"line":2,"column":21},"end":{"line":2,"column":43}},"1":{"start":{"line":4,"column":26},"end":{"line":54,"column":1}},"2":{"start":{"line":57,"column":21},"end":{"line":57,"column":74}},"3":{"start":{"line":58,"column":15},"end":{"line":58,"column":31}},"4":{"start":{"line":65,"column":2},"end":{"line":90,"column":4}},"5":{"start":{"line":66,"column":22},"end":{"line":66,"column":33}},"6":{"start":{"line":67,"column":18},"end":{"line":67,"column":26}},"7":{"start":{"line":69,"column":4},"end":{"line":69,"column":25}},"8":{"start":{"line":69,"column":19},"end":{"line":69,"column":25}},"9":{"start":{"line":71,"column":4},"end":{"line":73,"column":5}},"10":{"start":{"line":72,"column":6},"end":{"line":72,"column":25}},"11":{"start":{"line":75,"column":28},"end":{"line":75,"column":56}},"12":{"start":{"line":77,"column":4},"end":{"line":84,"column":5}},"13":{"start":{"line":78,"column":6},"end":{"line":82,"column":7}},"14":{"start":{"line":81,"column":8},"end":{"line":81,"column":14}},"15":{"start":{"line":83,"column":6},"end":{"line":83,"column":41}},"16":{"start":{"line":86,"column":4},"end":{"line":89,"column":5}},"17":{"start":{"line":94,"column":15},"end":{"line":94,"column":17}},"18":{"start":{"line":96,"column":2},"end":{"line":106,"column":4}},"19":{"start":{"line":97,"column":18},"end":{"line":97,"column":35}},"20":{"start":{"line":99,"column":24},"end":{"line":99,"column":67}},"21":{"start":{"line":101,"column":4},"end":{"line":105,"column":5}},"22":{"start":{"line":102,"column":6},"end":{"line":102,"column":53}},"23":{"start":{"line":104,"column":6},"end":{"line":104,"column":86}},"24":{"start":{"line":108,"column":2},"end":{"line":108,"column":22}},"25":{"start":{"line":111,"column":0},"end":{"line":111,"column":39}}},"fnMap":{"0":{"name":"objectToKeyValueString","decl":{"start":{"line":56,"column":9},"end":{"line":56,"column":31}},"loc":{"start":{"line":56,"column":127},"end":{"line":109,"column":1}},"line":56},"1":{"name":"(anonymous_1)","decl":{"start":{"line":65,"column":15},"end":{"line":65,"column":16}},"loc":{"start":{"line":65,"column":22},"end":{"line":90,"column":3}},"line":65},"2":{"name":"(anonymous_2)","decl":{"start":{"line":96,"column":36},"end":{"line":96,"column":37}},"loc":{"start":{"line":96,"column":43},"end":{"line":106,"column":3}},"line":96}},"branchMap":{"0":{"loc":{"start":{"line":56,"column":37},"end":{"line":56,"column":125}},"type":"default-arg","locations":[{"start":{"line":56,"column":123},"end":{"line":56,"column":125}}],"line":56},"1":{"loc":{"start":{"line":56,"column":39},"end":{"line":56,"column":63}},"type":"default-arg","locations":[{"start":{"line":56,"column":58},"end":{"line":56,"column":63}}],"line":56},"2":{"loc":{"start":{"line":56,"column":65},"end":{"line":56,"column":86}},"type":"default-arg","locations":[{"start":{"line":56,"column":74},"end":{"line":56,"column":86}}],"line":56},"3":{"loc":{"start":{"line":56,"column":88},"end":{"line":56,"column":118}},"type":"default-arg","locations":[{"start":{"line":56,"column":101},"end":{"line":56,"column":118}}],"line":56},"4":{"loc":{"start":{"line":57,"column":21},"end":{"line":57,"column":74}},"type":"cond-expr","locations":[{"start":{"line":57,"column":40},"end":{"line":57,"column":69}},{"start":{"line":57,"column":72},"end":{"line":57,"column":74}}],"line":57},"5":{"loc":{"start":{"line":69,"column":4},"end":{"line":69,"column":25}},"type":"if","locations":[{"start":{"line":69,"column":4},"end":{"line":69,"column":25}},{"start":{},"end":{}}],"line":69},"6":{"loc":{"start":{"line":71,"column":4},"end":{"line":73,"column":5}},"type":"if","locations":[{"start":{"line":71,"column":4},"end":{"line":73,"column":5}},{"start":{},"end":{}}],"line":71},"7":{"loc":{"start":{"line":77,"column":4},"end":{"line":84,"column":5}},"type":"if","locations":[{"start":{"line":77,"column":4},"end":{"line":84,"column":5}},{"start":{},"end":{}}],"line":77},"8":{"loc":{"start":{"line":78,"column":6},"end":{"line":82,"column":7}},"type":"if","locations":[{"start":{"line":78,"column":6},"end":{"line":82,"column":7}},{"start":{},"end":{}}],"line":78},"9":{"loc":{"start":{"line":78,"column":10},"end":{"line":78,"column":67}},"type":"binary-expr","locations":[{"start":{"line":78,"column":10},"end":{"line":78,"column":35}},{"start":{"line":78,"column":39},"end":{"line":78,"column":67}}],"line":78},"10":{"loc":{"start":{"line":99,"column":24},"end":{"line":99,"column":67}},"type":"cond-expr","locations":[{"start":{"line":99,"column":51},"end":{"line":99,"column":61}},{"start":{"line":99,"column":64},"end":{"line":99,"column":67}}],"line":99},"11":{"loc":{"start":{"line":101,"column":4},"end":{"line":105,"column":5}},"type":"if","locations":[{"start":{"line":101,"column":4},"end":{"line":105,"column":5}},{"start":{"line":103,"column":11},"end":{"line":105,"column":5}}],"line":101},"12":{"loc":{"start":{"line":104,"column":35},"end":{"line":104,"column":81}},"type":"cond-expr","locations":[{"start":{"line":104,"column":56},"end":{"line":104,"column":67}},{"start":{"line":104,"column":70},"end":{"line":104,"column":81}}],"line":104}},"s":{"0":2,"1":2,"2":20,"3":20,"4":20,"5":90,"6":90,"7":90,"8":2,"9":88,"10":3,"11":88,"12":88,"13":14,"14":2,"15":12,"16":86,"17":20,"18":20,"19":96,"20":96,"21":96,"22":44,"23":52,"24":20,"25":2},"f":{"0":20,"1":90,"2":96},"b":{"0":[9],"1":[16],"2":[12],"3":[19],"4":[4,16],"5":[2,88],"6":[3,85],"7":[14,74],"8":[2,12],"9":[14,5],"10":[7,89],"11":[44,52],"12":[3,49]},"_coverageSchema":"1a1c01bbd47fc00a2c39e90264f33305004495a9","hash":"a87a5b349d14436c9dfcd39183527dc7185f3834"}
,"C:\\Users\\User\\source\\repos\\multi-swagger\\Multi-Swagger\\docker\\configurator\\variables.js": {"path":"C:\\Users\\User\\source\\repos\\multi-swagger\\Multi-Swagger\\docker\\configurator\\variables.js","statementMap":{"0":{"start":{"line":1,"column":26},"end":{"line":110,"column":1}},"1":{"start":{"line":112,"column":24},"end":{"line":123,"column":1}},"2":{"start":{"line":125,"column":0},"end":{"line":125,"column":70}}},"fnMap":{},"branchMap":{},"s":{"0":2,"1":2,"2":2},"f":{},"b":{},"_coverageSchema":"1a1c01bbd47fc00a2c39e90264f33305004495a9","hash":"1c6986dba78e417b03deaccbb9e40fe21b9e3f40"}
,"C:\\Users\\User\\source\\repos\\multi-swagger\\Multi-Swagger\\src\\core\\json-schema-components.jsx": {"path":"C:\\Users\\User\\source\\repos\\multi-swagger\\Multi-Swagger\\src\\core\\json-schema-components.jsx","statementMap":{"0":{"start":{"line":10,"column":13},"end":{"line":10,"column":20}},"1":{"start":{"line":25,"column":31},"end":{"line":32,"column":1}},"2":{"start":{"line":37,"column":24},"end":{"line":37,"column":46}},"3":{"start":{"line":40,"column":54},"end":{"line":40,"column":64}},"4":{"start":{"line":41,"column":4},"end":{"line":45,"column":5}},"5":{"start":{"line":42,"column":6},"end":{"line":42,"column":21}},"6":{"start":{"line":43,"column":11},"end":{"line":45,"column":5}},"7":{"start":{"line":44,"column":6},"end":{"line":44,"column":18}},"8":{"start":{"line":49,"column":74},"end":{"line":49,"column":84}},"9":{"start":{"line":50,"column":19},"end":{"line":50,"column":69}},"10":{"start":{"line":51,"column":17},"end":{"line":51,"column":65}},"11":{"start":{"line":53,"column":31},"end":{"line":53,"column":90}},"12":{"start":{"line":53,"column":41},"end":{"line":53,"column":90}},"13":{"start":{"line":54,"column":15},"end":{"line":57,"column":39}},"14":{"start":{"line":58,"column":4},"end":{"line":60,"column":5}},"15":{"start":{"line":59,"column":6},"end":{"line":59,"column":46}},"16":{"start":{"line":61,"column":4},"end":{"line":61,"column":158}},"17":{"start":{"line":67,"column":24},"end":{"line":67,"column":46}},"18":{"start":{"line":68,"column":13},"end":{"line":71,"column":3}},"19":{"start":{"line":69,"column":18},"end":{"line":69,"column":116}},"20":{"start":{"line":70,"column":4},"end":{"line":70,"column":50}},"21":{"start":{"line":72,"column":17},"end":{"line":72,"column":50}},"22":{"start":{"line":72,"column":26},"end":{"line":72,"column":50}},"23":{"start":{"line":74,"column":83},"end":{"line":74,"column":93}},"24":{"start":{"line":75,"column":22},"end":{"line":75,"column":70}},"25":{"start":{"line":76,"column":19},"end":{"line":76,"column":69}},"26":{"start":{"line":77,"column":17},"end":{"line":77,"column":65}},"27":{"start":{"line":78,"column":21},"end":{"line":78,"column":67}},"28":{"start":{"line":79,"column":4},"end":{"line":81,"column":5}},"29":{"start":{"line":80,"column":6},"end":{"line":80,"column":16}},"30":{"start":{"line":82,"column":4},"end":{"line":82,"column":45}},"31":{"start":{"line":84,"column":4},"end":{"line":93,"column":5}},"32":{"start":{"line":85,"column":21},"end":{"line":85,"column":43}},"33":{"start":{"line":86,"column":6},"end":{"line":92,"column":55}},"34":{"start":{"line":95,"column":23},"end":{"line":95,"column":99}},"35":{"start":{"line":96,"column":18},"end":{"line":96,"column":39}},"36":{"start":{"line":97,"column":4},"end":{"line":119,"column":5}},"37":{"start":{"line":98,"column":6},"end":{"line":104,"column":7}},"38":{"start":{"line":107,"column":6},"end":{"line":118,"column":7}},"39":{"start":{"line":126,"column":24},"end":{"line":126,"column":46}},"40":{"start":{"line":129,"column":4},"end":{"line":129,"column":25}},"41":{"start":{"line":130,"column":4},"end":{"line":130,"column":78}},"42":{"start":{"line":134,"column":18},"end":{"line":134,"column":47}},"43":{"start":{"line":135,"column":4},"end":{"line":136,"column":30}},"44":{"start":{"line":136,"column":6},"end":{"line":136,"column":30}},"45":{"start":{"line":138,"column":4},"end":{"line":139,"column":45}},"46":{"start":{"line":139,"column":6},"end":{"line":139,"column":45}},"47":{"start":{"line":142,"column":13},"end":{"line":144,"column":3}},"48":{"start":{"line":143,"column":4},"end":{"line":143,"column":41}},"49":{"start":{"line":146,"column":17},"end":{"line":150,"column":3}},"50":{"start":{"line":147,"column":4},"end":{"line":149,"column":22}},"51":{"start":{"line":147,"column":34},"end":{"line":149,"column":5}},"52":{"start":{"line":152,"column":15},"end":{"line":156,"column":3}},"53":{"start":{"line":153,"column":4},"end":{"line":155,"column":22}},"54":{"start":{"line":153,"column":34},"end":{"line":155,"column":5}},"55":{"start":{"line":158,"column":12},"end":{"line":165,"column":3}},"56":{"start":{"line":159,"column":19},"end":{"line":159,"column":53}},"57":{"start":{"line":160,"column":4},"end":{"line":164,"column":22}},"58":{"start":{"line":160,"column":25},"end":{"line":164,"column":5}},"59":{"start":{"line":167,"column":17},"end":{"line":171,"column":3}},"60":{"start":{"line":168,"column":4},"end":{"line":170,"column":22}},"61":{"start":{"line":168,"column":25},"end":{"line":170,"column":5}},"62":{"start":{"line":174,"column":67},"end":{"line":174,"column":77}},"63":{"start":{"line":176,"column":4},"end":{"line":176,"column":78}},"64":{"start":{"line":177,"column":24},"end":{"line":177,"column":65}},"65":{"start":{"line":177,"column":43},"end":{"line":177,"column":64}},"66":{"start":{"line":178,"column":29},"end":{"line":179,"column":24}},"67":{"start":{"line":178,"column":48},"end":{"line":178,"column":74}},"68":{"start":{"line":179,"column":16},"end":{"line":179,"column":23}},"69":{"start":{"line":180,"column":18},"end":{"line":180,"column":34}},"70":{"start":{"line":182,"column":6},"end":{"line":182,"column":62}},"71":{"start":{"line":183,"column":28},"end":{"line":183,"column":59}},"72":{"start":{"line":184,"column":28},"end":{"line":184,"column":59}},"73":{"start":{"line":185,"column":30},"end":{"line":185,"column":63}},"74":{"start":{"line":186,"column":30},"end":{"line":186,"column":49}},"75":{"start":{"line":188,"column":26},"end":{"line":188,"column":31}},"76":{"start":{"line":189,"column":26},"end":{"line":189,"column":137}},"77":{"start":{"line":190,"column":4},"end":{"line":194,"column":5}},"78":{"start":{"line":191,"column":6},"end":{"line":191,"column":94}},"79":{"start":{"line":192,"column":11},"end":{"line":194,"column":5}},"80":{"start":{"line":193,"column":6},"end":{"line":193,"column":73}},"81":{"start":{"line":197,"column":4},"end":{"line":199,"column":5}},"82":{"start":{"line":198,"column":6},"end":{"line":198,"column":28}},"83":{"start":{"line":201,"column":4},"end":{"line":211,"column":5}},"84":{"start":{"line":202,"column":21},"end":{"line":202,"column":43}},"85":{"start":{"line":203,"column":6},"end":{"line":210,"column":55}},"86":{"start":{"line":213,"column":19},"end":{"line":213,"column":41}},"87":{"start":{"line":214,"column":4},"end":{"line":273,"column":5}},"88":{"start":{"line":218,"column":31},"end":{"line":221,"column":14}},"89":{"start":{"line":219,"column":40},"end":{"line":219,"column":55}},"90":{"start":{"line":220,"column":24},"end":{"line":220,"column":31}},"91":{"start":{"line":222,"column":12},"end":{"line":259,"column":13}},"92":{"start":{"line":228,"column":38},"end":{"line":228,"column":63}},"93":{"start":{"line":236,"column":43},"end":{"line":236,"column":68}},"94":{"start":{"line":242,"column":43},"end":{"line":242,"column":68}},"95":{"start":{"line":255,"column":35},"end":{"line":255,"column":53}},"96":{"start":{"line":279,"column":24},"end":{"line":279,"column":46}},"97":{"start":{"line":281,"column":13},"end":{"line":284,"column":3}},"98":{"start":{"line":282,"column":18},"end":{"line":282,"column":32}},"99":{"start":{"line":283,"column":4},"end":{"line":283,"column":50}},"100":{"start":{"line":287,"column":51},"end":{"line":287,"column":61}},"101":{"start":{"line":288,"column":4},"end":{"line":290,"column":5}},"102":{"start":{"line":289,"column":6},"end":{"line":289,"column":16}},"103":{"start":{"line":291,"column":4},"end":{"line":291,"column":45}},"104":{"start":{"line":293,"column":4},"end":{"line":302,"column":29}},"105":{"start":{"line":308,"column":24},"end":{"line":308,"column":46}},"106":{"start":{"line":310,"column":17},"end":{"line":313,"column":3}},"107":{"start":{"line":311,"column":18},"end":{"line":311,"column":35}},"108":{"start":{"line":312,"column":4},"end":{"line":312,"column":50}},"109":{"start":{"line":316,"column":45},"end":{"line":316,"column":55}},"110":{"start":{"line":317,"column":18},"end":{"line":317,"column":39}},"111":{"start":{"line":318,"column":23},"end":{"line":318,"column":58}},"112":{"start":{"line":320,"column":4},"end":{"line":324,"column":31}},"113":{"start":{"line":330,"column":24},"end":{"line":330,"column":46}},"114":{"start":{"line":332,"column":17},"end":{"line":332,"column":50}},"115":{"start":{"line":332,"column":26},"end":{"line":332,"column":50}},"116":{"start":{"line":334,"column":70},"end":{"line":334,"column":80}},"117":{"start":{"line":335,"column":4},"end":{"line":335,"column":45}},"118":{"start":{"line":336,"column":20},"end":{"line":336,"column":68}},"119":{"start":{"line":337,"column":26},"end":{"line":337,"column":49}},"120":{"start":{"line":338,"column":23},"end":{"line":338,"column":54}},"121":{"start":{"line":339,"column":19},"end":{"line":339,"column":41}},"122":{"start":{"line":341,"column":4},"end":{"line":347,"column":53}},"123":{"start":{"line":351,"column":30},"end":{"line":374,"column":1}},"124":{"start":{"line":352,"column":2},"end":{"line":373,"column":4}},"125":{"start":{"line":353,"column":17},"end":{"line":353,"column":68}},"126":{"start":{"line":354,"column":22},"end":{"line":354,"column":102}},"127":{"start":{"line":356,"column":4},"end":{"line":358,"column":5}},"128":{"start":{"line":357,"column":6},"end":{"line":357,"column":24}},"129":{"start":{"line":359,"column":23},"end":{"line":359,"column":32}},"130":{"start":{"line":360,"column":15},"end":{"line":360,"column":32}},"131":{"start":{"line":361,"column":4},"end":{"line":371,"column":5}},"132":{"start":{"line":362,"column":19},"end":{"line":362,"column":97}},"133":{"start":{"line":363,"column":6},"end":{"line":365,"column":7}},"134":{"start":{"line":364,"column":8},"end":{"line":364,"column":13}},"135":{"start":{"line":366,"column":6},"end":{"line":366,"column":24}},"136":{"start":{"line":367,"column":6},"end":{"line":369,"column":7}},"137":{"start":{"line":368,"column":8},"end":{"line":368,"column":13}},"138":{"start":{"line":370,"column":6},"end":{"line":370,"column":39}},"139":{"start":{"line":372,"column":4},"end":{"line":372,"column":37}},"140":{"start":{"line":378,"column":4},"end":{"line":378,"column":11}},"141":{"start":{"line":382,"column":24},"end":{"line":382,"column":46}},"142":{"start":{"line":384,"column":13},"end":{"line":386,"column":3}},"143":{"start":{"line":385,"column":4},"end":{"line":385,"column":30}},"144":{"start":{"line":388,"column":19},"end":{"line":392,"column":3}},"145":{"start":{"line":389,"column":23},"end":{"line":389,"column":37}},"146":{"start":{"line":391,"column":4},"end":{"line":391,"column":29}},"147":{"start":{"line":400,"column":8},"end":{"line":400,"column":18}},"148":{"start":{"line":402,"column":21},"end":{"line":402,"column":45}},"149":{"start":{"line":403,"column":4},"end":{"line":403,"column":78}},"150":{"start":{"line":405,"column":4},"end":{"line":414,"column":5}},"151":{"start":{"line":419,"column":2},"end":{"line":419,"column":83}}},"fnMap":{"0":{"name":"(anonymous_0)","decl":{"start":{"line":10,"column":13},"end":{"line":10,"column":14}},"loc":{"start":{"line":10,"column":18},"end":{"line":10,"column":20}},"line":10},"1":{"name":"(anonymous_1)","decl":{"start":{"line":39,"column":2},"end":{"line":39,"column":3}},"loc":{"start":{"line":39,"column":22},"end":{"line":46,"column":3}},"line":39},"2":{"name":"(anonymous_2)","decl":{"start":{"line":48,"column":2},"end":{"line":48,"column":3}},"loc":{"start":{"line":48,"column":11},"end":{"line":62,"column":3}},"line":48},"3":{"name":"(anonymous_3)","decl":{"start":{"line":53,"column":31},"end":{"line":53,"column":32}},"loc":{"start":{"line":53,"column":41},"end":{"line":53,"column":90}},"line":53},"4":{"name":"(anonymous_4)","decl":{"start":{"line":68,"column":13},"end":{"line":68,"column":14}},"loc":{"start":{"line":68,"column":20},"end":{"line":71,"column":3}},"line":68},"5":{"name":"(anonymous_5)","decl":{"start":{"line":72,"column":17},"end":{"line":72,"column":18}},"loc":{"start":{"line":72,"column":26},"end":{"line":72,"column":50}},"line":72},"6":{"name":"(anonymous_6)","decl":{"start":{"line":73,"column":2},"end":{"line":73,"column":3}},"loc":{"start":{"line":73,"column":11},"end":{"line":120,"column":3}},"line":73},"7":{"name":"(anonymous_7)","decl":{"start":{"line":128,"column":2},"end":{"line":128,"column":3}},"loc":{"start":{"line":128,"column":30},"end":{"line":131,"column":3}},"line":128},"8":{"name":"(anonymous_8)","decl":{"start":{"line":133,"column":2},"end":{"line":133,"column":3}},"loc":{"start":{"line":133,"column":42},"end":{"line":140,"column":3}},"line":133},"9":{"name":"(anonymous_9)","decl":{"start":{"line":142,"column":13},"end":{"line":142,"column":14}},"loc":{"start":{"line":142,"column":19},"end":{"line":144,"column":3}},"line":142},"10":{"name":"(anonymous_10)","decl":{"start":{"line":146,"column":17},"end":{"line":146,"column":18}},"loc":{"start":{"line":146,"column":33},"end":{"line":150,"column":3}},"line":146},"11":{"name":"(anonymous_11)","decl":{"start":{"line":147,"column":18},"end":{"line":147,"column":19}},"loc":{"start":{"line":147,"column":34},"end":{"line":149,"column":5}},"line":147},"12":{"name":"(anonymous_12)","decl":{"start":{"line":152,"column":15},"end":{"line":152,"column":16}},"loc":{"start":{"line":152,"column":22},"end":{"line":156,"column":3}},"line":152},"13":{"name":"(anonymous_13)","decl":{"start":{"line":153,"column":18},"end":{"line":153,"column":19}},"loc":{"start":{"line":153,"column":34},"end":{"line":155,"column":5}},"line":153},"14":{"name":"(anonymous_14)","decl":{"start":{"line":158,"column":12},"end":{"line":158,"column":13}},"loc":{"start":{"line":158,"column":18},"end":{"line":165,"column":3}},"line":158},"15":{"name":"(anonymous_15)","decl":{"start":{"line":160,"column":18},"end":{"line":160,"column":19}},"loc":{"start":{"line":160,"column":25},"end":{"line":164,"column":5}},"line":160},"16":{"name":"(anonymous_16)","decl":{"start":{"line":167,"column":17},"end":{"line":167,"column":18}},"loc":{"start":{"line":167,"column":28},"end":{"line":171,"column":3}},"line":167},"17":{"name":"(anonymous_17)","decl":{"start":{"line":168,"column":18},"end":{"line":168,"column":19}},"loc":{"start":{"line":168,"column":25},"end":{"line":170,"column":5}},"line":168},"18":{"name":"(anonymous_18)","decl":{"start":{"line":173,"column":2},"end":{"line":173,"column":3}},"loc":{"start":{"line":173,"column":11},"end":{"line":274,"column":3}},"line":173},"19":{"name":"(anonymous_19)","decl":{"start":{"line":177,"column":38},"end":{"line":177,"column":39}},"loc":{"start":{"line":177,"column":43},"end":{"line":177,"column":64}},"line":177},"20":{"name":"(anonymous_20)","decl":{"start":{"line":178,"column":43},"end":{"line":178,"column":44}},"loc":{"start":{"line":178,"column":48},"end":{"line":178,"column":74}},"line":178},"21":{"name":"(anonymous_21)","decl":{"start":{"line":179,"column":11},"end":{"line":179,"column":12}},"loc":{"start":{"line":179,"column":16},"end":{"line":179,"column":23}},"line":179},"22":{"name":"(anonymous_22)","decl":{"start":{"line":217,"column":21},"end":{"line":217,"column":22}},"loc":{"start":{"line":217,"column":34},"end":{"line":260,"column":11}},"line":217},"23":{"name":"(anonymous_23)","decl":{"start":{"line":219,"column":31},"end":{"line":219,"column":32}},"loc":{"start":{"line":219,"column":40},"end":{"line":219,"column":55}},"line":219},"24":{"name":"(anonymous_24)","decl":{"start":{"line":220,"column":19},"end":{"line":220,"column":20}},"loc":{"start":{"line":220,"column":24},"end":{"line":220,"column":31}},"line":220},"25":{"name":"(anonymous_25)","decl":{"start":{"line":228,"column":30},"end":{"line":228,"column":31}},"loc":{"start":{"line":228,"column":38},"end":{"line":228,"column":63}},"line":228},"26":{"name":"(anonymous_26)","decl":{"start":{"line":236,"column":34},"end":{"line":236,"column":35}},"loc":{"start":{"line":236,"column":43},"end":{"line":236,"column":68}},"line":236},"27":{"name":"(anonymous_27)","decl":{"start":{"line":242,"column":34},"end":{"line":242,"column":35}},"loc":{"start":{"line":242,"column":43},"end":{"line":242,"column":68}},"line":242},"28":{"name":"(anonymous_28)","decl":{"start":{"line":255,"column":29},"end":{"line":255,"column":30}},"loc":{"start":{"line":255,"column":35},"end":{"line":255,"column":53}},"line":255},"29":{"name":"(anonymous_29)","decl":{"start":{"line":281,"column":13},"end":{"line":281,"column":14}},"loc":{"start":{"line":281,"column":20},"end":{"line":284,"column":3}},"line":281},"30":{"name":"(anonymous_30)","decl":{"start":{"line":286,"column":2},"end":{"line":286,"column":3}},"loc":{"start":{"line":286,"column":11},"end":{"line":303,"column":3}},"line":286},"31":{"name":"(anonymous_31)","decl":{"start":{"line":310,"column":17},"end":{"line":310,"column":18}},"loc":{"start":{"line":310,"column":24},"end":{"line":313,"column":3}},"line":310},"32":{"name":"(anonymous_32)","decl":{"start":{"line":315,"column":2},"end":{"line":315,"column":3}},"loc":{"start":{"line":315,"column":11},"end":{"line":325,"column":3}},"line":315},"33":{"name":"(anonymous_33)","decl":{"start":{"line":332,"column":17},"end":{"line":332,"column":18}},"loc":{"start":{"line":332,"column":26},"end":{"line":332,"column":50}},"line":332},"34":{"name":"(anonymous_34)","decl":{"start":{"line":333,"column":2},"end":{"line":333,"column":3}},"loc":{"start":{"line":333,"column":11},"end":{"line":348,"column":3}},"line":333},"35":{"name":"(anonymous_35)","decl":{"start":{"line":351,"column":30},"end":{"line":351,"column":31}},"loc":{"start":{"line":351,"column":42},"end":{"line":374,"column":1}},"line":351},"36":{"name":"(anonymous_36)","decl":{"start":{"line":352,"column":20},"end":{"line":352,"column":21}},"loc":{"start":{"line":352,"column":27},"end":{"line":373,"column":3}},"line":352},"37":{"name":"(anonymous_37)","decl":{"start":{"line":377,"column":2},"end":{"line":377,"column":3}},"loc":{"start":{"line":377,"column":16},"end":{"line":379,"column":3}},"line":377},"38":{"name":"(anonymous_38)","decl":{"start":{"line":384,"column":13},"end":{"line":384,"column":14}},"loc":{"start":{"line":384,"column":24},"end":{"line":386,"column":3}},"line":384},"39":{"name":"(anonymous_39)","decl":{"start":{"line":388,"column":19},"end":{"line":388,"column":20}},"loc":{"start":{"line":388,"column":24},"end":{"line":392,"column":3}},"line":388},"40":{"name":"(anonymous_40)","decl":{"start":{"line":394,"column":2},"end":{"line":394,"column":3}},"loc":{"start":{"line":394,"column":11},"end":{"line":415,"column":3}},"line":394},"41":{"name":"valueOrEmptyList","decl":{"start":{"line":418,"column":9},"end":{"line":418,"column":25}},"loc":{"start":{"line":418,"column":33},"end":{"line":420,"column":1}},"line":418}},"branchMap":{"0":{"loc":{"start":{"line":41,"column":4},"end":{"line":45,"column":5}},"type":"if","locations":[{"start":{"line":41,"column":4},"end":{"line":45,"column":5}},{"start":{"line":43,"column":11},"end":{"line":45,"column":5}}],"line":41},"1":{"loc":{"start":{"line":43,"column":11},"end":{"line":45,"column":5}},"type":"if","locations":[{"start":{"line":43,"column":11},"end":{"line":45,"column":5}},{"start":{},"end":{}}],"line":43},"2":{"loc":{"start":{"line":50,"column":19},"end":{"line":50,"column":69}},"type":"cond-expr","locations":[{"start":{"line":50,"column":42},"end":{"line":50,"column":62}},{"start":{"line":50,"column":65},"end":{"line":50,"column":69}}],"line":50},"3":{"loc":{"start":{"line":50,"column":19},"end":{"line":50,"column":39}},"type":"binary-expr","locations":[{"start":{"line":50,"column":19},"end":{"line":50,"column":25}},{"start":{"line":50,"column":29},"end":{"line":50,"column":39}}],"line":50},"4":{"loc":{"start":{"line":51,"column":17},"end":{"line":51,"column":65}},"type":"cond-expr","locations":[{"start":{"line":51,"column":40},"end":{"line":51,"column":58}},{"start":{"line":51,"column":61},"end":{"line":51,"column":65}}],"line":51},"5":{"loc":{"start":{"line":51,"column":17},"end":{"line":51,"column":37}},"type":"binary-expr","locations":[{"start":{"line":51,"column":17},"end":{"line":51,"column":23}},{"start":{"line":51,"column":27},"end":{"line":51,"column":37}}],"line":51},"6":{"loc":{"start":{"line":54,"column":15},"end":{"line":57,"column":39}},"type":"cond-expr","locations":[{"start":{"line":54,"column":22},"end":{"line":56,"column":48}},{"start":{"line":57,"column":6},"end":{"line":57,"column":39}}],"line":54},"7":{"loc":{"start":{"line":54,"column":22},"end":{"line":56,"column":48}},"type":"cond-expr","locations":[{"start":{"line":55,"column":6},"end":{"line":55,"column":58}},{"start":{"line":56,"column":6},"end":{"line":56,"column":48}}],"line":54},"8":{"loc":{"start":{"line":58,"column":4},"end":{"line":60,"column":5}},"type":"if","locations":[{"start":{"line":58,"column":4},"end":{"line":60,"column":5}},{"start":{},"end":{}}],"line":58},"9":{"loc":{"start":{"line":69,"column":18},"end":{"line":69,"column":116}},"type":"cond-expr","locations":[{"start":{"line":69,"column":82},"end":{"line":69,"column":99}},{"start":{"line":69,"column":102},"end":{"line":69,"column":116}}],"line":69},"10":{"loc":{"start":{"line":69,"column":18},"end":{"line":69,"column":79}},"type":"binary-expr","locations":[{"start":{"line":69,"column":18},"end":{"line":69,"column":35}},{"start":{"line":69,"column":39},"end":{"line":69,"column":79}}],"line":69},"11":{"loc":{"start":{"line":75,"column":22},"end":{"line":75,"column":70}},"type":"cond-expr","locations":[{"start":{"line":75,"column":45},"end":{"line":75,"column":63}},{"start":{"line":75,"column":66},"end":{"line":75,"column":70}}],"line":75},"12":{"loc":{"start":{"line":75,"column":22},"end":{"line":75,"column":42}},"type":"binary-expr","locations":[{"start":{"line":75,"column":22},"end":{"line":75,"column":28}},{"start":{"line":75,"column":32},"end":{"line":75,"column":42}}],"line":75},"13":{"loc":{"start":{"line":76,"column":19},"end":{"line":76,"column":69}},"type":"cond-expr","locations":[{"start":{"line":76,"column":42},"end":{"line":76,"column":62}},{"start":{"line":76,"column":65},"end":{"line":76,"column":69}}],"line":76},"14":{"loc":{"start":{"line":76,"column":19},"end":{"line":76,"column":39}},"type":"binary-expr","locations":[{"start":{"line":76,"column":19},"end":{"line":76,"column":25}},{"start":{"line":76,"column":29},"end":{"line":76,"column":39}}],"line":76},"15":{"loc":{"start":{"line":77,"column":17},"end":{"line":77,"column":65}},"type":"cond-expr","locations":[{"start":{"line":77,"column":40},"end":{"line":77,"column":58}},{"start":{"line":77,"column":61},"end":{"line":77,"column":65}}],"line":77},"16":{"loc":{"start":{"line":77,"column":17},"end":{"line":77,"column":37}},"type":"binary-expr","locations":[{"start":{"line":77,"column":17},"end":{"line":77,"column":23}},{"start":{"line":77,"column":27},"end":{"line":77,"column":37}}],"line":77},"17":{"loc":{"start":{"line":78,"column":21},"end":{"line":78,"column":67}},"type":"cond-expr","locations":[{"start":{"line":78,"column":44},"end":{"line":78,"column":60}},{"start":{"line":78,"column":63},"end":{"line":78,"column":67}}],"line":78},"18":{"loc":{"start":{"line":78,"column":21},"end":{"line":78,"column":41}},"type":"binary-expr","locations":[{"start":{"line":78,"column":21},"end":{"line":78,"column":27}},{"start":{"line":78,"column":31},"end":{"line":78,"column":41}}],"line":78},"19":{"loc":{"start":{"line":79,"column":4},"end":{"line":81,"column":5}},"type":"if","locations":[{"start":{"line":79,"column":4},"end":{"line":81,"column":5}},{"start":{},"end":{}}],"line":79},"20":{"loc":{"start":{"line":82,"column":13},"end":{"line":82,"column":45}},"type":"cond-expr","locations":[{"start":{"line":82,"column":27},"end":{"line":82,"column":40}},{"start":{"line":82,"column":43},"end":{"line":82,"column":45}}],"line":82},"21":{"loc":{"start":{"line":84,"column":4},"end":{"line":93,"column":5}},"type":"if","locations":[{"start":{"line":84,"column":4},"end":{"line":93,"column":5}},{"start":{},"end":{}}],"line":84},"22":{"loc":{"start":{"line":86,"column":34},"end":{"line":86,"column":64}},"type":"cond-expr","locations":[{"start":{"line":86,"column":50},"end":{"line":86,"column":59}},{"start":{"line":86,"column":62},"end":{"line":86,"column":64}}],"line":86},"23":{"loc":{"start":{"line":87,"column":30},"end":{"line":87,"column":57}},"type":"cond-expr","locations":[{"start":{"line":87,"column":46},"end":{"line":87,"column":52}},{"start":{"line":87,"column":55},"end":{"line":87,"column":57}}],"line":87},"24":{"loc":{"start":{"line":95,"column":23},"end":{"line":95,"column":99}},"type":"binary-expr","locations":[{"start":{"line":95,"column":23},"end":{"line":95,"column":31}},{"start":{"line":95,"column":36},"end":{"line":95,"column":44}},{"start":{"line":95,"column":48},"end":{"line":95,"column":71}},{"start":{"line":95,"column":75},"end":{"line":95,"column":98}}],"line":95},"25":{"loc":{"start":{"line":97,"column":4},"end":{"line":119,"column":5}},"type":"if","locations":[{"start":{"line":97,"column":4},"end":{"line":119,"column":5}},{"start":{"line":106,"column":9},"end":{"line":119,"column":5}}],"line":97},"26":{"loc":{"start":{"line":97,"column":8},"end":{"line":97,"column":31}},"type":"binary-expr","locations":[{"start":{"line":97,"column":8},"end":{"line":97,"column":12}},{"start":{"line":97,"column":16},"end":{"line":97,"column":31}}],"line":97},"27":{"loc":{"start":{"line":100,"column":21},"end":{"line":100,"column":51}},"type":"cond-expr","locations":[{"start":{"line":100,"column":37},"end":{"line":100,"column":46}},{"start":{"line":100,"column":49},"end":{"line":100,"column":51}}],"line":100},"28":{"loc":{"start":{"line":101,"column":17},"end":{"line":101,"column":44}},"type":"cond-expr","locations":[{"start":{"line":101,"column":33},"end":{"line":101,"column":39}},{"start":{"line":101,"column":42},"end":{"line":101,"column":44}}],"line":101},"29":{"loc":{"start":{"line":109,"column":16},"end":{"line":109,"column":69}},"type":"cond-expr","locations":[{"start":{"line":109,"column":50},"end":{"line":109,"column":60}},{"start":{"line":109,"column":63},"end":{"line":109,"column":69}}],"line":109},"30":{"loc":{"start":{"line":109,"column":16},"end":{"line":109,"column":47}},"type":"binary-expr","locations":[{"start":{"line":109,"column":16},"end":{"line":109,"column":22}},{"start":{"line":109,"column":26},"end":{"line":109,"column":47}}],"line":109},"31":{"loc":{"start":{"line":110,"column":21},"end":{"line":110,"column":51}},"type":"cond-expr","locations":[{"start":{"line":110,"column":37},"end":{"line":110,"column":46}},{"start":{"line":110,"column":49},"end":{"line":110,"column":51}}],"line":110},"32":{"loc":{"start":{"line":111,"column":17},"end":{"line":111,"column":44}},"type":"cond-expr","locations":[{"start":{"line":111,"column":33},"end":{"line":111,"column":39}},{"start":{"line":111,"column":42},"end":{"line":111,"column":44}}],"line":111},"33":{"loc":{"start":{"line":135,"column":4},"end":{"line":136,"column":30}},"type":"if","locations":[{"start":{"line":135,"column":4},"end":{"line":136,"column":30}},{"start":{},"end":{}}],"line":135},"34":{"loc":{"start":{"line":138,"column":4},"end":{"line":139,"column":45}},"type":"if","locations":[{"start":{"line":138,"column":4},"end":{"line":139,"column":45}},{"start":{},"end":{}}],"line":138},"35":{"loc":{"start":{"line":176,"column":13},"end":{"line":176,"column":78}},"type":"cond-expr","locations":[{"start":{"line":176,"column":27},"end":{"line":176,"column":40}},{"start":{"line":176,"column":43},"end":{"line":176,"column":78}}],"line":176},"36":{"loc":{"start":{"line":176,"column":43},"end":{"line":176,"column":78}},"type":"cond-expr","locations":[{"start":{"line":176,"column":67},"end":{"line":176,"column":73}},{"start":{"line":176,"column":76},"end":{"line":176,"column":78}}],"line":176},"37":{"loc":{"start":{"line":182,"column":6},"end":{"line":182,"column":62}},"type":"cond-expr","locations":[{"start":{"line":182,"column":50},"end":{"line":182,"column":54}},{"start":{"line":182,"column":57},"end":{"line":182,"column":62}}],"line":182},"38":{"loc":{"start":{"line":182,"column":6},"end":{"line":182,"column":47}},"type":"binary-expr","locations":[{"start":{"line":182,"column":6},"end":{"line":182,"column":11}},{"start":{"line":182,"column":15},"end":{"line":182,"column":26}},{"start":{"line":182,"column":30},"end":{"line":182,"column":47}}],"line":182},"39":{"loc":{"start":{"line":189,"column":26},"end":{"line":189,"column":137}},"type":"cond-expr","locations":[{"start":{"line":189,"column":125},"end":{"line":189,"column":129}},{"start":{"line":189,"column":132},"end":{"line":189,"column":137}}],"line":189},"40":{"loc":{"start":{"line":189,"column":27},"end":{"line":189,"column":121}},"type":"binary-expr","locations":[{"start":{"line":189,"column":27},"end":{"line":189,"column":53}},{"start":{"line":189,"column":58},"end":{"line":189,"column":86}},{"start":{"line":189,"column":90},"end":{"line":189,"column":120}}],"line":189},"41":{"loc":{"start":{"line":190,"column":4},"end":{"line":194,"column":5}},"type":"if","locations":[{"start":{"line":190,"column":4},"end":{"line":194,"column":5}},{"start":{"line":192,"column":11},"end":{"line":194,"column":5}}],"line":190},"42":{"loc":{"start":{"line":190,"column":8},"end":{"line":190,"column":44}},"type":"binary-expr","locations":[{"start":{"line":190,"column":8},"end":{"line":190,"column":23}},{"start":{"line":190,"column":27},"end":{"line":190,"column":44}}],"line":190},"43":{"loc":{"start":{"line":192,"column":11},"end":{"line":194,"column":5}},"type":"if","locations":[{"start":{"line":192,"column":11},"end":{"line":194,"column":5}},{"start":{},"end":{}}],"line":192},"44":{"loc":{"start":{"line":192,"column":15},"end":{"line":192,"column":107}},"type":"binary-expr","locations":[{"start":{"line":192,"column":15},"end":{"line":192,"column":44}},{"start":{"line":192,"column":48},"end":{"line":192,"column":75}},{"start":{"line":192,"column":79},"end":{"line":192,"column":107}}],"line":192},"45":{"loc":{"start":{"line":197,"column":4},"end":{"line":199,"column":5}},"type":"if","locations":[{"start":{"line":197,"column":4},"end":{"line":199,"column":5}},{"start":{},"end":{}}],"line":197},"46":{"loc":{"start":{"line":197,"column":8},"end":{"line":197,"column":48}},"type":"binary-expr","locations":[{"start":{"line":197,"column":8},"end":{"line":197,"column":28}},{"start":{"line":197,"column":32},"end":{"line":197,"column":48}}],"line":197},"47":{"loc":{"start":{"line":201,"column":4},"end":{"line":211,"column":5}},"type":"if","locations":[{"start":{"line":201,"column":4},"end":{"line":211,"column":5}},{"start":{},"end":{}}],"line":201},"48":{"loc":{"start":{"line":203,"column":34},"end":{"line":203,"column":64}},"type":"cond-expr","locations":[{"start":{"line":203,"column":50},"end":{"line":203,"column":59}},{"start":{"line":203,"column":62},"end":{"line":203,"column":64}}],"line":203},"49":{"loc":{"start":{"line":204,"column":30},"end":{"line":204,"column":57}},"type":"cond-expr","locations":[{"start":{"line":204,"column":46},"end":{"line":204,"column":52}},{"start":{"line":204,"column":55},"end":{"line":204,"column":57}}],"line":204},"50":{"loc":{"start":{"line":216,"column":9},"end":{"line":261,"column":18}},"type":"cond-expr","locations":[{"start":{"line":217,"column":11},"end":{"line":260,"column":12}},{"start":{"line":261,"column":14},"end":{"line":261,"column":18}}],"line":216},"51":{"loc":{"start":{"line":225,"column":18},"end":{"line":248,"column":24}},"type":"cond-expr","locations":[{"start":{"line":226,"column":20},"end":{"line":232,"column":22}},{"start":{"line":233,"column":22},"end":{"line":248,"column":24}}],"line":225},"52":{"loc":{"start":{"line":233,"column":22},"end":{"line":248,"column":24}},"type":"cond-expr","locations":[{"start":{"line":234,"column":22},"end":{"line":239,"column":24}},{"start":{"line":240,"column":24},"end":{"line":248,"column":24}}],"line":233},"53":{"loc":{"start":{"line":250,"column":17},"end":{"line":257,"column":24}},"type":"cond-expr","locations":[{"start":{"line":251,"column":18},"end":{"line":256,"column":31}},{"start":{"line":257,"column":20},"end":{"line":257,"column":24}}],"line":250},"54":{"loc":{"start":{"line":252,"column":74},"end":{"line":252,"column":116}},"type":"cond-expr","locations":[{"start":{"line":252,"column":100},"end":{"line":252,"column":109}},{"start":{"line":252,"column":112},"end":{"line":252,"column":116}}],"line":252},"55":{"loc":{"start":{"line":253,"column":27},"end":{"line":253,"column":74}},"type":"cond-expr","locations":[{"start":{"line":253,"column":53},"end":{"line":253,"column":69}},{"start":{"line":253,"column":72},"end":{"line":253,"column":74}}],"line":253},"56":{"loc":{"start":{"line":263,"column":9},"end":{"line":271,"column":16}},"type":"cond-expr","locations":[{"start":{"line":264,"column":10},"end":{"line":270,"column":19}},{"start":{"line":271,"column":12},"end":{"line":271,"column":16}}],"line":263},"57":{"loc":{"start":{"line":265,"column":63},"end":{"line":265,"column":100}},"type":"cond-expr","locations":[{"start":{"line":265,"column":84},"end":{"line":265,"column":93}},{"start":{"line":265,"column":96},"end":{"line":265,"column":100}}],"line":265},"58":{"loc":{"start":{"line":266,"column":19},"end":{"line":266,"column":56}},"type":"cond-expr","locations":[{"start":{"line":266,"column":40},"end":{"line":266,"column":51}},{"start":{"line":266,"column":54},"end":{"line":266,"column":56}}],"line":266},"59":{"loc":{"start":{"line":269,"column":17},"end":{"line":269,"column":61}},"type":"cond-expr","locations":[{"start":{"line":269,"column":35},"end":{"line":269,"column":56}},{"start":{"line":269,"column":59},"end":{"line":269,"column":61}}],"line":269},"60":{"loc":{"start":{"line":288,"column":4},"end":{"line":290,"column":5}},"type":"if","locations":[{"start":{"line":288,"column":4},"end":{"line":290,"column":5}},{"start":{},"end":{}}],"line":288},"61":{"loc":{"start":{"line":291,"column":13},"end":{"line":291,"column":45}},"type":"cond-expr","locations":[{"start":{"line":291,"column":27},"end":{"line":291,"column":40}},{"start":{"line":291,"column":43},"end":{"line":291,"column":45}}],"line":291},"62":{"loc":{"start":{"line":295,"column":17},"end":{"line":295,"column":47}},"type":"cond-expr","locations":[{"start":{"line":295,"column":33},"end":{"line":295,"column":42}},{"start":{"line":295,"column":45},"end":{"line":295,"column":47}}],"line":295},"63":{"loc":{"start":{"line":296,"column":13},"end":{"line":296,"column":40}},"type":"cond-expr","locations":[{"start":{"line":296,"column":29},"end":{"line":296,"column":35}},{"start":{"line":296,"column":38},"end":{"line":296,"column":40}}],"line":296},"64":{"loc":{"start":{"line":318,"column":23},"end":{"line":318,"column":58}},"type":"binary-expr","locations":[{"start":{"line":318,"column":23},"end":{"line":318,"column":31}},{"start":{"line":318,"column":35},"end":{"line":318,"column":58}}],"line":318},"65":{"loc":{"start":{"line":321,"column":17},"end":{"line":321,"column":47}},"type":"cond-expr","locations":[{"start":{"line":321,"column":33},"end":{"line":321,"column":42}},{"start":{"line":321,"column":45},"end":{"line":321,"column":47}}],"line":321},"66":{"loc":{"start":{"line":322,"column":13},"end":{"line":322,"column":40}},"type":"cond-expr","locations":[{"start":{"line":322,"column":29},"end":{"line":322,"column":35}},{"start":{"line":322,"column":38},"end":{"line":322,"column":40}}],"line":322},"67":{"loc":{"start":{"line":335,"column":13},"end":{"line":335,"column":45}},"type":"cond-expr","locations":[{"start":{"line":335,"column":27},"end":{"line":335,"column":40}},{"start":{"line":335,"column":43},"end":{"line":335,"column":45}}],"line":335},"68":{"loc":{"start":{"line":336,"column":20},"end":{"line":336,"column":68}},"type":"cond-expr","locations":[{"start":{"line":336,"column":43},"end":{"line":336,"column":61}},{"start":{"line":336,"column":64},"end":{"line":336,"column":68}}],"line":336},"69":{"loc":{"start":{"line":336,"column":20},"end":{"line":336,"column":40}},"type":"binary-expr","locations":[{"start":{"line":336,"column":20},"end":{"line":336,"column":26}},{"start":{"line":336,"column":30},"end":{"line":336,"column":40}}],"line":336},"70":{"loc":{"start":{"line":337,"column":26},"end":{"line":337,"column":49}},"type":"binary-expr","locations":[{"start":{"line":337,"column":26},"end":{"line":337,"column":36}},{"start":{"line":337,"column":40},"end":{"line":337,"column":49}}],"line":337},"71":{"loc":{"start":{"line":338,"column":23},"end":{"line":338,"column":54}},"type":"binary-expr","locations":[{"start":{"line":338,"column":23},"end":{"line":338,"column":33}},{"start":{"line":338,"column":37},"end":{"line":338,"column":54}}],"line":338},"72":{"loc":{"start":{"line":341,"column":32},"end":{"line":341,"column":62}},"type":"cond-expr","locations":[{"start":{"line":341,"column":48},"end":{"line":341,"column":57}},{"start":{"line":341,"column":60},"end":{"line":341,"column":62}}],"line":341},"73":{"loc":{"start":{"line":342,"column":28},"end":{"line":342,"column":55}},"type":"cond-expr","locations":[{"start":{"line":342,"column":44},"end":{"line":342,"column":50}},{"start":{"line":342,"column":53},"end":{"line":342,"column":55}}],"line":342},"74":{"loc":{"start":{"line":345,"column":36},"end":{"line":345,"column":77}},"type":"cond-expr","locations":[{"start":{"line":345,"column":48},"end":{"line":345,"column":62}},{"start":{"line":345,"column":65},"end":{"line":345,"column":77}}],"line":345},"75":{"loc":{"start":{"line":353,"column":17},"end":{"line":353,"column":68}},"type":"cond-expr","locations":[{"start":{"line":353,"column":45},"end":{"line":353,"column":56}},{"start":{"line":353,"column":59},"end":{"line":353,"column":68}}],"line":353},"76":{"loc":{"start":{"line":354,"column":22},"end":{"line":354,"column":102}},"type":"cond-expr","locations":[{"start":{"line":354,"column":48},"end":{"line":354,"column":51}},{"start":{"line":354,"column":54},"end":{"line":354,"column":102}}],"line":354},"77":{"loc":{"start":{"line":354,"column":54},"end":{"line":354,"column":102}},"type":"cond-expr","locations":[{"start":{"line":354,"column":86},"end":{"line":354,"column":95}},{"start":{"line":354,"column":98},"end":{"line":354,"column":102}}],"line":354},"78":{"loc":{"start":{"line":356,"column":4},"end":{"line":358,"column":5}},"type":"if","locations":[{"start":{"line":356,"column":4},"end":{"line":358,"column":5}},{"start":{},"end":{}}],"line":356},"79":{"loc":{"start":{"line":356,"column":7},"end":{"line":356,"column":27}},"type":"binary-expr","locations":[{"start":{"line":356,"column":7},"end":{"line":356,"column":12}},{"start":{"line":356,"column":16},"end":{"line":356,"column":27}}],"line":356},"80":{"loc":{"start":{"line":362,"column":19},"end":{"line":362,"column":97}},"type":"cond-expr","locations":[{"start":{"line":362,"column":56},"end":{"line":362,"column":76}},{"start":{"line":362,"column":79},"end":{"line":362,"column":97}}],"line":362},"81":{"loc":{"start":{"line":363,"column":6},"end":{"line":365,"column":7}},"type":"if","locations":[{"start":{"line":363,"column":6},"end":{"line":365,"column":7}},{"start":{},"end":{}}],"line":363},"82":{"loc":{"start":{"line":367,"column":6},"end":{"line":369,"column":7}},"type":"if","locations":[{"start":{"line":367,"column":6},"end":{"line":369,"column":7}},{"start":{},"end":{}}],"line":367},"83":{"loc":{"start":{"line":403,"column":13},"end":{"line":403,"column":78}},"type":"cond-expr","locations":[{"start":{"line":403,"column":27},"end":{"line":403,"column":40}},{"start":{"line":403,"column":43},"end":{"line":403,"column":78}}],"line":403},"84":{"loc":{"start":{"line":403,"column":43},"end":{"line":403,"column":78}},"type":"cond-expr","locations":[{"start":{"line":403,"column":67},"end":{"line":403,"column":73}},{"start":{"line":403,"column":76},"end":{"line":403,"column":78}}],"line":403},"85":{"loc":{"start":{"line":409,"column":18},"end":{"line":409,"column":79}},"type":"cond-expr","locations":[{"start":{"line":409,"column":34},"end":{"line":409,"column":74}},{"start":{"line":409,"column":77},"end":{"line":409,"column":79}}],"line":409},"86":{"loc":{"start":{"line":419,"column":9},"end":{"line":419,"column":83}},"type":"cond-expr","locations":[{"start":{"line":419,"column":30},"end":{"line":419,"column":35}},{"start":{"line":419,"column":38},"end":{"line":419,"column":83}}],"line":419},"87":{"loc":{"start":{"line":419,"column":38},"end":{"line":419,"column":83}},"type":"cond-expr","locations":[{"start":{"line":419,"column":61},"end":{"line":419,"column":74}},{"start":{"line":419,"column":77},"end":{"line":419,"column":83}}],"line":419}},"s":{"0":1,"1":1,"2":1,"3":1,"4":1,"5":0,"6":1,"7":0,"8":10,"9":10,"10":10,"11":10,"12":10,"13":10,"14":10,"15":2,"16":10,"17":1,"18":5,"19":0,"20":0,"21":5,"22":0,"23":5,"24":5,"25":5,"26":5,"27":5,"28":5,"29":3,"30":5,"31":5,"32":3,"33":3,"34":2,"35":2,"36":2,"37":0,"38":2,"39":1,"40":0,"41":0,"42":0,"43":0,"44":0,"45":0,"46":0,"47":0,"48":0,"49":0,"50":0,"51":0,"52":0,"53":0,"54":0,"55":0,"56":0,"57":0,"58":0,"59":0,"60":0,"61":0,"62":0,"63":0,"64":0,"65":0,"66":0,"67":0,"68":0,"69":0,"70":0,"71":0,"72":0,"73":0,"74":0,"75":0,"76":0,"77":0,"78":0,"79":0,"80":0,"81":0,"82":0,"83":0,"84":0,"85":0,"86":0,"87":0,"88":0,"89":0,"90":0,"91":0,"92":0,"93":0,"94":0,"95":0,"96":1,"97":0,"98":0,"99":0,"100":0,"101":0,"102":0,"103":0,"104":0,"105":1,"106":0,"107":0,"108":0,"109":0,"110":0,"111":0,"112":0,"113":1,"114":4,"115":0,"116":4,"117":4,"118":4,"119":4,"120":4,"121":4,"122":4,"123":1,"124":0,"125":0,"126":0,"127":0,"128":0,"129":0,"130":0,"131":0,"132":0,"133":0,"134":0,"135":0,"136":0,"137":0,"138":0,"139":0,"140":1,"141":1,"142":1,"143":0,"144":1,"145":0,"146":0,"147":1,"148":1,"149":1,"150":1,"151":0},"f":{"0":0,"1":1,"2":10,"3":10,"4":0,"5":0,"6":5,"7":0,"8":0,"9":0,"10":0,"11":0,"12":0,"13":0,"14":0,"15":0,"16":0,"17":0,"18":0,"19":0,"20":0,"21":0,"22":0,"23":0,"24":0,"25":0,"26":0,"27":0,"28":0,"29":0,"30":0,"31":0,"32":0,"33":0,"34":4,"35":0,"36":0,"37":1,"38":0,"39":0,"40":1,"41":0},"b":{"0":[0,1],"1":[0,1],"2":[10,0],"3":[10,10],"4":[10,0],"5":[10,10],"6":[10,0],"7":[1,9],"8":[2,8],"9":[0,0],"10":[0,0],"11":[5,0],"12":[5,5],"13":[5,0],"14":[5,5],"15":[5,0],"16":[5,5],"17":[5,0],"18":[5,5],"19":[3,2],"20":[5,0],"21":[3,2],"22":[0,3],"23":[0,3],"24":[2,2,0,0],"25":[0,2],"26":[2,2],"27":[0,0],"28":[0,0],"29":[0,2],"30":[2,1],"31":[0,2],"32":[0,2],"33":[0,0],"34":[0,0],"35":[0,0],"36":[0,0],"37":[0,0],"38":[0,0,0],"39":[0,0],"40":[0,0,0],"41":[0,0],"42":[0,0],"43":[0,0],"44":[0,0,0],"45":[0,0],"46":[0,0],"47":[0,0],"48":[0,0],"49":[0,0],"50":[0,0],"51":[0,0],"52":[0,0],"53":[0,0],"54":[0,0],"55":[0,0],"56":[0,0],"57":[0,0],"58":[0,0],"59":[0,0],"60":[0,0],"61":[0,0],"62":[0,0],"63":[0,0],"64":[0,0],"65":[0,0],"66":[0,0],"67":[4,0],"68":[4,0],"69":[4,4],"70":[4,2],"71":[4,2],"72":[0,4],"73":[0,4],"74":[2,2],"75":[0,0],"76":[0,0],"77":[0,0],"78":[0,0],"79":[0,0],"80":[0,0],"81":[0,0],"82":[0,0],"83":[1,0],"84":[0,0],"85":[0,1],"86":[0,0],"87":[0,0]},"_coverageSchema":"1a1c01bbd47fc00a2c39e90264f33305004495a9","hash":"98b6ecc7debfd4798d37b0ae0478066423798018"}
,"C:\\Users\\User\\source\\repos\\multi-swagger\\Multi-Swagger\\src\\core\\oauth2-authorize.js": {"path":"C:\\Users\\User\\source\\repos\\multi-swagger\\Multi-Swagger\\src\\core\\oauth2-authorize.js","statementMap":{"0":{"start":{"line":6,"column":43},"end":{"line":6,"column":47}},"1":{"start":{"line":7,"column":13},"end":{"line":7,"column":31}},"2":{"start":{"line":8,"column":14},"end":{"line":8,"column":16}},"3":{"start":{"line":10,"column":2},"end":{"line":38,"column":3}},"4":{"start":{"line":12,"column":6},"end":{"line":12,"column":41}},"5":{"start":{"line":13,"column":6},"end":{"line":13,"column":12}},"6":{"start":{"line":16,"column":6},"end":{"line":16,"column":44}},"7":{"start":{"line":17,"column":6},"end":{"line":17,"column":12}},"8":{"start":{"line":20,"column":6},"end":{"line":20,"column":38}},"9":{"start":{"line":21,"column":6},"end":{"line":21,"column":11}},"10":{"start":{"line":24,"column":6},"end":{"line":24,"column":39}},"11":{"start":{"line":25,"column":6},"end":{"line":25,"column":11}},"12":{"start":{"line":30,"column":6},"end":{"line":30,"column":44}},"13":{"start":{"line":31,"column":6},"end":{"line":31,"column":12}},"14":{"start":{"line":36,"column":6},"end":{"line":36,"column":38}},"15":{"start":{"line":37,"column":6},"end":{"line":37,"column":11}},"16":{"start":{"line":40,"column":2},"end":{"line":42,"column":3}},"17":{"start":{"line":41,"column":4},"end":{"line":41,"column":59}},"18":{"start":{"line":44,"column":20},"end":{"line":44,"column":45}},"19":{"start":{"line":47,"column":2},"end":{"line":55,"column":3}},"20":{"start":{"line":48,"column":4},"end":{"line":53,"column":6}},"21":{"start":{"line":54,"column":4},"end":{"line":54,"column":10}},"22":{"start":{"line":56,"column":2},"end":{"line":56,"column":63}},"23":{"start":{"line":58,"column":20},"end":{"line":58,"column":22}},"24":{"start":{"line":59,"column":2},"end":{"line":63,"column":3}},"25":{"start":{"line":60,"column":4},"end":{"line":60,"column":24}},"26":{"start":{"line":61,"column":9},"end":{"line":63,"column":3}},"27":{"start":{"line":62,"column":4},"end":{"line":62,"column":34}},"28":{"start":{"line":65,"column":2},"end":{"line":69,"column":3}},"29":{"start":{"line":66,"column":25},"end":{"line":66,"column":58}},"30":{"start":{"line":68,"column":4},"end":{"line":68,"column":79}},"31":{"start":{"line":71,"column":14},"end":{"line":71,"column":30}},"32":{"start":{"line":73,"column":2},"end":{"line":73,"column":50}},"33":{"start":{"line":75,"column":2},"end":{"line":77,"column":3}},"34":{"start":{"line":76,"column":4},"end":{"line":76,"column":64}},"35":{"start":{"line":79,"column":2},"end":{"line":89,"column":3}},"36":{"start":{"line":80,"column":27},"end":{"line":80,"column":49}},"37":{"start":{"line":81,"column":28},"end":{"line":81,"column":61}},"38":{"start":{"line":83,"column":6},"end":{"line":83,"column":51}},"39":{"start":{"line":84,"column":6},"end":{"line":84,"column":46}},"40":{"start":{"line":88,"column":6},"end":{"line":88,"column":38}},"41":{"start":{"line":91,"column":40},"end":{"line":91,"column":51}},"42":{"start":{"line":93,"column":2},"end":{"line":97,"column":3}},"43":{"start":{"line":94,"column":4},"end":{"line":96,"column":5}},"44":{"start":{"line":95,"column":6},"end":{"line":95,"column":91}},"45":{"start":{"line":99,"column":27},"end":{"line":99,"column":57}},"46":{"start":{"line":101,"column":2},"end":{"line":110,"column":3}},"47":{"start":{"line":103,"column":4},"end":{"line":107,"column":16}},"48":{"start":{"line":109,"column":4},"end":{"line":109,"column":61}},"49":{"start":{"line":111,"column":12},"end":{"line":111,"column":111}},"50":{"start":{"line":117,"column":2},"end":{"line":123,"column":3}},"51":{"start":{"line":118,"column":4},"end":{"line":118,"column":47}},"52":{"start":{"line":119,"column":9},"end":{"line":123,"column":3}},"53":{"start":{"line":120,"column":4},"end":{"line":120,"column":69}},"54":{"start":{"line":122,"column":4},"end":{"line":122,"column":60}},"55":{"start":{"line":125,"column":2},"end":{"line":131,"column":4}}},"fnMap":{"0":{"name":"authorize","decl":{"start":{"line":5,"column":24},"end":{"line":5,"column":33}},"loc":{"start":{"line":5,"column":112},"end":{"line":132,"column":1}},"line":5}},"branchMap":{"0":{"loc":{"start":{"line":5,"column":78},"end":{"line":5,"column":92}},"type":"default-arg","locations":[{"start":{"line":5,"column":90},"end":{"line":5,"column":92}}],"line":5},"1":{"loc":{"start":{"line":10,"column":2},"end":{"line":38,"column":3}},"type":"switch","locations":[{"start":{"line":11,"column":4},"end":{"line":13,"column":12}},{"start":{"line":15,"column":4},"end":{"line":17,"column":12}},{"start":{"line":19,"column":4},"end":{"line":21,"column":11}},{"start":{"line":23,"column":4},"end":{"line":25,"column":11}},{"start":{"line":27,"column":4},"end":{"line":27,"column":29}},{"start":{"line":28,"column":4},"end":{"line":31,"column":12}},{"start":{"line":33,"column":4},"end":{"line":33,"column":29}},{"start":{"line":34,"column":4},"end":{"line":37,"column":11}}],"line":10},"2":{"loc":{"start":{"line":40,"column":2},"end":{"line":42,"column":3}},"type":"if","locations":[{"start":{"line":40,"column":2},"end":{"line":42,"column":3}},{"start":{},"end":{}}],"line":40},"3":{"loc":{"start":{"line":47,"column":2},"end":{"line":55,"column":3}},"type":"if","locations":[{"start":{"line":47,"column":2},"end":{"line":55,"column":3}},{"start":{},"end":{}}],"line":47},"4":{"loc":{"start":{"line":59,"column":2},"end":{"line":63,"column":3}},"type":"if","locations":[{"start":{"line":59,"column":2},"end":{"line":63,"column":3}},{"start":{"line":61,"column":9},"end":{"line":63,"column":3}}],"line":59},"5":{"loc":{"start":{"line":61,"column":9},"end":{"line":63,"column":3}},"type":"if","locations":[{"start":{"line":61,"column":9},"end":{"line":63,"column":3}},{"start":{},"end":{}}],"line":61},"6":{"loc":{"start":{"line":65,"column":2},"end":{"line":69,"column":3}},"type":"if","locations":[{"start":{"line":65,"column":2},"end":{"line":69,"column":3}},{"start":{},"end":{}}],"line":65},"7":{"loc":{"start":{"line":66,"column":25},"end":{"line":66,"column":58}},"type":"binary-expr","locations":[{"start":{"line":66,"column":25},"end":{"line":66,"column":51}},{"start":{"line":66,"column":55},"end":{"line":66,"column":58}}],"line":66},"8":{"loc":{"start":{"line":75,"column":2},"end":{"line":77,"column":3}},"type":"if","locations":[{"start":{"line":75,"column":2},"end":{"line":77,"column":3}},{"start":{},"end":{}}],"line":75},"9":{"loc":{"start":{"line":79,"column":2},"end":{"line":89,"column":3}},"type":"if","locations":[{"start":{"line":79,"column":2},"end":{"line":89,"column":3}},{"start":{},"end":{}}],"line":79},"10":{"loc":{"start":{"line":79,"column":6},"end":{"line":79,"column":143}},"type":"binary-expr","locations":[{"start":{"line":79,"column":7},"end":{"line":79,"column":35}},{"start":{"line":79,"column":39},"end":{"line":79,"column":68}},{"start":{"line":79,"column":72},"end":{"line":79,"column":93}},{"start":{"line":79,"column":98},"end":{"line":79,"column":143}}],"line":79},"11":{"loc":{"start":{"line":94,"column":4},"end":{"line":96,"column":5}},"type":"if","locations":[{"start":{"line":94,"column":4},"end":{"line":96,"column":5}},{"start":{},"end":{}}],"line":94},"12":{"loc":{"start":{"line":101,"column":2},"end":{"line":110,"column":3}},"type":"if","locations":[{"start":{"line":101,"column":2},"end":{"line":110,"column":3}},{"start":{"line":108,"column":9},"end":{"line":110,"column":3}}],"line":101},"13":{"loc":{"start":{"line":111,"column":62},"end":{"line":111,"column":110}},"type":"cond-expr","locations":[{"start":{"line":111,"column":101},"end":{"line":111,"column":104}},{"start":{"line":111,"column":107},"end":{"line":111,"column":110}}],"line":111},"14":{"loc":{"start":{"line":117,"column":2},"end":{"line":123,"column":3}},"type":"if","locations":[{"start":{"line":117,"column":2},"end":{"line":123,"column":3}},{"start":{"line":119,"column":9},"end":{"line":123,"column":3}}],"line":117},"15":{"loc":{"start":{"line":119,"column":9},"end":{"line":123,"column":3}},"type":"if","locations":[{"start":{"line":119,"column":9},"end":{"line":123,"column":3}},{"start":{"line":121,"column":9},"end":{"line":123,"column":3}}],"line":119}},"s":{"0":8,"1":8,"2":8,"3":8,"4":0,"5":0,"6":0,"7":0,"8":4,"9":4,"10":0,"11":0,"12":0,"13":0,"14":4,"15":4,"16":8,"17":0,"18":8,"19":8,"20":0,"21":0,"22":8,"23":8,"24":8,"25":5,"26":3,"27":2,"28":8,"29":7,"30":7,"31":8,"32":8,"33":8,"34":0,"35":8,"36":3,"37":3,"38":3,"39":3,"40":3,"41":8,"42":8,"43":0,"44":0,"45":8,"46":8,"47":1,"48":7,"49":8,"50":8,"51":0,"52":8,"53":2,"54":6,"55":8},"f":{"0":8},"b":{"0":[0],"1":[0,0,4,0,0,0,1,4],"2":[0,8],"3":[0,8],"4":[5,3],"5":[2,1],"6":[7,1],"7":[7,7],"8":[0,8],"9":[3,5],"10":[8,7,4,8],"11":[0,0],"12":[1,7],"13":[3,5],"14":[0,8],"15":[2,6]},"_coverageSchema":"1a1c01bbd47fc00a2c39e90264f33305004495a9","hash":"e235d2b20737f91f1f7d6e7d2999c3a078526926"}
,"C:\\Users\\User\\source\\repos\\multi-swagger\\Multi-Swagger\\src\\core\\system.js": {"path":"C:\\Users\\User\\source\\repos\\multi-swagger\\Multi-Swagger\\src\\core\\system.js","statementMap":{"0":{"start":{"line":13,"column":13},"end":{"line":13,"column":19}},"1":{"start":{"line":13,"column":18},"end":{"line":13,"column":19}},"2":{"start":{"line":18,"column":19},"end":{"line":23,"column":3}},"3":{"start":{"line":25,"column":27},"end":{"line":25,"column":78}},"4":{"start":{"line":27,"column":2},"end":{"line":29,"column":4}},"5":{"start":{"line":35,"column":4},"end":{"line":48,"column":12}},"6":{"start":{"line":50,"column":4},"end":{"line":50,"column":47}},"7":{"start":{"line":53,"column":4},"end":{"line":53,"column":74}},"8":{"start":{"line":56,"column":4},"end":{"line":56,"column":27}},"9":{"start":{"line":59,"column":4},"end":{"line":59,"column":31}},"10":{"start":{"line":63,"column":4},"end":{"line":63,"column":21}},"11":{"start":{"line":67,"column":23},"end":{"line":67,"column":85}},"12":{"start":{"line":68,"column":4},"end":{"line":68,"column":43}},"13":{"start":{"line":69,"column":4},"end":{"line":71,"column":5}},"14":{"start":{"line":70,"column":6},"end":{"line":70,"column":24}},"15":{"start":{"line":73,"column":31},"end":{"line":73,"column":89}},"16":{"start":{"line":75,"column":4},"end":{"line":77,"column":5}},"17":{"start":{"line":76,"column":6},"end":{"line":76,"column":24}},"18":{"start":{"line":81,"column":19},"end":{"line":81,"column":43}},"19":{"start":{"line":82,"column":19},"end":{"line":82,"column":43}},"20":{"start":{"line":84,"column":4},"end":{"line":91,"column":6}},"21":{"start":{"line":93,"column":4},"end":{"line":94,"column":27}},"22":{"start":{"line":94,"column":6},"end":{"line":94,"column":27}},"23":{"start":{"line":98,"column":4},"end":{"line":98,"column":27}},"24":{"start":{"line":102,"column":4},"end":{"line":110,"column":37}},"25":{"start":{"line":114,"column":4},"end":{"line":114,"column":30}},"26":{"start":{"line":118,"column":4},"end":{"line":120,"column":5}},"27":{"start":{"line":124,"column":4},"end":{"line":124,"column":33}},"28":{"start":{"line":128,"column":4},"end":{"line":128,"column":69}},"29":{"start":{"line":136,"column":17},"end":{"line":136,"column":54}},"30":{"start":{"line":137,"column":4},"end":{"line":141,"column":8}},"31":{"start":{"line":138,"column":20},"end":{"line":138,"column":29}},"32":{"start":{"line":139,"column":8},"end":{"line":140,"column":43}},"33":{"start":{"line":140,"column":8},"end":{"line":140,"column":43}},"34":{"start":{"line":145,"column":4},"end":{"line":145,"column":36}},"35":{"start":{"line":149,"column":24},"end":{"line":149,"column":47}},"36":{"start":{"line":151,"column":4},"end":{"line":156,"column":6}},"37":{"start":{"line":152,"column":6},"end":{"line":155,"column":8}},"38":{"start":{"line":153,"column":8},"end":{"line":154,"column":39}},"39":{"start":{"line":154,"column":10},"end":{"line":154,"column":39}},"40":{"start":{"line":160,"column":23},"end":{"line":160,"column":53}},"41":{"start":{"line":161,"column":6},"end":{"line":185,"column":8}},"42":{"start":{"line":162,"column":23},"end":{"line":162,"column":88}},"43":{"start":{"line":163,"column":10},"end":{"line":183,"column":11}},"44":{"start":{"line":164,"column":12},"end":{"line":182,"column":14}},"45":{"start":{"line":165,"column":25},"end":{"line":165,"column":45}},"46":{"start":{"line":166,"column":14},"end":{"line":168,"column":15}},"47":{"start":{"line":167,"column":16},"end":{"line":167,"column":29}},"48":{"start":{"line":170,"column":14},"end":{"line":172,"column":15}},"49":{"start":{"line":171,"column":16},"end":{"line":171,"column":29}},"50":{"start":{"line":173,"column":14},"end":{"line":181,"column":46}},"51":{"start":{"line":174,"column":32},"end":{"line":176,"column":17}},"52":{"start":{"line":175,"column":18},"end":{"line":175,"column":59}},"53":{"start":{"line":177,"column":16},"end":{"line":179,"column":17}},"54":{"start":{"line":178,"column":18},"end":{"line":178,"column":131}},"55":{"start":{"line":180,"column":16},"end":{"line":180,"column":50}},"56":{"start":{"line":184,"column":8},"end":{"line":184,"column":22}},"57":{"start":{"line":189,"column":25},"end":{"line":189,"column":68}},"58":{"start":{"line":190,"column":6},"end":{"line":215,"column":8}},"59":{"start":{"line":191,"column":24},"end":{"line":191,"column":56}},"60":{"start":{"line":192,"column":23},"end":{"line":192,"column":72}},"61":{"start":{"line":193,"column":10},"end":{"line":213,"column":11}},"62":{"start":{"line":194,"column":12},"end":{"line":212,"column":14}},"63":{"start":{"line":195,"column":25},"end":{"line":195,"column":47}},"64":{"start":{"line":196,"column":14},"end":{"line":198,"column":15}},"65":{"start":{"line":197,"column":16},"end":{"line":197,"column":31}},"66":{"start":{"line":200,"column":14},"end":{"line":202,"column":15}},"67":{"start":{"line":201,"column":16},"end":{"line":201,"column":29}},"68":{"start":{"line":203,"column":14},"end":{"line":211,"column":48}},"69":{"start":{"line":204,"column":38},"end":{"line":206,"column":17}},"70":{"start":{"line":205,"column":18},"end":{"line":205,"column":88}},"71":{"start":{"line":207,"column":16},"end":{"line":209,"column":17}},"72":{"start":{"line":208,"column":18},"end":{"line":208,"column":132}},"73":{"start":{"line":210,"column":16},"end":{"line":210,"column":38}},"74":{"start":{"line":214,"column":8},"end":{"line":214,"column":24}},"75":{"start":{"line":219,"column":4},"end":{"line":222,"column":10}},"76":{"start":{"line":220,"column":6},"end":{"line":220,"column":31}},"77":{"start":{"line":221,"column":6},"end":{"line":221,"column":16}},"78":{"start":{"line":226,"column":4},"end":{"line":229,"column":8}},"79":{"start":{"line":227,"column":8},"end":{"line":227,"column":43}},"80":{"start":{"line":227,"column":24},"end":{"line":227,"column":43}},"81":{"start":{"line":228,"column":4},"end":{"line":228,"column":14}},"82":{"start":{"line":233,"column":4},"end":{"line":235,"column":5}},"83":{"start":{"line":239,"column":16},"end":{"line":239,"column":49}},"84":{"start":{"line":241,"column":4},"end":{"line":245,"column":5}},"85":{"start":{"line":242,"column":6},"end":{"line":244,"column":8}},"86":{"start":{"line":243,"column":8},"end":{"line":243,"column":45}},"87":{"start":{"line":246,"column":4},"end":{"line":248,"column":5}},"88":{"start":{"line":247,"column":6},"end":{"line":247,"column":46}},"89":{"start":{"line":250,"column":4},"end":{"line":250,"column":33}},"90":{"start":{"line":254,"column":4},"end":{"line":269,"column":6}},"91":{"start":{"line":255,"column":22},"end":{"line":255,"column":40}},"92":{"start":{"line":256,"column":29},"end":{"line":256,"column":61}},"93":{"start":{"line":256,"column":34},"end":{"line":256,"column":61}},"94":{"start":{"line":258,"column":6},"end":{"line":268,"column":8}},"95":{"start":{"line":259,"column":8},"end":{"line":267,"column":9}},"96":{"start":{"line":260,"column":20},"end":{"line":260,"column":81}},"97":{"start":{"line":263,"column":10},"end":{"line":264,"column":52}},"98":{"start":{"line":264,"column":12},"end":{"line":264,"column":52}},"99":{"start":{"line":266,"column":10},"end":{"line":266,"column":20}},"100":{"start":{"line":274,"column":4},"end":{"line":274,"column":51}},"101":{"start":{"line":276,"column":20},"end":{"line":276,"column":37}},"102":{"start":{"line":278,"column":20},"end":{"line":296,"column":5}},"103":{"start":{"line":279,"column":6},"end":{"line":281,"column":7}},"104":{"start":{"line":280,"column":8},"end":{"line":280,"column":53}},"105":{"start":{"line":280,"column":39},"end":{"line":280,"column":52}},"106":{"start":{"line":283,"column":6},"end":{"line":294,"column":7}},"107":{"start":{"line":284,"column":21},"end":{"line":284,"column":25}},"108":{"start":{"line":285,"column":8},"end":{"line":293,"column":9}},"109":{"start":{"line":286,"column":10},"end":{"line":286,"column":37}},"110":{"start":{"line":289,"column":10},"end":{"line":289,"column":83}},"111":{"start":{"line":292,"column":10},"end":{"line":292,"column":23}},"112":{"start":{"line":297,"column":4},"end":{"line":297,"column":102}},"113":{"start":{"line":297,"column":44},"end":{"line":297,"column":100}},"114":{"start":{"line":301,"column":4},"end":{"line":303,"column":5}},"115":{"start":{"line":302,"column":6},"end":{"line":302,"column":48}},"116":{"start":{"line":307,"column":4},"end":{"line":309,"column":5}},"117":{"start":{"line":308,"column":6},"end":{"line":308,"column":91}},"118":{"start":{"line":315,"column":2},"end":{"line":317,"column":3}},"119":{"start":{"line":316,"column":4},"end":{"line":316,"column":29}},"120":{"start":{"line":319,"column":2},"end":{"line":321,"column":3}},"121":{"start":{"line":320,"column":4},"end":{"line":320,"column":67}},"122":{"start":{"line":323,"column":2},"end":{"line":329,"column":3}},"123":{"start":{"line":324,"column":17},"end":{"line":324,"column":88}},"124":{"start":{"line":326,"column":4},"end":{"line":328,"column":31}},"125":{"start":{"line":327,"column":19},"end":{"line":327,"column":65}},"126":{"start":{"line":331,"column":2},"end":{"line":331,"column":11}},"127":{"start":{"line":335,"column":24},"end":{"line":335,"column":33}},"128":{"start":{"line":336,"column":2},"end":{"line":341,"column":3}},"129":{"start":{"line":337,"column":4},"end":{"line":340,"column":5}},"130":{"start":{"line":338,"column":6},"end":{"line":338,"column":28}},"131":{"start":{"line":339,"column":6},"end":{"line":339,"column":60}},"132":{"start":{"line":343,"column":2},"end":{"line":344,"column":92}},"133":{"start":{"line":344,"column":4},"end":{"line":344,"column":92}},"134":{"start":{"line":346,"column":2},"end":{"line":348,"column":3}},"135":{"start":{"line":347,"column":4},"end":{"line":347,"column":106}},"136":{"start":{"line":347,"column":33},"end":{"line":347,"column":105}},"137":{"start":{"line":350,"column":2},"end":{"line":350,"column":24}},"138":{"start":{"line":358,"column":2},"end":{"line":360,"column":3}},"139":{"start":{"line":359,"column":4},"end":{"line":359,"column":13}},"140":{"start":{"line":361,"column":2},"end":{"line":363,"column":3}},"141":{"start":{"line":362,"column":4},"end":{"line":362,"column":15}},"142":{"start":{"line":367,"column":2},"end":{"line":385,"column":3}},"143":{"start":{"line":368,"column":4},"end":{"line":377,"column":6}},"144":{"start":{"line":369,"column":18},"end":{"line":369,"column":57}},"145":{"start":{"line":370,"column":6},"end":{"line":376,"column":7}},"146":{"start":{"line":371,"column":8},"end":{"line":371,"column":54}},"147":{"start":{"line":372,"column":8},"end":{"line":372,"column":38}},"148":{"start":{"line":373,"column":13},"end":{"line":376,"column":7}},"149":{"start":{"line":374,"column":8},"end":{"line":374,"column":47}},"150":{"start":{"line":375,"column":8},"end":{"line":375,"column":38}},"151":{"start":{"line":379,"column":4},"end":{"line":384,"column":5}},"152":{"start":{"line":383,"column":6},"end":{"line":383,"column":31}},"153":{"start":{"line":391,"column":27},"end":{"line":391,"column":31}},"154":{"start":{"line":392,"column":2},"end":{"line":437,"column":3}},"155":{"start":{"line":393,"column":4},"end":{"line":436,"column":5}},"156":{"start":{"line":394,"column":27},"end":{"line":394,"column":50}},"157":{"start":{"line":395,"column":6},"end":{"line":397,"column":7}},"158":{"start":{"line":396,"column":8},"end":{"line":396,"column":16}},"159":{"start":{"line":399,"column":45},"end":{"line":399,"column":57}},"160":{"start":{"line":402,"column":6},"end":{"line":417,"column":7}},"161":{"start":{"line":403,"column":8},"end":{"line":416,"column":9}},"162":{"start":{"line":404,"column":23},"end":{"line":404,"column":46}},"163":{"start":{"line":407,"column":10},"end":{"line":410,"column":11}},"164":{"start":{"line":408,"column":12},"end":{"line":408,"column":29}},"165":{"start":{"line":409,"column":12},"end":{"line":409,"column":44}},"166":{"start":{"line":412,"column":10},"end":{"line":414,"column":11}},"167":{"start":{"line":413,"column":12},"end":{"line":413,"column":149}},"168":{"start":{"line":420,"column":6},"end":{"line":435,"column":7}},"169":{"start":{"line":421,"column":8},"end":{"line":434,"column":9}},"170":{"start":{"line":422,"column":25},"end":{"line":422,"column":52}},"171":{"start":{"line":425,"column":10},"end":{"line":428,"column":11}},"172":{"start":{"line":426,"column":12},"end":{"line":426,"column":33}},"173":{"start":{"line":427,"column":12},"end":{"line":427,"column":50}},"174":{"start":{"line":430,"column":10},"end":{"line":432,"column":11}},"175":{"start":{"line":431,"column":12},"end":{"line":431,"column":161}},"176":{"start":{"line":439,"column":2},"end":{"line":439,"column":30}},"177":{"start":{"line":443,"column":19},"end":{"line":445,"column":4}},"178":{"start":{"line":444,"column":4},"end":{"line":444,"column":23}},"179":{"start":{"line":446,"column":2},"end":{"line":446,"column":32}},"180":{"start":{"line":450,"column":17},"end":{"line":453,"column":7}},"181":{"start":{"line":451,"column":4},"end":{"line":451,"column":46}},"182":{"start":{"line":452,"column":4},"end":{"line":452,"column":14}},"183":{"start":{"line":455,"column":2},"end":{"line":457,"column":3}},"184":{"start":{"line":456,"column":4},"end":{"line":456,"column":15}},"185":{"start":{"line":459,"column":2},"end":{"line":459,"column":34}},"186":{"start":{"line":463,"column":2},"end":{"line":475,"column":3}},"187":{"start":{"line":464,"column":4},"end":{"line":465,"column":18}},"188":{"start":{"line":465,"column":6},"end":{"line":465,"column":18}},"189":{"start":{"line":467,"column":17},"end":{"line":467,"column":40}},"190":{"start":{"line":468,"column":4},"end":{"line":473,"column":5}},"191":{"start":{"line":469,"column":18},"end":{"line":469,"column":56}},"192":{"start":{"line":472,"column":6},"end":{"line":472,"column":39}},"193":{"start":{"line":474,"column":4},"end":{"line":474,"column":16}},"194":{"start":{"line":481,"column":2},"end":{"line":483,"column":3}},"195":{"start":{"line":482,"column":4},"end":{"line":482,"column":13}},"196":{"start":{"line":485,"column":2},"end":{"line":494,"column":3}},"197":{"start":{"line":486,"column":4},"end":{"line":493,"column":5}},"198":{"start":{"line":487,"column":6},"end":{"line":487,"column":35}},"199":{"start":{"line":489,"column":6},"end":{"line":491,"column":7}},"200":{"start":{"line":490,"column":8},"end":{"line":490,"column":24}},"201":{"start":{"line":492,"column":6},"end":{"line":492,"column":17}},"202":{"start":{"line":498,"column":16},"end":{"line":498,"column":79}},"203":{"start":{"line":508,"column":2},"end":{"line":508,"column":14}}},"fnMap":{"0":{"name":"(anonymous_0)","decl":{"start":{"line":13,"column":13},"end":{"line":13,"column":14}},"loc":{"start":{"line":13,"column":18},"end":{"line":13,"column":19}},"line":13},"1":{"name":"createStoreWithMiddleware","decl":{"start":{"line":16,"column":9},"end":{"line":16,"column":34}},"loc":{"start":{"line":16,"column":73},"end":{"line":30,"column":1}},"line":16},"2":{"name":"(anonymous_2)","decl":{"start":{"line":34,"column":2},"end":{"line":34,"column":3}},"loc":{"start":{"line":34,"column":23},"end":{"line":60,"column":3}},"line":34},"3":{"name":"(anonymous_3)","decl":{"start":{"line":62,"column":2},"end":{"line":62,"column":3}},"loc":{"start":{"line":62,"column":13},"end":{"line":64,"column":3}},"line":62},"4":{"name":"(anonymous_4)","decl":{"start":{"line":66,"column":2},"end":{"line":66,"column":3}},"loc":{"start":{"line":66,"column":34},"end":{"line":78,"column":3}},"line":66},"5":{"name":"(anonymous_5)","decl":{"start":{"line":80,"column":2},"end":{"line":80,"column":3}},"loc":{"start":{"line":80,"column":33},"end":{"line":95,"column":3}},"line":80},"6":{"name":"(anonymous_6)","decl":{"start":{"line":97,"column":2},"end":{"line":97,"column":3}},"loc":{"start":{"line":97,"column":15},"end":{"line":99,"column":3}},"line":97},"7":{"name":"(anonymous_7)","decl":{"start":{"line":101,"column":2},"end":{"line":101,"column":3}},"loc":{"start":{"line":101,"column":19},"end":{"line":111,"column":3}},"line":101},"8":{"name":"(anonymous_8)","decl":{"start":{"line":113,"column":2},"end":{"line":113,"column":3}},"loc":{"start":{"line":113,"column":15},"end":{"line":115,"column":3}},"line":113},"9":{"name":"(anonymous_9)","decl":{"start":{"line":117,"column":2},"end":{"line":117,"column":3}},"loc":{"start":{"line":117,"column":15},"end":{"line":121,"column":3}},"line":117},"10":{"name":"(anonymous_10)","decl":{"start":{"line":123,"column":2},"end":{"line":123,"column":3}},"loc":{"start":{"line":123,"column":22},"end":{"line":125,"column":3}},"line":123},"11":{"name":"(anonymous_11)","decl":{"start":{"line":127,"column":2},"end":{"line":127,"column":3}},"loc":{"start":{"line":127,"column":19},"end":{"line":129,"column":3}},"line":127},"12":{"name":"(anonymous_12)","decl":{"start":{"line":135,"column":2},"end":{"line":135,"column":3}},"loc":{"start":{"line":135,"column":16},"end":{"line":142,"column":3}},"line":135},"13":{"name":"(anonymous_13)","decl":{"start":{"line":137,"column":47},"end":{"line":137,"column":48}},"loc":{"start":{"line":137,"column":67},"end":{"line":141,"column":7}},"line":137},"14":{"name":"(anonymous_14)","decl":{"start":{"line":144,"column":2},"end":{"line":144,"column":3}},"loc":{"start":{"line":144,"column":17},"end":{"line":146,"column":3}},"line":144},"15":{"name":"(anonymous_15)","decl":{"start":{"line":148,"column":2},"end":{"line":148,"column":3}},"loc":{"start":{"line":148,"column":15},"end":{"line":157,"column":3}},"line":148},"16":{"name":"(anonymous_16)","decl":{"start":{"line":151,"column":33},"end":{"line":151,"column":34}},"loc":{"start":{"line":151,"column":46},"end":{"line":156,"column":5}},"line":151},"17":{"name":"(anonymous_17)","decl":{"start":{"line":152,"column":32},"end":{"line":152,"column":33}},"loc":{"start":{"line":152,"column":56},"end":{"line":155,"column":7}},"line":152},"18":{"name":"(anonymous_18)","decl":{"start":{"line":159,"column":2},"end":{"line":159,"column":3}},"loc":{"start":{"line":159,"column":38},"end":{"line":186,"column":3}},"line":159},"19":{"name":"(anonymous_19)","decl":{"start":{"line":161,"column":34},"end":{"line":161,"column":35}},"loc":{"start":{"line":161,"column":64},"end":{"line":185,"column":7}},"line":161},"20":{"name":"(anonymous_20)","decl":{"start":{"line":164,"column":35},"end":{"line":164,"column":36}},"loc":{"start":{"line":164,"column":59},"end":{"line":182,"column":13}},"line":164},"21":{"name":"(anonymous_21)","decl":{"start":{"line":173,"colum
[...]
ous_6)","decl":{"start":{"line":36,"column":20},"end":{"line":36,"column":21}},"loc":{"start":{"line":36,"column":65},"end":{"line":48,"column":1}},"line":36},"7":{"name":"(anonymous_7)","decl":{"start":{"line":37,"column":26},"end":{"line":37,"column":27}},"loc":{"start":{"line":37,"column":47},"end":{"line":41,"column":3}},"line":37},"8":{"name":"(anonymous_8)","decl":{"start":{"line":39,"column":82},"end":{"line":39,"column":83}},"loc":{"start":{"line":39,"column":92},"end":{"line":39,"column":99}},"line":39},"9":{"name":"(anonymous_9)","decl":{"start":{"line":50,"column":20},"end":{"line":50,"column":21}},"loc":{"start":{"line":50,"column":61},"end":{"line":58,"column":1}},"line":50},"10":{"name":"(anonymous_10)","decl":{"start":{"line":60,"column":35},"end":{"line":60,"column":36}},"loc":{"start":{"line":60,"column":77},"end":{"line":81,"column":1}},"line":60},"11":{"name":"(anonymous_11)","decl":{"start":{"line":60,"column":77},"end":{"line":60,"column":78}},"loc":{"start":{"line":60,"column":105},"end":{"line":81,"column":1}},"line":60},"12":{"name":"(anonymous_12)","decl":{"start":{"line":65,"column":4},"end":{"line":65,"column":5}},"loc":{"start":{"line":65,"column":32},"end":{"line":68,"column":5}},"line":65},"13":{"name":"(anonymous_13)","decl":{"start":{"line":70,"column":4},"end":{"line":70,"column":5}},"loc":{"start":{"line":70,"column":48},"end":{"line":72,"column":5}},"line":70},"14":{"name":"(anonymous_14)","decl":{"start":{"line":74,"column":4},"end":{"line":74,"column":5}},"loc":{"start":{"line":74,"column":13},"end":{"line":77,"column":5}},"line":74},"15":{"name":"(anonymous_15)","decl":{"start":{"line":83,"column":22},"end":{"line":83,"column":23}},"loc":{"start":{"line":83,"column":76},"end":{"line":86,"column":1}},"line":83},"16":{"name":"(anonymous_16)","decl":{"start":{"line":83,"column":76},"end":{"line":83,"column":77}},"loc":{"start":{"line":83,"column":89},"end":{"line":86,"column":1}},"line":83},"17":{"name":"(anonymous_17)","decl":{"start":{"line":88,"column":28},"end":{"line":88,"column":29}},"loc":{"start":{"line":88,"column":68},"end":{"line":115,"column":1}},"line":88},"18":{"name":"(anonymous_18)","decl":{"start":{"line":88,"column":68},"end":{"line":88,"column":69}},"loc":{"start":{"line":88,"column":111},"end":{"line":115,"column":1}},"line":88}},"branchMap":{"0":{"loc":{"start":{"line":39,"column":34},"end":{"line":39,"column":101}},"type":"binary-expr","locations":[{"start":{"line":39,"column":34},"end":{"line":39,"column":77}},{"start":{"line":39,"column":82},"end":{"line":39,"column":100}}],"line":39},"1":{"loc":{"start":{"line":44,"column":4},"end":{"line":44,"column":59}},"type":"cond-expr","locations":[{"start":{"line":44,"column":17},"end":{"line":44,"column":48}},{"start":{"line":44,"column":51},"end":{"line":44,"column":59}}],"line":44},"2":{"loc":{"start":{"line":54,"column":4},"end":{"line":56,"column":5}},"type":"if","locations":[{"start":{"line":54,"column":4},"end":{"line":56,"column":5}},{"start":{},"end":{}}],"line":54},"3":{"loc":{"start":{"line":75,"column":42},"end":{"line":75,"column":77}},"type":"cond-expr","locations":[{"start":{"line":75,"column":52},"end":{"line":75,"column":72}},{"start":{"line":75,"column":75},"end":{"line":75,"column":77}}],"line":75},"4":{"loc":{"start":{"line":88,"column":95},"end":{"line":88,"column":106}},"type":"default-arg","locations":[{"start":{"line":88,"column":104},"end":{"line":88,"column":106}}],"line":88},"5":{"loc":{"start":{"line":90,"column":2},"end":{"line":91,"column":99}},"type":"if","locations":[{"start":{"line":90,"column":2},"end":{"line":91,"column":99}},{"start":{},"end":{}}],"line":90},"6":{"loc":{"start":{"line":98,"column":2},"end":{"line":103,"column":3}},"type":"if","locations":[{"start":{"line":98,"column":2},"end":{"line":103,"column":3}},{"start":{},"end":{}}],"line":98},"7":{"loc":{"start":{"line":99,"column":4},"end":{"line":101,"column":5}},"type":"if","locations":[{"start":{"line":99,"column":4},"end":{"line":101,"column":5}},{"start":{},"end":{}}],"line":99},"8":{"loc":{"start":{"line":105,"column":2},"end":{"line":107,"column":3}},"type":"if","locations":[{"start":{"line":105,"column":2},"end":{"line":107,"column":3}},{"start":{},"end":{}}],"line":105},"9":{"loc":{"start":{"line":109,"column":2},"end":{"line":111,"column":3}},"type":"if","locations":[{"start":{"line":109,"column":2},"end":{"line":111,"column":3}},{"start":{},"end":{}}],"line":109}},"s":{"0":2,"1":4,"2":4,"3":4,"4":4,"5":4,"6":2,"7":0,"8":0,"9":0,"10":0,"11":0,"12":2,"13":4,"14":4,"15":4,"16":2,"17":4,"18":4,"19":2,"20":0,"21":0,"22":0,"23":0,"24":2,"25":20,"26":0,"27":0,"28":0,"29":0,"30":0,"31":0,"32":0,"33":0,"34":0,"35":2,"36":20,"37":0,"38":0,"39":2,"40":20,"41":24,"42":0,"43":24,"44":24,"45":0,"46":0,"47":0,"48":24,"49":20,"50":4,"51":0,"52":4},"f":{"0":4,"1":4,"2":4,"3":0,"4":0,"5":0,"6":4,"7":4,"8":2,"9":0,"10":20,"11":0,"12":0,"13":0,"14":0,"15":20,"16":0,"17":20,"18":24},"b":{"0":[4,2],"1":[0,4],"2":[0,0],"3":[0,0],"4":[24],"5":[0,24],"6":[0,24],"7":[0,0],"8":[20,4],"9":[0,4]},"_coverageSchema":"1a1c01bbd47fc00a2c39e90264f33305004495a9","hash":"512a7e2d5394717242fe4ba638775f2861557236"}
,"C:\\Users\\User\\source\\repos\\multi-swagger\\Multi-Swagger\\src\\core\\utils\\jsonParse.js": {"path":"C:\\Users\\User\\source\\repos\\multi-swagger\\Multi-Swagger\\src\\core\\utils\\jsonParse.js","statementMap":{"0":{"start":{"line":2,"column":2},"end":{"line":8,"column":3}},"1":{"start":{"line":3,"column":27},"end":{"line":3,"column":42}},"2":{"start":{"line":4,"column":4},"end":{"line":4,"column":42}},"3":{"start":{"line":7,"column":4},"end":{"line":7,"column":15}},"4":{"start":{"line":13,"column":22},"end":{"line":13,"column":39}},"5":{"start":{"line":14,"column":2},"end":{"line":14,"column":36}}},"fnMap":{"0":{"name":"canJsonParse","decl":{"start":{"line":1,"column":16},"end":{"line":1,"column":28}},"loc":{"start":{"line":1,"column":34},"end":{"line":9,"column":1}},"line":1},"1":{"name":"getKnownSyntaxHighlighterLanguage","decl":{"start":{"line":11,"column":16},"end":{"line":11,"column":49}},"loc":{"start":{"line":11,"column":55},"end":{"line":15,"column":1}},"line":11}},"branchMap":{"0":{"loc":{"start":{"line":4,"column":11},"end":{"line":4,"column":42}},"type":"cond-expr","locations":[{"start":{"line":4,"column":30},"end":{"line":4,"column":34}},{"start":{"line":4,"column":37},"end":{"line":4,"column":42}}],"line":4},"1":{"loc":{"start":{"line":14,"column":9},"end":{"line":14,"column":36}},"type":"cond-expr","locations":[{"start":{"line":14,"column":23},"end":{"line":14,"column":29}},{"start":{"line":14,"column":32},"end":{"line":14,"column":36}}],"line":14}},"s":{"0":5,"1":5,"2":3,"3":2,"4":5,"5":5},"f":{"0":5,"1":5},"b":{"0":[3,0],"1":[3,2]},"_coverageSchema":"1a1c01bbd47fc00a2c39e90264f33305004495a9","hash":"1c221c8f1a2b10c39ca8c8c0965d33d8fd0f2b4a"}
,"C:\\Users\\User\\source\\repos\\multi-swagger\\Multi-Swagger\\src\\core\\utils\\url.js": {"path":"C:\\Users\\User\\source\\repos\\multi-swagger\\Multi-Swagger\\src\\core\\utils\\url.js","statementMap":{"0":{"start":{"line":2,"column":2},"end":{"line":2,"column":40}},"1":{"start":{"line":6,"column":2},"end":{"line":6,"column":38}},"2":{"start":{"line":6,"column":28},"end":{"line":6,"column":38}},"3":{"start":{"line":8,"column":2},"end":{"line":8,"column":44}},"4":{"start":{"line":12,"column":2},"end":{"line":12,"column":37}},"5":{"start":{"line":12,"column":23},"end":{"line":12,"column":37}},"6":{"start":{"line":13,"column":2},"end":{"line":13,"column":71}},"7":{"start":{"line":13,"column":37},"end":{"line":13,"column":71}},"8":{"start":{"line":15,"column":2},"end":{"line":15,"column":46}},"9":{"start":{"line":19,"column":2},"end":{"line":19,"column":28}},"10":{"start":{"line":19,"column":12},"end":{"line":19,"column":28}},"11":{"start":{"line":20,"column":2},"end":{"line":20,"column":36}},"12":{"start":{"line":20,"column":26},"end":{"line":20,"column":36}},"13":{"start":{"line":22,"column":18},"end":{"line":22,"column":55}},"14":{"start":{"line":23,"column":2},"end":{"line":25,"column":3}},"15":{"start":{"line":24,"column":4},"end":{"line":24,"column":50}},"16":{"start":{"line":26,"column":2},"end":{"line":26,"column":35}},"17":{"start":{"line":34,"column":2},"end":{"line":38,"column":3}},"18":{"start":{"line":35,"column":4},"end":{"line":35,"column":53}},"19":{"start":{"line":37,"column":4},"end":{"line":37,"column":20}}},"fnMap":{"0":{"name":"isAbsoluteUrl","decl":{"start":{"line":1,"column":16},"end":{"line":1,"column":29}},"loc":{"start":{"line":1,"column":35},"end":{"line":3,"column":1}},"line":1},"1":{"name":"addProtocol","decl":{"start":{"line":5,"column":16},"end":{"line":5,"column":27}},"loc":{"start":{"line":5,"column":33},"end":{"line":9,"column":1}},"line":5},"2":{"name":"buildBaseUrl","decl":{"start":{"line":11,"column":16},"end":{"line":11,"column":28}},"loc":{"start":{"line":11,"column":54},"end":{"line":16,"column":1}},"line":11},"3":{"name":"buildUrl","decl":{"start":{"line":18,"column":16},"end":{"line":18,"column":24}},"loc":{"start":{"line":18,"column":67},"end":{"line":27,"column":1}},"line":18},"4":{"name":"safeBuildUrl","decl":{"start":{"line":33,"column":16},"end":{"line":33,"column":28}},"loc":{"start":{"line":33,"column":71},"end":{"line":39,"column":1}},"line":33}},"branchMap":{"0":{"loc":{"start":{"line":6,"column":2},"end":{"line":6,"column":38}},"type":"if","locations":[{"start":{"line":6,"column":2},"end":{"line":6,"column":38}},{"start":{},"end":{}}],"line":6},"1":{"loc":{"start":{"line":12,"column":2},"end":{"line":12,"column":37}},"type":"if","locations":[{"start":{"line":12,"column":2},"end":{"line":12,"column":37}},{"start":{},"end":{}}],"line":12},"2":{"loc":{"start":{"line":13,"column":2},"end":{"line":13,"column":71}},"type":"if","locations":[{"start":{"line":13,"column":2},"end":{"line":13,"column":71}},{"start":{},"end":{}}],"line":13},"3":{"loc":{"start":{"line":18,"column":39},"end":{"line":18,"column":65}},"type":"default-arg","locations":[{"start":{"line":18,"column":63},"end":{"line":18,"column":65}}],"line":18},"4":{"loc":{"start":{"line":18,"column":41},"end":{"line":18,"column":58}},"type":"default-arg","locations":[{"start":{"line":18,"column":56},"end":{"line":18,"column":58}}],"line":18},"5":{"loc":{"start":{"line":19,"column":2},"end":{"line":19,"column":28}},"type":"if","locations":[{"start":{"line":19,"column":2},"end":{"line":19,"column":28}},{"start":{},"end":{}}],"line":19},"6":{"loc":{"start":{"line":20,"column":2},"end":{"line":20,"column":36}},"type":"if","locations":[{"start":{"line":20,"column":2},"end":{"line":20,"column":36}},{"start":{},"end":{}}],"line":20},"7":{"loc":{"start":{"line":23,"column":2},"end":{"line":25,"column":3}},"type":"if","locations":[{"start":{"line":23,"column":2},"end":{"line":25,"column":3}},{"start":{},"end":{}}],"line":23},"8":{"loc":{"start":{"line":33,"column":43},"end":{"line":33,"column":69}},"type":"default-arg","locations":[{"start":{"line":33,"column":67},"end":{"line":33,"column":69}}],"line":33},"9":{"loc":{"start":{"line":33,"column":45},"end":{"line":33,"column":62}},"type":"default-arg","locations":[{"start":{"line":33,"column":60},"end":{"line":33,"column":62}}],"line":33}},"s":{"0":80,"1":7,"2":7,"3":0,"4":26,"5":9,"6":17,"7":7,"8":10,"9":50,"10":18,"11":32,"12":10,"13":22,"14":22,"15":4,"16":18,"17":33,"18":33,"19":1},"f":{"0":80,"1":7,"2":26,"3":50,"4":33},"b":{"0":[7,0],"1":[9,17],"2":[7,10],"3":[0],"4":[0],"5":[18,32],"6":[10,22],"7":[4,18],"8":[0],"9":[12]},"_coverageSchema":"1a1c01bbd47fc00a2c39e90264f33305004495a9","hash":"d09ad479b4a7168e8b4eda8422092fe09f692c73"}
,"C:\\Users\\User\\source\\repos\\multi-swagger\\Multi-Swagger\\src\\helpers\\get-parameter-schema.js": {"path":"C:\\Users\\User\\source\\repos\\multi-swagger\\Multi-Swagger\\src\\helpers\\get-parameter-schema.js","statementMap":{"0":{"start":{"line":7,"column":27},"end":{"line":24,"column":1}},"1":{"start":{"line":48,"column":2},"end":{"line":53,"column":3}},"2":{"start":{"line":49,"column":4},"end":{"line":52,"column":5}},"3":{"start":{"line":55,"column":2},"end":{"line":68,"column":3}},"4":{"start":{"line":57,"column":4},"end":{"line":67,"column":5}},"5":{"start":{"line":58,"column":6},"end":{"line":61,"column":7}},"6":{"start":{"line":63,"column":6},"end":{"line":66,"column":7}},"7":{"start":{"line":64,"column":43},"end":{"line":64,"column":73}},"8":{"start":{"line":72,"column":2},"end":{"line":86,"column":3}},"9":{"start":{"line":73,"column":39},"end":{"line":75,"column":15}},"10":{"start":{"line":77,"column":38},"end":{"line":77,"column":72}},"11":{"start":{"line":79,"column":4},"end":{"line":85,"column":5}},"12":{"start":{"line":88,"column":2},"end":{"line":91,"column":3}}},"fnMap":{"0":{"name":"getParameterSchema","decl":{"start":{"line":46,"column":24},"end":{"line":46,"column":42}},"loc":{"start":{"line":46,"column":71},"end":{"line":92,"column":1}},"line":46},"1":{"name":"(anonymous_1)","decl":{"start":{"line":64,"column":33},"end":{"line":64,"column":34}},"loc":{"start":{"line":64,"column":43},"end":{"line":64,"column":73}},"line":64}},"branchMap":{"0":{"loc":{"start":{"line":46,"column":54},"end":{"line":46,"column":69}},"type":"default-arg","locations":[{"start":{"line":46,"column":67},"end":{"line":46,"column":69}}],"line":46},"1":{"loc":{"start":{"line":48,"column":2},"end":{"line":53,"column":3}},"type":"if","locations":[{"start":{"line":48,"column":2},"end":{"line":53,"column":3}},{"start":{},"end":{}}],"line":48},"2":{"loc":{"start":{"line":55,"column":2},"end":{"line":68,"column":3}},"type":"if","locations":[{"start":{"line":55,"column":2},"end":{"line":68,"column":3}},{"start":{},"end":{}}],"line":55},"3":{"loc":{"start":{"line":57,"column":4},"end":{"line":67,"column":5}},"type":"if","locations":[{"start":{"line":57,"column":4},"end":{"line":67,"column":5}},{"start":{"line":62,"column":11},"end":{"line":67,"column":5}}],"line":57},"4":{"loc":{"start":{"line":72,"column":2},"end":{"line":86,"column":3}},"type":"if","locations":[{"start":{"line":72,"column":2},"end":{"line":86,"column":3}},{"start":{},"end":{}}],"line":72},"5":{"loc":{"start":{"line":89,"column":12},"end":{"line":89,"column":81}},"type":"cond-expr","locations":[{"start":{"line":89,"column":38},"end":{"line":89,"column":71}},{"start":{"line":89,"column":73},"end":{"line":89,"column":81}}],"line":89}},"s":{"0":26,"1":143,"2":1,"3":142,"4":62,"5":1,"6":61,"7":160,"8":80,"9":8,"10":8,"11":8,"12":72},"f":{"0":143,"1":160},"b":{"0":[4],"1":[1,142],"2":[62,80],"3":[1,61],"4":[8,72],"5":[71,1]},"_coverageSchema":"1a1c01bbd47fc00a2c39e90264f33305004495a9","hash":"9a61a41deae6e2f8ceb229c00a430a14eb30ed14"}
,"C:\\Users\\User\\source\\repos\\multi-swagger\\Multi-Swagger\\src\\helpers\\memoizeN.js": {"path":"C:\\Users\\User\\source\\repos\\multi-swagger\\Multi-Swagger\\src\\helpers\\memoizeN.js","statementMap":{"0":{"start":{"line":10,"column":27},"end":{"line":14,"column":1}},"1":{"start":{"line":10,"column":34},"end":{"line":14,"column":1}},"2":{"start":{"line":11,"column":2},"end":{"line":13,"column":48}},"3":{"start":{"line":13,"column":31},"end":{"line":13,"column":47}},"4":{"start":{"line":16,"column":13},"end":{"line":16,"column":30}},"5":{"start":{"line":16,"column":26},"end":{"line":16,"column":30}},"6":{"start":{"line":20,"column":17},"end":{"line":20,"column":40}},"7":{"start":{"line":21,"column":21},"end":{"line":21,"column":55}},"8":{"start":{"line":22,"column":4},"end":{"line":22,"column":33}},"9":{"start":{"line":26,"column":17},"end":{"line":26,"column":40}},"10":{"start":{"line":27,"column":21},"end":{"line":27,"column":55}},"11":{"start":{"line":28,"column":4},"end":{"line":28,"column":30}},"12":{"start":{"line":32,"column":17},"end":{"line":32,"column":40}},"13":{"start":{"line":33,"column":4},"end":{"line":33,"column":57}},"14":{"start":{"line":37,"column":17},"end":{"line":46,"column":1}},"15":{"start":{"line":38,"column":35},"end":{"line":38,"column":42}},"16":{"start":{"line":39,"column":2},"end":{"line":39,"column":23}},"17":{"start":{"line":41,"column":19},"end":{"line":41,"column":40}},"18":{"start":{"line":43,"column":2},"end":{"line":43,"column":31}},"19":{"start":{"line":45,"column":2},"end":{"line":45,"column":17}}},"fnMap":{"0":{"name":"(anonymous_0)","decl":{"start":{"line":10,"column":27},"end":{"line":10,"column":28}},"loc":{"start":{"line":10,"column":34},"end":{"line":14,"column":1}},"line":10},"1":{"name":"(anonymous_1)","decl":{"start":{"line":10,"column":34},"end":{"line":10,"column":35}},"loc":{"start":{"line":10,"column":41},"end":{"line":14,"column":1}},"line":10},"2":{"name":"(anonymous_2)","decl":{"start":{"line":13,"column":15},"end":{"line":13,"column":16}},"loc":{"start":{"line":13,"column":31},"end":{"line":13,"column":47}},"line":13},"3":{"name":"(anonymous_3)","decl":{"start":{"line":16,"column":13},"end":{"line":16,"column":14}},"loc":{"start":{"line":16,"column":26},"end":{"line":16,"column":30}},"line":16},"4":{"name":"(anonymous_4)","decl":{"start":{"line":19,"column":2},"end":{"line":19,"column":3}},"loc":{"start":{"line":19,"column":14},"end":{"line":23,"column":3}},"line":19},"5":{"name":"(anonymous_5)","decl":{"start":{"line":25,"column":2},"end":{"line":25,"column":3}},"loc":{"start":{"line":25,"column":11},"end":{"line":29,"column":3}},"line":25},"6":{"name":"(anonymous_6)","decl":{"start":{"line":31,"column":2},"end":{"line":31,"column":3}},"loc":{"start":{"line":31,"column":11},"end":{"line":34,"column":3}},"line":31},"7":{"name":"(anonymous_7)","decl":{"start":{"line":37,"column":17},"end":{"line":37,"column":18}},"loc":{"start":{"line":37,"column":42},"end":{"line":46,"column":1}},"line":37}},"branchMap":{"0":{"loc":{"start":{"line":11,"column":9},"end":{"line":13,"column":48}},"type":"binary-expr","locations":[{"start":{"line":11,"column":9},"end":{"line":11,"column":25}},{"start":{"line":11,"column":29},"end":{"line":11,"column":45}},{"start":{"line":12,"column":7},"end":{"line":12,"column":28}},{"start":{"line":13,"column":7},"end":{"line":13,"column":48}}],"line":11},"1":{"loc":{"start":{"line":37,"column":22},"end":{"line":37,"column":37}},"type":"default-arg","locations":[{"start":{"line":37,"column":33},"end":{"line":37,"column":37}}],"line":37}},"s":{"0":25,"1":28,"2":103,"3":107,"4":25,"5":0,"6":0,"7":0,"8":0,"9":0,"10":0,"11":0,"12":28,"13":28,"14":25,"15":70,"16":70,"17":70,"18":70,"19":70},"f":{"0":28,"1":103,"2":107,"3":0,"4":0,"5":0,"6":28,"7":70},"b":{"0":[103,103,103,103],"1":[0]},"_coverageSchema":"1a1c01bbd47fc00a2c39e90264f33305004495a9","hash":"1d118629718c5397a4a732f4f01864a594510787"}
,"C:\\Users\\User\\source\\repos\\multi-swagger\\Multi-Swagger\\swagger-ui-dist-package\\absolute-path.js": {"path":"C:\\Users\\User\\source\\repos\\multi-swagger\\Multi-Swagger\\swagger-ui-dist-package\\absolute-path.js","statementMap":{"0":{"start":{"line":6,"column":26},"end":{"line":12,"column":1}},"1":{"start":{"line":8,"column":2},"end":{"line":10,"column":3}},"2":{"start":{"line":9,"column":4},"end":{"line":9,"column":45}},"3":{"start":{"line":11,"column":2},"end":{"line":11,"column":86}},"4":{"start":{"line":14,"column":0},"end":{"line":14,"column":34}}},"fnMap":{"0":{"name":"(anonymous_0)","decl":{"start":{"line":6,"column":26},"end":{"line":6,"column":27}},"loc":{"start":{"line":6,"column":38},"end":{"line":12,"column":1}},"line":6}},"branchMap":{"0":{"loc":{"start":{"line":8,"column":2},"end":{"line":10,"column":3}},"type":"if","locations":[{"start":{"line":8,"column":2},"end":{"line":10,"column":3}},{"start":{},"end":{}}],"line":8},"1":{"loc":{"start":{"line":8,"column":6},"end":{"line":8,"column":53}},"type":"binary-expr","locations":[{"start":{"line":8,"column":6},"end":{"line":8,"column":35}},{"start":{"line":8,"column":39},"end":{"line":8,"column":53}}],"line":8}},"s":{"0":1,"1":1,"2":1,"3":0,"4":1},"f":{"0":1},"b":{"0":[1,0],"1":[1,1]},"_coverageSchema":"1a1c01bbd47fc00a2c39e90264f33305004495a9","hash":"a5b3d01d70353f31b840fe74c508ceb82ede852f"}
}
