{"C:\\Users\\User\\source\\repos\\multi-swagger\\Multi-Swagger\\src\\core\\index.js": {"path":"C:\\Users\\User\\source\\repos\\multi-swagger\\Multi-Swagger\\src\\core\\index.js","statementMap":{"0":{"start":{"line":10,"column":63},"end":{"line":10,"column":72}},"1":{"start":{"line":14,"column":2},"end":{"line":14,"column":35}},"2":{"start":{"line":15,"column":2},"end":{"line":20,"column":3}},"3":{"start":{"line":22,"column":19},"end":{"line":110,"column":3}},"4":{"start":{"line":42,"column":30},"end":{"line":42,"column":31}},"5":{"start":{"line":43,"column":31},"end":{"line":43,"column":32}},"6":{"start":{"line":112,"column":20},"end":{"line":112,"column":64}},"7":{"start":{"line":114,"column":18},"end":{"line":114,"column":30}},"8":{"start":{"line":115,"column":2},"end":{"line":115,"column":21}},"9":{"start":{"line":117,"column":28},"end":{"line":117,"column":71}},"10":{"start":{"line":119,"column":23},"end":{"line":136,"column":3}},"11":{"start":{"line":138,"column":2},"end":{"line":150,"column":3}},"12":{"start":{"line":142,"column":4},"end":{"line":149,"column":5}},"13":{"start":{"line":143,"column":6},"end":{"line":148,"column":7}},"14":{"start":{"line":147,"column":8},"end":{"line":147,"column":38}},"15":{"start":{"line":152,"column":21},"end":{"line":158,"column":3}},"16":{"start":{"line":153,"column":4},"end":{"line":157,"column":5}},"17":{"start":{"line":160,"column":14},"end":{"line":160,"column":38}},"18":{"start":{"line":161,"column":2},"end":{"line":161,"column":59}},"19":{"start":{"line":163,"column":15},"end":{"line":163,"column":32}},"20":{"start":{"line":165,"column":23},"end":{"line":206,"column":3}},"21":{"start":{"line":169,"column":22},"end":{"line":169,"column":102}},"22":{"start":{"line":170,"column":23},"end":{"line":170,"column":103}},"23":{"start":{"line":173,"column":4},"end":{"line":175,"column":5}},"24":{"start":{"line":174,"column":6},"end":{"line":174,"column":36}},"25":{"start":{"line":177,"column":4},"end":{"line":177,"column":34}},"26":{"start":{"line":178,"column":4},"end":{"line":178,"column":34}},"27":{"start":{"line":180,"column":4},"end":{"line":191,"column":5}},"28":{"start":{"line":181,"column":6},"end":{"line":190,"column":7}},"29":{"start":{"line":182,"column":8},"end":{"line":182,"column":40}},"30":{"start":{"line":183,"column":8},"end":{"line":183,"column":57}},"31":{"start":{"line":184,"column":8},"end":{"line":184,"column":72}},"32":{"start":{"line":185,"column":13},"end":{"line":190,"column":7}},"33":{"start":{"line":188,"column":8},"end":{"line":188,"column":54}},"34":{"start":{"line":189,"column":8},"end":{"line":189,"column":53}},"35":{"start":{"line":193,"column":4},"end":{"line":203,"column":5}},"36":{"start":{"line":194,"column":6},"end":{"line":194,"column":48}},"37":{"start":{"line":195,"column":11},"end":{"line":203,"column":5}},"38":{"start":{"line":196,"column":20},"end":{"line":196,"column":63}},"39":{"start":{"line":197,"column":6},"end":{"line":197,"column":35}},"40":{"start":{"line":198,"column":11},"end":{"line":203,"column":5}},"41":{"start":{"line":202,"column":6},"end":{"line":202,"column":80}},"42":{"start":{"line":205,"column":4},"end":{"line":205,"column":17}},"43":{"start":{"line":208,"column":20},"end":{"line":208,"column":69}},"44":{"start":{"line":210,"column":2},"end":{"line":219,"column":3}},"45":{"start":{"line":211,"column":4},"end":{"line":216,"column":20}},"46":{"start":{"line":218,"column":4},"end":{"line":218,"column":25}},"47":{"start":{"line":221,"column":2},"end":{"line":221,"column":15}},"48":{"start":{"line":225,"column":0},"end":{"line":227,"column":1}},"49":{"start":{"line":230,"column":0},"end":{"line":230,"column":30}}},"fnMap":{"0":{"name":"SwaggerUI","decl":{"start":{"line":12,"column":24},"end":{"line":12,"column":33}},"loc":{"start":{"line":12,"column":40},"end":{"line":222,"column":1}},"line":12},"1":{"name":"(anonymous_1)","decl":{"start":{"line":42,"column":25},"end":{"line":42,"column":26}},"loc":{"start":{"line":42,"column":30},"end":{"line":42,"column":31}},"line":42},"2":{"name":"(anonymous_2)","decl":{"start":{"line":43,"column":26},"end":{"line":43,"column":27}},"loc":{"start":{"line":43,"column":31},"end":{"line":43,"column":32}},"line":43},"3":{"name":"(anonymous_3)","decl":{"start":{"line":152,"column":21},"end":{"line":152,"column":22}},"loc":{"start":{"line":152,"column":26},"end":{"line":158,"column":3}},"line":152},"4":{"name":"(anonymous_4)","decl":{"start":{"line":165,"column":23},"end":{"line":165,"column":24}},"loc":{"start":{"line":165,"column":42},"end":{"line":206,"column":3}},"line":165}},"branchMap":{"0":{"loc":{"start":{"line":14,"column":17},"end":{"line":14,"column":35}},"type":"binary-expr","locations":[{"start":{"line":14,"column":17},"end":{"line":14,"column":29}},{"start":{"line":14,"column":33},"end":{"line":14,"column":35}}],"line":14},"1":{"loc":{"start":{"line":112,"column":20},"end":{"line":112,"column":64}},"type":"cond-expr","locations":[{"start":{"line":112,"column":46},"end":{"line":112,"column":59}},{"start":{"line":112,"column":62},"end":{"line":112,"column":64}}],"line":112},"2":{"loc":{"start":{"line":138,"column":2},"end":{"line":150,"column":3}},"type":"if","locations":[{"start":{"line":138,"column":2},"end":{"line":150,"column":3}},{"start":{"line":138,"column":2},"end":{"line":150,"column":3}}],"line":138},"3":{"loc":{"start":{"line":143,"column":6},"end":{"line":148,"column":7}},"type":"if","locations":[{"start":{"line":143,"column":6},"end":{"line":148,"column":7}},{"start":{"line":143,"column":6},"end":{"line":148,"column":7}}],"line":143},"4":{"loc":{"start":{"line":144,"column":8},"end":{"line":145,"column":60}},"type":"binary-expr","locations":[{"start":{"line":144,"column":8},"end":{"line":144,"column":81}},{"start":{"line":145,"column":11},"end":{"line":145,"column":60}}],"line":144},"5":{"loc":{"start":{"line":169,"column":22},"end":{"line":169,"column":102}},"type":"cond-expr","locations":[{"start":{"line":169,"column":60},"end":{"line":169,"column":97}},{"start":{"line":169,"column":100},"end":{"line":169,"column":102}}],"line":169},"6":{"loc":{"start":{"line":170,"column":70},"end":{"line":170,"column":89}},"type":"binary-expr","locations":[{"start":{"line":170,"column":70},"end":{"line":170,"column":83}},{"start":{"line":170,"column":87},"end":{"line":170,"column":89}}],"line":170},"7":{"loc":{"start":{"line":173,"column":4},"end":{"line":175,"column":5}},"type":"if","locations":[{"start":{"line":173,"column":4},"end":{"line":175,"column":5}},{"start":{"line":173,"column":4},"end":{"line":175,"column":5}}],"line":173},"8":{"loc":{"start":{"line":180,"column":4},"end":{"line":191,"column":5}},"type":"if","locations":[{"start":{"line":180,"column":4},"end":{"line":191,"column":5}},{"start":{"line":180,"column":4},"end":{"line":191,"column":5}}],"line":180},"9":{"loc":{"start":{"line":181,"column":6},"end":{"line":190,"column":7}},"type":"if","locations":[{"start":{"line":181,"column":6},"end":{"line":190,"column":7}},{"start":{"line":181,"column":6},"end":{"line":190,"column":7}}],"line":181},"10":{"loc":{"start":{"line":181,"column":10},"end":{"line":181,"column":108}},"type":"binary-expr","locations":[{"start":{"line":181,"column":10},"end":{"line":181,"column":26}},{"start":{"line":181,"column":30},"end":{"line":181,"column":67}},{"start":{"line":181,"column":71},"end":{"line":181,"column":108}}],"line":181},"11":{"loc":{"start":{"line":185,"column":13},"end":{"line":190,"column":7}},"type":"if","locations":[{"start":{"line":185,"column":13},"end":{"line":190,"column":7}},{"start":{"line":185,"column":13},"end":{"line":190,"column":7}}],"line":185},"12":{"loc":{"start":{"line":185,"column":17},"end":{"line":185,"column":86}},"type":"binary-expr","locations":[{"start":{"line":185,"column":17},"end":{"line":185,"column":44}},{"start":{"line":185,"column":48},"end":{"line":185,"column":64}},{"start":{"line":185,"column":68},"end":{"line":185,"column":86}}],"line":185},"13":{"loc":{"start":{"line":193,"column":4},"end":{"line":203,"column":5}},"type":"if","locations":[{"start":{"line":193,"column":4},"end":{"line":203,"column":5}},{"start":{"line":193,"column":4},"end":{"line":203,"column":5}}],"line":193},"14":{"loc":{"start":{"line":195,"column":11},"end":{"line":203,"column":5}},"type":"if","locations":[{"start":{"line":195,"column":11},"end":{"line":203,"column":5}},{"start":{"line":195,"column":11},"end":{"line":203,"column":5}}],"line":195},"15":{"loc":{"start":{"line":198,"column":11},"end":{"line":203,"column":5}},"type":"if","locations":[{"start":{"line":198,"column":11},"end":{"line":203,"column":5}},{"start":{"line":198,"column":11},"end":{"line":203,"column":5}}],"line":198},"16":{"loc":{"start":{"line":198,"column":14},"end":{"line":198,"column":75}},"type":"binary-expr","locations":[{"start":{"line":198,"column":14},"end":{"line":198,"column":42}},{"start":{"line":198,"column":46},"end":{"line":198,"column":75}}],"line":198},"17":{"loc":{"start":{"line":208,"column":20},"end":{"line":208,"column":69}},"type":"binary-expr","locations":[{"start":{"line":208,"column":20},"end":{"line":208,"column":38}},{"start":{"line":208,"column":42},"end":{"line":208,"column":69}}],"line":208},"18":{"loc":{"start":{"line":210,"column":2},"end":{"line":219,"column":3}},"type":"if","locations":[{"start":{"line":210,"column":2},"end":{"line":219,"column":3}},{"start":{"line":210,"column":2},"end":{"line":219,"column":3}}],"line":210},"19":{"loc":{"start":{"line":210,"column":6},"end":{"line":210,"column":74}},"type":"binary-expr","locations":[{"start":{"line":210,"column":6},"end":{"line":210,"column":15}},{"start":{"line":210,"column":19},"end":{"line":210,"column":37}},{"start":{"line":210,"column":41},"end":{"line":210,"column":74}}],"line":210}},"s":{"0":12,"1":12,"2":12,"3":12,"4":31,"5":29,"6":12,"7":12,"8":12,"9":12,"10":12,"11":12,"12":12,"13":0,"14":0,"15":12,"16":24,"17":12,"18":12,"19":12,"20":12,"21":12,"22":12,"23":12,"24":0,"25":12,"26":12,"27":12,"28":12,"29":0,"30":0,"31":0,"32":12,"33":12,"34":12,"35":12,"36":0,"37":12,"38":12,"39":12,"40":0,"41":0,"42":12,"43":12,"44":12,"45":0,"46":12,"47":0,"48":12,"49":12},"f":{"0":12,"1":31,"2":29,"3":24,"4":12},"b":{"0":[12,12],"1":[0,12],"2":[12,0],"3":[0,0],"4":[0,0],"5":[12,0],"6":[12,12],"7":[0,12],"8":[12,0],"9":[0,12],"10":[12,12,12],"11":[12,0],"12":[12,12,12],"13":[0,12],"14":[12,0],"15":[0,0],"16":[0,0],"17":[12,12],"18":[0,12],"19":[12,0,0]},"_coverageSchema":"1a1c01bbd47fc00a2c39e90264f33305004495a9","hash":"3975fcdbfb3f6f35cc24a88e712e20ce8e15c0db"}
,"C:\\Users\\User\\source\\repos\\multi-swagger\\Multi-Swagger\\src\\core\\oauth2-authorize.js": {"path":"C:\\Users\\User\\source\\repos\\multi-swagger\\Multi-Swagger\\src\\core\\oauth2-authorize.js","statementMap":{"0":{"start":{"line":6,"column":43},"end":{"line":6,"column":47}},"1":{"start":{"line":7,"column":13},"end":{"line":7,"column":31}},"2":{"start":{"line":8,"column":14},"end":{"line":8,"column":16}},"3":{"start":{"line":10,"column":2},"end":{"line":38,"column":3}},"4":{"start":{"line":12,"column":6},"end":{"line":12,"column":41}},"5":{"start":{"line":13,"column":6},"end":{"line":13,"column":12}},"6":{"start":{"line":16,"column":6},"end":{"line":16,"column":44}},"7":{"start":{"line":17,"column":6},"end":{"line":17,"column":12}},"8":{"start":{"line":20,"column":6},"end":{"line":20,"column":38}},"9":{"start":{"line":21,"column":6},"end":{"line":21,"column":11}},"10":{"start":{"line":24,"column":6},"end":{"line":24,"column":39}},"11":{"start":{"line":25,"column":6},"end":{"line":25,"column":11}},"12":{"start":{"line":30,"column":6},"end":{"line":30,"column":44}},"13":{"start":{"line":31,"column":6},"end":{"line":31,"column":12}},"14":{"start":{"line":36,"column":6},"end":{"line":36,"column":38}},"15":{"start":{"line":37,"column":6},"end":{"line":37,"column":11}},"16":{"start":{"line":40,"column":2},"end":{"line":42,"column":3}},"17":{"start":{"line":41,"column":4},"end":{"line":41,"column":59}},"18":{"start":{"line":44,"column":20},"end":{"line":44,"column":45}},"19":{"start":{"line":47,"column":2},"end":{"line":55,"column":3}},"20":{"start":{"line":48,"column":4},"end":{"line":53,"column":6}},"21":{"start":{"line":54,"column":4},"end":{"line":54,"column":10}},"22":{"start":{"line":56,"column":2},"end":{"line":56,"column":63}},"23":{"start":{"line":58,"column":20},"end":{"line":58,"column":22}},"24":{"start":{"line":59,"column":2},"end":{"line":63,"column":3}},"25":{"start":{"line":60,"column":4},"end":{"line":60,"column":24}},"26":{"start":{"line":61,"column":9},"end":{"line":63,"column":3}},"27":{"start":{"line":62,"column":4},"end":{"line":62,"column":34}},"28":{"start":{"line":65,"column":2},"end":{"line":69,"column":3}},"29":{"start":{"line":66,"column":25},"end":{"line":66,"column":58}},"30":{"start":{"line":68,"column":4},"end":{"line":68,"column":79}},"31":{"start":{"line":71,"column":14},"end":{"line":71,"column":30}},"32":{"start":{"line":73,"column":2},"end":{"line":73,"column":50}},"33":{"start":{"line":75,"column":2},"end":{"line":77,"column":3}},"34":{"start":{"line":76,"column":4},"end":{"line":76,"column":64}},"35":{"start":{"line":79,"column":2},"end":{"line":89,"column":3}},"36":{"start":{"line":80,"column":27},"end":{"line":80,"column":49}},"37":{"start":{"line":81,"column":28},"end":{"line":81,"column":61}},"38":{"start":{"line":83,"column":6},"end":{"line":83,"column":51}},"39":{"start":{"line":84,"column":6},"end":{"line":84,"column":46}},"40":{"start":{"line":88,"column":6},"end":{"line":88,"column":38}},"41":{"start":{"line":91,"column":40},"end":{"line":91,"column":51}},"42":{"start":{"line":93,"column":2},"end":{"line":97,"column":3}},"43":{"start":{"line":94,"column":4},"end":{"line":96,"column":5}},"44":{"start":{"line":95,"column":6},"end":{"line":95,"column":91}},"45":{"start":{"line":99,"column":27},"end":{"line":99,"column":57}},"46":{"start":{"line":101,"column":2},"end":{"line":110,"column":3}},"47":{"start":{"line":103,"column":4},"end":{"line":107,"column":16}},"48":{"start":{"line":109,"column":4},"end":{"line":109,"column":61}},"49":{"start":{"line":111,"column":12},"end":{"line":111,"column":111}},"50":{"start":{"line":117,"column":2},"end":{"line":123,"column":3}},"51":{"start":{"line":118,"column":4},"end":{"line":118,"column":47}},"52":{"start":{"line":119,"column":9},"end":{"line":123,"column":3}},"53":{"start":{"line":120,"column":4},"end":{"line":120,"column":69}},"54":{"start":{"line":122,"column":4},"end":{"line":122,"column":60}},"55":{"start":{"line":125,"column":2},"end":{"line":131,"column":4}}},"fnMap":{"0":{"name":"authorize","decl":{"start":{"line":5,"column":24},"end":{"line":5,"column":33}},"loc":{"start":{"line":5,"column":112},"end":{"line":132,"column":1}},"line":5}},"branchMap":{"0":{"loc":{"start":{"line":5,"column":78},"end":{"line":5,"column":92}},"type":"default-arg","locations":[{"start":{"line":5,"column":90},"end":{"line":5,"column":92}}],"line":5},"1":{"loc":{"start":{"line":10,"column":2},"end":{"line":38,"column":3}},"type":"switch","locations":[{"start":{"line":11,"column":4},"end":{"line":13,"column":12}},{"start":{"line":15,"column":4},"end":{"line":17,"column":12}},{"start":{"line":19,"column":4},"end":{"line":21,"column":11}},{"start":{"line":23,"column":4},"end":{"line":25,"column":11}},{"start":{"line":27,"column":4},"end":{"line":27,"column":29}},{"start":{"line":28,"column":4},"end":{"line":31,"column":12}},{"start":{"line":33,"column":4},"end":{"line":33,"column":29}},{"start":{"line":34,"column":4},"end":{"line":37,"column":11}}],"line":10},"2":{"loc":{"start":{"line":40,"column":2},"end":{"line":42,"column":3}},"type":"if","locations":[{"start":{"line":40,"column":2},"end":{"line":42,"column":3}},{"start":{"line":40,"column":2},"end":{"line":42,"column":3}}],"line":40},"3":{"loc":{"start":{"line":47,"column":2},"end":{"line":55,"column":3}},"type":"if","locations":[{"start":{"line":47,"column":2},"end":{"line":55,"column":3}},{"start":{"line":47,"column":2},"end":{"line":55,"column":3}}],"line":47},"4":{"loc":{"start":{"line":59,"column":2},"end":{"line":63,"column":3}},"type":"if","locations":[{"start":{"line":59,"column":2},"end":{"line":63,"column":3}},{"start":{"line":59,"column":2},"end":{"line":63,"column":3}}],"line":59},"5":{"loc":{"start":{"line":61,"column":9},"end":{"line":63,"column":3}},"type":"if","locations":[{"start":{"line":61,"column":9},"end":{"line":63,"column":3}},{"start":{"line":61,"column":9},"end":{"line":63,"column":3}}],"line":61},"6":{"loc":{"start":{"line":65,"column":2},"end":{"line":69,"column":3}},"type":"if","locations":[{"start":{"line":65,"column":2},"end":{"line":69,"column":3}},{"start":{"line":65,"column":2},"end":{"line":69,"column":3}}],"line":65},"7":{"loc":{"start":{"line":66,"column":25},"end":{"line":66,"column":58}},"type":"binary-expr","locations":[{"start":{"line":66,"column":25},"end":{"line":66,"column":51}},{"start":{"line":66,"column":55},"end":{"line":66,"column":58}}],"line":66},"8":{"loc":{"start":{"line":75,"column":2},"end":{"line":77,"column":3}},"type":"if","locations":[{"start":{"line":75,"column":2},"end":{"line":77,"column":3}},{"start":{"line":75,"column":2},"end":{"line":77,"column":3}}],"line":75},"9":{"loc":{"start":{"line":79,"column":2},"end":{"line":89,"column":3}},"type":"if","locations":[{"start":{"line":79,"column":2},"end":{"line":89,"column":3}},{"start":{"line":79,"column":2},"end":{"line":89,"column":3}}],"line":79},"10":{"loc":{"start":{"line":79,"column":6},"end":{"line":79,"column":143}},"type":"binary-expr","locations":[{"start":{"line":79,"column":7},"end":{"line":79,"column":35}},{"start":{"line":79,"column":39},"end":{"line":79,"column":68}},{"start":{"line":79,"column":72},"end":{"line":79,"column":93}},{"start":{"line":79,"column":98},"end":{"line":79,"column":143}}],"line":79},"11":{"loc":{"start":{"line":94,"column":4},"end":{"line":96,"column":5}},"type":"if","locations":[{"start":{"line":94,"column":4},"end":{"line":96,"column":5}},{"start":{"line":94,"column":4},"end":{"line":96,"column":5}}],"line":94},"12":{"loc":{"start":{"line":101,"column":2},"end":{"line":110,"column":3}},"type":"if","locations":[{"start":{"line":101,"column":2},"end":{"line":110,"column":3}},{"start":{"line":101,"column":2},"end":{"line":110,"column":3}}],"line":101},"13":{"loc":{"start":{"line":111,"column":62},"end":{"line":111,"column":110}},"type":"cond-expr","locations":[{"start":{"line":111,"column":101},"end":{"line":111,"column":104}},{"start":{"line":111,"column":107},"end":{"line":111,"column":110}}],"line":111},"14":{"loc":{"start":{"line":117,"column":2},"end":{"line":123,"column":3}},"type":"if","locations":[{"start":{"line":117,"column":2},"end":{"line":123,"column":3}},{"start":{"line":117,"column":2},"end":{"line":123,"column":3}}],"line":117},"15":{"loc":{"start":{"line":119,"column":9},"end":{"line":123,"column":3}},"type":"if","locations":[{"start":{"line":119,"column":9},"end":{"line":123,"column":3}},{"start":{"line":119,"column":9},"end":{"line":123,"column":3}}],"line":119}},"s":{"0":0,"1":0,"2":0,"3":0,"4":0,"5":0,"6":0,"7":0,"8":0,"9":0,"10":0,"11":0,"12":0,"13":0,"14":0,"15":0,"16":0,"17":0,"18":0,"19":0,"20":0,"21":0,"22":0,"23":0,"24":0,"25":0,"26":0,"27":0,"28":0,"29":0,"30":0,"31":0,"32":0,"33":0,"34":0,"35":0,"36":0,"37":0,"38":0,"39":0,"40":0,"41":0,"42":0,"43":0,"44":0,"45":0,"46":0,"47":0,"48":0,"49":0,"50":0,"51":0,"52":0,"53":0,"54":0,"55":0},"f":{"0":0},"b":{"0":[0],"1":[0,0,0,0,0,0,0,0],"2":[0,0],"3":[0,0],"4":[0,0],"5":[0,0],"6":[0,0],"7":[0,0],"8":[0,0],"9":[0,0],"10":[0,0,0,0],"11":[0,0],"12":[0,0],"13":[0,0],"14":[0,0],"15":[0,0]},"_coverageSchema":"1a1c01bbd47fc00a2c39e90264f33305004495a9","hash":"13c6c5d01470c46206332ad85a28fd8a9e1cf7be"}
,"C:\\Users\\User\\source\\repos\\multi-swagger\\Multi-Swagger\\src\\core\\syntax-highlighting.js": {"path":"C:\\Users\\User\\source\\repos\\multi-swagger\\Multi-Swagger\\src\\core\\syntax-highlighting.js","statementMap":{"0":{"start":{"line":18,"column":0},"end":{"line":18,"column":48}},"1":{"start":{"line":19,"column":0},"end":{"line":19,"column":44}},"2":{"start":{"line":20,"column":0},"end":{"line":20,"column":46}},"3":{"start":{"line":21,"column":0},"end":{"line":21,"column":48}},"4":{"start":{"line":22,"column":0},"end":{"line":22,"column":48}},"5":{"start":{"line":23,"column":0},"end":{"line":23,"column":48}},"6":{"start":{"line":24,"column":0},"end":{"line":24,"column":60}},"7":{"start":{"line":25,"column":0},"end":{"line":25,"column":60}},"8":{"start":{"line":27,"column":15},"end":{"line":27,"column":86}},"9":{"start":{"line":28,"column":31},"end":{"line":28,"column":50}},"10":{"start":{"line":30,"column":24},"end":{"line":36,"column":1}},"11":{"start":{"line":31,"column":4},"end":{"line":34,"column":5}},"12":{"start":{"line":32,"column":8},"end":{"line":32,"column":91}},"13":{"start":{"line":33,"column":8},"end":{"line":33,"column":20}},"14":{"start":{"line":35,"column":4},"end":{"line":35,"column":23}}},"fnMap":{"0":{"name":"(anonymous_0)","decl":{"start":{"line":30,"column":24},"end":{"line":30,"column":25}},"loc":{"start":{"line":30,"column":32},"end":{"line":36,"column":1}},"line":30}},"branchMap":{"0":{"loc":{"start":{"line":31,"column":4},"end":{"line":34,"column":5}},"type":"if","locations":[{"start":{"line":31,"column":4},"end":{"line":34,"column":5}},{"start":{"line":31,"column":4},"end":{"line":34,"column":5}}],"line":31}},"s":{"0":12,"1":12,"2":12,"3":12,"4":12,"5":12,"6":12,"7":12,"8":12,"9":12,"10":12,"11":2,"12":0,"13":0,"14":2},"f":{"0":2},"b":{"0":[0,2]},"_coverageSchema":"1a1c01bbd47fc00a2c39e90264f33305004495a9","hash":"40f3ecbc055fb53e0f5969a0ac171ebd56f004a1"}
,"C:\\Users\\User\\source\\repos\\multi-swagger\\Multi-Swagger\\src\\core\\system.js": {"path":"C:\\Users\\User\\source\\repos\\multi-swagger\\Multi-Swagger\\src\\core\\system.js","statementMap":{"0":{"start":{"line":13,"column":13},"end":{"line":13,"column":19}},"1":{"start":{"line":13,"column":18},"end":{"line":13,"column":19}},"2":{"start":{"line":18,"column":19},"end":{"line":23,"column":3}},"3":{"start":{"line":25,"column":27},"end":{"line":25,"column":78}},"4":{"start":{"line":27,"column":2},"end":{"line":29,"column":4}},"5":{"start":{"line":35,"column":4},"end":{"line":48,"column":12}},"6":{"start":{"line":50,"column":4},"end":{"line":50,"column":47}},"7":{"start":{"line":53,"column":4},"end":{"line":53,"column":74}},"8":{"start":{"line":56,"column":4},"end":{"line":56,"column":27}},"9":{"start":{"line":59,"column":4},"end":{"line":59,"column":31}},"10":{"start":{"line":63,"column":4},"end":{"line":63,"column":21}},"11":{"start":{"line":67,"column":23},"end":{"line":67,"column":85}},"12":{"start":{"line":68,"column":4},"end":{"line":68,"column":43}},"13":{"start":{"line":69,"column":4},"end":{"line":71,"column":5}},"14":{"start":{"line":70,"column":6},"end":{"line":70,"column":24}},"15":{"start":{"line":73,"column":31},"end":{"line":73,"column":89}},"16":{"start":{"line":75,"column":4},"end":{"line":77,"column":5}},"17":{"start":{"line":76,"column":6},"end":{"line":76,"column":24}},"18":{"start":{"line":81,"column":19},"end":{"line":81,"column":43}},"19":{"start":{"line":82,"column":19},"end":{"line":82,"column":43}},"20":{"start":{"line":84,"column":4},"end":{"line":91,"column":6}},"21":{"start":{"line":93,"column":4},"end":{"line":94,"column":27}},"22":{"start":{"line":94,"column":6},"end":{"line":94,"column":27}},"23":{"start":{"line":98,"column":4},"end":{"line":98,"column":27}},"24":{"start":{"line":102,"column":4},"end":{"line":110,"column":37}},"25":{"start":{"line":114,"column":4},"end":{"line":114,"column":30}},"26":{"start":{"line":118,"column":4},"end":{"line":120,"column":5}},"27":{"start":{"line":124,"column":4},"end":{"line":124,"column":33}},"28":{"start":{"line":128,"column":4},"end":{"line":128,"column":69}},"29":{"start":{"line":136,"column":17},"end":{"line":136,"column":54}},"30":{"start":{"line":137,"column":4},"end":{"line":141,"column":8}},"31":{"start":{"line":138,"column":20},"end":{"line":138,"column":29}},"32":{"start":{"line":139,"column":8},"end":{"line":140,"column":43}},"33":{"start":{"line":140,"column":8},"end":{"line":140,"column":43}},"34":{"start":{"line":145,"column":4},"end":{"line":145,"column":36}},"35":{"start":{"line":149,"column":24},"end":{"line":149,"column":47}},"36":{"start":{"line":151,"column":4},"end":{"line":156,"column":6}},"37":{"start":{"line":152,"column":6},"end":{"line":155,"column":8}},"38":{"start":{"line":153,"column":8},"end":{"line":154,"column":39}},"39":{"start":{"line":154,"column":10},"end":{"line":154,"column":39}},"40":{"start":{"line":160,"column":23},"end":{"line":160,"column":53}},"41":{"start":{"line":161,"column":6},"end":{"line":185,"column":8}},"42":{"start":{"line":162,"column":23},"end":{"line":162,"column":88}},"43":{"start":{"line":163,"column":10},"end":{"line":183,"column":11}},"44":{"start":{"line":164,"column":12},"end":{"line":182,"column":14}},"45":{"start":{"line":165,"column":25},"end":{"line":165,"column":45}},"46":{"start":{"line":166,"column":14},"end":{"line":168,"column":15}},"47":{"start":{"line":167,"column":16},"end":{"line":167,"column":29}},"48":{"start":{"line":170,"column":14},"end":{"line":172,"column":15}},"49":{"start":{"line":171,"column":16},"end":{"line":171,"column":29}},"50":{"start":{"line":173,"column":14},"end":{"line":181,"column":46}},"51":{"start":{"line":174,"column":32},"end":{"line":176,"column":17}},"52":{"start":{"line":175,"column":18},"end":{"line":175,"column":59}},"53":{"start":{"line":177,"column":16},"end":{"line":179,"column":17}},"54":{"start":{"line":178,"column":18},"end":{"line":178,"column":131}},"55":{"start":{"line":180,"column":16},"end":{"line":180,"column":50}},"56":{"start":{"line":184,"column":8},"end":{"line":184,"column":22}},"57":{"start":{"line":189,"column":25},"end":{"line":189,"column":68}},"58":{"start":{"line":190,"column":6},"end":{"line":215,"column":8}},"59":{"start":{"line":191,"column":24},"end":{"line":191,"column":56}},"60":{"start":{"line":192,"column":23},"end":{"line":192,"column":72}},"61":{"start":{"line":193,"column":10},"end":{"line":213,"column":11}},"62":{"start":{"line":194,"column":12},"end":{"line":212,"column":14}},"63":{"start":{"line":195,"column":25},"end":{"line":195,"column":47}},"64":{"start":{"line":196,"column":14},"end":{"line":198,"column":15}},"65":{"start":{"line":197,"column":16},"end":{"line":197,"column":31}},"66":{"start":{"line":200,"column":14},"end":{"line":202,"column":15}},"67":{"start":{"line":201,"column":16},"end":{"line":201,"column":29}},"68":{"start":{"line":203,"column":14},"end":{"line":211,"column":48}},"69":{"start":{"line":204,"column":38},"end":{"line":206,"column":17}},"70":{"start":{"line":205,"column":18},"end":{"line":205,"column":88}},"71":{"start":{"line":207,"column":16},"end":{"line":209,"column":17}},"72":{"start":{"line":208,"column":18},"end":{"line":208,"column":132}},"73":{"start":{"line":210,"column":16},"end":{"line":210,"column":38}},"74":{"start":{"line":214,"column":8},"end":{"line":214,"column":24}},"75":{"start":{"line":219,"column":4},"end":{"line":222,"column":10}},"76":{"start":{"line":220,"column":6},"end":{"line":220,"column":31}},"77":{"start":{"line":221,"column":6},"end":{"line":221,"column":16}},"78":{"start":{"line":226,"column":4},"end":{"line":229,"column":8}},"79":{"start":{"line":227,"column":8},"end":{"line":227,"column":43}},"80":{"start":{"line":227,"column":24},"end":{"line":227,"column":43}},"81":{"start":{"line":228,"column":4},"end":{"line":228,"column":14}},"82":{"start":{"line":233,"column":4},"end":{"line":235,"column":5}},"83":{"start":{"line":239,"column":16},"end":{"line":239,"column":49}},"84":{"start":{"line":241,"column":4},"end":{"line":245,"column":5}},"85":{"start":{"line":242,"column":6},"end":{"line":244,"column":8}},"86":{"start":{"line":243,"column":8},"end":{"line":243,"column":45}},"87":{"start":{"line":246,"column":4},"end":{"line":248,"column":5}},"88":{"start":{"line":247,"column":6},"end":{"line":247,"column":46}},"89":{"start":{"line":250,"column":4},"end":{"line":250,"column":33}},"90":{"start":{"line":254,"column":4},"end":{"line":269,"column":6}},"91":{"start":{"line":255,"column":22},"end":{"line":255,"column":40}},"92":{"start":{"line":256,"column":29},"end":{"line":256,"column":61}},"93":{"start":{"line":256,"column":34},"end":{"line":256,"column":61}},"94":{"start":{"line":258,"column":6},"end":{"line":268,"column":8}},"95":{"start":{"line":259,"column":8},"end":{"line":267,"column":9}},"96":{"start":{"line":260,"column":20},"end":{"line":260,"column":81}},"97":{"start":{"line":263,"column":10},"end":{"line":264,"column":52}},"98":{"start":{"line":264,"column":12},"end":{"line":264,"column":52}},"99":{"start":{"line":266,"column":10},"end":{"line":266,"column":20}},"100":{"start":{"line":274,"column":4},"end":{"line":274,"column":51}},"101":{"start":{"line":276,"column":20},"end":{"line":276,"column":37}},"102":{"start":{"line":278,"column":20},"end":{"line":296,"column":5}},"103":{"start":{"line":279,"column":6},"end":{"line":281,"column":7}},"104":{"start":{"line":280,"column":8},"end":{"line":280,"column":53}},"105":{"start":{"line":280,"column":39},"end":{"line":280,"column":52}},"106":{"start":{"line":283,"column":6},"end":{"line":294,"column":7}},"107":{"start":{"line":284,"column":21},"end":{"line":284,"column":25}},"108":{"start":{"line":285,"column":8},"end":{"line":293,"column":9}},"109":{"start":{"line":286,"column":10},"end":{"line":286,"column":37}},"110":{"start":{"line":289,"column":10},"end":{"line":289,"column":83}},"111":{"start":{"line":292,"column":10},"end":{"line":292,"column":23}},"112":{"start":{"line":297,"column":4},"end":{"line":297,"column":102}},"113":{"start":{"line":297,"column":44},"end":{"line":297,"column":100}},"114":{"start":{"line":301,"column":4},"end":{"line":303,"column":5}},"115":{"start":{"line":302,"column":6},"end":{"line":302,"column":48}},"116":{"start":{"line":307,"column":4},"end":{"line":309,"column":5}},"117":{"start":{"line":308,"column":6},"end":{"line":308,"column":91}},"118":{"start":{"line":315,"column":2},"end":{"line":317,"column":3}},"119":{"start":{"line":316,"column":4},"end":{"line":316,"column":29}},"120":{"start":{"line":319,"column":2},"end":{"line":321,"column":3}},"121":{"start":{"line":320,"column":4},"end":{"line":320,"column":67}},"122":{"start":{"line":323,"column":2},"end":{"line":329,"column":3}},"123":{"start":{"line":324,"column":17},"end":{"line":324,"column":88}},"124":{"start":{"line":326,"column":4},"end":{"line":328,"column":31}},"125":{"start":{"line":327,"column":19},"end":{"line":327,"column":65}},"126":{"start":{"line":331,"column":2},"end":{"line":331,"column":11}},"127":{"start":{"line":335,"column":24},"end":{"line":335,"column":33}},"128":{"start":{"line":336,"column":2},"end":{"line":341,"column":3}},"129":{"start":{"line":337,"column":4},"end":{"line":340,"column":5}},"130":{"start":{"line":338,"column":6},"end":{"line":338,"column":28}},"131":{"start":{"line":339,"column":6},"end":{"line":339,"column":60}},"132":{"start":{"line":343,"column":2},"end":{"line":344,"column":92}},"133":{"start":{"line":344,"column":4},"end":{"line":344,"column":92}},"134":{"start":{"line":346,"column":2},"end":{"line":348,"column":3}},"135":{"start":{"line":347,"column":4},"end":{"line":347,"column":106}},"136":{"start":{"line":347,"column":33},"end":{"line":347,"column":105}},"137":{"start":{"line":350,"column":2},"end":{"line":350,"column":24}},"138":{"start":{"line":358,"column":2},"end":{"line":360,"column":3}},"139":{"start":{"line":359,"column":4},"end":{"line":359,"column":13}},"140":{"start":{"line":361,"column":2},"end":{"line":363,"column":3}},"141":{"start":{"line":362,"column":4},"end":{"line":362,"column":15}},"142":{"start":{"line":367,"column":2},"end":{"line":385,"column":3}},"143":{"start":{"line":368,"column":4},"end":{"line":377,"column":6}},"144":{"start":{"line":369,"column":18},"end":{"line":369,"column":57}},"145":{"start":{"line":370,"column":6},"end":{"line":376,"column":7}},"146":{"start":{"line":371,"column":8},"end":{"line":371,"column":54}},"147":{"start":{"line":372,"column":8},"end":{"line":372,"column":38}},"148":{"start":{"line":373,"column":13},"end":{"line":376,"column":7}},"149":{"start":{"line":374,"column":8},"end":{"line":374,"column":47}},"150":{"start":{"line":375,"column":8},"end":{"line":375,"column":38}},"151":{"start":{"line":379,"column":4},"end":{"line":384,"column":5}},"152":{"start":{"line":383,"column":6},"end":{"line":383,"column":31}},"153":{"start":{"line":391,"column":27},"end":{"line":391,"column":31}},"154":{"start":{"line":392,"column":2},"end":{"line":437,"column":3}},"155":{"start":{"line":393,"column":4},"end":{"line":436,"column":5}},"156":{"start":{"line":394,"column":27},"end":{"line":394,"column":50}},"157":{"start":{"line":395,"column":6},"end":{"line":397,"column":7}},"158":{"start":{"line":396,"column":8},"end":{"line":396,"column":16}},"159":{"start":{"line":399,"column":45},"end":{"line":399,"column":57}},"160":{"start":{"line":402,"column":6},"end":{"line":417,"column":7}},"161":{"start":{"line":403,"column":8},"end":{"line":416,"column":9}},"162":{"start":{"line":404,"column":23},"end":{"line":404,"column":46}},"163":{"start":{"line":407,"column":10},"end":{"line":410,"column":11}},"164":{"start":{"line":408,"column":12},"end":{"line":408,"column":29}},"165":{"start":{"line":409,"column":12},"end":{"line":409,"column":44}},"166":{"start":{"line":412,"column":10},"end":{"line":414,"column":11}},"167":{"start":{"line":413,"column":12},"end":{"line":413,"column":149}},"168":{"start":{"line":420,"column":6},"end":{"line":435,"column":7}},"169":{"start":{"line":421,"column":8},"end":{"line":434,"column":9}},"170":{"start":{"line":422,"column":25},"end":{"line":422,"column":52}},"171":{"start":{"line":425,"column":10},"end":{"line":428,"column":11}},"172":{"start":{"line":426,"column":12},"end":{"line":426,"column":33}},"173":{"start":{"line":427,"column":12},"end":{"line":427,"column":50}},"174":{"start":{"line":430,"column":10},"end":{"line":432,"column":11}},"175":{"start":{"line":431,"column":12},"end":{"line":431,"column":161}},"176":{"start":{"line":439,"column":2},"end":{"line":439,"column":30}},"177":{"start":{"line":443,"column":19},"end":{"line":445,"column":4}},"178":{"start":{"line":444,"column":4},"end":{"line":444,"column":23}},"179":{"start":{"line":446,"column":2},"end":{"line":446,"column":32}},"180":{"start":{"line":450,"column":17},"end":{"line":453,"column":7}},"181":{"start":{"line":451,"column":4},"end":{"line":451,"column":46}},"182":{"start":{"line":452,"column":4},"end":{"line":452,"column":14}},"183":{"start":{"line":455,"column":2},"end":{"line":457,"column":3}},"184":{"start":{"line":456,"column":4},"end":{"line":456,"column":15}},"185":{"start":{"line":459,"column":2},"end":{"line":459,"column":34}},"186":{"start":{"line":463,"column":2},"end":{"line":475,"column":3}},"187":{"start":{"line":464,"column":4},"end":{"line":465,"column":18}},"188":{"start":{"line":465,"column":6},"end":{"line":465,"column":18}},"189":{"start":{"line":467,"column":17},"end":{"line":467,"column":40}},"190":{"start":{"line":468,"column":4},"end":{"line":473,"column":5}},"191":{"start":{"line":469,"column":18},"end":{"line":469,"column":56}},"192":{"start":{"line":472,"column":6},"end":{"line":472,"column":39}},"193":{"start":{"line":474,"column":4},"end":{"line":474,"column":16}},"194":{"start":{"line":481,"column":2},"end":{"line":483,"column":3}},"195":{"start":{"line":482,"column":4},"end":{"line":482,"column":13}},"196":{"start":{"line":485,"column":2},"end":{"line":494,"column":3}},"197":{"start":{"line":486,"column":4},"end":{"line":493,"column":5}},"198":{"start":{"line":487,"column":6},"end":{"line":487,"column":35}},"199":{"start":{"line":489,"column":6},"end":{"line":491,"column":7}},"200":{"start":{"line":490,"column":8},"end":{"line":490,"column":24}},"201":{"start":{"line":492,"column":6},"end":{"line":492,"column":17}},"202":{"start":{"line":498,"column":16},"end":{"line":498,"column":79}},"203":{"start":{"line":508,"column":2},"end":{"line":508,"column":14}}},"fnMap":{"0":{"name":"(anonymous_0)","decl":{"start":{"line":13,"column":13},"end":{"line":13,"column":14}},"loc":{"start":{"line":13,"column":18},"end":{"line":13,"column":19}},"line":13},"1":{"name":"createStoreWithMiddleware","decl":{"start":{"line":16,"column":9},"end":{"line":16,"column":34}},"loc":{"start":{"line":16,"column":73},"end":{"line":30,"column":1}},"line":16},"2":{"name":"(anonymous_2)","decl":{"start":{"line":34,"column":2},"end":{"line":34,"column":3}},"loc":{"start":{"line":34,"column":23},"end":{"line":60,"column":3}},"line":34},"3":{"name":"(anonymous_3)","decl":{"start":{"line":62,"column":2},"end":{"line":62,"column":3}},"loc":{"start":{"line":62,"column":13},"end":{"line":64,"column":3}},"line":62},"4":{"name":"(anonymous_4)","decl":{"start":{"line":66,"column":2},"end":{"line":66,"column":3}},"loc":{"start":{"line":66,"column":34},"end":{"line":78,"column":3}},"line":66},"5":{"name":"(anonymous_5)","decl":{"start":{"line":80,"column":2},"end":{"line":80,"column":3}},"loc":{"start":{"line":80,"column":33},"end":{"line":95,"column":3}},"line":80},"6":{"name":"(anonymous_6)","decl":{"start":{"line":97,"column":2},"end":{"line":97,"column":3}},"loc":{"start":{"line":97,"column":15},"end":{"line":99,"column":3}},"line":97},"7":{"name":"(anonymous_7)","decl":{"start":{"line":101,"column":2},"end":{"line":101,"column":3}},"loc":{"start":{"line":101,"column":19},"end":{"line":111,"column":3}},"line":101},"8":{"name":"(anonymous_8)","decl":{"start":{"line":113,"column":2},"end":{"line":113,"column":3}},"loc":{"start":{"line":113,"column":15},"end":{"line":115,"column":3}},"line":113},"9":{"name":"(anonymous_9)","decl":{"start":{"line":117,"column":2},"end":{"line":117,"column":3}},"loc":{"start":{"line":117,"column":15},"end":{"line":121,"column":3}},"line":117},"10":{"name":"(anonymous_10)","decl":{"start":{"line":123,"column":2},"end":{"line":123,"column":3}},"loc":{"start":{"line":123,"column":22},"end":{"line":125,"column":3}},"line":123},"11":{"name":"(anonymous_11)","decl":{"start":{"line":127,"column":2},"end":{"line":127,"column":3}},"loc":{"start":{"line":127,"column":19},"end":{"line":129,"column":3}},"line":127},"12":{"name":"(anonymous_12)","decl":{"start":{"line":135,"column":2},"end":{"line":135,"column":3}},"loc":{"start":{"line":135,"column":16},"end":{"line":142,"column":3}},"line":135},"13":{"name":"(anonymous_13)","decl":{"start":{"line":137,"column":47},"end":{"line":137,"column":48}},"loc":{"start":{"line":137,"column":67},"end":{"line":141,"column":7}},"line":137},"14":{"name":"(anonymous_14)","decl":{"start":{"line":144,"column":2},"end":{"line":144,"column":3}},"loc":{"start":{"line":144,"column":17},"end":{"line":146,"column":3}},"line":144},"15":{"name":"(anonymous_15)","decl":{"start":{"line":148,"column":2},"end":{"line":148,"column":3}},"loc":{"start":{"line":148,"column":15},"end":{"line":157,"column":3}},"line":148},"16":{"name":"(anonymous_16)","decl":{"start":{"line":151,"column":33},"end":{"line":151,"column":34}},"loc":{"start":{"line":151,"column":46},"end":{"line":156,"column":5}},"line":151},"17":{"name":"(anonymous_17)","decl":{"start":{"line":152,"column":32},"end":{"line":152,"column":33}},"loc":{"start":{"line":152,"column":56},"end":{"line":155,"column":7}},"line":152},"18":{"name":"(anonymous_18)","decl":{"start":{"line":159,"column":2},"end":{"line":159,"column":3}},"loc":{"start":{"line":159,"column":38},"end":{"line":186,"column":3}},"line":159},"19":{"name":"(anonymous_19)","decl":{"start":{"line":161,"column":34},"end":{"line":161,"column":35}},"loc":{"start":{"line":161,"column":64},"end":{"line":185,"column":7}},"line":161},"20":{"name":"(anonymous_20)","decl":{"start":{"line":164,"column":35},"end":{"line":164,"column":36}},"loc":{"start":{"line":164,"column":59},"end":{"line":182,"column":13}},"line":164},"21":{"name":"(anonymous_21)","decl":{"start":{"line":173,"column":33},"end":{"line":173,"column":34}},"loc":{"start":{"line":173,"column":46},"end":{"line":181,"column":15}},"line":173},"22":{"name":"(anonymous_22)","decl":{"start":{"line":174,"column":32},"end":{"line":174,"column":33}},"loc":{"start":{"line":174,"column":45},"end":{"line":176,"column":17}},"line":174},"23":{"name":"(anonymous_23)","decl":{"start":{"line":188,"column":2},"end":{"line":188,"column":3}},"loc":{"start":{"line":188,"column":51},"end":{"line":216,"column":3}},"line":188},"24":{"name":"(anonymous_24)","decl":{"start":{"line":190,"column":36},"end":{"line":190,"column":37}},"loc":{"start":{"line":190,"column":70},"end":{"line":215,"column":7}},"line":190},"25":{"name":"(anonymous_25)","decl":{"start":{"line":194,"column":37},"end":{"line":194,"column":38}},"loc":{"start":{"line":194,"column":65},"end":{"line":212,"column":13}},"line":194},"26":{"name":"(anonymous_26)","decl":{"start":{"line":203,"column":33},"end":{"line":203,"column":34}},"loc":{"start":{"line":203,"column":46},"end":{"line":211,"column":15}},"line":203},"27":{"name":"(anonymous_27)","decl":{"start":{"line":204,"column":38},"end":{"line":204,"column":39}},"loc":{"start":{"line":204,"column":51},"end":{"line":206,"column":17}},"line":204},"28":{"name":"(anonymous_28)","decl":{"start":{"line":218,"column":2},"end":{"line":218,"column":3}},"loc":{"start":{"line":218,"column":19},"end":{"line":223,"column":3}},"line":218},"29":{"name":"(anonymous_29)","decl":{"start":{"line":219,"column":56},"end":{"line":219,"column":57}},"loc":{"start":{"line":219,"column":70},"end":{"line":222,"column":5}},"line":219},"30":{"name":"(anonymous_30)","decl":{"start":{"line":225,"column":2},"end":{"line":225,"column":3}},"loc":{"start":{"line":225,"column":27},"end":{"line":230,"column":3}},"line":225},"31":{"name":"(anonymous_31)","decl":{"start":{"line":226,"column":56},"end":{"line":226,"column":57}},"loc":{"start":{"line":226,"column":70},"end":{"line":229,"column":3}},"line":226},"32":{"name":"(anonymous_32)","decl":{"start":{"line":227,"column":19},"end":{"line":227,"column":20}},"loc":{"start":{"line":227,"column":24},"end":{"line":227,"column":43}},"line":227},"33":{"name":"(anonymous_33)","decl":{"start":{"line":232,"column":2},"end":{"line":232,"column":3}},"loc":{"start":{"line":232,"column":10},"end":{"line":236,"column":3}},"line":232},"34":{"name":"(anonymous_34)","decl":{"start":{"line":238,"column":2},"end":{"line":238,"column":3}},"loc":{"start":{"line":238,"column":27},"end":{"line":251,"column":3}},"line":238},"35":{"name":"(anonymous_35)","decl":{"start":{"line":242,"column":24},"end":{"line":242,"column":25}},"loc":{"start":{"line":242,"column":42},"end":{"line":244,"column":7}},"line":242},"36":{"name":"(anonymous_36)","decl":{"start":{"line":253,"column":2},"end":{"line":253,"column":3}},"loc":{"start":{"line":253,"column":41},"end":{"line":270,"column":3}},"line":253},"37":{"name":"(anonymous_37)","decl":{"start":{"line":254,"column":39},"end":{"line":254,"column":40}},"loc":{"start":{"line":254,"column":53},"end":{"line":269,"column":5}},"line":254},"38":{"name":"(anonymous_38)","decl":{"start":{"line":256,"column":29},"end":{"line":256,"column":30}},"loc":{"start":{"line":256,"column":34},"end":{"line":256,"column":61}},"line":256},"39":{"name":"(anonymous_39)","decl":{"start":{"line":258,"column":25},"end":{"line":258,"column":26}},"loc":{"start":{"line":258,"column":33},"end":{"line":268,"column":7}},"line":258},"40":{"name":"(anonymous_40)","decl":{"start":{"line":259,"column":15},"end":{"line":259,"column":16}},"loc":{"start":{"line":259,"column":28},"end":{"line":267,"column":9}},"line":259},"41":{"name":"(anonymous_41)","decl":{"start":{"line":272,"column":2},"end":{"line":272,"column":3}},"loc":{"start":{"line":272,"column":28},"end":{"line":298,"column":3}},"line":272},"42":{"name":"(anonymous_42)","decl":{"start":{"line":278,"column":20},"end":{"line":278,"column":21}},"loc":{"start":{"line":278,"column":30},"end":{"line":296,"column":5}},"line":278},"43":{"name":"(anonymous_43)","decl":{"start":{"line":280,"column":31},"end":{"line":280,"column":32}},"loc":{"start":{"line":280,"column":39},"end":{"line":280,"column":52}},"line":280},"44":{"name":"(anonymous_44)","decl":{"start":{"line":283,"column":13},"end":{"line":283,"column":14}},"loc":{"start":{"line":283,"column":26},"end":{"line":294,"column":7}},"line":283},"45":{"name":"(anonymous_45)","decl":{"start":{"line":297,"column":27},"end":{"line":297,"column":28}},"loc":{"start":{"line":297,"column":44},"end":{"line":297,"column":100}},"line":297},"46":{"name":"(anonymous_46)","decl":{"start":{"line":300,"column":2},"end":{"line":300,"column":3}},"loc":{"start":{"line":300,"column":23},"end":{"line":304,"column":3}},"line":300},"47":{"name":"(anonymous_47)","decl":{"start":{"line":301,"column":11},"end":{"line":301,"column":12}},"loc":{"start":{"line":301,"column":17},"end":{"line":303,"column":5}},"line":301},"48":{"name":"(anonymous_48)","decl":{"start":{"line":306,"column":2},"end":{"line":306,"column":3}},"loc":{"start":{"line":306,"column":32},"end":{"line":310,"column":3}},"line":306},"49":{"name":"(anonymous_49)","decl":{"start":{"line":307,"column":11},"end":{"line":307,"column":12}},"loc":{"start":{"line":307,"column":25},"end":{"line":309,"column":5}},"line":307},"50":{"name":"combinePlugins","decl":{"start":{"line":314,"column":9},"end":{"line":314,"column":23}},"loc":{"start":{"line":314,"column":57},"end":{"line":332,"column":1}},"line":314},"51":{"name":"(anonymous_51)","decl":{"start":{"line":327,"column":9},"end":{"line":327,"column":10}},"loc":{"start":{"line":327,"column":19},"end":{"line":327,"column":65}},"line":327},"52":{"name":"callAfterLoad","decl":{"start":{"line":334,"column":9},"end":{"line":334,"column":22}},"loc":{"start":{"line":334,"column":60},"end":{"line":351,"column":1}},"line":334},"53":{"name":"(anonymous_53)","decl":{"start":{"line":347,"column":23},"end":{"line":347,"column":24}},"loc":{"start":{"line":347,"column":33},"end":{"line":347,"column":105}},"line":347},"54":{"name":"systemExtend","decl":{"start":{"line":356,"column":9},"end":{"line":356,"column":21}},"loc":{"start":{"line":356,"column":39},"end":{"line":440,"column":1}},"line":356},"55":{"name":"(anonymous_55)","decl":{"start":{"line":368,"column":31},"end":{"line":368,"column":32}},"loc":{"start":{"line":368,"column":51},"end":{"line":377,"column":5}},"line":368},"56":{"name":"buildReducer","decl":{"start":{"line":442,"column":9},"end":{"line":442,"column":21}},"loc":{"start":{"line":442,"column":30},"end":{"line":447,"column":1}},"line":442},"57":{"name":"(anonymous_57)","decl":{"start":{"line":443,"column":34},"end":{"line":443,"column":35}},"loc":{"start":{"line":443,"column":43},"end":{"line":445,"column":3}},"line":443},"58":{"name":"allReducers","decl":{"start":{"line":449,"column":9},"end":{"line":449,"column":20}},"loc":{"start":{"line":449,"column":36},"end":{"line":460,"column":1}},"line":449},"59":{"name":"(anonymous_59)","decl":{"start":{"line":450,"column":51},"end":{"line":450,"column":52}},"loc":{"start":{"line":450,"column":65},"end":{"line":453,"column":3}},"line":450},"60":{"name":"makeReducer","decl":{"start":{"line":462,"column":9},"end":{"line":462,"column":20}},"loc":{"start":{"line":462,"column":33},"end":{"line":476,"column":1}},"line":462},"61":{"name":"(anonymous_61)","decl":{"start":{"line":463,"column":9},"end":{"line":463,"column":10}},"loc":{"start":{"line":463,"column":40},"end":{"line":475,"column":3}},"line":463},"62":{"name":"wrapWithTryCatch","decl":{"start":{"line":478,"column":9},"end":{"line":478,"column":25}},"loc":{"start":{"line":480,"column":8},"end":{"line":495,"column":1}},"line":480},"63":{"name":"(anonymous_63)","decl":{"start":{"line":485,"column":9},"end":{"line":485,"column":10}},"loc":{"start":{"line":485,"column":27},"end":{"line":494,"column":3}},"line":485},"64":{"name":"configureStore","decl":{"start":{"line":497,"column":9},"end":{"line":497,"column":23}},"loc":{"start":{"line":497,"column":62},"end":{"line":509,"column":1}},"line":497}},"branchMap":{"0":{"loc":{"start":{"line":25,"column":27},"end":{"line":25,"column":78}},"type":"binary-expr","locations":[{"start":{"line":25,"column":27},"end":{"line":25,"column":67}},{"start":{"line":25,"column":71},"end":{"line":25,"column":78}}],"line":25},"1":{"loc":{"start":{"line":34,"column":14},"end":{"line":34,"column":21}},"type":"default-arg","locations":[{"start":{"line":34,"column":19},"end":{"line":34,"column":21}}],"line":34},"2":{"loc":{"start":{"line":66,"column":20},"end":{"line":66,"column":32}},"type":"default-arg","locations":[{"start":{"line":66,"column":28},"end":{"line":66,"column":32}}],"line":66},"3":{"loc":{"start":{"line":69,"column":4},"end":{"line":71,"column":5}},"type":"if","locations":[{"start":{"line":69,"column":4},"end":{"line":71,"column":5}},{"start":{"line":69,"column":4},"end":{"line":71,"column":5}}],"line":69},"4":{"loc":{"start":{"line":75,"column":4},"end":{"line":77,"column":5}},"type":"if","locations":[{"start":{"line":75,"column":4},"end":{"line":77,"column":5}},{"start":{"line":75,"column":4},"end":{"line":77,"column":5}}],"line":75},"5":{"loc":{"start":{"line":80,"column":14},"end":{"line":80,"column":31}},"type":"default-arg","locations":[{"start":{"line":80,"column":27},"end":{"line":80,"column":31}}],"line":80},"6":{"loc":{"start":{"line":93,"column":4},"end":{"line":94,"column":27}},"type":"if","locations":[{"start":{"line":93,"column":4},"end":{"line":94,"column":27}},{"start":{"line":93,"column":4},"end":{"line":94,"column":27}}],"line":93},"7":{"loc":{"start":{"line":110,"column":7},"end":{"line":110,"column":36}},"type":"binary-expr","locations":[{"start":{"line":110,"column":7},"end":{"line":110,"column":30}},{"start":{"line":110,"column":34},"end":{"line":110,"column":36}}],"line":110},"8":{"loc":{"start":{"line":139,"column":8},"end":{"line":140,"column":43}},"type":"if","locations":[{"start":{"line":139,"column":8},"end":{"line":140,"column":43}},{"start":{"line":139,"column":8},"end":{"line":140,"column":43}}],"line":139},"9":{"loc":{"start":{"line":153,"column":8},"end":{"line":154,"column":39}},"type":"if","locations":[{"start":{"line":153,"column":8},"end":{"line":154,"column":39}},{"start":{"line":153,"column":8},"end":{"line":154,"column":39}}],"line":153},"10":{"loc":{"start":{"line":163,"column":10},"end":{"line":183,"column":11}},"type":"if","locations":[{"start":{"line":163,"column":10},"end":{"line":183,"column":11}},{"start":{"line":163,"column":10},"end":{"line":183,"column":11}}],"line":163},"11":{"loc":{"start":{"line":166,"column":14},"end":{"line":168,"column":15}},"type":"if","locations":[{"start":{"line":166,"column":14},"end":{"line":168,"column":15}},{"start":{"line":166,"column":14},"end":{"line":168,"column":15}}],"line":166},"12":{"loc":{"start":{"line":170,"column":14},"end":{"line":172,"column":15}},"type":"if","locations":[{"start":{"line":170,"column":14},"end":{"line":172,"column":15}},{"start":{"line":170,"column":14},"end":{"line":172,"column":15}}],"line":170},"13":{"loc":{"start":{"line":177,"column":16},"end":{"line":179,"column":17}},"type":"if","locations":[{"start":{"line":177,"column":16},"end":{"line":179,"column":17}},{"start":{"line":177,"column":16},"end":{"line":179,"column":17}}],"line":177},"14":{"loc":{"start":{"line":181,"column":17},"end":{"line":181,"column":45}},"type":"binary-expr","locations":[{"start":{"line":181,"column":17},"end":{"line":181,"column":23}},{"start":{"line":181,"column":27},"end":{"line":181,"column":45}}],"line":181},"15":{"loc":{"start":{"line":193,"column":10},"end":{"line":213,"column":11}},"type":"if","locations":[{"start":{"line":193,"column":10},"end":{"line":213,"column":11}},{"start":{"line":193,"column":10},"end":{"line":213,"column":11}}],"line":193},"16":{"loc":{"start":{"line":196,"column":14},"end":{"line":198,"column":15}},"type":"if","locations":[{"start":{"line":196,"column":14},"end":{"line":198,"column":15}},{"start":{"line":196,"column":14},"end":{"line":198,"column":15}}],"line":196},"17":{"loc":{"start":{"line":200,"column":14},"end":{"line":202,"column":15}},"type":"if","locations":[{"start":{"line":200,"column":14},"end":{"line":202,"column":15}},{"start":{"line":200,"column":14},"end":{"line":202,"column":15}}],"line":200},"18":{"loc":{"start":{"line":207,"column":16},"end":{"line":209,"column":17}},"type":"if","locations":[{"start":{"line":207,"column":16},"end":{"line":209,"column":17}},{"start":{"line":207,"column":16},"end":{"line":209,"column":17}}],"line":207},"19":{"loc":{"start":{"line":211,"column":17},"end":{"line":211,"column":47}},"type":"binary-expr","locations":[{"start":{"line":211,"column":17},"end":{"line":211,"column":25}},{"start":{"line":211,"column":29},"end":{"line":211,"column":47}}],"line":211},"20":{"loc":{"start":{"line":241,"column":4},"end":{"line":245,"column":5}},"type":"if","locations":[{"start":{"line":241,"column":4},"end":{"line":245,"column":5}},{"start":{"line":241,"column":4},"end":{"line":245,"column":5}}],"line":241},"21":{"loc":{"start":{"line":246,"column":4},"end":{"line":248,"column":5}},"type":"if","locations":[{"start":{"line":246,"column":4},"end":{"line":248,"column":5}},{"start":{"line":246,"column":4},"end":{"line":248,"column":5}}],"line":246},"22":{"loc":{"start":{"line":263,"column":10},"end":{"line":264,"column":52}},"type":"if","locations":[{"start":{"line":263,"column":10},"end":{"line":264,"column":52}},{"start":{"line":263,"column":10},"end":{"line":264,"column":52}}],"line":263},"23":{"loc":{"start":{"line":274,"column":15},"end":{"line":274,"column":51}},"type":"binary-expr","locations":[{"start":{"line":274,"column":15},"end":{"line":274,"column":23}},{"start":{"line":274,"column":27},"end":{"line":274,"column":51}}],"line":274},"24":{"loc":{"start":{"line":279,"column":6},"end":{"line":281,"column":7}},"type":"if","locations":[{"start":{"line":279,"column":6},"end":{"line":281,"column":7}},{"start":{"line":279,"column":6},"end":{"line":281,"column":7}}],"line":279},"25":{"loc":{"start":{"line":315,"column":2},"end":{"line":317,"column":3}},"type":"if","locations":[{"start":{"line":315,"column":2},"end":{"line":317,"column":3}},{"start":{"line":315,"column":2},"end":{"line":317,"column":3}}],"line":315},"26":{"loc":{"start":{"line":315,"column":5},"end":{"line":315,"column":43}},"type":"binary-expr","locations":[{"start":{"line":315,"column":5},"end":{"line":315,"column":22}},{"start":{"line":315,"column":26},"end":{"line":315,"column":43}}],"line":315},"27":{"loc":{"start":{"line":319,"column":2},"end":{"line":321,"column":3}},"type":"if","locations":[{"start":{"line":319,"column":2},"end":{"line":321,"column":3}},{"start":{"line":319,"column":2},"end":{"line":321,"column":3}}],"line":319},"28":{"loc":{"start":{"line":323,"column":2},"end":{"line":329,"column":3}},"type":"if","locations":[{"start":{"line":323,"column":2},"end":{"line":329,"column":3}},{"start":{"line":323,"column":2},"end":{"line":329,"column":3}}],"line":323},"29":{"loc":{"start":{"line":324,"column":17},"end":{"line":324,"column":88}},"type":"cond-expr","locations":[{"start":{"line":324,"column":60},"end":{"line":324,"column":83}},{"start":{"line":324,"column":86},"end":{"line":324,"column":88}}],"line":324},"30":{"loc":{"start":{"line":334,"column":40},"end":{"line":334,"column":58}},"type":"default-arg","locations":[{"start":{"line":334,"column":56},"end":{"line":334,"column":58}}],"line":334},"31":{"loc":{"start":{"line":336,"column":2},"end":{"line":341,"column":3}},"type":"if","locations":[{"start":{"line":336,"column":2},"end":{"line":341,"column":3}},{"start":{"line":336,"column":2},"end":{"line":341,"column":3}}],"line":336},"32":{"loc":{"start":{"line":336,"column":5},"end":{"line":336,"column":43}},"type":"binary-expr","locations":[{"start":{"line":336,"column":5},"end":{"line":336,"column":22}},{"start":{"line":336,"column":26},"end":{"line":336,"column":43}}],"line":336},"33":{"loc":{"start":{"line":337,"column":4},"end":{"line":340,"column":5}},"type":"if","locations":[{"start":{"line":337,"column":4},"end":{"line":340,"column":5}},{"start":{"line":337,"column":4},"end":{"line":340,"column":5}}],"line":337},"34":{"loc":{"start":{"line":343,"column":2},"end":{"line":344,"column":92}},"type":"if","locations":[{"start":{"line":343,"column":2},"end":{"line":344,"column":92}},{"start":{"line":343,"column":2},"end":{"line":344,"column":92}}],"line":343},"35":{"loc":{"start":{"line":346,"column":2},"end":{"line":348,"column":3}},"type":"if","locations":[{"start":{"line":346,"column":2},"end":{"line":348,"column":3}},{"start":{"line":346,"column":2},"end":{"line":348,"column":3}}],"line":346},"36":{"loc":{"start":{"line":356,"column":22},"end":{"line":356,"column":29}},"type":"default-arg","locations":[{"start":{"line":356,"column":27},"end":{"line":356,"column":29}}],"line":356},"37":{"loc":{"start":{"line":356,"column":31},"end":{"line":356,"column":37}},"type":"default-arg","locations":[{"start":{"line":356,"column":35},"end":{"line":356,"column":37}}],"line":356},"38":{"loc":{"start":{"line":358,"column":2},"end":{"line":360,"column":3}},"type":"if","locations":[{"start":{"line":358,"column":2},"end":{"line":360,"column":3}},{"start":{"line":358,"column":2},"end":{"line":360,"column":3}}],"line":358},"39":{"loc":{"start":{"line":361,"column":2},"end":{"line":363,"column":3}},"type":"if","locations":[{"start":{"line":361,"column":2},"end":{"line":363,"column":3}},{"start":{"line":361,"column":2},"end":{"line":363,"column":3}}],"line":361},"40":{"loc":{"start":{"line":367,"column":2},"end":{"line":385,"column":3}},"type":"if","locations":[{"start":{"line":367,"column":2},"end":{"line":385,"column":3}},{"start":{"line":367,"column":2},"end":{"line":385,"column":3}}],"line":367},"41":{"loc":{"start":{"line":369,"column":18},"end":{"line":369,"column":57}},"type":"binary-expr","locations":[{"start":{"line":369,"column":18},"end":{"line":369,"column":33}},{"start":{"line":369,"column":37},"end":{"line":369,"column":57}}],"line":369},"42":{"loc":{"start":{"line":370,"column":6},"end":{"line":376,"column":7}},"type":"if","locations":[{"start":{"line":370,"column":6},"end":{"line":376,"column":7}},{"start":{"line":370,"column":6},"end":{"line":376,"column":7}}],"line":370},"43":{"loc":{"start":{"line":370,"column":9},"end":{"line":370,"column":34}},"type":"binary-expr","locations":[{"start":{"line":370,"column":9},"end":{"line":370,"column":12}},{"start":{"line":370,"column":16},"end":{"line":370,"column":34}}],"line":370},"44":{"loc":{"start":{"line":373,"column":13},"end":{"line":376,"column":7}},"type":"if","locations":[{"start":{"line":373,"column":13},"end":{"line":376,"column":7}},{"start":{"line":373,"column":13},"end":{"line":376,"column":7}}],"line":373},"45":{"loc":{"start":{"line":379,"column":4},"end":{"line":384,"column":5}},"type":"if","locations":[{"start":{"line":379,"column":4},"end":{"line":384,"column":5}},{"start":{"line":379,"column":4},"end":{"line":384,"column":5}}],"line":379},"46":{"loc":{"start":{"line":392,"column":2},"end":{"line":437,"column":3}},"type":"if","locations":[{"start":{"line":392,"column":2},"end":{"line":437,"column":3}},{"start":{"line":392,"column":2},"end":{"line":437,"column":3}}],"line":392},"47":{"loc":{"start":{"line":395,"column":6},"end":{"line":397,"column":7}},"type":"if","locations":[{"start":{"line":395,"column":6},"end":{"line":397,"column":7}},{"start":{"line":395,"column":6},"end":{"line":397,"column":7}}],"line":395},"48":{"loc":{"start":{"line":402,"column":6},"end":{"line":417,"column":7}},"type":"if","locations":[{"start":{"line":402,"column":6},"end":{"line":417,"column":7}},{"start":{"line":402,"column":6},"end":{"line":417,"column":7}}],"line":402},"49":{"loc":{"start":{"line":407,"column":10},"end":{"line":410,"column":11}},"type":"if","locations":[{"start":{"line":407,"column":10},"end":{"line":410,"column":11}},{"start":{"line":407,"column":10},"end":{"line":410,"column":11}}],"line":407},"50":{"loc":{"start":{"line":412,"column":10},"end":{"line":414,"column":11}},"type":"if","locations":[{"start":{"line":412,"column":10},"end":{"line":414,"column":11}},{"start":{"line":412,"column":10},"end":{"line":414,"column":11}}],"line":412},"51":{"loc":{"start":{"line":412,"column":13},"end":{"line":412,"column":165}},"type":"binary-expr","locations":[{"start":{"line":412,"column":13},"end":{"line":412,"column":16}},{"start":{"line":412,"column":20},"end":{"line":412,"column":36}},{"start":{"line":412,"column":40},"end":{"line":412,"column":67}},{"start":{"line":412,"column":71},"end":{"line":412,"column":110}},{"start":{"line":412,"column":114},"end":{"line":412,"column":165}}],"line":412},"52":{"loc":{"start":{"line":420,"column":6},"end":{"line":435,"column":7}},"type":"if","locations":[{"start":{"line":420,"column":6},"end":{"line":435,"column":7}},{"start":{"line":420,"column":6},"end":{"line":435,"column":7}}],"line":420},"53":{"loc":{"start":{"line":425,"column":10},"end":{"line":428,"column":11}},"type":"if","locations":[{"start":{"line":425,"column":10},"end":{"line":428,"column":11}},{"start":{"line":425,"column":10},"end":{"line":428,"column":11}}],"line":425},"54":{"loc":{"start":{"line":430,"column":10},"end":{"line":432,"column":11}},"type":"if","locations":[{"start":{"line":430,"column":10},"end":{"line":432,"column":11}},{"start":{"line":430,"column":10},"end":{"line":432,"column":11}}],"line":430},"55":{"loc":{"start":{"line":430,"column":13},"end":{"line":430,"column":171}},"type":"binary-expr","locations":[{"start":{"line":430,"column":13},"end":{"line":430,"column":16}},{"start":{"line":430,"column":20},"end":{"line":430,"column":36}},{"start":{"line":430,"column":40},"end":{"line":430,"column":67}},{"start":{"line":430,"column":71},"end":{"line":430,"column":112}},{"start":{"line":430,"column":116},"end":{"line":430,"column":171}}],"line":430},"56":{"loc":{"start":{"line":455,"column":2},"end":{"line":457,"column":3}},"type":"if","locations":[{"start":{"line":455,"column":2},"end":{"line":457,"column":3}},{"start":{"line":455,"column":2},"end":{"line":457,"column":3}}],"line":455},"57":{"loc":{"start":{"line":463,"column":10},"end":{"line":463,"column":27}},"type":"default-arg","locations":[{"start":{"line":463,"column":18},"end":{"line":463,"column":27}}],"line":463},"58":{"loc":{"start":{"line":464,"column":4},"end":{"line":465,"column":18}},"type":"if","locations":[{"start":{"line":464,"column":4},"end":{"line":465,"column":18}},{"start":{"line":464,"column":4},"end":{"line":465,"column":18}}],"line":464},"59":{"loc":{"start":{"line":468,"column":4},"end":{"line":473,"column":5}},"type":"if","locations":[{"start":{"line":468,"column":4},"end":{"line":473,"column":5}},{"start":{"line":468,"column":4},"end":{"line":473,"column":5}}],"line":468},"60":{"loc":{"start":{"line":472,"column":13},"end":{"line":472,"column":39}},"type":"cond-expr","locations":[{"start":{"line":472,"column":28},"end":{"line":472,"column":33}},{"start":{"line":472,"column":36},"end":{"line":472,"column":39}}],"line":472},"61":{"loc":{"start":{"line":478,"column":30},"end":{"line":480,"column":6}},"type":"default-arg","locations":[{"start":{"line":480,"column":4},"end":{"line":480,"column":6}}],"line":478},"62":{"loc":{"start":{"line":479,"column":2},"end":{"line":479,"column":18}},"type":"default-arg","locations":[{"start":{"line":479,"column":14},"end":{"line":479,"column":18}}],"line":479},"63":{"loc":{"start":{"line":481,"column":2},"end":{"line":483,"column":3}},"type":"if","locations":[{"start":{"line":481,"column":2},"end":{"line":483,"column":3}},{"start":{"line":481,"column":2},"end":{"line":483,"column":3}}],"line":481},"64":{"loc":{"start":{"line":489,"column":6},"end":{"line":491,"column":7}},"type":"if","locations":[{"start":{"line":489,"column":6},"end":{"line":491,"column":7}},{"start":{"line":489,"column":6},"end":{"line":491,"column":7}}],"line":489}},"s":{"0":12,"1":12,"2":12,"3":12,"4":12,"5":12,"6":12,"7":12,"8":12,"9":12,"10":192,"11":24,"12":24,"13":24,"14":24,"15":24,"16":24,"17":24,"18":60,"19":60,"20":60,"21":60,"22":48,"23":14696,"24":60,"25":2713,"26":60,"27":12,"28":48,"29":120,"30":120,"31":672,"32":672,"33":624,"34":60,"35":60,"36":60,"37":288,"38":6624,"39":3984,"40":60,"41":60,"42":288,"43":288,"44":192,"45":3072,"46":3072,"47":2640,"48":432,"49":0,"50":432,"51":720,"52":130,"53":720,"54":0,"55":720,"56":96,"57":60,"58":60,"59":336,"60":336,"61":336,"62":96,"63":4032,"64":4032,"65":3408,"66":624,"67":0,"68":624,"69":624,"70":2691,"71":624,"72":0,"73":624,"74":240,"75":0,"76":0,"77":0,"78":60,"79":336,"80":0,"81":336,"82":60,"83":579,"84":579,"85":221,"86":251,"87":358,"88":358,"89":0,"90":60,"91":336,"92":336,"93":15985,"94":336,"95":5472,"96":15985,"97":15985,"98":814,"99":15985,"100":60,"101":60,"102":60,"103":4272,"104":288,"105":3984,"106":3984,"107":722,"108":722,"109":722,"110":0,"111":722,"112":60,"113":288,"114":0,"115":0,"116":0,"117":0,"118":756,"119":348,"120":408,"121":312,"122":96,"123":96,"124":96,"125":420,"126":0,"127":756,"128":756,"129":348,"130":12,"131":12,"132":756,"133":312,"134":444,"135":96,"136":420,"137":348,"138":444,"139":0,"140":444,"141":0,"142":444,"143":132,"144":588,"145":588,"146":36,"147":36,"148":552,"149":288,"150":288,"151":132,"152":36,"153":444,"154":444,"155":336,"156":1200,"157":1200,"158":0,"159":1200,"160":1200,"161":600,"162":1488,"163":1488,"164":120,"165":120,"166":1488,"167":72,"168":1200,"169":216,"170":480,"171":480,"172":156,"173":156,"174":480,"175":0,"176":444,"177":48,"178":336,"179":48,"180":48,"181":336,"182":336,"183":48,"184":0,"185":48,"186":336,"187":3444,"188":492,"189":2952,"190":2952,"191":444,"192":444,"193":2508,"194":17975,"195":0,"196":17975,"197":17385,"198":17385,"199":0,"200":0,"201":0,"202":12,"203":12},"f":{"0":12,"1":12,"2":12,"3":192,"4":24,"5":60,"6":14696,"7":60,"8":2713,"9":60,"10":12,"11":48,"12":120,"13":672,"14":60,"15":60,"16":288,"17":6624,"18":60,"19":288,"20":3072,"21":720,"22":130,"23":60,"24":336,"25":4032,"26":624,"27":2691,"28":0,"29":0,"30":60,"31":336,"32":0,"33":60,"34":579,"35":251,"36":60,"37":336,"38":15985,"39":5472,"40":15985,"41":60,"42":4272,"43":3984,"44":722,"45":288,"46":0,"47":0,"48":0,"49":0,"50":756,"51":420,"52":756,"53":420,"54":444,"55":588,"56":48,"57":336,"58":48,"59":336,"60":336,"61":3444,"62":17975,"63":17385,"64":12},"b":{"0":[12,12],"1":[0],"2":[24],"3":[24,0],"4":[24,0],"5":[48],"6":[48,12],"7":[60,0],"8":[624,48],"9":[3984,2640],"10":[192,96],"11":[2640,432],"12":[0,432],"13":[0,720],"14":[432,0],"15":[96,240],"16":[3408,624],"17":[0,624],"18":[0,624],"19":[624,0],"20":[221,358],"21":[358,0],"22":[814,15171],"23":[60,0],"24":[288,3984],"25":[348,408],"26":[756,444],"27":[312,96],"28":[96,0],"29":[0,96],"30":[24],"31":[348,408],"32":[756,444],"33":[12,336],"34":[312,444],"35":[96,348],"36":[0],"37":[0],"38":[0,444],"39":[0,444],"40":[132,312],"41":[588,432],"42":[36,552],"43":[588,324],"44":[288,264],"45":[36,96],"46":[336,108],"47":[0,1200],"48":[600,600],"49":[120,1368],"50":[72,1416],"51":[1488,1488,1068,480,156],"52":[216,984],"53":[156,324],"54":[0,480],"55":[480,480,408,336,12],"56":[0,48],"57":[48],"58":[492,2952],"59":[444,2508],"60":[0,444],"61":[17975],"62":[17975],"63":[0,17975],"64":[0,0]},"_coverageSchema":"1a1c01bbd47fc00a2c39e90264f33305004495a9","hash":"3518a66076fee8c6ff368a211f9305acb6bb89b8"}
,"C:\\Users\\User\\source\\repos\\multi-swagger\\Multi-Swagger\\src\\core\\utils.js": {"path":"C:\\Users\\User\\source\\repos\\multi-swagger\\Multi-Swagger\\src\\core\\utils.js","statementMap":{"0":{"start":{"line":31,"column":29},"end":{"line":31,"column":38}},"1":{"start":{"line":33,"column":27},"end":{"line":33,"column":67}},"2":{"start":{"line":33,"column":38},"end":{"line":33,"column":67}},"3":{"start":{"line":36,"column":2},"end":{"line":37,"column":13}},"4":{"start":{"line":37,"column":4},"end":{"line":37,"column":13}},"5":{"start":{"line":38,"column":2},"end":{"line":39,"column":23}},"6":{"start":{"line":39,"column":4},"end":{"line":39,"column":23}},"7":{"start":{"line":40,"column":2},"end":{"line":40,"column":14}},"8":{"start":{"line":44,"column":2},"end":{"line":45,"column":13}},"9":{"start":{"line":45,"column":4},"end":{"line":45,"column":13}},"10":{"start":{"line":47,"column":2},"end":{"line":48,"column":26}},"11":{"start":{"line":48,"column":4},"end":{"line":48,"column":26}},"12":{"start":{"line":50,"column":2},"end":{"line":50,"column":30}},"13":{"start":{"line":54,"column":2},"end":{"line":56,"column":3}},"14":{"start":{"line":55,"column":4},"end":{"line":55,"column":13}},"15":{"start":{"line":57,"column":2},"end":{"line":59,"column":3}},"16":{"start":{"line":58,"column":4},"end":{"line":58,"column":13}},"17":{"start":{"line":60,"column":2},"end":{"line":62,"column":3}},"18":{"start":{"line":61,"column":4},"end":{"line":61,"column":13}},"19":{"start":{"line":63,"column":2},"end":{"line":65,"column":3}},"20":{"start":{"line":64,"column":4},"end":{"line":64,"column":49}},"21":{"start":{"line":66,"column":2},"end":{"line":70,"column":3}},"22":{"start":{"line":68,"column":30},"end":{"line":68,"column":57}},"23":{"start":{"line":69,"column":4},"end":{"line":69,"column":62}},"24":{"start":{"line":71,"column":2},"end":{"line":71,"column":45}},"25":{"start":{"line":93,"column":2},"end":{"line":95,"column":3}},"26":{"start":{"line":94,"column":4},"end":{"line":94,"column":16}},"27":{"start":{"line":96,"column":17},"end":{"line":96,"column":19}},"28":{"start":{"line":97,"column":18},"end":{"line":97,"column":25}},"29":{"start":{"line":98,"column":20},"end":{"line":98,"column":22}},"30":{"start":{"line":99,"column":2},"end":{"line":119,"column":3}},"31":{"start":{"line":100,"column":4},"end":{"line":118,"column":5}},"32":{"start":{"line":101,"column":6},"end":{"line":101,"column":31}},"33":{"start":{"line":103,"column":6},"end":{"line":114,"column":7}},"34":{"start":{"line":105,"column":8},"end":{"line":108,"column":9}},"35":{"start":{"line":110,"column":29},"end":{"line":110,"column":79}},"36":{"start":{"line":111,"column":8},"end":{"line":111,"column":48}},"37":{"start":{"line":113,"column":8},"end":{"line":113,"column":30}},"38":{"start":{"line":115,"column":6},"end":{"line":115,"column":36}},"39":{"start":{"line":116,"column":29},"end":{"line":116,"column":79}},"40":{"start":{"line":117,"column":6},"end":{"line":117,"column":40}},"41":{"start":{"line":120,"column":2},"end":{"line":120,"column":15}},"42":{"start":{"line":124,"column":14},"end":{"line":124,"column":16}},"43":{"start":{"line":125,"column":1},"end":{"line":127,"column":59}},"44":{"start":{"line":126,"column":17},"end":{"line":126,"column":47}},"45":{"start":{"line":127,"column":18},"end":{"line":127,"column":58}},"46":{"start":{"line":128,"column":1},"end":{"line":128,"column":14}},"47":{"start":{"line":132,"column":2},"end":{"line":133,"column":14}},"48":{"start":{"line":133,"column":4},"end":{"line":133,"column":14}},"49":{"start":{"line":134,"column":2},"end":{"line":134,"column":14}},"50":{"start":{"line":138,"column":2},"end":{"line":138,"column":33}},"51":{"start":{"line":142,"column":2},"end":{"line":142,"column":41}},"52":{"start":{"line":146,"column":2},"end":{"line":146,"column":37}},"53":{"start":{"line":150,"column":2},"end":{"line":150,"column":29}},"54":{"start":{"line":154,"column":23},"end":{"line":154,"column":31}},"55":{"start":{"line":157,"column":2},"end":{"line":160,"column":8}},"56":{"start":{"line":158,"column":4},"end":{"line":158,"column":35}},"57":{"start":{"line":159,"column":4},"end":{"line":159,"column":17}},"58":{"start":{"line":164,"column":2},"end":{"line":169,"column":8}},"59":{"start":{"line":165,"column":14},"end":{"line":165,"column":31}},"60":{"start":{"line":166,"column":4},"end":{"line":167,"column":32}},"61":{"start":{"line":167,"column":6},"end":{"line":167,"column":32}},"62":{"start":{"line":168,"column":4},"end":{"line":168,"column":17}},"63":{"start":{"line":174,"column":2},"end":{"line":182,"column":3}},"64":{"start":{"line":175,"column":4},"end":{"line":181,"column":5}},"65":{"start":{"line":175,"column":19},"end":{"line":181,"column":5}},"66":{"start":{"line":176,"column":6},"end":{"line":178,"column":7}},"67":{"start":{"line":177,"column":8},"end":{"line":177,"column":34}},"68":{"start":{"line":180,"column":6},"end":{"line":180,"column":25}},"69":{"start":{"line":186,"column":14},"end":{"line":186,"column":32}},"70":{"start":{"line":187,"column":2},"end":{"line":187,"column":127}},"71":{"start":{"line":187,"column":92},"end":{"line":187,"column":111}},"72":{"start":{"line":198,"column":2},"end":{"line":200,"column":3}},"73":{"start":{"line":199,"column":4},"end":{"line":199,"column":20}},"74":{"start":{"line":201,"column":12},"end":{"line":201,"column":63}},"75":{"start":{"line":202,"column":2},"end":{"line":202,"column":46}},"76":{"start":{"line":213,"column":2},"end":{"line":215,"column":3}},"77":{"start":{"line":214,"column":4},"end":{"line":214,"column":20}},"78":{"start":{"line":217,"column":2},"end":{"line":219,"column":3}},"79":{"start":{"line":218,"column":4},"end":{"line":218,"column":27}},"80":{"start":{"line":221,"column":2},"end":{"line":223,"column":3}},"81":{"start":{"line":222,"column":4},"end":{"line":222,"column":35}},"82":{"start":{"line":226,"column":13},"end":{"line":226,"column":22}},"83":{"start":{"line":227,"column":16},"end":{"line":227,"column":27}},"84":{"start":{"line":228,"column":2},"end":{"line":236,"column":3}},"85":{"start":{"line":229,"column":21},"end":{"line":229,"column":26}},"86":{"start":{"line":230,"column":19},"end":{"line":230,"column":85}},"87":{"start":{"line":231,"column":4},"end":{"line":235,"column":5}},"88":{"start":{"line":232,"column":6},"end":{"line":232,"column":34}},"89":{"start":{"line":234,"column":6},"end":{"line":234,"column":32}},"90":{"start":{"line":238,"column":2},"end":{"line":238,"column":13}},"91":{"start":{"line":242,"column":17},"end":{"line":247,"column":3}},"92":{"start":{"line":250,"column":2},"end":{"line":253,"column":4}},"93":{"start":{"line":251,"column":4},"end":{"line":251,"column":40}},"94":{"start":{"line":252,"column":4},"end":{"line":252,"column":36}},"95":{"start":{"line":255,"column":2},"end":{"line":261,"column":3}},"96":{"start":{"line":256,"column":4},"end":{"line":260,"column":5}},"97":{"start":{"line":257,"column":6},"end":{"line":257,"column":52}},"98":{"start":{"line":259,"column":6},"end":{"line":259,"column":22}},"99":{"start":{"line":263,"column":2},"end":{"line":263,"column":13}},"100":{"start":{"line":268,"column":2},"end":{"line":268,"column":35}},"101":{"start":{"line":273,"column":2},"end":{"line":273,"column":54}},"102":{"start":{"line":281,"column":27},"end":{"line":306,"column":1}},"103":{"start":{"line":283,"column":2},"end":{"line":285,"column":3}},"104":{"start":{"line":284,"column":4},"end":{"line":284,"column":15}},"105":{"start":{"line":287,"column":2},"end":{"line":305,"column":97}},"106":{"start":{"line":289,"column":6},"end":{"line":291,"column":7}},"107":{"start":{"line":290,"column":8},"end":{"line":290,"column":20}},"108":{"start":{"line":292,"column":14},"end":{"line":292,"column":29}},"109":{"start":{"line":294,"column":6},"end":{"line":296,"column":7}},"110":{"start":{"line":295,"column":8},"end":{"line":295,"column":26}},"111":{"start":{"line":299,"column":6},"end":{"line":301,"column":7}},"112":{"start":{"line":300,"column":8},"end":{"line":300,"column":20}},"113":{"start":{"line":303,"column":6},"end":{"line":303,"column":20}},"114":{"start":{"line":305,"column":42},"end":{"line":305,"column":95}},"115":{"start":{"line":308,"column":31},"end":{"line":312,"column":1}},"116":{"start":{"line":309,"column":2},"end":{"line":311,"column":3}},"117":{"start":{"line":310,"column":4},"end":{"line":310,"column":43}},"118":{"start":{"line":314,"column":31},"end":{"line":318,"column":1}},"119":{"start":{"line":315,"column":2},"end":{"line":317,"column":3}},"120":{"start":{"line":316,"column":4},"end":{"line":316,"column":46}},"121":{"start":{"line":320,"column":30},"end":{"line":324,"column":1}},"122":{"start":{"line":321,"column":2},"end":{"line":323,"column":3}},"123":{"start":{"line":322,"column":4},"end":{"line":322,"column":35}},"124":{"start":{"line":326,"column":31},"end":{"line":330,"column":1}},"125":{"start":{"line":327,"column":2},"end":{"line":329,"column":3}},"126":{"start":{"line":328,"column":4},"end":{"line":328,"column":37}},"127":{"start":{"line":332,"column":28},"end":{"line":336,"column":1}},"128":{"start":{"line":333,"column":2},"end":{"line":335,"column":3}},"129":{"start":{"line":334,"column":4},"end":{"line":334,"column":33}},"130":{"start":{"line":338,"column":31},"end":{"line":342,"column":1}},"131":{"start":{"line":339,"column":2},"end":{"line":341,"column":3}},"132":{"start":{"line":340,"column":4},"end":{"line":340,"column":36}},"133":{"start":{"line":344,"column":30},"end":{"line":348,"column":1}},"134":{"start":{"line":345,"column":2},"end":{"line":347,"column":3}},"135":{"start":{"line":346,"column":4},"end":{"line":346,"column":35}},"136":{"start":{"line":350,"column":32},"end":{"line":354,"column":1}},"137":{"start":{"line":351,"column":4},"end":{"line":353,"column":5}},"138":{"start":{"line":352,"column":8},"end":{"line":352,"column":41}},"139":{"start":{"line":356,"column":28},"end":{"line":361,"column":1}},"140":{"start":{"line":357,"column":4},"end":{"line":357,"column":38}},"141":{"start":{"line":358,"column":4},"end":{"line":360,"column":5}},"142":{"start":{"line":359,"column":8},"end":{"line":359,"column":37}},"143":{"start":{"line":363,"column":33},"end":{"line":367,"column":1}},"144":{"start":{"line":364,"column":2},"end":{"line":366,"column":3}},"145":{"start":{"line":365,"column":6},"end":{"line":365,"column":83}},"146":{"start":{"line":369,"column":35},"end":{"line":389,"column":1}},"147":{"start":{"line":370,"column":2},"end":{"line":372,"column":3}},"148":{"start":{"line":371,"column":4},"end":{"line":371,"column":10}},"149":{"start":{"line":373,"column":2},"end":{"line":388,"column":3}},"150":{"start":{"line":374,"column":17},"end":{"line":374,"column":28}},"151":{"start":{"line":375,"column":16},"end":{"line":375,"column":28}},"152":{"start":{"line":376,"column":26},"end":{"line":376,"column":47}},"153":{"start":{"line":377,"column":4},"end":{"line":387,"column":5}},"154":{"start":{"line":378,"column":27},"end":{"line":378,"column":32}},"155":{"start":{"line":379,"column":6},"end":{"line":383,"column":8}},"156":{"start":{"line":380,"column":8},"end":{"line":382,"column":9}},"157":{"start":{"line":380,"column":28},"end":{"line":380,"column":74}},"158":{"start":{"line":381,"column":10},"end":{"line":381,"column":48}},"159":{"start":{"line":384,"column":6},"end":{"line":386,"column":7}},"160":{"start":{"line":385,"column":8},"end":{"line":385,"column":95}},"161":{"start":{"line":385,"column":40},"end":{"line":385,"column":83}},"162":{"start":{"line":391,"column":32},"end":{"line":395,"column":1}},"163":{"start":{"line":392,"column":2},"end":{"line":394,"column":3}},"164":{"start":{"line":393,"column":6},"end":{"line":393,"column":77}},"165":{"start":{"line":397,"column":32},"end":{"line":401,"column":1}},"166":{"start":{"line":398,"column":2},"end":{"line":400,"column":3}},"167":{"start":{"line":399,"column":4},"end":{"line":399,"column":80}},"168":{"start":{"line":403,"column":33},"end":{"line":407,"column":1}},"169":{"start":{"line":404,"column":2},"end":{"line":406,"column":3}},"170":{"start":{"line":405,"column":6},"end":{"line":405,"column":77}},"171":{"start":{"line":409,"column":31},"end":{"line":414,"column":1}},"172":{"start":{"line":410,"column":13},"end":{"line":410,"column":34}},"173":{"start":{"line":411,"column":2},"end":{"line":413,"column":3}},"174":{"sta
[...]
,"C:\\Users\\User\\source\\repos\\multi-swagger\\Multi-Swagger\\src\\core\\plugins\\spec\\wrap-actions.js": {"path":"C:\\Users\\User\\source\\repos\\multi-swagger\\Multi-Swagger\\src\\core\\plugins\\spec\\wrap-actions.js","statementMap":{"0":{"start":{"line":3,"column":26},"end":{"line":8,"column":1}},"1":{"start":{"line":3,"column":50},"end":{"line":8,"column":1}},"2":{"start":{"line":4,"column":2},"end":{"line":4,"column":14}},"3":{"start":{"line":7,"column":2},"end":{"line":7,"column":34}},"4":{"start":{"line":10,"column":30},"end":{"line":36,"column":1}},"5":{"start":{"line":10,"column":54},"end":{"line":36,"column":1}},"6":{"start":{"line":11,"column":2},"end":{"line":11,"column":14}},"7":{"start":{"line":17,"column":2},"end":{"line":17,"column":46}},"8":{"start":{"line":20,"column":17},"end":{"line":20,"column":21}},"9":{"start":{"line":21,"column":20},"end":{"line":21,"column":46}},"10":{"start":{"line":22,"column":23},"end":{"line":22,"column":45}},"11":{"start":{"line":26,"column":2},"end":{"line":32,"column":4}},"12":{"start":{"line":27,"column":16},"end":{"line":27,"column":35}},"13":{"start":{"line":29,"column":4},"end":{"line":31,"column":5}},"14":{"start":{"line":30,"column":6},"end":{"line":30,"column":54}},"15":{"start":{"line":35,"column":2},"end":{"line":35,"column":71}},"16":{"start":{"line":39,"column":30},"end":{"line":43,"column":1}},"17":{"start":{"line":39,"column":56},"end":{"line":43,"column":1}},"18":{"start":{"line":41,"column":2},"end":{"line":41,"column":29}},"19":{"start":{"line":42,"column":2},"end":{"line":42,"column":17}},"20":{"start":{"line":45,"column":30},"end":{"line":47,"column":1}},"21":{"start":{"line":45,"column":58},"end":{"line":47,"column":1}},"22":{"start":{"line":46,"column":2},"end":{"line":46,"column":41}}},"fnMap":{"0":{"name":"(anonymous_0)","decl":{"start":{"line":3,"column":26},"end":{"line":3,"column":27}},"loc":{"start":{"line":3,"column":50},"end":{"line":8,"column":1}},"line":3},"1":{"name":"(anonymous_1)","decl":{"start":{"line":3,"column":50},"end":{"line":3,"column":51}},"loc":{"start":{"line":3,"column":63},"end":{"line":8,"column":1}},"line":3},"2":{"name":"(anonymous_2)","decl":{"start":{"line":10,"column":30},"end":{"line":10,"column":31}},"loc":{"start":{"line":10,"column":54},"end":{"line":36,"column":1}},"line":10},"3":{"name":"(anonymous_3)","decl":{"start":{"line":10,"column":54},"end":{"line":10,"column":55}},"loc":{"start":{"line":10,"column":67},"end":{"line":36,"column":1}},"line":10},"4":{"name":"(anonymous_4)","decl":{"start":{"line":26,"column":23},"end":{"line":26,"column":24}},"loc":{"start":{"line":26,"column":28},"end":{"line":32,"column":3}},"line":26},"5":{"name":"(anonymous_5)","decl":{"start":{"line":39,"column":30},"end":{"line":39,"column":31}},"loc":{"start":{"line":39,"column":56},"end":{"line":43,"column":1}},"line":39},"6":{"name":"(anonymous_6)","decl":{"start":{"line":39,"column":56},"end":{"line":39,"column":57}},"loc":{"start":{"line":39,"column":65},"end":{"line":43,"column":1}},"line":39},"7":{"name":"(anonymous_7)","decl":{"start":{"line":45,"column":30},"end":{"line":45,"column":31}},"loc":{"start":{"line":45,"column":58},"end":{"line":47,"column":1}},"line":45},"8":{"name":"(anonymous_8)","decl":{"start":{"line":45,"column":58},"end":{"line":45,"column":59}},"loc":{"start":{"line":45,"column":67},"end":{"line":47,"column":1}},"line":45}},"branchMap":{"0":{"loc":{"start":{"line":21,"column":20},"end":{"line":21,"column":46}},"type":"binary-expr","locations":[{"start":{"line":21,"column":20},"end":{"line":21,"column":40}},{"start":{"line":21,"column":44},"end":{"line":21,"column":46}}],"line":21},"1":{"loc":{"start":{"line":29,"column":4},"end":{"line":31,"column":5}},"type":"if","locations":[{"start":{"line":29,"column":4},"end":{"line":31,"column":5}},{"start":{"line":29,"column":4},"end":{"line":31,"column":5}}],"line":29}},"s":{"0":12,"1":20,"2":20,"3":20,"4":12,"5":20,"6":20,"7":20,"8":20,"9":20,"10":20,"11":20,"12":16,"13":16,"14":0,"15":20,"16":12,"17":0,"18":0,"19":0,"20":12,"21":0,"22":0},"f":{"0":20,"1":20,"2":20,"3":20,"4":16,"5":0,"6":0,"7":0,"8":0},"b":{"0":[20,11],"1":[0,16]},"_coverageSchema":"1a1c01bbd47fc00a2c39e90264f33305004495a9","hash":"b9cc580a2b80013d6e0e07e2d35a93d97fa804c1"}
,"C:\\Users\\User\\source\\repos\\multi-swagger\\Multi-Swagger\\src\\core\\plugins\\swagger-js\\configs-wrap-actions.js": {"path":"C:\\Users\\User\\source\\repos\\multi-swagger\\Multi-Swagger\\src\\core\\plugins\\swagger-js\\configs-wrap-actions.js","statementMap":{"0":{"start":{"line":1,"column":22},"end":{"line":8,"column":1}},"1":{"start":{"line":1,"column":39},"end":{"line":8,"column":1}},"2":{"start":{"line":2,"column":2},"end":{"line":2,"column":14}},"3":{"start":{"line":3,"column":16},"end":{"line":3,"column":51}},"4":{"start":{"line":5,"column":2},"end":{"line":7,"column":3}},"5":{"start":{"line":6,"column":4},"end":{"line":6,"column":94}}},"fnMap":{"0":{"name":"(anonymous_0)","decl":{"start":{"line":1,"column":22},"end":{"line":1,"column":23}},"loc":{"start":{"line":1,"column":39},"end":{"line":8,"column":1}},"line":1},"1":{"name":"(anonymous_1)","decl":{"start":{"line":1,"column":39},"end":{"line":1,"column":40}},"loc":{"start":{"line":1,"column":52},"end":{"line":8,"column":1}},"line":1}},"branchMap":{"0":{"loc":{"start":{"line":5,"column":2},"end":{"line":7,"column":3}},"type":"if","locations":[{"start":{"line":5,"column":2},"end":{"line":7,"column":3}},{"start":{"line":5,"column":2},"end":{"line":7,"column":3}}],"line":5},"1":{"loc":{"start":{"line":6,"column":38},"end":{"line":6,"column":94}},"type":"cond-expr","locations":[{"start":{"line":6,"column":67},"end":{"line":6,"column":83}},{"start":{"line":6,"column":87},"end":{"line":6,"column":94}}],"line":6}},"s":{"0":12,"1":12,"2":12,"3":12,"4":12,"5":0},"f":{"0":12,"1":12},"b":{"0":[0,12],"1":[0,0]},"_coverageSchema":"1a1c01bbd47fc00a2c39e90264f33305004495a9","hash":"9bacfb9dbc78c4045b400e4aaa092b8439f32fe7"}
,"C:\\Users\\User\\source\\repos\\multi-swagger\\Multi-Swagger\\src\\core\\plugins\\swagger-js\\index.js": {"path":"C:\\Users\\User\\source\\repos\\multi-swagger\\Multi-Swagger\\src\\core\\plugins\\swagger-js\\index.js","statementMap":{"0":{"start":{"line":9,"column":2},"end":{"line":38,"column":3}},"1":{"start":{"line":16,"column":8},"end":{"line":24,"column":9}},"2":{"start":{"line":17,"column":31},"end":{"line":17,"column":43}},"3":{"start":{"line":18,"column":10},"end":{"line":23,"column":11}},"4":{"start":{"line":26,"column":8},"end":{"line":26,"column":55}}},"fnMap":{"0":{"name":"(anonymous_0)","decl":{"start":{"line":8,"column":15},"end":{"line":8,"column":16}},"loc":{"start":{"line":8,"column":49},"end":{"line":39,"column":1}},"line":8},"1":{"name":"(anonymous_1)","decl":{"start":{"line":15,"column":22},"end":{"line":15,"column":23}},"loc":{"start":{"line":15,"column":52},"end":{"line":27,"column":7}},"line":15}},"branchMap":{"0":{"loc":{"start":{"line":16,"column":8},"end":{"line":24,"column":9}},"type":"if","locations":[{"start":{"line":16,"column":8},"end":{"line":24,"column":9}},{"start":{"line":16,"column":8},"end":{"line":24,"column":9}}],"line":16}},"s":{"0":24,"1":19,"2":0,"3":0,"4":19},"f":{"0":24,"1":19},"b":{"0":[0,19]},"_coverageSchema":"1a1c01bbd47fc00a2c39e90264f33305004495a9","hash":"cb711af9018269df47dd847d603e7090ff2d39d0"}
,"C:\\Users\\User\\source\\repos\\multi-swagger\\Multi-Swagger\\src\\core\\plugins\\util\\index.js": {"path":"C:\\Users\\User\\source\\repos\\multi-swagger\\Multi-Swagger\\src\\core\\plugins\\util\\index.js","statementMap":{"0":{"start":{"line":4,"column":2},"end":{"line":6,"column":3}}},"fnMap":{"0":{"name":"(anonymous_0)","decl":{"start":{"line":3,"column":15},"end":{"line":3,"column":16}},"loc":{"start":{"line":3,"column":26},"end":{"line":7,"column":1}},"line":3}},"branchMap":{},"s":{"0":24},"f":{"0":24},"b":{},"_coverageSchema":"1a1c01bbd47fc00a2c39e90264f33305004495a9","hash":"037f5e843d3c3af11dcc1ec806cf1bad6cb14424"}
,"C:\\Users\\User\\source\\repos\\multi-swagger\\Multi-Swagger\\src\\core\\plugins\\view\\fn.js": {"path":"C:\\Users\\User\\source\\repos\\multi-swagger\\Multi-Swagger\\src\\core\\plugins\\view\\fn.js","statementMap":{"0":{"start":{"line":1,"column":30},"end":{"line":1,"column":120}},"1":{"start":{"line":1,"column":52},"end":{"line":1,"column":120}}},"fnMap":{"0":{"name":"(anonymous_0)","decl":{"start":{"line":1,"column":30},"end":{"line":1,"column":31}},"loc":{"start":{"line":1,"column":52},"end":{"line":1,"column":120}},"line":1}},"branchMap":{"0":{"loc":{"start":{"line":1,"column":52},"end":{"line":1,"column":120}},"type":"binary-expr","locations":[{"start":{"line":1,"column":52},"end":{"line":1,"column":80}},{"start":{"line":1,"column":84},"end":{"line":1,"column":105}},{"start":{"line":1,"column":109},"end":{"line":1,"column":120}}],"line":1}},"s":{"0":12,"1":402},"f":{"0":402},"b":{"0":[402,261,21]},"_coverageSchema":"1a1c01bbd47fc00a2c39e90264f33305004495a9","hash":"995bf86b7233e297c61049ba53e551dbe35d89f9"}
,"C:\\Users\\User\\source\\repos\\multi-swagger\\Multi-Swagger\\src\\core\\plugins\\view\\index.js": {"path":"C:\\Users\\User\\source\\repos\\multi-swagger\\Multi-Swagger\\src\\core\\plugins\\view\\index.js","statementMap":{"0":{"start":{"line":7,"column":31},"end":{"line":10,"column":1}},"1":{"start":{"line":8,"column":19},"end":{"line":8,"column":52}},"2":{"start":{"line":8,"column":32},"end":{"line":8,"column":52}},"3":{"start":{"line":9,"column":2},"end":{"line":9,"column":30}},"4":{"start":{"line":12,"column":38},"end":{"line":15,"column":1}},"5":{"start":{"line":13,"column":19},"end":{"line":13,"column":36}},"6":{"start":{"line":13,"column":32},"end":{"line":13,"column":36}},"7":{"start":{"line":14,"column":2},"end":{"line":14,"column":31}},"8":{"start":{"line":17,"column":19},"end":{"line":32,"column":1}},"9":{"start":{"line":19,"column":26},"end":{"line":19,"column":98}},"10":{"start":{"line":20,"column":33},"end":{"line":20,"column":121}},"11":{"start":{"line":22,"column":2},"end":{"line":31,"column":3}}},"fnMap":{"0":{"name":"(anonymous_0)","decl":{"start":{"line":7,"column":31},"end":{"line":7,"column":32}},"loc":{"start":{"line":7,"column":39},"end":{"line":10,"column":1}},"line":7},"1":{"name":"(anonymous_1)","decl":{"start":{"line":8,"column":19},"end":{"line":8,"column":20}},"loc":{"start":{"line":8,"column":32},"end":{"line":8,"column":52}},"line":8},"2":{"name":"(anonymous_2)","decl":{"start":{"line":12,"column":38},"end":{"line":12,"column":39}},"loc":{"start":{"line":12,"column":46},"end":{"line":15,"column":1}},"line":12},"3":{"name":"(anonymous_3)","decl":{"start":{"line":13,"column":19},"end":{"line":13,"column":20}},"loc":{"start":{"line":13,"column":32},"end":{"line":13,"column":36}},"line":13},"4":{"name":"(anonymous_4)","decl":{"start":{"line":17,"column":19},"end":{"line":17,"column":20}},"loc":{"start":{"line":17,"column":61},"end":{"line":32,"column":1}},"line":17}},"branchMap":{},"s":{"0":12,"1":24,"2":17928,"3":24,"4":12,"5":24,"6":0,"7":24,"8":12,"9":24,"10":24,"11":24},"f":{"0":24,"1":17928,"2":24,"3":0,"4":24},"b":{},"_coverageSchema":"1a1c01bbd47fc00a2c39e90264f33305004495a9","hash":"8cb3fe1ec00ecfb60f8df7a29cb33e7f4e84f95b"}
,"C:\\Users\\User\\source\\repos\\multi-swagger\\Multi-Swagger\\src\\core\\presets\\apis.js": {"path":"C:\\Users\\User\\source\\repos\\multi-swagger\\Multi-Swagger\\src\\core\\presets\\apis.js","statementMap":{"0":{"start":{"line":8,"column":2},"end":{"line":11,"column":3}}},"fnMap":{"0":{"name":"PresetApis","decl":{"start":{"line":6,"column":24},"end":{"line":6,"column":34}},"loc":{"start":{"line":6,"column":37},"end":{"line":12,"column":1}},"line":6}},"branchMap":{},"s":{"0":24},"f":{"0":24},"b":{},"_coverageSchema":"1a1c01bbd47fc00a2c39e90264f33305004495a9","hash":"4c13fb47762fec45f41a0d427e9b51805d25ac99"}
,"C:\\Users\\User\\source\\repos\\multi-swagger\\Multi-Swagger\\src\\core\\utils\\jsonParse.js": {"path":"C:\\Users\\User\\source\\repos\\multi-swagger\\Multi-Swagger\\src\\core\\utils\\jsonParse.js","statementMap":{"0":{"start":{"line":2,"column":2},"end":{"line":8,"column":3}},"1":{"start":{"line":3,"column":27},"end":{"line":3,"column":42}},"2":{"start":{"line":4,"column":4},"end":{"line":4,"column":42}},"3":{"start":{"line":7,"column":4},"end":{"line":7,"column":15}},"4":{"start":{"line":13,"column":22},"end":{"line":13,"column":39}},"5":{"start":{"line":14,"column":2},"end":{"line":14,"column":36}}},"fnMap":{"0":{"name":"canJsonParse","decl":{"start":{"line":1,"column":16},"end":{"line":1,"column":28}},"loc":{"start":{"line":1,"column":34},"end":{"line":9,"column":1}},"line":1},"1":{"name":"getKnownSyntaxHighlighterLanguage","decl":{"start":{"line":11,"column":16},"end":{"line":11,"column":49}},"loc":{"start":{"line":11,"column":55},"end":{"line":15,"column":1}},"line":11}},"branchMap":{"0":{"loc":{"start":{"line":4,"column":11},"end":{"line":4,"column":42}},"type":"cond-expr","locations":[{"start":{"line":4,"column":30},"end":{"line":4,"column":34}},{"start":{"line":4,"column":37},"end":{"line":4,"column":42}}],"line":4},"1":{"loc":{"start":{"line":14,"column":9},"end":{"line":14,"column":36}},"type":"cond-expr","locations":[{"start":{"line":14,"column":23},"end":{"line":14,"column":29}},{"start":{"line":14,"column":32},"end":{"line":14,"column":36}}],"line":14}},"s":{"0":2,"1":2,"2":2,"3":0,"4":2,"5":2},"f":{"0":2,"1":2},"b":{"0":[2,0],"1":[2,0]},"_coverageSchema":"1a1c01bbd47fc00a2c39e90264f33305004495a9","hash":"1c221c8f1a2b10c39ca8c8c0965d33d8fd0f2b4a"}
,"C:\\Users\\User\\source\\repos\\multi-swagger\\Multi-Swagger\\src\\core\\utils\\url.js": {"path":"C:\\Users\\User\\source\\repos\\multi-swagger\\Multi-Swagger\\src\\core\\utils\\url.js","statementMap":{"0":{"start":{"line":2,"column":2},"end":{"line":2,"column":40}},"1":{"start":{"line":6,"column":2},"end":{"line":6,"column":38}},"2":{"start":{"line":6,"column":28},"end":{"line":6,"column":38}},"3":{"start":{"line":8,"column":2},"end":{"line":8,"column":44}},"4":{"start":{"line":12,"column":2},"end":{"line":12,"column":37}},"5":{"start":{"line":12,"column":23},"end":{"line":12,"column":37}},"6":{"start":{"line":13,"column":2},"end":{"line":13,"column":71}},"7":{"start":{"line":13,"column":37},"end":{"line":13,"column":71}},"8":{"start":{"line":15,"column":2},"end":{"line":15,"column":46}},"9":{"start":{"line":19,"column":2},"end":{"line":19,"column":28}},"10":{"start":{"line":19,"column":12},"end":{"line":19,"column":28}},"11":{"start":{"line":20,"column":2},"end":{"line":20,"column":36}},"12":{"start":{"line":20,"column":26},"end":{"line":20,"column":36}},"13":{"start":{"line":22,"column":18},"end":{"line":22,"column":55}},"14":{"start":{"line":23,"column":2},"end":{"line":25,"column":3}},"15":{"start":{"line":24,"column":4},"end":{"line":24,"column":50}},"16":{"start":{"line":26,"column":2},"end":{"line":26,"column":35}},"17":{"start":{"line":34,"column":2},"end":{"line":38,"column":3}},"18":{"start":{"line":35,"column":4},"end":{"line":35,"column":53}},"19":{"start":{"line":37,"column":4},"end":{"line":37,"column":20}}},"fnMap":{"0":{"name":"isAbsoluteUrl","decl":{"start":{"line":1,"column":16},"end":{"line":1,"column":29}},"loc":{"start":{"line":1,"column":35},"end":{"line":3,"column":1}},"line":1},"1":{"name":"addProtocol","decl":{"start":{"line":5,"column":16},"end":{"line":5,"column":27}},"loc":{"start":{"line":5,"column":33},"end":{"line":9,"column":1}},"line":5},"2":{"name":"buildBaseUrl","decl":{"start":{"line":11,"column":16},"end":{"line":11,"column":28}},"loc":{"start":{"line":11,"column":54},"end":{"line":16,"column":1}},"line":11},"3":{"name":"buildUrl","decl":{"start":{"line":18,"column":16},"end":{"line":18,"column":24}},"loc":{"start":{"line":18,"column":67},"end":{"line":27,"column":1}},"line":18},"4":{"name":"safeBuildUrl","decl":{"start":{"line":33,"column":16},"end":{"line":33,"column":28}},"loc":{"start":{"line":33,"column":71},"end":{"line":39,"column":1}},"line":33}},"branchMap":{"0":{"loc":{"start":{"line":6,"column":2},"end":{"line":6,"column":38}},"type":"if","locations":[{"start":{"line":6,"column":2},"end":{"line":6,"column":38}},{"start":{"line":6,"column":2},"end":{"line":6,"column":38}}],"line":6},"1":{"loc":{"start":{"line":12,"column":2},"end":{"line":12,"column":37}},"type":"if","locations":[{"start":{"line":12,"column":2},"end":{"line":12,"column":37}},{"start":{"line":12,"column":2},"end":{"line":12,"column":37}}],"line":12},"2":{"loc":{"start":{"line":13,"column":2},"end":{"line":13,"column":71}},"type":"if","locations":[{"start":{"line":13,"column":2},"end":{"line":13,"column":71}},{"start":{"line":13,"column":2},"end":{"line":13,"column":71}}],"line":13},"3":{"loc":{"start":{"line":18,"column":39},"end":{"line":18,"column":65}},"type":"default-arg","locations":[{"start":{"line":18,"column":63},"end":{"line":18,"column":65}}],"line":18},"4":{"loc":{"start":{"line":18,"column":41},"end":{"line":18,"column":58}},"type":"default-arg","locations":[{"start":{"line":18,"column":56},"end":{"line":18,"column":58}}],"line":18},"5":{"loc":{"start":{"line":19,"column":2},"end":{"line":19,"column":28}},"type":"if","locations":[{"start":{"line":19,"column":2},"end":{"line":19,"column":28}},{"start":{"line":19,"column":2},"end":{"line":19,"column":28}}],"line":19},"6":{"loc":{"start":{"line":20,"column":2},"end":{"line":20,"column":36}},"type":"if","locations":[{"start":{"line":20,"column":2},"end":{"line":20,"column":36}},{"start":{"line":20,"column":2},"end":{"line":20,"column":36}}],"line":20},"7":{"loc":{"start":{"line":23,"column":2},"end":{"line":25,"column":3}},"type":"if","locations":[{"start":{"line":23,"column":2},"end":{"line":25,"column":3}},{"start":{"line":23,"column":2},"end":{"line":25,"column":3}}],"line":23},"8":{"loc":{"start":{"line":33,"column":43},"end":{"line":33,"column":69}},"type":"default-arg","locations":[{"start":{"line":33,"column":67},"end":{"line":33,"column":69}}],"line":33},"9":{"loc":{"start":{"line":33,"column":45},"end":{"line":33,"column":62}},"type":"default-arg","locations":[{"start":{"line":33,"column":60},"end":{"line":33,"column":62}}],"line":33}},"s":{"0":90,"1":0,"2":0,"3":0,"4":0,"5":0,"6":0,"7":0,"8":0,"9":190,"10":100,"11":90,"12":90,"13":0,"14":0,"15":0,"16":0,"17":190,"18":190,"19":0},"f":{"0":90,"1":0,"2":0,"3":190,"4":190},"b":{"0":[0,0],"1":[0,0],"2":[0,0],"3":[0],"4":[0],"5":[100,90],"6":[90,0],"7":[0,0],"8":[0],"9":[0]},"_coverageSchema":"1a1c01bbd47fc00a2c39e90264f33305004495a9","hash":"7dab16f8cf04daed4700fbe6e8e6b339a66f5fad"}
}
