{"total": {"lines":{"total":3137,"covered":1121,"skipped":0,"pct":35.73},"statements":{"total":3321,"covered":1177,"skipped":0,"pct":35.44},"functions":{"total":912,"covered":325,"skipped":0,"pct":35.63},"branches":{"total":2174,"covered":421,"skipped":0,"pct":19.36},"branchesTrue":{"total":0,"covered":0,"skipped":0,"pct":100}}
,"C:\\Users\\User\\source\\repos\\multi-swagger\\Multi-Swagger\\src\\core\\index.js": {"lines":{"total":50,"covered":39,"skipped":0,"pct":78},"functions":{"total":5,"covered":5,"skipped":0,"pct":100},"statements":{"total":50,"covered":39,"skipped":0,"pct":78},"branches":{"total":43,"covered":23,"skipped":0,"pct":53.48}}
,"C:\\Users\\User\\source\\repos\\multi-swagger\\Multi-Swagger\\src\\core\\oauth2-authorize.js": {"lines":{"total":56,"covered":0,"skipped":0,"pct":0},"functions":{"total":1,"covered":0,"skipped":0,"pct":0},"statements":{"total":56,"covered":0,"skipped":0,"pct":0},"branches":{"total":39,"covered":0,"skipped":0,"pct":0}}
,"C:\\Users\\User\\source\\repos\\multi-swagger\\Multi-Swagger\\src\\core\\syntax-highlighting.js": {"lines":{"total":15,"covered":13,"skipped":0,"pct":86.66},"functions":{"total":1,"covered":1,"skipped":0,"pct":100},"statements":{"total":15,"covered":13,"skipped":0,"pct":86.66},"branches":{"total":2,"covered":1,"skipped":0,"pct":50}}
,"C:\\Users\\User\\source\\repos\\multi-swagger\\Multi-Swagger\\src\\core\\system.js": {"lines":{"total":198,"covered":175,"skipped":0,"pct":88.38},"functions":{"total":65,"covered":58,"skipped":0,"pct":89.23},"statements":{"total":204,"covered":180,"skipped":0,"pct":88.23},"branches":{"total":127,"covered":102,"skipped":0,"pct":80.31}}
,"C:\\Users\\User\\source\\repos\\multi-swagger\\Multi-Swagger\\src\\core\\utils.js": {"lines":{"total":429,"covered":102,"skipped":0,"pct":23.77},"functions":{"total":97,"covered":34,"skipped":0,"pct":35.05},"statements":{"total":456,"covered":110,"skipped":0,"pct":24.12},"branches":{"total":427,"covered":62,"skipped":0,"pct":14.51}}
,"C:\\Users\\User\\source\\repos\\multi-swagger\\Multi-Swagger\\src\\core\\window.js": {"lines":{"total":11,"covered":9,"skipped":0,"pct":81.81},"functions":{"total":4,"covered":1,"skipped":0,"pct":25},"statements":{"total":11,"covered":9,"skipped":0,"pct":81.81},"branches":{"total":4,"covered":2,"skipped":0,"pct":50}}
,"C:\\Users\\User\\source\\repos\\multi-swagger\\Multi-Swagger\\src\\core\\components\\jump-to-path.jsx": {"lines":{"total":1,"covered":1,"skipped":0,"pct":100},"functions":{"total":1,"covered":1,"skipped":0,"pct":100},"statements":{"total":1,"covered":1,"skipped":0,"pct":100},"branches":{"total":0,"covered":0,"skipped":0,"pct":100}}
,"C:\\Users\\User\\source\\repos\\multi-swagger\\Multi-Swagger\\src\\core\\components\\parameters\\index.js": {"lines":{"total":0,"covered":0,"skipped":0,"pct":0},"functions":{"total":0,"covered":0,"skipped":0,"pct":0},"statements":{"total":0,"covered":0,"skipped":0,"pct":0},"branches":{"total":0,"covered":0,"skipped":0,"pct":0}}
,"C:\\Users\\User\\source\\repos\\multi-swagger\\Multi-Swagger\\src\\core\\plugins\\all.js": {"lines":{"total":8,"covered":7,"skipped":0,"pct":87.5},"functions":{"total":1,"covered":1,"skipped":0,"pct":100},"statements":{"total":8,"covered":7,"skipped":0,"pct":87.5},"branches":{"total":4,"covered":3,"skipped":0,"pct":75}}
,"C:\\Users\\User\\source\\repos\\multi-swagger\\Multi-Swagger\\src\\core\\plugins\\download-url.js": {"lines":{"total":43,"covered":23,"skipped":0,"pct":53.48},"functions":{"total":11,"covered":8,"skipped":0,"pct":72.72},"statements":{"total":44,"covered":23,"skipped":0,"pct":52.27},"branches":{"total":34,"covered":12,"skipped":0,"pct":35.29}}
,"C:\\Users\\User\\source\\repos\\multi-swagger\\Multi-Swagger\\src\\core\\plugins\\auth\\actions.js": {"lines":{"total":106,"covered":22,"skipped":0,"pct":20.75},"functions":{"total":31,"covered":2,"skipped":0,"pct":6.45},"statements":{"total":118,"covered":22,"skipped":0,"pct":18.64},"branches":{"total":45,"covered":0,"skipped":0,"pct":0}}
,"C:\\Users\\User\\source\\repos\\multi-swagger\\Multi-Swagger\\src\\core\\plugins\\auth\\index.js": {"lines":{"total":17,"covered":5,"skipped":0,"pct":29.41},"functions":{"total":4,"covered":2,"skipped":0,"pct":50},"statements":{"total":17,"covered":5,"skipped":0,"pct":29.41},"branches":{"total":10,"covered":1,"skipped":0,"pct":10}}
,"C:\\Users\\User\\source\\repos\\multi-swagger\\Multi-Swagger\\src\\core\\plugins\\auth\\reducers.js": {"lines":{"total":27,"covered":2,"skipped":0,"pct":7.4},"functions":{"total":9,"covered":2,"skipped":0,"pct":22.22},"statements":{"total":27,"covered":2,"skipped":0,"pct":7.4},"branches":{"total":12,"covered":0,"skipped":0,"pct":0}}
,"C:\\Users\\User\\source\\repos\\multi-swagger\\Multi-Swagger\\src\\core\\plugins\\auth\\selectors.js": {"lines":{"total":58,"covered":17,"skipped":0,"pct":29.31},"functions":{"total":22,"covered":8,"skipped":0,"pct":36.36},"statements":{"total":63,"covered":19,"skipped":0,"pct":30.15},"branches":{"total":27,"covered":5,"skipped":0,"pct":18.51}}
,"C:\\Users\\User\\source\\repos\\multi-swagger\\Multi-Swagger\\src\\core\\plugins\\auth\\wrap-actions.js": {"lines":{"total":27,"covered":2,"skipped":0,"pct":7.4},"functions":{"total":5,"covered":0,"skipped":0,"pct":0},"statements":{"total":30,"covered":2,"skipped":0,"pct":6.66},"branches":{"total":14,"covered":0,"skipped":0,"pct":0}}
,"C:\\Users\\User\\source\\repos\\multi-swagger\\Multi-Swagger\\src\\core\\plugins\\auth\\configs-extensions\\wrap-actions.js": {"lines":{"total":8,"covered":5,"skipped":0,"pct":62.5},"functions":{"total":2,"covered":2,"skipped":0,"pct":100},"statements":{"total":9,"covered":6,"skipped":0,"pct":66.66},"branches":{"total":4,"covered":1,"skipped":0,"pct":25}}
,"C:\\Users\\User\\source\\repos\\multi-swagger\\Multi-Swagger\\src\\core\\plugins\\auth\\spec-extensions\\wrap-actions.js": {"lines":{"total":3,"covered":1,"skipped":0,"pct":33.33},"functions":{"total":2,"covered":0,"skipped":0,"pct":0},"statements":{"total":4,"covered":1,"skipped":0,"pct":25},"branches":{"total":6,"covered":0,"skipped":0,"pct":0}}
,"C:\\Users\\User\\source\\repos\\multi-swagger\\Multi-Swagger\\src\\core\\plugins\\configs\\actions.js": {"lines":{"total":5,"covered":3,"skipped":0,"pct":60},"functions":{"total":4,"covered":2,"skipped":0,"pct":50},"statements":{"total":6,"covered":4,"skipped":0,"pct":66.66},"branches":{"total":0,"covered":0,"skipped":0,"pct":100}}
,"C:\\Users\\User\\source\\repos\\multi-swagger\\Multi-Swagger\\src\\core\\plugins\\configs\\helpers.js": {"lines":{"total":6,"covered":3,"skipped":0,"pct":50},"functions":{"total":1,"covered":1,"skipped":0,"pct":100},"statements":{"total":6,"covered":3,"skipped":0,"pct":50},"branches":{"total":2,"covered":0,"skipped":0,"pct":0}}
,"C:\\Users\\User\\source\\repos\\multi-swagger\\Multi-Swagger\\src\\core\\plugins\\configs\\index.js": {"lines":{"total":3,"covered":3,"skipped":0,"pct":100},"functions":{"total":2,"covered":2,"skipped":0,"pct":100},"statements":{"total":3,"covered":3,"skipped":0,"pct":100},"branches":{"total":0,"covered":0,"skipped":0,"pct":100}}
,"C:\\Users\\User\\source\\repos\\multi-swagger\\Multi-Swagger\\src\\core\\plugins\\configs\\reducers.js": {"lines":{"total":4,"covered":0,"skipped":0,"pct":0},"functions":{"total":2,"covered":0,"skipped":0,"pct":0},"statements":{"total":4,"covered":0,"skipped":0,"pct":0},"branches":{"total":0,"covered":0,"skipped":0,"pct":100}}
,"C:\\Users\\User\\source\\repos\\multi-swagger\\Multi-Swagger\\src\\core\\plugins\\configs\\selectors.js": {"lines":{"total":2,"covered":1,"skipped":0,"pct":50},"functions":{"total":1,"covered":0,"skipped":0,"pct":0},"statements":{"total":2,"covered":1,"skipped":0,"pct":50},"branches":{"total":2,"covered":0,"skipped":0,"pct":0}}
,"C:\\Users\\User\\source\\repos\\multi-swagger\\Multi-Swagger\\src\\core\\plugins\\configs\\spec-actions.js": {"lines":{"total":13,"covered":2,"skipped":0,"pct":15.38},"functions":{"total":5,"covered":0,"skipped":0,"pct":0},"statements":{"total":15,"covered":2,"skipped":0,"pct":13.33},"branches":{"total":6,"covered":0,"skipped":0,"pct":0}}
,"C:\\Users\\User\\source\\repos\\multi-swagger\\Multi-Swagger\\src\\core\\plugins\\deep-linking\\helpers.js": {"lines":{"total":4,"covered":1,"skipped":0,"pct":25},"functions":{"total":1,"covered":0,"skipped":0,"pct":0},"statements":{"total":4,"covered":1,"skipped":0,"pct":25},"branches":{"total":2,"covered":0,"skipped":0,"pct":0}}
,"C:\\Users\\User\\source\\repos\\multi-swagger\\Multi-Swagger\\src\\core\\plugins\\deep-linking\\index.js": {"lines":{"total":5,"covered":5,"skipped":0,"pct":100},"functions":{"total":3,"covered":3,"skipped":0,"pct":100},"statements":{"total":5,"covered":5,"skipped":0,"pct":100},"branches":{"total":0,"covered":0,"skipped":0,"pct":100}}
,"C:\\Users\\User\\source\\repos\\multi-swagger\\Multi-Swagger\\src\\core\\plugins\\deep-linking\\layout.js": {"lines":{"total":86,"covered":11,"skipped":0,"pct":12.79},"functions":{"total":19,"covered":2,"skipped":0,"pct":10.52},"statements":{"total":94,"covered":12,"skipped":0,"pct":12.76},"branches":{"total":56,"covered":1,"skipped":0,"pct":1.78}}
,"C:\\Users\\User\\source\\repos\\multi-swagger\\Multi-Swagger\\src\\core\\plugins\\deep-linking-client\\helpers.js": {"lines":{"total":4,"covered":1,"skipped":0,"pct":25},"functions":{"total":1,"covered":0,"skipped":0,"pct":0},"statements":{"total":4,"covered":1,"skipped":0,"pct":25},"branches":{"total":2,"covered":0,"skipped":0,"pct":0}}
,"C:\\Users\\User\\source\\repos\\multi-swagger\\Multi-Swagger\\src\\core\\plugins\\deep-linking-client\\index.js": {"lines":{"total":5,"covered":5,"skipped":0,"pct":100},"functions":{"total":3,"covered":3,"skipped":0,"pct":100},"statements":{"total":5,"covered":5,"skipped":0,"pct":100},"branches":{"total":0,"covered":0,"skipped":0,"pct":100}}
,"C:\\Users\\User\\source\\repos\\multi-swagger\\Multi-Swagger\\src\\core\\plugins\\deep-linking-client\\layout.js": {"lines":{"total":86,"covered":16,"skipped":0,"pct":18.6},"functions":{"total":19,"covered":7,"skipped":0,"pct":36.84},"statements":{"total":94,"covered":19,"skipped":0,"pct":20.21},"branches":{"total":56,"covered":3,"skipped":0,"pct":5.35}}
,"C:\\Users\\User\\source\\repos\\multi-swagger\\Multi-Swagger\\src\\core\\plugins\\err\\actions.js": {"lines":{"total":15,"covered":8,"skipped":0,"pct":53.33},"functions":{"total":8,"covered":1,"skipped":0,"pct":12.5},"statements":{"total":15,"covered":8,"skipped":0,"pct":53.33},"branches":{"total":2,"covered":0,"skipped":0,"pct":0}}
,"C:\\Users\\User\\source\\repos\\multi-swagger\\Multi-Swagger\\src\\core\\plugins\\err\\index.js": {"lines":{"total":1,"covered":1,"skipped":0,"pct":100},"functions":{"total":1,"covered":1,"skipped":0,"pct":100},"statements":{"total":1,"covered":1,"skipped":0,"pct":100},"branches":{"total":0,"covered":0,"skipped":0,"pct":100}}
,"C:\\Users\\User\\source\\repos\\multi-swagger\\Multi-Swagger\\src\\core\\plugins\\err\\reducers.js": {"lines":{"total":40,"covered":4,"skipped":0,"pct":10},"functions":{"total":24,"covered":2,"skipped":0,"pct":8.33},"statements":{"total":42,"covered":4,"skipped":0,"pct":9.52},"branches":{"total":20,"covered":3,"skipped":0,"pct":15}}
,"C:\\Users\\User\\source\\repos\\multi-swagger\\Multi-Swagger\\src\\core\\plugins\\err\\selectors.js": {"lines":{"total":5,"covered":4,"skipped":0,"pct":80},"functions":{"total":3,"covered":2,"skipped":0,"pct":66.66},"statements":{"total":6,"covered":5,"skipped":0,"pct":83.33},"branches":{"total":0,"covered":0,"skipped":0,"pct":100}}
,"C:\\Users\\User\\source\\repos\\multi-swagger\\Multi-Swagger\\src\\core\\plugins\\err\\error-transformers\\hook.js": {"lines":{"total":12,"covered":1,"skipped":0,"pct":8.33},"functions":{"total":5,"covered":0,"skipped":0,"pct":0},"statements":{"total":13,"covered":1,"skipped":0,"pct":7.69},"branches":{"total":4,"covered":0,"skipped":0,"pct":0}}
,"C:\\Users\\User\\source\\repos\\multi-swagger\\Multi-Swagger\\src\\core\\plugins\\err\\error-transformers\\transformers\\not-of-type.js": {"lines":{"total":15,"covered":0,"skipped":0,"pct":0},"functions":{"total":4,"covered":0,"skipped":0,"pct":0},"statements":{"total":15,"covered":0,"skipped":0,"pct":0},"branches":{"total":12,"covered":0,"skipped":0,"pct":0}}
,"C:\\Users\\User\\source\\repos\\multi-swagger\\Multi-Swagger\\src\\core\\plugins\\err\\error-transformers\\transformers\\parameter-oneof.js": {"lines":{"total":19,"covered":2,"skipped":0,"pct":10.52},"functions":{"total":3,"covered":0,"skipped":0,"pct":0},"statements":{"total":19,"covered":2,"skipped":0,"pct":10.52},"branches":{"total":12,"covered":0,"skipped":0,"pct":0}}
,"C:\\Users\\User\\source\\repos\\multi-swagger\\Multi-Swagger\\src\\core\\plugins\\filter\\index.js": {"lines":{"total":1,"covered":1,"skipped":0,"pct":100},"functions":{"total":1,"covered":1,"skipped":0,"pct":100},"statements":{"total":1,"covered":1,"skipped":0,"pct":100},"branches":{"total":0,"covered":0,"skipped":0,"pct":100}}
,"C:\\Users\\User\\source\\repos\\multi-swagger\\Multi-Swagger\\src\\core\\plugins\\filter\\opsFilter.js": {"lines":{"total":1,"covered":0,"skipped":0,"pct":0},"functions":{"total":2,"covered":0,"skipped":0,"pct":0},"statements":{"total":2,"covered":0,"skipped":0,"pct":0},"branches":{"total":0,"covered":0,"skipped":0,"pct":100}}
,"C:\\Users\\User\\source\\repos\\multi-swagger\\Multi-Swagger\\src\\core\\plugins\\layout\\actions.js": {"lines":{"total":10,"covered":6,"skipped":0,"pct":60},"functions":{"total":4,"covered":1,"skipped":0,"pct":25},"statements":{"total":10,"covered":6,"skipped":0,"pct":60},"branches":{"total":2,"covered":0,"skipped":0,"pct":0}}
,"C:\\Users\\User\\source\\repos\\multi-swagger\\Multi-Swagger\\src\\core\\plugins\\layout\\index.js": {"lines":{"total":1,"covered":1,"skipped":0,"pct":100},"functions":{"total":1,"covered":1,"skipped":0,"pct":100},"statements":{"total":1,"covered":1,"skipped":0,"pct":100},"branches":{"total":0,"covered":0,"skipped":0,"pct":100}}
,"C:\\Users\\User\\source\\repos\\multi-swagger\\Multi-Swagger\\src\\core\\plugins\\layout\\reducers.js": {"lines":{"total":8,"covered":3,"skipped":0,"pct":37.5},"functions":{"total":5,"covered":2,"skipped":0,"pct":40},"statements":{"total":9,"covered":4,"skipped":0,"pct":44.44},"branches":{"total":2,"covered":0,"skipped":0,"pct":0}}
,"C:\\Users\\User\\source\\repos\\multi-swagger\\Multi-Swagger\\src\\core\\plugins\\layout\\selectors.js": {"lines":{"total":11,"covered":9,"skipped":0,"pct":81.81},"functions":{"total":6,"covered":5,"skipped":0,"pct":83.33},"statements":{"total":14,"covered":12,"skipped":0,"pct":85.71},"branches":{"total":1,"covered":0,"skipped":0,"pct":0}}
,"C:\\Users\\User\\source\\repos\\multi-swagger\\Multi-Swagger\\src\\core\\plugins\\layout\\spec-extensions\\wrap-selector.js": {"lines":{"total":12,"covered":9,"skipped":0,"pct":75},"functions":{"total":2,"covered":2,"skipped":0,"pct":100},"statements":{"total":13,"covered":10,"skipped":0,"pct":76.92},"branches":{"total":12,"covered":3,"skipped":0,"pct":25}}
,"C:\\Users\\User\\source\\repos\\multi-swagger\\Multi-Swagger\\src\\core\\plugins\\logs\\index.js": {"lines":{"total":11,"covered":9,"skipped":0,"pct":81.81},"functions":{"total":3,"covered":2,"skipped":0,"pct":66.66},"statements":{"total":12,"covered":10,"skipped":0,"pct":83.33},"branches":{"total":4,"covered":2,"skipped":0,"pct":50}}
,"C:\\Users\\User\\source\\repos\\multi-swagger\\Multi-Swagger\\src\\core\\plugins\\oas3\\actions.js": {"lines":{"total":28,"covered":17,"skipped":0,"pct":60.71},"functions":{"total":12,"covered":1,"skipped":0,"pct":8.33},"statements":{"total":28,"covered":17,"skipped":0,"pct":60.71},"branches":{"total":0,"covered":0,"skipped":0,"pct":100}}
,"C:\\Users\\User\\source\\repos\\multi-swagger\\Multi-Swagger\\src\\core\\plugins\\oas3\\index.js": {"lines":{"total":1,"covered":1,"skipped":0,"pct":100},"functions":{"total":1,"covered":1,"skipped":0,"pct":100},"statements":{"total":1,"covered":1,"skipped":0,"pct":100},"branches":{"total":0,"covered":0,"skipped":0,"pct":100}}
,"C:\\Users\\User\\source\\repos\\multi-swagger\\Multi-Swagger\\src\\core\\plugins\\oas3\\reducers.js": {"lines":{"total":54,"covered":1,"skipped":0,"pct":1.85},"functions":{"total":16,"covered":1,"skipped":0,"pct":6.25},"statements":{"total":54,"covered":1,"skipped":0,"pct":1.85},"branches":{"total":28,"covered":0,"skipped":0,"pct":0}}
,"C:\\Users\\User\\source\\repos\\multi-swagger\\Multi-Swagger\\src\\core\\plugins\\oas3\\selectors.js": {"lines":{"total":113,"covered":36,"skipped":0,"pct":31.85},"functions":{"total":29,"covered":10,"skipped":0,"pct":34.48},"statements":{"total":117,"covered":37,"skipped":0,"pct":31.62},"branches":{"total":72,"covered":13,"skipped":0,"pct":18.05}}
,"C:\\Users\\User\\source\\repos\\multi-swagger\\Multi-Swagger\\src\\core\\plugins\\oas3\\auth-extensions\\wrap-selectors.js": {"lines":{"total":31,"covered":3,"skipped":0,"pct":9.67},"functions":{"total":12,"covered":1,"skipped":0,"pct":8.33},"statements":{"total":33,"covered":3,"skipped":0,"pct":9.09},"branches":{"total":18,"covered":0,"skipped":0,"pct":0}}
,"C:\\Users\\User\\source\\repos\\multi-swagger\\Multi-Swagger\\src\\core\\plugins\\oas3\\components\\index.js": {"lines":{"total":0,"covered":0,"skipped":0,"pct":0},"functions":{"total":0,"covered":0,"skipped":0,"pct":0},"statements":{"total":0,"covered":0,"skipped":0,"pct":0},"branches":{"total":0,"covered":0,"skipped":0,"pct":0}}
,"C:\\Users\\User\\source\\repos\\multi-swagger\\Multi-Swagger\\src\\core\\plugins\\oas3\\spec-extensions\\selectors.js": {"lines":{"total":21,"covered":10,"skipped":0,"pct":47.61},"functions":{"total":10,"covered":3,"skipped":0,"pct":30},"statements":{"total":23,"covered":11,"skipped":0,"pct":47.82},"branches":{"total":8,"covered":1,"skipped":0,"pct":12.5}}
,"C:\\Users\\User\\source\\repos\\multi-swagger\\Multi-Swagger\\src\\core\\plugins\\oas3\\spec-extensions\\wrap-selectors.js": {"lines":{"total":38,"covered":37,"skipped":0,"pct":97.36},"functions":{"total":16,"covered":15,"skipped":0,"pct":93.75},"statements":{"total":42,"covered":41,"skipped":0,"pct":97.61},"branches":{"total":16,"covered":12,"skipped":0,"pct":75}}
,"C:\\Users\\User\\source\\repos\\multi-swagger\\Multi-Swagger\\src\\core\\plugins\\oas3\\wrap-components\\index.js": {"lines":{"total":0,"covered":0,"skipped":0,"pct":0},"functions":{"total":0,"covered":0,"skipped":0,"pct":0},"statements":{"total":0,"covered":0,"skipped":0,"pct":0},"branches":{"total":0,"covered":0,"skipped":0,"pct":0}}
,"C:\\Users\\User\\source\\repos\\multi-swagger\\Multi-Swagger\\src\\core\\plugins\\oas3\\wrap-components\\online-validator-badge.js": {"lines":{"total":0,"covered":0,"skipped":0,"pct":0},"functions":{"total":0,"covered":0,"skipped":0,"pct":0},"statements":{"total":0,"covered":0,"skipped":0,"pct":0},"branches":{"total":0,"covered":0,"skipped":0,"pct":0}}
,"C:\\Users\\User\\source\\repos\\multi-swagger\\Multi-Swagger\\src\\core\\plugins\\on-complete\\index.js": {"lines":{"total":11,"covered":9,"skipped":0,"pct":81.81},"functions":{"total":5,"covered":5,"skipped":0,"pct":100},"statements":{"total":11,"covered":9,"skipped":0,"pct":81.81},"branches":{"total":4,"covered":3,"skipped":0,"pct":75}}
,"C:\\Users\\User\\source\\repos\\multi-swagger\\Multi-Swagger\\src\\core\\plugins\\request-snippets\\fn.js": {"lines":{"total":90,"covered":8,"skipped":0,"pct":8.88},"functions":{"total":13,"covered":0,"skipped":0,"pct":0},"statements":{"total":94,"covered":8,"skipped":0,"pct":8.51},"branches":{"total":51,"covered":0,"skipped":0,"pct":0}}
,"C:\\Users\\User\\source\\repos\\multi-swagger\\Multi-Swagger\\src\\core\\plugins\\request-snippets\\index.js": {"lines":{"total":1,"covered":1,"skipped":0,"pct":100},"functions":{"total":1,"covered":1,"skipped":0,"pct":100},"statements":{"total":1,"covered":1,"skipped":0,"pct":100},"branches":{"total":0,"covered":0,"skipped":0,"pct":100}}
,"C:\\Users\\User\\source\\repos\\multi-swagger\\Multi-Swagger\\src\\core\\plugins\\request-snippets\\selectors.js": {"lines":{"total":20,"covered":5,"skipped":0,"pct":25},"functions":{"total":10,"covered":0,"skipped":0,"pct":0},"statements":{"total":23,"covered":5,"skipped":0,"pct":21.73},"branches":{"total":8,"covered":0,"skipped":0,"pct":0}}
,"C:\\Users\\User\\source\\repos\\multi-swagger\\Multi-Swagger\\src\\core\\plugins\\safe-render\\index.js": {"lines":{"total":6,"covered":6,"skipped":0,"pct":100},"functions":{"total":3,"covered":3,"skipped":0,"pct":100},"statements":{"total":8,"covered":8,"skipped":0,"pct":100},"branches":{"total":5,"covered":5,"skipped":0,"pct":100}}
,"C:\\Users\\User\\source\\repos\\multi-swagger\\Multi-Swagger\\src\\core\\plugins\\samples\\fn.js": {"lines":{"total":349,"covered":82,"skipped":0,"pct":23.49},"functions":{"total":40,"covered":9,"skipped":0,"pct":22.5},"statements":{"total":360,"covered":85,"skipped":0,"pct":23.61},"branches":{"total":430,"covered":80,"skipped":0,"pct":18.6}}
,"C:\\Users\\User\\source\\repos\\multi-swagger\\Multi-Swagger\\src\\core\\plugins\\samples\\index.js": {"lines":{"total":1,"covered":1,"skipped":0,"pct":100},"functions":{"total":1,"covered":1,"skipped":0,"pct":100},"statements":{"total":1,"covered":1,"skipped":0,"pct":100},"branches":{"total":0,"covered":0,"skipped":0,"pct":100}}
,"C:\\Users\\User\\source\\repos\\multi-swagger\\Multi-Swagger\\src\\core\\plugins\\spec\\actions.js": {"lines":{"total":215,"covered":87,"skipped":0,"pct":40.46},"functions":{"total":56,"covered":18,"skipped":0,"pct":32.14},"statements":{"total":222,"covered":90,"skipped":0,"pct":40.54},"branches":{"total":112,"covered":19,"skipped":0,"pct":16.96}}
,"C:\\Users\\User\\source\\repos\\multi-swagger\\Multi-Swagger\\src\\core\\plugins\\spec\\client-selectors.js": {"lines":{"total":257,"covered":57,"skipped":0,"pct":22.17},"functions":{"total":102,"covered":0,"skipped":0,"pct":0},"statements":{"total":276,"covered":57,"skipped":0,"pct":20.65},"branches":{"total":160,"covered":0,"skipped":0,"pct":0}}
,"C:\\Users\\User\\source\\repos\\multi-swagger\\Multi-Swagger\\src\\core\\plugins\\spec\\index.js": {"lines":{"total":1,"covered":1,"skipped":0,"pct":100},"functions":{"total":1,"covered":1,"skipped":0,"pct":100},"statements":{"total":1,"covered":1,"skipped":0,"pct":100},"branches":{"total":0,"covered":0,"skipped":0,"pct":100}}
,"C:\\Users\\User\\source\\repos\\multi-swagger\\Multi-Swagger\\src\\core\\plugins\\spec\\reducers.js": {"lines":{"total":53,"covered":10,"skipped":0,"pct":18.86},"functions":{"total":26,"covered":9,"skipped":0,"pct":34.61},"statements":{"total":54,"covered":10,"skipped":0,"pct":18.51},"branches":{"total":33,"covered":2,"skipped":0,"pct":6.06}}
,"C:\\Users\\User\\source\\repos\\multi-swagger\\Multi-Swagger\\src\\core\\plugins\\spec\\selectors.js": {"lines":{"total":304,"covered":154,"skipped":0,"pct":50.65},"functions":{"total":122,"covered":52,"skipped":0,"pct":42.62},"statements":{"total":328,"covered":161,"skipped":0,"pct":49.08},"branches":{"total":184,"covered":46,"skipped":0,"pct":25}}
,"C:\\Users\\User\\source\\repos\\multi-swagger\\Multi-Swagger\\src\\core\\plugins\\spec\\wrap-actions.js": {"lines":{"total":19,"covered":15,"skipped":0,"pct":78.94},"functions":{"total":9,"covered":5,"skipped":0,"pct":55.55},"statements":{"total":23,"covered":17,"skipped":0,"pct":73.91},"branches":{"total":4,"covered":3,"skipped":0,"pct":75}}
,"C:\\Users\\User\\source\\repos\\multi-swagger\\Multi-Swagger\\src\\core\\plugins\\swagger-js\\configs-wrap-actions.js": {"lines":{"total":5,"covered":4,"skipped":0,"pct":80},"functions":{"total":2,"covered":2,"skipped":0,"pct":100},"statements":{"total":6,"covered":5,"skipped":0,"pct":83.33},"branches":{"total":4,"covered":1,"skipped":0,"pct":25}}
,"C:\\Users\\User\\source\\repos\\multi-swagger\\Multi-Swagger\\src\\core\\plugins\\swagger-js\\index.js": {"lines":{"total":5,"covered":3,"skipped":0,"pct":60},"functions":{"total":2,"covered":2,"skipped":0,"pct":100},"statements":{"total":5,"covered":3,"skipped":0,"pct":60},"branches":{"total":2,"covered":1,"skipped":0,"pct":50}}
,"C:\\Users\\User\\source\\repos\\multi-swagger\\Multi-Swagger\\src\\core\\plugins\\util\\index.js": {"lines":{"total":1,"covered":1,"skipped":0,"pct":100},"functions":{"total":1,"covered":1,"skipped":0,"pct":100},"statements":{"total":1,"covered":1,"skipped":0,"pct":100},"branches":{"total":0,"covered":0,"skipped":0,"pct":100}}
,"C:\\Users\\User\\source\\repos\\multi-swagger\\Multi-Swagger\\src\\core\\plugins\\view\\fn.js": {"lines":{"total":1,"covered":1,"skipped":0,"pct":100},"functions":{"total":1,"covered":1,"skipped":0,"pct":100},"statements":{"total":2,"covered":2,"skipped":0,"pct":100},"branches":{"total":3,"covered":3,"skipped":0,"pct":100}}
,"C:\\Users\\User\\source\\repos\\multi-swagger\\Multi-Swagger\\src\\core\\plugins\\view\\index.js": {"lines":{"total":10,"covered":10,"skipped":0,"pct":100},"functions":{"total":5,"covered":4,"skipped":0,"pct":80},"statements":{"total":12,"covered":11,"skipped":0,"pct":91.66},"branches":{"total":0,"covered":0,"skipped":0,"pct":100}}
,"C:\\Users\\User\\source\\repos\\multi-swagger\\Multi-Swagger\\src\\core\\presets\\apis.js": {"lines":{"total":1,"covered":1,"skipped":0,"pct":100},"functions":{"total":1,"covered":1,"skipped":0,"pct":100},"statements":{"total":1,"covered":1,"skipped":0,"pct":100},"branches":{"total":0,"covered":0,"skipped":0,"pct":100}}
,"C:\\Users\\User\\source\\repos\\multi-swagger\\Multi-Swagger\\src\\core\\presets\\base.js": {"lines":{"total":4,"covered":4,"skipped":0,"pct":100},"functions":{"total":1,"covered":1,"skipped":0,"pct":100},"statements":{"total":4,"covered":4,"skipped":0,"pct":100},"branches":{"total":0,"covered":0,"skipped":0,"pct":100}}
,"C:\\Users\\User\\source\\repos\\multi-swagger\\Multi-Swagger\\src\\core\\utils\\jsonParse.js": {"lines":{"total":6,"covered":5,"skipped":0,"pct":83.33},"functions":{"total":2,"covered":2,"skipped":0,"pct":100},"statements":{"total":6,"covered":5,"skipped":0,"pct":83.33},"branches":{"total":4,"covered":2,"skipped":0,"pct":50}}
,"C:\\Users\\User\\source\\repos\\multi-swagger\\Multi-Swagger\\src\\core\\utils\\url.js": {"lines":{"total":15,"covered":3,"skipped":0,"pct":20},"functions":{"total":5,"covered":2,"skipped":0,"pct":40},"statements":{"total":20,"covered":4,"skipped":0,"pct":20},"branches":{"total":16,"covered":1,"skipped":0,"pct":6.25}}
,"C:\\Users\\User\\source\\repos\\multi-swagger\\Multi-Swagger\\src\\helpers\\create-html-ready-id.js": {"lines":{"total":1,"covered":1,"skipped":0,"pct":100},"functions":{"total":1,"covered":1,"skipped":0,"pct":100},"statements":{"total":1,"covered":1,"skipped":0,"pct":100},"branches":{"total":1,"covered":1,"skipped":0,"pct":100}}
,"C:\\Users\\User\\source\\repos\\multi-swagger\\Multi-Swagger\\src\\helpers\\get-parameter-schema.js": {"lines":{"total":13,"covered":1,"skipped":0,"pct":7.69},"functions":{"total":2,"covered":0,"skipped":0,"pct":0},"statements":{"total":13,"covered":1,"skipped":0,"pct":7.69},"branches":{"total":11,"covered":0,"skipped":0,"pct":0}}
,"C:\\Users\\User\\source\\repos\\multi-swagger\\Multi-Swagger\\src\\helpers\\memoizeN.js": {"lines":{"total":18,"covered":12,"skipped":0,"pct":66.66},"functions":{"total":8,"covered":5,"skipped":0,"pct":62.5},"statements":{"total":20,"covered":13,"skipped":0,"pct":65},"branches":{"total":5,"covered":4,"skipped":0,"pct":80}}
,"C:\\Users\\User\\source\\repos\\multi-swagger\\Multi-Swagger\\src\\plugins\\topbar\\index.js": {"lines":{"total":1,"covered":1,"skipped":0,"pct":100},"functions":{"total":1,"covered":1,"skipped":0,"pct":100},"statements":{"total":1,"covered":1,"skipped":0,"pct":100},"branches":{"total":0,"covered":0,"skipped":0,"pct":100}}
,"C:\\Users\\User\\source\\repos\\multi-swagger\\Multi-Swagger\\src\\standalone\\index.js": {"lines":{"total":1,"covered":1,"skipped":0,"pct":100},"functions":{"total":1,"covered":1,"skipped":0,"pct":100},"statements":{"total":1,"covered":1,"skipped":0,"pct":100},"branches":{"total":0,"covered":0,"skipped":0,"pct":100}}
}
