TN:
SF:src\core\index.js
FN:12,SwaggerUI
FN:42,(anonymous_1)
FN:43,(anonymous_2)
FN:152,(anonymous_3)
FN:165,(anonymous_4)
FNF:5
FNH:5
FNDA:12,SwaggerUI
FNDA:31,(anonymous_1)
FNDA:29,(anonymous_2)
FNDA:24,(anonymous_3)
FNDA:12,(anonymous_4)
DA:10,12
DA:14,12
DA:15,12
DA:22,12
DA:42,31
DA:43,29
DA:112,12
DA:114,12
DA:115,12
DA:117,12
DA:119,12
DA:138,12
DA:142,12
DA:143,0
DA:147,0
DA:152,12
DA:153,24
DA:160,12
DA:161,12
DA:163,12
DA:165,12
DA:169,12
DA:170,12
DA:173,12
DA:174,0
DA:177,12
DA:178,12
DA:180,12
DA:181,12
DA:182,0
DA:183,0
DA:184,0
DA:185,12
DA:188,12
DA:189,12
DA:193,12
DA:194,0
DA:195,12
DA:196,12
DA:197,12
DA:198,0
DA:202,0
DA:205,12
DA:208,12
DA:210,12
DA:211,0
DA:218,12
DA:221,0
DA:225,12
DA:230,12
LF:50
LH:39
BRDA:14,0,0,12
BRDA:14,0,1,12
BRDA:112,1,0,0
BRDA:112,1,1,12
BRDA:138,2,0,12
BRDA:138,2,1,0
BRDA:143,3,0,0
BRDA:143,3,1,0
BRDA:144,4,0,0
BRDA:144,4,1,0
BRDA:169,5,0,12
BRDA:169,5,1,0
BRDA:170,6,0,12
BRDA:170,6,1,12
BRDA:173,7,0,0
BRDA:173,7,1,12
BRDA:180,8,0,12
BRDA:180,8,1,0
BRDA:181,9,0,0
BRDA:181,9,1,12
BRDA:181,10,0,12
BRDA:181,10,1,12
BRDA:181,10,2,12
BRDA:185,11,0,12
BRDA:185,11,1,0
BRDA:185,12,0,12
BRDA:185,12,1,12
BRDA:185,12,2,12
BRDA:193,13,0,0
BRDA:193,13,1,12
BRDA:195,14,0,12
BRDA:195,14,1,0
BRDA:198,15,0,0
BRDA:198,15,1,0
BRDA:198,16,0,0
BRDA:198,16,1,0
BRDA:208,17,0,12
BRDA:208,17,1,12
BRDA:210,18,0,0
BRDA:210,18,1,12
BRDA:210,19,0,12
BRDA:210,19,1,0
BRDA:210,19,2,0
BRF:43
BRH:23
end_of_record
TN:
SF:src\core\oauth2-authorize.js
FN:5,authorize
FNF:1
FNH:0
FNDA:0,authorize
DA:6,0
DA:7,0
DA:8,0
DA:10,0
DA:12,0
DA:13,0
DA:16,0
DA:17,0
DA:20,0
DA:21,0
DA:24,0
DA:25,0
DA:30,0
DA:31,0
DA:36,0
DA:37,0
DA:40,0
DA:41,0
DA:44,0
DA:47,0
DA:48,0
DA:54,0
DA:56,0
DA:58,0
DA:59,0
DA:60,0
DA:61,0
DA:62,0
DA:65,0
DA:66,0
DA:68,0
DA:71,0
DA:73,0
DA:75,0
DA:76,0
DA:79,0
DA:80,0
DA:81,0
DA:83,0
DA:84,0
DA:88,0
DA:91,0
DA:93,0
DA:94,0
DA:95,0
DA:99,0
DA:101,0
DA:103,0
DA:109,0
DA:111,0
DA:117,0
DA:118,0
DA:119,0
DA:120,0
DA:122,0
DA:125,0
LF:56
LH:0
BRDA:5,0,0,0
BRDA:10,1,0,0
BRDA:10,1,1,0
BRDA:10,1,2,0
BRDA:10,1,3,0
BRDA:10,1,4,0
BRDA:10,1,5,0
BRDA:10,1,6,0
BRDA:10,1,7,0
BRDA:40,2,0,0
BRDA:40,2,1,0
BRDA:47,3,0,0
BRDA:47,3,1,0
BRDA:59,4,0,0
BRDA:59,4,1,0
BRDA:61,5,0,0
BRDA:61,5,1,0
BRDA:65,6,0,0
BRDA:65,6,1,0
BRDA:66,7,0,0
BRDA:66,7,1,0
BRDA:75,8,0,0
BRDA:75,8,1,0
BRDA:79,9,0,0
BRDA:79,9,1,0
BRDA:79,10,0,0
BRDA:79,10,1,0
BRDA:79,10,2,0
BRDA:79,10,3,0
BRDA:94,11,0,0
BRDA:94,11,1,0
BRDA:101,12,0,0
BRDA:101,12,1,0
BRDA:111,13,0,0
BRDA:111,13,1,0
BRDA:117,14,0,0
BRDA:117,14,1,0
BRDA:119,15,0,0
BRDA:119,15,1,0
BRF:39
BRH:0
end_of_record
TN:
SF:src\core\syntax-highlighting.js
FN:30,(anonymous_0)
FNF:1
FNH:1
FNDA:2,(anonymous_0)
DA:18,12
DA:19,12
DA:20,12
DA:21,12
DA:22,12
DA:23,12
DA:24,12
DA:25,12
DA:27,12
DA:28,12
DA:30,12
DA:31,2
DA:32,0
DA:33,0
DA:35,2
LF:15
LH:13
BRDA:31,0,0,0
BRDA:31,0,1,2
BRF:2
BRH:1
end_of_record
TN:
SF:src\core\system.js
FN:13,(anonymous_0)
FN:16,createStoreWithMiddleware
FN:34,(anonymous_2)
FN:62,(anonymous_3)
FN:66,(anonymous_4)
FN:80,(anonymous_5)
FN:97,(anonymous_6)
FN:101,(anonymous_7)
FN:113,(anonymous_8)
FN:117,(anonymous_9)
FN:123,(anonymous_10)
FN:127,(anonymous_11)
FN:135,(anonymous_12)
FN:137,(anonymous_13)
FN:144,(anonymous_14)
FN:148,(anonymous_15)
FN:151,(anonymous_16)
FN:152,(anonymous_17)
FN:159,(anonymous_18)
FN:161,(anonymous_19)
FN:164,(anonymous_20)
FN:173,(anonymous_21)
FN:174,(anonymous_22)
FN:188,(anonymous_23)
FN:190,(anonymous_24)
FN:194,(anonymous_25)
FN:203,(anonymous_26)
FN:204,(anonymous_27)
FN:218,(anonymous_28)
FN:219,(anonymous_29)
FN:225,(anonymous_30)
FN:226,(anonymous_31)
FN:227,(anonymous_32)
FN:232,(anonymous_33)
FN:238,(anonymous_34)
FN:242,(anonymous_35)
FN:253,(anonymous_36)
FN:254,(anonymous_37)
FN:256,(anonymous_38)
FN:258,(anonymous_39)
FN:259,(anonymous_40)
FN:272,(anonymous_41)
FN:278,(anonymous_42)
FN:280,(anonymous_43)
FN:283,(anonymous_44)
FN:297,(anonymous_45)
FN:300,(anonymous_46)
FN:301,(anonymous_47)
FN:306,(anonymous_48)
FN:307,(anonymous_49)
FN:314,combinePlugins
FN:327,(anonymous_51)
FN:334,callAfterLoad
FN:347,(anonymous_53)
FN:356,systemExtend
FN:368,(anonymous_55)
FN:442,buildReducer
FN:443,(anonymous_57)
FN:449,allReducers
FN:450,(anonymous_59)
FN:462,makeReducer
FN:463,(anonymous_61)
FN:478,wrapWithTryCatch
FN:485,(anonymous_63)
FN:497,configureStore
FNF:65
FNH:58
FNDA:12,(anonymous_0)
FNDA:12,createStoreWithMiddleware
FNDA:12,(anonymous_2)
FNDA:192,(anonymous_3)
FNDA:24,(anonymous_4)
FNDA:60,(anonymous_5)
FNDA:14696,(anonymous_6)
FNDA:60,(anonymous_7)
FNDA:2713,(anonymous_8)
FNDA:60,(anonymous_9)
FNDA:12,(anonymous_10)
FNDA:48,(anonymous_11)
FNDA:120,(anonymous_12)
FNDA:672,(anonymous_13)
FNDA:60,(anonymous_14)
FNDA:60,(anonymous_15)
FNDA:288,(anonymous_16)
FNDA:6624,(anonymous_17)
FNDA:60,(anonymous_18)
FNDA:288,(anonymous_19)
FNDA:3072,(anonymous_20)
FNDA:720,(anonymous_21)
FNDA:130,(anonymous_22)
FNDA:60,(anonymous_23)
FNDA:336,(anonymous_24)
FNDA:4032,(anonymous_25)
FNDA:624,(anonymous_26)
FNDA:2691,(anonymous_27)
FNDA:0,(anonymous_28)
FNDA:0,(anonymous_29)
FNDA:60,(anonymous_30)
FNDA:336,(anonymous_31)
FNDA:0,(anonymous_32)
FNDA:60,(anonymous_33)
FNDA:579,(anonymous_34)
FNDA:251,(anonymous_35)
FNDA:60,(anonymous_36)
FNDA:336,(anonymous_37)
FNDA:15985,(anonymous_38)
FNDA:5472,(anonymous_39)
FNDA:15985,(anonymous_40)
FNDA:60,(anonymous_41)
FNDA:4272,(anonymous_42)
FNDA:3984,(anonymous_43)
FNDA:722,(anonymous_44)
FNDA:288,(anonymous_45)
FNDA:0,(anonymous_46)
FNDA:0,(anonymous_47)
FNDA:0,(anonymous_48)
FNDA:0,(anonymous_49)
FNDA:756,combinePlugins
FNDA:420,(anonymous_51)
FNDA:756,callAfterLoad
FNDA:420,(anonymous_53)
FNDA:444,systemExtend
FNDA:588,(anonymous_55)
FNDA:48,buildReducer
FNDA:336,(anonymous_57)
FNDA:48,allReducers
FNDA:336,(anonymous_59)
FNDA:336,makeReducer
FNDA:3444,(anonymous_61)
FNDA:17975,wrapWithTryCatch
FNDA:17385,(anonymous_63)
FNDA:12,configureStore
DA:13,12
DA:18,12
DA:25,12
DA:27,12
DA:35,12
DA:50,12
DA:53,12
DA:56,12
DA:59,12
DA:63,192
DA:67,24
DA:68,24
DA:69,24
DA:70,24
DA:73,24
DA:75,24
DA:76,24
DA:81,60
DA:82,60
DA:84,60
DA:93,60
DA:94,48
DA:98,14696
DA:102,60
DA:114,2713
DA:118,60
DA:124,12
DA:128,48
DA:136,120
DA:137,120
DA:138,672
DA:139,672
DA:140,624
DA:145,60
DA:149,60
DA:151,60
DA:152,288
DA:153,6624
DA:154,3984
DA:160,60
DA:161,60
DA:162,288
DA:163,288
DA:164,192
DA:165,3072
DA:166,3072
DA:167,2640
DA:170,432
DA:171,0
DA:173,432
DA:174,720
DA:175,130
DA:177,720
DA:178,0
DA:180,720
DA:184,96
DA:189,60
DA:190,60
DA:191,336
DA:192,336
DA:193,336
DA:194,96
DA:195,4032
DA:196,4032
DA:197,3408
DA:200,624
DA:201,0
DA:203,624
DA:204,624
DA:205,2691
DA:207,624
DA:208,0
DA:210,624
DA:214,240
DA:219,0
DA:220,0
DA:221,0
DA:226,60
DA:227,336
DA:228,336
DA:233,60
DA:239,579
DA:241,579
DA:242,221
DA:243,251
DA:246,358
DA:247,358
DA:250,0
DA:254,60
DA:255,336
DA:256,15985
DA:258,336
DA:259,5472
DA:260,15985
DA:263,15985
DA:264,814
DA:266,15985
DA:274,60
DA:276,60
DA:278,60
DA:279,4272
DA:280,3984
DA:283,3984
DA:284,722
DA:285,722
DA:286,722
DA:289,0
DA:292,722
DA:297,288
DA:301,0
DA:302,0
DA:307,0
DA:308,0
DA:315,756
DA:316,348
DA:319,408
DA:320,312
DA:323,96
DA:324,96
DA:326,96
DA:327,420
DA:331,0
DA:335,756
DA:336,756
DA:337,348
DA:338,12
DA:339,12
DA:343,756
DA:344,312
DA:346,444
DA:347,420
DA:350,348
DA:358,444
DA:359,0
DA:361,444
DA:362,0
DA:367,444
DA:368,132
DA:369,588
DA:370,588
DA:371,36
DA:372,36
DA:373,552
DA:374,288
DA:375,288
DA:379,132
DA:383,36
DA:391,444
DA:392,444
DA:393,336
DA:394,1200
DA:395,1200
DA:396,0
DA:399,1200
DA:402,1200
DA:403,600
DA:404,1488
DA:407,1488
DA:408,120
DA:409,120
DA:412,1488
DA:413,72
DA:420,1200
DA:421,216
DA:422,480
DA:425,480
DA:426,156
DA:427,156
DA:430,480
DA:431,0
DA:439,444
DA:443,48
DA:444,336
DA:446,48
DA:450,48
DA:451,336
DA:452,336
DA:455,48
DA:456,0
DA:459,48
DA:463,336
DA:464,3444
DA:465,492
DA:467,2952
DA:468,2952
DA:469,444
DA:472,444
DA:474,2508
DA:481,17975
DA:482,0
DA:485,17975
DA:486,17385
DA:487,17385
DA:489,0
DA:490,0
DA:492,0
DA:498,12
DA:508,12
LF:198
LH:175
BRDA:25,0,0,12
BRDA:25,0,1,12
BRDA:34,1,0,0
BRDA:66,2,0,24
BRDA:69,3,0,24
BRDA:69,3,1,0
BRDA:75,4,0,24
BRDA:75,4,1,0
BRDA:80,5,0,48
BRDA:93,6,0,48
BRDA:93,6,1,12
BRDA:110,7,0,60
BRDA:110,7,1,0
BRDA:139,8,0,624
BRDA:139,8,1,48
BRDA:153,9,0,3984
BRDA:153,9,1,2640
BRDA:163,10,0,192
BRDA:163,10,1,96
BRDA:166,11,0,2640
BRDA:166,11,1,432
BRDA:170,12,0,0
BRDA:170,12,1,432
BRDA:177,13,0,0
BRDA:177,13,1,720
BRDA:181,14,0,432
BRDA:181,14,1,0
BRDA:193,15,0,96
BRDA:193,15,1,240
BRDA:196,16,0,3408
BRDA:196,16,1,624
BRDA:200,17,0,0
BRDA:200,17,1,624
BRDA:207,18,0,0
BRDA:207,18,1,624
BRDA:211,19,0,624
BRDA:211,19,1,0
BRDA:241,20,0,221
BRDA:241,20,1,358
BRDA:246,21,0,358
BRDA:246,21,1,0
BRDA:263,22,0,814
BRDA:263,22,1,15171
BRDA:274,23,0,60
BRDA:274,23,1,0
BRDA:279,24,0,288
BRDA:279,24,1,3984
BRDA:315,25,0,348
BRDA:315,25,1,408
BRDA:315,26,0,756
BRDA:315,26,1,444
BRDA:319,27,0,312
BRDA:319,27,1,96
BRDA:323,28,0,96
BRDA:323,28,1,0
BRDA:324,29,0,0
BRDA:324,29,1,96
BRDA:334,30,0,24
BRDA:336,31,0,348
BRDA:336,31,1,408
BRDA:336,32,0,756
BRDA:336,32,1,444
BRDA:337,33,0,12
BRDA:337,33,1,336
BRDA:343,34,0,312
BRDA:343,34,1,444
BRDA:346,35,0,96
BRDA:346,35,1,348
BRDA:356,36,0,0
BRDA:356,37,0,0
BRDA:358,38,0,0
BRDA:358,38,1,444
BRDA:361,39,0,0
BRDA:361,39,1,444
BRDA:367,40,0,132
BRDA:367,40,1,312
BRDA:369,41,0,588
BRDA:369,41,1,432
BRDA:370,42,0,36
BRDA:370,42,1,552
BRDA:370,43,0,588
BRDA:370,43,1,324
BRDA:373,44,0,288
BRDA:373,44,1,264
BRDA:379,45,0,36
BRDA:379,45,1,96
BRDA:392,46,0,336
BRDA:392,46,1,108
BRDA:395,47,0,0
BRDA:395,47,1,1200
BRDA:402,48,0,600
BRDA:402,48,1,600
BRDA:407,49,0,120
BRDA:407,49,1,1368
BRDA:412,50,0,72
BRDA:412,50,1,1416
BRDA:412,51,0,1488
BRDA:412,51,1,1488
BRDA:412,51,2,1068
BRDA:412,51,3,480
BRDA:412,51,4,156
BRDA:420,52,0,216
BRDA:420,52,1,984
BRDA:425,53,0,156
BRDA:425,53,1,324
BRDA:430,54,0,0
BRDA:430,54,1,480
BRDA:430,55,0,480
BRDA:430,55,1,480
BRDA:430,55,2,408
BRDA:430,55,3,336
BRDA:430,55,4,12
BRDA:455,56,0,0
BRDA:455,56,1,48
BRDA:463,57,0,48
BRDA:464,58,0,492
BRDA:464,58,1,2952
BRDA:468,59,0,444
BRDA:468,59,1,2508
BRDA:472,60,0,0
BRDA:472,60,1,444
BRDA:478,61,0,17975
BRDA:479,62,0,17975
BRDA:481,63,0,0
BRDA:481,63,1,17975
BRDA:489,64,0,0
BRDA:489,64,1,0
BRF:127
BRH:102
end_of_record
TN:
SF:src\core\utils.js
FN:33,(anonymous_0)
FN:35,objectify
FN:43,arrayify
FN:53,fromJSOrdered
FN:92,createObjWithHashedKeys
FN:123,bindToState
FN:126,(anonymous_6)
FN:127,(anonymous_7)
FN:131,normalizeArray
FN:137,isFn
FN:141,isObject
FN:145,isFunc
FN:149,isArray
FN:156,objMap
FN:157,(anonymous_14)
FN:163,objReduce
FN:164,(anonymous_16)
FN:173,systemThunkMiddleware
FN:174,(anonymous_18)
FN:175,(anonymous_19)
FN:175,(anonymous_20)
FN:185,defaultStatusCode
FN:187,(anonymous_22)
FN:197,getList
FN:212,mapToList
FN:241,extractFileNameFromContentDispositionHeader
FN:250,(anonymous_26)
FN:267,pascalCase
FN:272,pascalCaseFilename
FN:281,(anonymous_29)
FN:288,(anonymous_30)
FN:305,(anonymous_31)
FN:308,(anonymous_32)
FN:314,(anonymous_33)
FN:320,(anonymous_34)
FN:326,(anonymous_35)
FN:332,(anonymous_36)
FN:338,(anonymous_37)
FN:344,(anonymous_38)
FN:350,(anonymous_39)
FN:356,(anonymous_40)
FN:363,(anonymous_41)
FN:369,(anonymous_42)
FN:379,(anonymous_43)
FN:380,(anonymous_44)
FN:385,(anonymous_45)
FN:391,(anonymous_46)
FN:397,(anonymous_47)
FN:403,(anonymous_48)
FN:409,(anonymous_49)
FN:416,validateValueBySchema
FN:472,(anonymous_51)
FN:493,(anonymous_52)
FN:500,(anonymous_53)
FN:503,(anonymous_54)
FN:582,(anonymous_55)
FN:585,(anonymous_56)
FN:598,(anonymous_57)
FN:607,(anonymous_58)
FN:633,(anonymous_59)
FN:638,(anonymous_60)
FN:643,(anonymous_61)
FN:648,(anonymous_62)
FN:667,(anonymous_63)
FN:682,(anonymous_64)
FN:704,(anonymous_65)
FN:705,(anonymous_66)
FN:710,(anonymous_67)
FN:724,(anonymous_68)
FN:725,(anonymous_69)
FN:728,(anonymous_70)
FN:732,(anonymous_71)
FN:745,(anonymous_72)
FN:746,(anonymous_73)
FN:751,sanitizeUrl
FN:759,requiresValidationURL
FN:767,getAcceptControllingResponse
FN:778,(anonymous_77)
FN:791,(anonymous_78)
FN:793,(anonymous_79)
FN:795,(anonymous_80)
FN:795,(anonymous_81)
FN:796,(anonymous_82)
FN:796,(anonymous_83)
FN:802,deeplyStripKey
FN:802,(anonymous_85)
FN:809,(anonymous_86)
FN:820,stringify
FN:845,numberToString
FN:853,paramToIdentifier
FN:879,paramToValue
FN:885,(anonymous_91)
FN:888,(anonymous_92)
FN:894,generateCodeVerifier
FN:900,createCodeChallenge
FN:908,b64toB64UrlEncoded
FN:915,(anonymous_96)
FNF:97
FNH:34
FNDA:38445,(anonymous_0)
FNDA:7,objectify
FNDA:0,arrayify
FNDA:38443,fromJSOrdered
FNDA:0,createObjWithHashedKeys
FNDA:0,bindToState
FNDA:0,(anonymous_6)
FNDA:0,(anonymous_7)
FNDA:764,normalizeArray
FNDA:7968,isFn
FNDA:44874,isObject
FNDA:1357,isFunc
FNDA:1428,isArray
FNDA:1392,objMap
FNDA:19020,(anonymous_14)
FNDA:408,objReduce
FNDA:7296,(anonymous_16)
FNDA:12,systemThunkMiddleware
FNDA:12,(anonymous_18)
FNDA:12,(anonymous_19)
FNDA:722,(anonymous_20)
FNDA:3,defaultStatusCode
FNDA:3,(anonymous_22)
FNDA:450,getList
FNDA:0,mapToList
FNDA:0,extractFileNameFromContentDispositionHeader
FNDA:0,(anonymous_26)
FNDA:2136,pascalCase
FNDA:2136,pascalCaseFilename
FNDA:0,(anonymous_29)
FNDA:0,(anonymous_30)
FNDA:0,(anonymous_31)
FNDA:0,(anonymous_32)
FNDA:0,(anonymous_33)
FNDA:0,(anonymous_34)
FNDA:0,(anonymous_35)
FNDA:0,(anonymous_36)
FNDA:0,(anonymous_37)
FNDA:0,(anonymous_38)
FNDA:0,(anonymous_39)
FNDA:0,(anonymous_40)
FNDA:0,(anonymous_41)
FNDA:0,(anonymous_42)
FNDA:0,(anonymous_43)
FNDA:0,(anonymous_44)
FNDA:0,(anonymous_45)
FNDA:0,(anonymous_46)
FNDA:0,(anonymous_47)
FNDA:0,(anonymous_48)
FNDA:0,(anonymous_49)
FNDA:0,validateValueBySchema
FNDA:0,(anonymous_51)
FNDA:0,(anonymous_52)
FNDA:0,(anonymous_53)
FNDA:0,(anonymous_54)
FNDA:0,(anonymous_55)
FNDA:0,(anonymous_56)
FNDA:0,(anonymous_57)
FNDA:0,(anonymous_58)
FNDA:3,(anonymous_59)
FNDA:3,(anonymous_60)
FNDA:3,(anonymous_61)
FNDA:0,(anonymous_62)
FNDA:3,(anonymous_63)
FNDA:0,(anonymous_64)
FNDA:0,(anonymous_65)
FNDA:0,(anonymous_66)
FNDA:0,(anonymous_67)
FNDA:0,(anonymous_68)
FNDA:0,(anonymous_69)
FNDA:0,(anonymous_70)
FNDA:0,(anonymous_71)
FNDA:0,(anonymous_72)
FNDA:0,(anonymous_73)
FNDA:564,sanitizeUrl
FNDA:652,requiresValidationURL
FNDA:3,getAcceptControllingResponse
FNDA:3,(anonymous_77)
FNDA:1455,(anonymous_78)
FNDA:820,(anonymous_79)
FNDA:450,(anonymous_80)
FNDA:785,(anonymous_81)
FNDA:0,(anonymous_82)
FNDA:0,(anonymous_83)
FNDA:0,deeplyStripKey
FNDA:0,(anonymous_85)
FNDA:0,(anonymous_86)
FNDA:2,stringify
FNDA:0,numberToString
FNDA:0,paramToIdentifier
FNDA:0,paramToValue
FNDA:0,(anonymous_91)
FNDA:0,(anonymous_92)
FNDA:0,generateCodeVerifier
FNDA:0,createCodeChallenge
FNDA:0,b64toB64UrlEncoded
FNDA:0,(anonymous_96)
DA:31,12
DA:33,38445
DA:36,7
DA:37,5
DA:38,2
DA:39,0
DA:40,2
DA:44,0
DA:45,0
DA:47,0
DA:48,0
DA:50,0
DA:54,38443
DA:55,20
DA:57,38423
DA:58,0
DA:60,38423
DA:61,20612
DA:63,17811
DA:64,1847
DA:66,15964
DA:68,0
DA:69,0
DA:71,15964
DA:93,0
DA:94,0
DA:96,0
DA:97,0
DA:98,0
DA:99,0
DA:100,0
DA:101,0
DA:103,0
DA:105,0
DA:110,0
DA:111,0
DA:113,0
DA:115,0
DA:116,0
DA:117,0
DA:120,0
DA:124,0
DA:125,0
DA:126,0
DA:127,0
DA:128,0
DA:132,764
DA:133,754
DA:134,10
DA:138,7968
DA:142,44874
DA:146,1357
DA:150,1428
DA:154,12
DA:157,1392
DA:158,19020
DA:159,19020
DA:164,408
DA:165,7296
DA:166,7296
DA:167,4608
DA:168,7296
DA:174,12
DA:175,12
DA:176,722
DA:177,278
DA:180,444
DA:186,3
DA:187,3
DA:198,450
DA:199,0
DA:201,450
DA:202,450
DA:213,0
DA:214,0
DA:217,0
DA:218,0
DA:221,0
DA:222,0
DA:226,0
DA:227,0
DA:228,0
DA:229,0
DA:230,0
DA:231,0
DA:232,0
DA:234,0
DA:238,0
DA:242,0
DA:250,0
DA:251,0
DA:252,0
DA:255,0
DA:256,0
DA:257,0
DA:259,0
DA:263,0
DA:268,2136
DA:273,2136
DA:281,12
DA:283,0
DA:284,0
DA:287,0
DA:289,0
DA:290,0
DA:292,0
DA:294,0
DA:295,0
DA:299,0
DA:300,0
DA:303,0
DA:305,0
DA:308,12
DA:309,0
DA:310,0
DA:314,12
DA:315,0
DA:316,0
DA:320,12
DA:321,0
DA:322,0
DA:326,12
DA:327,0
DA:328,0
DA:332,12
DA:333,0
DA:334,0
DA:338,12
DA:339,0
DA:340,0
DA:344,12
DA:345,0
DA:346,0
DA:350,12
DA:351,0
DA:352,0
DA:356,12
DA:357,0
DA:358,0
DA:359,0
DA:363,12
DA:364,0
DA:365,0
DA:369,12
DA:370,0
DA:371,0
DA:373,0
DA:374,0
DA:375,0
DA:376,0
DA:377,0
DA:378,0
DA:379,0
DA:380,0
DA:381,0
DA:384,0
DA:385,0
DA:391,12
DA:392,0
DA:393,0
DA:397,12
DA:398,0
DA:399,0
DA:403,12
DA:404,0
DA:405,0
DA:409,12
DA:410,0
DA:411,0
DA:412,0
DA:417,0
DA:418,0
DA:419,0
DA:420,0
DA:421,0
DA:422,0
DA:423,0
DA:424,0
DA:425,0
DA:426,0
DA:427,0
DA:428,0
DA:429,0
DA:430,0
DA:432,0
DA:433,0
DA:434,0
DA:436,0
DA:439,0
DA:443,0
DA:447,0
DA:451,0
DA:452,0
DA:456,0
DA:457,0
DA:458,0
DA:459,0
DA:460,0
DA:461,0
DA:462,0
DA:463,0
DA:464,0
DA:465,0
DA:467,0
DA:472,0
DA:474,0
DA:475,0
DA:476,0
DA:478,0
DA:483,0
DA:484,0
DA:485,0
DA:486,0
DA:488,0
DA:489,0
DA:492,0
DA:493,0
DA:494,0
DA:495,0
DA:499,0
DA:500,0
DA:501,0
DA:502,0
DA:503,0
DA:508,0
DA:509,0
DA:510,0
DA:513,0
DA:514,0
DA:515,0
DA:516,0
DA:520,0
DA:521,0
DA:522,0
DA:523,0
DA:527,0
DA:528,0
DA:529,0
DA:530,0
DA:534,0
DA:535,0
DA:536,0
DA:539,0
DA:540,0
DA:541,0
DA:544,0
DA:545,0
DA:546,0
DA:549,0
DA:550,0
DA:551,0
DA:554,0
DA:556,0
DA:557,0
DA:558,0
DA:559,0
DA:561,0
DA:563,0
DA:564,0
DA:565,0
DA:566,0
DA:567,0
DA:568,0
DA:569,0
DA:570,0
DA:571,0
DA:572,0
DA:573,0
DA:574,0
DA:575,0
DA:576,0
DA:577,0
DA:578,0
DA:579,0
DA:581,0
DA:582,0
DA:583,0
DA:584,0
DA:585,0
DA:588,0
DA:589,0
DA:590,0
DA:591,0
DA:594,0
DA:598,12
DA:600,0
DA:602,0
DA:604,0
DA:607,12
DA:608,0
DA:609,0
DA:611,0
DA:612,0
DA:613,0
DA:615,0
DA:616,0
DA:617,0
DA:621,0
DA:624,12
DA:631,12
DA:633,12
DA:634,3
DA:635,3
DA:637,3
DA:638,3
DA:643,3
DA:648,12
DA:649,0
DA:651,0
DA:652,0
DA:656,0
DA:657,0
DA:660,0
DA:661,0
DA:663,0
DA:667,12
DA:668,3
DA:669,0
DA:670,3
DA:671,0
DA:673,3
DA:674,0
DA:676,3
DA:677,0
DA:679,3
DA:682,12
DA:683,0
DA:684,0
DA:686,0
DA:687,0
DA:689,0
DA:690,0
DA:692,0
DA:693,0
DA:694,0
DA:696,0
DA:697,0
DA:701,0
DA:704,12
DA:705,0
DA:706,0
DA:710,12
DA:713,0
DA:714,0
DA:716,0
DA:719,0
DA:722,12
DA:724,0
DA:725,0
DA:728,0
DA:732,12
DA:733,0
DA:735,0
DA:736,0
DA:737,0
DA:738,0
DA:741,0
DA:745,12
DA:746,0
DA:747,0
DA:752,564
DA:753,0
DA:756,564
DA:760,652
DA:761,326
DA:763,326
DA:768,3
DA:770,0
DA:773,3
DA:775,0
DA:778,3
DA:779,3
DA:783,3
DA:784,3
DA:785,3
DA:787,3
DA:791,1455
DA:793,820
DA:795,785
DA:796,12
DA:802,0
DA:803,0
DA:804,0
DA:807,0
DA:809,0
DA:810,0
DA:811,0
DA:812,0
DA:814,0
DA:817,0
DA:821,2
DA:822,2
DA:825,0
DA:826,0
DA:829,0
DA:830,0
DA:831,0
DA:834,0
DA:838,0
DA:839,0
DA:842,0
DA:846,0
DA:847,0
DA:850,0
DA:854,0
DA:855,0
DA:857,0
DA:858,0
DA:860,0
DA:864,0
DA:865,0
DA:868,0
DA:869,0
DA:872,0
DA:876,0
DA:880,0
DA:884,0
DA:886,0
DA:888,0
DA:890,0
DA:895,0
DA:901,0
DA:909,0
DA:915,12
DA:916,0
DA:917,0
DA:920,0
DA:921,0
DA:924,0
LF:429
LH:102
BRDA:36,0,0,5
BRDA:36,0,1,2
BRDA:38,1,0,0
BRDA:38,1,1,2
BRDA:44,2,0,0
BRDA:44,2,1,0
BRDA:47,3,0,0
BRDA:47,3,1,0
BRDA:54,4,0,20
BRDA:54,4,1,38423
BRDA:57,5,0,0
BRDA:57,5,1,38423
BRDA:60,6,0,20612
BRDA:60,6,1,17811
BRDA:63,7,0,1847
BRDA:63,7,1,15964
BRDA:66,8,0,0
BRDA:66,8,1,15964
BRDA:93,9,0,0
BRDA:93,9,1,0
BRDA:100,10,0,0
BRDA:100,10,1,0
BRDA:100,11,0,0
BRDA:100,11,1,0
BRDA:100,12,0,0
BRDA:100,12,1,0
BRDA:103,13,0,0
BRDA:103,13,1,0
BRDA:132,14,0,754
BRDA:132,14,1,10
BRDA:142,15,0,44874
BRDA:142,15,1,42156
BRDA:166,16,0,4608
BRDA:166,16,1,2688
BRDA:166,17,0,7296
BRDA:166,17,1,4608
BRDA:176,18,0,278
BRDA:176,18,1,444
BRDA:187,19,0,0
BRDA:187,19,1,3
BRDA:198,20,0,0
BRDA:198,20,1,450
BRDA:201,21,0,450
BRDA:201,21,1,0
BRDA:202,22,0,5
BRDA:202,22,1,445
BRDA:212,23,0,0
BRDA:212,24,0,0
BRDA:213,25,0,0
BRDA:213,25,1,0
BRDA:213,26,0,0
BRDA:213,26,1,0
BRDA:217,27,0,0
BRDA:217,27,1,0
BRDA:221,28,0,0
BRDA:221,28,1,0
BRDA:231,29,0,0
BRDA:231,29,1,0
BRDA:255,30,0,0
BRDA:255,30,1,0
BRDA:255,31,0,0
BRDA:255,31,1,0
BRDA:281,32,0,0
BRDA:281,33,0,0
BRDA:283,34,0,0
BRDA:283,34,1,0
BRDA:288,35,0,0
BRDA:288,35,1,0
BRDA:289,36,0,0
BRDA:289,36,1,0
BRDA:294,37,0,0
BRDA:294,37,1,0
BRDA:299,38,0,0
BRDA:299,38,1,0
BRDA:299,39,0,0
BRDA:299,39,1,0
BRDA:309,40,0,0
BRDA:309,40,1,0
BRDA:315,41,0,0
BRDA:315,41,1,0
BRDA:321,42,0,0
BRDA:321,42,1,0
BRDA:327,43,0,0
BRDA:327,43,1,0
BRDA:333,44,0,0
BRDA:333,44,1,0
BRDA:333,45,0,0
BRDA:333,45,1,0
BRDA:339,46,0,0
BRDA:339,46,1,0
BRDA:339,47,0,0
BRDA:339,47,1,0
BRDA:339,47,2,0
BRDA:339,47,3,0
BRDA:345,48,0,0
BRDA:345,48,1,0
BRDA:345,49,0,0
BRDA:345,49,1,0
BRDA:351,50,0,0
BRDA:351,50,1,0
BRDA:358,51,0,0
BRDA:358,51,1,0
BRDA:364,52,0,0
BRDA:364,52,1,0
BRDA:365,53,0,0
BRDA:365,53,1,0
BRDA:370,54,0,0
BRDA:370,54,1,0
BRDA:373,55,0,0
BRDA:373,55,1,0
BRDA:373,56,0,0
BRDA:373,56,1,0
BRDA:377,57,0,0
BRDA:377,57,1,0
BRDA:380,58,0,0
BRDA:380,58,1,0
BRDA:380,59,0,0
BRDA:380,59,1,0
BRDA:384,60,0,0
BRDA:384,60,1,0
BRDA:392,61,0,0
BRDA:392,61,1,0
BRDA:392,62,0,0
BRDA:392,62,1,0
BRDA:392,62,2,0
BRDA:392,62,3,0
BRDA:393,63,0,0
BRDA:393,63,1,0
BRDA:398,64,0,0
BRDA:398,64,1,0
BRDA:398,65,0,0
BRDA:398,65,1,0
BRDA:399,66,0,0
BRDA:399,66,1,0
BRDA:404,67,0,0
BRDA:404,67,1,0
BRDA:405,68,0,0
BRDA:405,68,1,0
BRDA:411,69,0,0
BRDA:411,69,1,0
BRDA:417,70,0,0
BRDA:417,70,1,0
BRDA:432,71,0,0
BRDA:432,71,1,0
BRDA:433,72,0,0
BRDA:433,72,1,0
BRDA:434,73,0,0
BRDA:434,73,1,0
BRDA:436,74,0,0
BRDA:436,74,1,0
BRDA:439,75,0,0
BRDA:439,75,1,0
BRDA:439,75,2,0
BRDA:443,76,0,0
BRDA:443,76,1,0
BRDA:447,77,0,0
BRDA:447,77,1,0
BRDA:447,77,2,0
BRDA:451,78,0,0
BRDA:451,78,1,0
BRDA:456,79,0,0
BRDA:456,79,1,0
BRDA:457,80,0,0
BRDA:457,80,1,0
BRDA:457,80,2,0
BRDA:458,81,0,0
BRDA:458,81,1,0
BRDA:458,81,2,0
BRDA:459,82,0,0
BRDA:459,82,1,0
BRDA:459,82,2,0
BRDA:460,83,0,0
BRDA:460,83,1,0
BRDA:461,84,0,0
BRDA:461,84,1,0
BRDA:461,84,2,0
BRDA:462,85,0,0
BRDA:462,85,1,0
BRDA:462,85,2,0
BRDA:463,86,0,0
BRDA:463,86,1,0
BRDA:463,86,2,0
BRDA:464,87,0,0
BRDA:464,87,1,0
BRDA:464,87,2,0
BRDA:465,88,0,0
BRDA:465,88,1,0
BRDA:465,88,2,0
BRDA:474,89,0,0
BRDA:474,89,1,0
BRDA:474,90,0,0
BRDA:474,90,1,0
BRDA:474,90,2,0
BRDA:478,91,0,0
BRDA:478,91,1,0
BRDA:479,92,0,0
BRDA:479,92,1,0
BRDA:479,92,2,0
BRDA:484,93,0,0
BRDA:484,93,1,0
BRDA:492,94,0,0
BRDA:492,94,1,0
BRDA:492,95,0,0
BRDA:492,95,1,0
BRDA:492,95,2,0
BRDA:492,95,3,0
BRDA:494,96,0,0
BRDA:494,96,1,0
BRDA:499,97,0,0
BRDA:499,97,1,0
BRDA:499,98,0,0
BRDA:499,98,1,0
BRDA:508,99,0,0
BRDA:508,99,1,0
BRDA:510,100,0,0
BRDA:510,100,1,0
BRDA:513,101,0,0
BRDA:513,101,1,0
BRDA:514,102,0,0
BRDA:514,102,1,0
BRDA:516,103,0,0
BRDA:516,103,1,0
BRDA:520,104,0,0
BRDA:520,104,1,0
BRDA:521,105,0,0
BRDA:521,105,1,0
BRDA:523,106,0,0
BRDA:523,106,1,0
BRDA:527,107,0,0
BRDA:527,107,1,0
BRDA:528,108,0,0
BRDA:528,108,1,0
BRDA:530,109,0,0
BRDA:530,109,1,0
BRDA:534,110,0,0
BRDA:534,110,1,0
BRDA:534,111,0,0
BRDA:534,111,1,0
BRDA:536,112,0,0
BRDA:536,112,1,0
BRDA:539,113,0,0
BRDA:539,113,1,0
BRDA:541,114,0,0
BRDA:541,114,1,0
BRDA:544,115,0,0
BRDA:544,115,1,0
BRDA:544,116,0,0
BRDA:544,116,1,0
BRDA:546,117,0,0
BRDA:546,117,1,0
BRDA:549,118,0,0
BRDA:549,118,1,0
BRDA:549,119,0,0
BRDA:549,119,1,0
BRDA:551,120,0,0
BRDA:551,120,1,0
BRDA:554,121,0,0
BRDA:554,121,1,0
BRDA:556,122,0,0
BRDA:556,122,1,0
BRDA:558,123,0,0
BRDA:558,123,1,0
BRDA:563,124,0,0
BRDA:563,124,1,0
BRDA:565,125,0,0
BRDA:565,125,1,0
BRDA:567,126,0,0
BRDA:567,126,1,0
BRDA:569,127,0,0
BRDA:569,127,1,0
BRDA:571,128,0,0
BRDA:571,128,1,0
BRDA:573,129,0,0
BRDA:573,129,1,0
BRDA:575,130,0,0
BRDA:575,130,1,0
BRDA:577,131,0,0
BRDA:577,131,1,0
BRDA:578,132,0,0
BRDA:578,132,1,0
BRDA:578,133,0,0
BRDA:578,133,1,0
BRDA:581,134,0,0
BRDA:581,134,1,0
BRDA:588,135,0,0
BRDA:588,135,1,0
BRDA:590,136,0,0
BRDA:590,136,1,0
BRDA:598,137,0,0
BRDA:598,138,0,0
BRDA:598,139,0,0
BRDA:608,140,0,0
BRDA:608,140,1,0
BRDA:608,141,0,0
BRDA:608,141,1,0
BRDA:611,142,0,0
BRDA:611,142,1,0
BRDA:611,143,0,0
BRDA:611,143,1,0
BRDA:612,144,0,0
BRDA:612,144,1,0
BRDA:612,145,0,0
BRDA:612,145,1,0
BRDA:612,145,2,0
BRDA:612,145,3,0
BRDA:612,145,4,0
BRDA:615,146,0,0
BRDA:615,146,1,0
BRDA:638,147,0,2
BRDA:638,147,1,1
BRDA:643,148,0,2
BRDA:643,148,1,1
BRDA:656,149,0,0
BRDA:656,149,1,0
BRDA:667,150,0,1
BRDA:667,151,0,0
BRDA:667,152,0,3
BRDA:668,153,0,0
BRDA:668,153,1,3
BRDA:668,154,0,3
BRDA:668,154,1,2
BRDA:670,155,0,0
BRDA:670,155,1,3
BRDA:670,156,0,3
BRDA:670,156,1,0
BRDA:673,157,0,0
BRDA:673,157,1,3
BRDA:676,158,0,0
BRDA:676,158,1,3
BRDA:686,159,0,0
BRDA:686,159,1,0
BRDA:689,160,0,0
BRDA:689,160,1,0
BRDA:693,161,0,0
BRDA:693,161,1,0
BRDA:697,162,0,0
BRDA:697,162,1,0
BRDA:697,162,2,0
BRDA:713,163,0,0
BRDA:713,163,1,0
BRDA:737,164,0,0
BRDA:737,164,1,0
BRDA:737,165,0,0
BRDA:737,165,1,0
BRDA:752,166,0,0
BRDA:752,166,1,564
BRDA:752,167,0,564
BRDA:752,167,1,564
BRDA:760,168,0,326
BRDA:760,168,1,326
BRDA:760,169,0,652
BRDA:760,169,1,652
BRDA:760,169,2,326
BRDA:760,169,3,326
BRDA:768,170,0,0
BRDA:768,170,1,3
BRDA:773,171,0,0
BRDA:773,171,1,3
BRDA:779,172,0,3
BRDA:779,172,1,3
BRDA:779,173,0,3
BRDA:779,173,1,0
BRDA:783,174,0,3
BRDA:783,174,1,3
BRDA:784,175,0,3
BRDA:784,175,1,3
BRDA:785,176,0,0
BRDA:785,176,1,3
BRDA:787,177,0,3
BRDA:787,177,1,0
BRDA:791,178,0,1455
BRDA:791,178,1,0
BRDA:791,179,0,1455
BRDA:791,179,1,0
BRDA:802,180,0,0
BRDA:803,181,0,0
BRDA:803,181,1,0
BRDA:803,182,0,0
BRDA:803,182,1,0
BRDA:803,182,2,0
BRDA:803,182,3,0
BRDA:810,183,0,0
BRDA:810,183,1,0
BRDA:810,184,0,0
BRDA:810,184,1,0
BRDA:821,185,0,2
BRDA:821,185,1,0
BRDA:825,186,0,0
BRDA:825,186,1,0
BRDA:825,187,0,0
BRDA:825,187,1,0
BRDA:829,188,0,0
BRDA:829,188,1,0
BRDA:829,189,0,0
BRDA:829,189,1,0
BRDA:838,190,0,0
BRDA:838,190,1,0
BRDA:838,191,0,0
BRDA:838,191,1,0
BRDA:846,192,0,0
BRDA:846,192,1,0
BRDA:853,193,0,0
BRDA:853,194,0,0
BRDA:853,195,0,0
BRDA:854,196,0,0
BRDA:854,196,1,0
BRDA:864,197,0,0
BRDA:864,197,1,0
BRDA:864,198,0,0
BRDA:864,198,1,0
BRDA:864,198,2,0
BRDA:864,198,3,0
BRDA:864,198,4,0
BRDA:868,199,0,0
BRDA:868,199,1,0
BRDA:868,200,0,0
BRDA:868,200,1,0
BRDA:876,201,0,0
BRDA:876,201,1,0
BRDA:876,202,0,0
BRDA:876,202,1,0
BRDA:916,203,0,0
BRDA:916,203,1,0
BRDA:920,204,0,0
BRDA:920,204,1,0
BRDA:920,205,0,0
BRDA:920,205,1,0
BRF:427
BRH:62
end_of_record
TN:
SF:src\core\window.js
FN:1,makeWindow
FN:5,(anonymous_1)
FN:6,(anonymous_2)
FN:7,(anonymous_3)
FNF:4
FNH:1
FNDA:12,makeWindow
FNDA:0,(anonymous_1)
FNDA:0,(anonymous_2)
FNDA:0,(anonymous_3)
DA:2,12
DA:10,12
DA:11,0
DA:14,12
DA:15,12
DA:16,12
DA:17,12
DA:18,36
DA:19,36
DA:23,0
DA:26,12
LF:11
LH:9
BRDA:10,0,0,0
BRDA:10,0,1,12
BRDA:18,1,0,36
BRDA:18,1,1,0
BRF:4
BRH:2
end_of_record
TN:
SF:src\core\components\jump-to-path.jsx
FN:6,(anonymous_0)
FNF:1
FNH:1
FNDA:536,(anonymous_0)
DA:7,536
LF:1
LH:1
BRF:0
BRH:0
end_of_record
TN:
SF:src\core\components\parameters\index.js
FNF:0
FNH:0
LF:0
LH:0
BRF:0
BRH:0
end_of_record
TN:
SF:src\core\plugins\all.js
FN:10,(anonymous_0)
FNF:1
FNH:1
FNDA:2136,(anonymous_0)
DA:4,12
DA:6,12
DA:10,12
DA:11,2136
DA:12,0
DA:20,2136
DA:21,2136
DA:24,12
LF:8
LH:7
BRDA:11,0,0,0
BRDA:11,0,1,2136
BRDA:21,1,0,1296
BRDA:21,1,1,840
BRF:4
BRH:3
end_of_record
TN:
SF:src\core\plugins\download-url.js
FN:5,downloadUrlPlugin
FN:9,(anonymous_1)
FN:9,(anonymous_2)
FN:20,(anonymous_3)
FN:21,(anonymous_4)
FN:28,next
FN:43,checkPossibleFailReasons
FN:77,(anonymous_7)
FN:91,(anonymous_8)
FN:100,(anonymous_9)
FN:103,(anonymous_10)
FNF:11
FNH:8
FNDA:48,downloadUrlPlugin
FNDA:21,(anonymous_1)
FNDA:21,(anonymous_2)
FNDA:0,(anonymous_3)
FNDA:0,(anonymous_4)
FNDA:20,next
FNDA:0,checkPossibleFailReasons
FNDA:41,(anonymous_7)
FNDA:41,(anonymous_8)
FNDA:319,(anonymous_9)
FNDA:319,(anonymous_10)
DA:6,48
DA:8,48
DA:9,21
DA:12,21
DA:13,21
DA:14,21
DA:15,21
DA:16,21
DA:17,21
DA:20,0
DA:21,0
DA:29,20
DA:30,0
DA:31,0
DA:33,0
DA:34,0
DA:36,20
DA:37,20
DA:38,20
DA:39,9
DA:44,0
DA:47,0
DA:48,0
DA:51,0
DA:52,0
DA:55,0
DA:56,0
DA:60,0
DA:61,0
DA:63,0
DA:64,0
DA:68,0
DA:71,0
DA:78,41
DA:79,41
DA:80,0
DA:83,41
DA:90,48
DA:92,41
DA:98,48
DA:101,319
DA:103,319
DA:107,48
LF:43
LH:23
BRDA:14,0,0,21
BRDA:14,0,1,0
BRDA:20,1,0,21
BRDA:20,1,1,0
BRDA:21,2,0,21
BRDA:21,2,1,0
BRDA:29,3,0,0
BRDA:29,3,1,20
BRDA:29,4,0,20
BRDA:29,4,1,20
BRDA:31,5,0,0
BRDA:31,5,1,0
BRDA:33,6,0,0
BRDA:33,6,1,0
BRDA:33,7,0,0
BRDA:33,7,1,0
BRDA:38,8,0,9
BRDA:38,8,1,11
BRDA:47,9,0,0
BRDA:47,9,1,0
BRDA:55,10,0,0
BRDA:55,10,1,0
BRDA:55,11,0,0
BRDA:55,11,1,0
BRDA:63,12,0,0
BRDA:63,12,1,0
BRDA:79,13,0,0
BRDA:79,13,1,41
BRDA:92,14,0,41
BRDA:92,14,1,0
BRDA:101,15,0,319
BRDA:101,15,1,0
BRDA:103,16,0,319
BRDA:103,16,1,0
BRF:34
BRH:12
end_of_record
TN:
SF:src\core\plugins\auth\index.js
FN:8,(anonymous_0)
FN:10,(anonymous_1)
FN:40,preauthorizeBasic
FN:65,preauthorizeApiKey
FNF:4
FNH:2
FNDA:24,(anonymous_0)
FNDA:12,(anonymous_1)
FNDA:0,preauthorizeBasic
FNDA:0,preauthorizeApiKey
DA:9,24
DA:11,12
DA:12,12
DA:13,12
DA:14,12
DA:44,0
DA:46,0
DA:48,0
DA:50,0
DA:51,0
DA:54,0
DA:69,0
DA:71,0
DA:73,0
DA:75,0
DA:76,0
DA:79,0
LF:17
LH:5
BRDA:11,0,0,12
BRDA:11,0,1,0
BRDA:46,1,0,0
BRDA:46,1,1,0
BRDA:50,2,0,0
BRDA:50,2,1,0
BRDA:71,3,0,0
BRDA:71,3,1,0
BRDA:75,4,0,0
BRDA:75,4,1,0
BRF:10
BRH:1
end_of_record
TN:
SF:src\core\plugins\auth\wrap-actions.js
FN:12,(anonymous_0)
FN:12,(anonymous_1)
FN:37,(anonymous_2)
FN:37,(anonymous_3)
FN:44,(anonymous_4)
FNF:5
FNH:0
FNDA:0,(anonymous_0)
FNDA:0,(anonymous_1)
FNDA:0,(anonymous_2)
FNDA:0,(anonymous_3)
FNDA:0,(anonymous_4)
DA:12,12
DA:13,0
DA:15,0
DA:17,0
DA:20,0
DA:21,0
DA:22,0
DA:23,0
DA:24,0
DA:26,0
DA:27,0
DA:30,0
DA:37,12
DA:38,0
DA:39,0
DA:42,0
DA:43,0
DA:44,0
DA:45,0
DA:46,0
DA:47,0
DA:48,0
DA:50,0
DA:51,0
DA:52,0
DA:57,0
DA:63,0
LF:27
LH:2
BRDA:17,0,0,0
BRDA:17,0,1,0
BRDA:24,1,0,0
BRDA:24,1,1,0
BRDA:26,2,0,0
BRDA:26,2,1,0
BRDA:43,3,0,0
BRDA:43,3,1,0
BRDA:43,4,0,0
BRDA:43,4,1,0
BRDA:48,5,0,0
BRDA:48,5,1,0
BRDA:50,6,0,0
BRDA:50,6,1,0
BRF:14
BRH:0
end_of_record
TN:
SF:src\core\plugins\auth\configs-extensions\wrap-actions.js
FN:4,(anonymous_0)
FN:4,(anonymous_1)
FNF:2
FNH:2
FNDA:12,(anonymous_0)
FNDA:12,(anonymous_1)
DA:4,12
DA:5,12
DA:6,12
DA:8,12
DA:11,12
DA:12,0
DA:13,0
DA:14,0
LF:8
LH:5
BRDA:11,0,0,0
BRDA:11,0,1,12
BRDA:13,1,0,0
BRDA:13,1,1,0
BRF:4
BRH:1
end_of_record
TN:
SF:src\core\plugins\auth\spec-extensions\wrap-actions.js
FN:2,(anonymous_0)
FN:2,(anonymous_1)
FNF:2
FNH:0
FNDA:0,(anonymous_0)
FNDA:0,(anonymous_1)
DA:2,12
DA:3,0
DA:9,0
LF:3
LH:1
BRDA:4,0,0,0
BRDA:4,0,1,0
BRDA:5,1,0,0
BRDA:5,1,1,0
BRDA:6,2,0,0
BRDA:6,2,1,0
BRF:6
BRH:0
end_of_record
TN:
SF:src\core\plugins\configs\actions.js
FN:5,update
FN:15,toggle
FN:24,(anonymous_2)
FN:24,(anonymous_3)
FNF:4
FNH:2
FNDA:0,update
FNDA:0,toggle
FNDA:12,(anonymous_2)
FNDA:12,(anonymous_3)
DA:1,12
DA:2,12
DA:6,0
DA:16,0
DA:24,12
LF:5
LH:3
BRF:0
BRH:0
end_of_record
TN:
SF:src\core\plugins\configs\helpers.js
FN:3,(anonymous_0)
FNF:1
FNH:1
FNDA:12,(anonymous_0)
DA:3,12
DA:4,12
DA:5,12
DA:7,0
DA:8,0
DA:10,0
LF:6
LH:3
BRDA:7,0,0,0
BRDA:7,0,1,0
BRF:2
BRH:0
end_of_record
TN:
SF:src\core\plugins\configs\index.js
FN:9,(anonymous_0)
FN:15,configsPlugin
FNF:2
FNH:2
FNDA:12,(anonymous_0)
FNDA:48,configsPlugin
DA:8,12
DA:10,12
DA:17,48
LF:3
LH:3
BRF:0
BRH:0
end_of_record
TN:
SF:src\core\plugins\configs\reducers.js
FN:10,(anonymous_0)
FN:14,(anonymous_1)
FNF:2
FNH:0
FNDA:0,(anonymous_0)
FNDA:0,(anonymous_1)
DA:11,0
DA:15,0
DA:16,0
DA:17,0
LF:4
LH:0
BRF:0
BRH:0
end_of_record
TN:
SF:src\core\plugins\configs\selectors.js
FN:2,(anonymous_0)
FNF:1
FNH:0
FNDA:0,(anonymous_0)
DA:2,12
DA:3,0
LF:2
LH:1
BRDA:3,0,0,0
BRDA:3,0,1,0
BRF:2
BRH:0
end_of_record
TN:
SF:src\core\plugins\configs\spec-actions.js
FN:3,(anonymous_0)
FN:3,(anonymous_1)
FN:9,(anonymous_2)
FN:9,(anonymous_3)
FN:14,next
FNF:5
FNH:0
FNDA:0,(anonymous_0)
FNDA:0,(anonymous_1)
FNDA:0,(anonymous_2)
FNDA:0,(anonymous_3)
FNDA:0,next
DA:3,12
DA:4,0
DA:6,0
DA:9,12
DA:10,0
DA:11,0
DA:15,0
DA:16,0
DA:17,0
DA:18,0
DA:19,0
DA:20,0
DA:22,0
LF:13
LH:2
BRDA:10,0,0,0
BRDA:10,0,1,0
BRDA:15,1,0,0
BRDA:15,1,1,0
BRDA:15,2,0,0
BRDA:15,2,1,0
BRF:6
BRH:0
end_of_record
TN:
SF:src\core\plugins\deep-linking\helpers.js
FN:1,(anonymous_0)
FNF:1
FNH:0
FNDA:0,(anonymous_0)
DA:1,12
DA:2,0
DA:3,0
DA:5,0
LF:4
LH:1
BRDA:2,0,0,0
BRDA:2,0,1,0
BRF:2
BRH:0
end_of_record
TN:
SF:src\core\plugins\deep-linking\index.js
FN:7,(anonymous_0)
FN:12,(anonymous_1)
FN:12,(anonymous_2)
FNF:3
FNH:3
FNDA:24,(anonymous_0)
FNDA:12,(anonymous_1)
FNDA:12,(anonymous_2)
DA:8,24
DA:12,12
DA:13,12
DA:15,12
DA:16,12
LF:5
LH:5
BRF:0
BRH:0
end_of_record
TN:
SF:src\core\plugins\deep-linking\layout.js
FN:9,(anonymous_0)
FN:9,(anonymous_1)
FN:47,(anonymous_2)
FN:54,(anonymous_3)
FN:54,(anonymous_4)
FN:76,(anonymous_5)
FN:90,(anonymous_6)
FN:100,(anonymous_7)
FN:110,(anonymous_8)
FN:110,(anonymous_9)
FN:120,(anonymous_10)
FN:120,(anonymous_11)
FN:130,(anonymous_12)
FN:138,getScrollParent
FN:172,(anonymous_14)
FN:175,(anonymous_15)
FN:185,(anonymous_16)
FN:197,(anonymous_17)
FN:200,(anonymous_18)
FNF:19
FNH:2
FNDA:1,(anonymous_0)
FNDA:1,(anonymous_1)
FNDA:0,(anonymous_2)
FNDA:0,(anonymous_3)
FNDA:0,(anonymous_4)
FNDA:0,(anonymous_5)
FNDA:0,(anonymous_6)
FNDA:0,(anonymous_7)
FNDA:0,(anonymous_8)
FNDA:0,(anonymous_9)
FNDA:0,(anonymous_10)
FNDA:0,(anonymous_11)
FNDA:0,(anonymous_12)
FNDA:0,getScrollParent
FNDA:0,(anonymous_14)
FNDA:0,(anonymous_15)
FNDA:0,(anonymous_16)
FNDA:0,(anonymous_17)
FNDA:0,(anonymous_18)
DA:6,12
DA:7,12
DA:9,12
DA:10,1
DA:12,1
DA:13,1
DA:16,0
DA:17,0
DA:19,0
DA:22,0
DA:25,0
DA:26,0
DA:28,0
DA:30,0
DA:31,0
DA:34,0
DA:35,0
DA:36,0
DA:37,0
DA:43,0
DA:47,12
DA:48,0
DA:54,12
DA:56,0
DA:57,0
DA:60,0
DA:61,0
DA:64,0
DA:66,0
DA:69,0
DA:73,0
DA:76,0
DA:78,0
DA:80,0
DA:82,0
DA:84,0
DA:88,0
DA:89,0
DA:90,0
DA:93,0
DA:98,0
DA:99,0
DA:100,0
DA:103,0
DA:106,0
DA:110,12
DA:111,0
DA:113,0
DA:114,0
DA:115,0
DA:120,12
DA:121,0
DA:122,0
DA:123,0
DA:124,0
DA:126,0
DA:130,12
DA:131,0
DA:139,0
DA:140,0
DA:141,0
DA:142,0
DA:144,0
DA:145,0
DA:146,0
DA:147,0
DA:148,0
DA:149,0
DA:151,0
DA:152,0
DA:155,0
DA:173,0
DA:176,0
DA:178,0
DA:179,0
DA:180,0
DA:181,0
DA:183,0
DA:186,0
DA:188,0
DA:189,0
DA:190,0
DA:191,0
DA:193,0
DA:198,0
DA:201,0
LF:86
LH:11
BRDA:12,0,0,1
BRDA:12,0,1,0
BRDA:19,1,0,0
BRDA:19,1,1,0
BRDA:25,2,0,0
BRDA:25,2,1,0
BRDA:30,3,0,0
BRDA:30,3,1,0
BRDA:34,4,0,0
BRDA:34,4,1,0
BRDA:36,5,0,0
BRDA:36,5,1,0
BRDA:50,6,0,0
BRDA:50,6,1,0
BRDA:56,7,0,0
BRDA:56,7,1,0
BRDA:60,8,0,0
BRDA:60,8,1,0
BRDA:64,9,0,0
BRDA:64,9,1,0
BRDA:69,10,0,0
BRDA:69,10,1,0
BRDA:76,11,0,0
BRDA:76,11,1,0
BRDA:80,12,0,0
BRDA:80,13,0,0
BRDA:82,14,0,0
BRDA:82,14,1,0
BRDA:88,15,0,0
BRDA:88,15,1,0
BRDA:98,16,0,0
BRDA:98,16,1,0
BRDA:98,17,0,0
BRDA:98,17,1,0
BRDA:113,18,0,0
BRDA:113,18,1,0
BRDA:122,19,0,0
BRDA:122,19,1,0
BRDA:142,20,0,0
BRDA:142,20,1,0
BRDA:144,21,0,0
BRDA:144,21,1,0
BRDA:148,22,0,0
BRDA:148,22,1,0
BRDA:148,23,0,0
BRDA:148,23,1,0
BRDA:151,24,0,0
BRDA:151,24,1,0
BRDA:178,25,0,0
BRDA:178,25,1,0
BRDA:180,26,0,0
BRDA:180,26,1,0
BRDA:188,27,0,0
BRDA:188,27,1,0
BRDA:190,28,0,0
BRDA:190,28,1,0
BRF:56
BRH:1
end_of_record
TN:
SF:src\core\plugins\deep-linking-client\helpers.js
FN:1,(anonymous_0)
FNF:1
FNH:0
FNDA:0,(anonymous_0)
DA:1,12
DA:2,0
DA:3,0
DA:5,0
LF:4
LH:1
BRDA:2,0,0,0
BRDA:2,0,1,0
BRF:2
BRH:0
end_of_record
TN:
SF:src\core\plugins\deep-linking-client\index.js
FN:5,(anonymous_0)
FN:10,(anonymous_1)
FN:10,(anonymous_2)
FNF:3
FNH:3
FNDA:24,(anonymous_0)
FNDA:12,(anonymous_1)
FNDA:12,(anonymous_2)
DA:6,24
DA:10,12
DA:11,12
DA:13,12
DA:14,12
LF:5
LH:5
BRF:0
BRH:0
end_of_record
TN:
SF:src\core\plugins\deep-linking-client\layout.js
FN:9,(anonymous_0)
FN:9,(anonymous_1)
FN:47,(anonymous_2)
FN:54,(anonymous_3)
FN:54,(anonymous_4)
FN:76,(anonymous_5)
FN:90,(anonymous_6)
FN:100,(anonymous_7)
FN:110,(anonymous_8)
FN:110,(anonymous_9)
FN:120,(anonymous_10)
FN:120,(anonymous_11)
FN:130,(anonymous_12)
FN:138,getScrollParent
FN:172,(anonymous_14)
FN:175,(anonymous_15)
FN:185,(anonymous_16)
FN:197,(anonymous_17)
FN:200,(anonymous_18)
FNF:19
FNH:7
FNDA:1,(anonymous_0)
FNDA:1,(anonymous_1)
FNDA:0,(anonymous_2)
FNDA:24,(anonymous_3)
FNDA:24,(anonymous_4)
FNDA:0,(anonymous_5)
FNDA:0,(anonymous_6)
FNDA:0,(anonymous_7)
FNDA:179,(anonymous_8)
FNDA:179,(anonymous_9)
FNDA:0,(anonymous_10)
FNDA:0,(anonymous_11)
FNDA:0,(anonymous_12)
FNDA:0,getScrollParent
FNDA:195,(anonymous_14)
FNDA:0,(anonymous_15)
FNDA:0,(anonymous_16)
FNDA:0,(anonymous_17)
FNDA:0,(anonymous_18)
DA:6,12
DA:7,12
DA:9,12
DA:10,1
DA:12,1
DA:13,1
DA:16,0
DA:17,0
DA:19,0
DA:22,0
DA:25,0
DA:26,0
DA:28,0
DA:30,0
DA:31,0
DA:34,0
DA:35,0
DA:36,0
DA:37,0
DA:43,0
DA:47,12
DA:48,0
DA:54,24
DA:56,24
DA:57,24
DA:60,0
DA:61,0
DA:64,0
DA:66,0
DA:69,0
DA:73,0
DA:76,0
DA:78,0
DA:80,0
DA:82,0
DA:84,0
DA:88,0
DA:89,0
DA:90,0
DA:93,0
DA:98,0
DA:99,0
DA:100,0
DA:103,0
DA:106,0
DA:110,179
DA:111,179
DA:113,179
DA:114,0
DA:115,0
DA:120,12
DA:121,0
DA:122,0
DA:123,0
DA:124,0
DA:126,0
DA:130,12
DA:131,0
DA:139,0
DA:140,0
DA:141,0
DA:142,0
DA:144,0
DA:145,0
DA:146,0
DA:147,0
DA:148,0
DA:149,0
DA:151,0
DA:152,0
DA:155,0
DA:173,195
DA:176,0
DA:178,0
DA:179,0
DA:180,0
DA:181,0
DA:183,0
DA:186,0
DA:188,0
DA:189,0
DA:190,0
DA:191,0
DA:193,0
DA:198,0
DA:201,0
LF:86
LH:16
BRDA:12,0,0,1
BRDA:12,0,1,0
BRDA:19,1,0,0
BRDA:19,1,1,0
BRDA:25,2,0,0
BRDA:25,2,1,0
BRDA:30,3,0,0
BRDA:30,3,1,0
BRDA:34,4,0,0
BRDA:34,4,1,0
BRDA:36,5,0,0
BRDA:36,5,1,0
BRDA:50,6,0,0
BRDA:50,6,1,0
BRDA:56,7,0,24
BRDA:56,7,1,0
BRDA:60,8,0,0
BRDA:60,8,1,0
BRDA:64,9,0,0
BRDA:64,9,1,0
BRDA:69,10,0,0
BRDA:69,10,1,0
BRDA:76,11,0,0
BRDA:76,11,1,0
BRDA:80,12,0,0
BRDA:80,13,0,0
BRDA:82,14,0,0
BRDA:82,14,1,0
BRDA:88,15,0,0
BRDA:88,15,1,0
BRDA:98,16,0,0
BRDA:98,16,1,0
BRDA:98,17,0,0
BRDA:98,17,1,0
BRDA:113,18,0,0
BRDA:113,18,1,179
BRDA:122,19,0,0
BRDA:122,19,1,0
BRDA:142,20,0,0
BRDA:142,20,1,0
BRDA:144,21,0,0
BRDA:144,21,1,0
BRDA:148,22,0,0
BRDA:148,22,1,0
BRDA:148,23,0,0
BRDA:148,23,1,0
BRDA:151,24,0,0
BRDA:151,24,1,0
BRDA:178,25,0,0
BRDA:178,25,1,0
BRDA:180,26,0,0
BRDA:180,26,1,0
BRDA:188,27,0,0
BRDA:188,27,1,0
BRDA:190,28,0,0
BRDA:190,28,1,0
BRF:56
BRH:3
end_of_record
TN:
SF:src\core\plugins\err\actions.js
FN:11,newThrownErr
FN:18,newThrownErrBatch
FN:25,newSpecErr
FN:32,newSpecErrBatch
FN:39,newAuthErr
FN:46,clear
FN:54,clearBy
FN:54,(anonymous_7)
FNF:8
FNH:1
FNDA:0,newThrownErr
FNDA:0,newThrownErrBatch
FNDA:0,newSpecErr
FNDA:0,newSpecErrBatch
FNDA:0,newAuthErr
FNDA:41,clear
FNDA:0,clearBy
FNDA:0,(anonymous_7)
DA:3,12
DA:4,12
DA:5,12
DA:6,12
DA:7,12
DA:8,12
DA:9,12
DA:12,0
DA:19,0
DA:26,0
DA:33,0
DA:40,0
DA:48,41
DA:54,0
DA:56,0
LF:15
LH:8
BRDA:46,0,0,0
BRDA:54,1,0,0
BRF:2
BRH:0
end_of_record
TN:
SF:src\core\plugins\err\index.js
FN:5,(anonymous_0)
FNF:1
FNH:1
FNDA:24,(anonymous_0)
DA:6,24
LF:1
LH:1
BRF:0
BRH:0
end_of_record
TN:
SF:src\core\plugins\err\reducers.js
FN:22,(anonymous_0)
FN:24,(anonymous_1)
FN:27,(anonymous_2)
FN:28,(anonymous_3)
FN:31,(anonymous_4)
FN:32,(anonymous_5)
FN:36,(anonymous_6)
FN:37,(anonymous_7)
FN:40,(anonymous_8)
FN:44,(anonymous_9)
FN:44,(anonymous_10)
FN:45,(anonymous_11)
FN:48,(anonymous_12)
FN:49,(anonymous_13)
FN:53,(anonymous_14)
FN:54,(anonymous_15)
FN:57,(anonymous_16)
FN:62,(anonymous_17)
FN:63,(anonymous_18)
FN:66,(anonymous_19)
FN:72,(anonymous_20)
FN:73,(anonymous_21)
FN:87,(anonymous_22)
FN:92,(anonymous_23)
FNF:24
FNH:2
FNDA:24,(anonymous_0)
FNDA:0,(anonymous_1)
FNDA:0,(anonymous_2)
FNDA:0,(anonymous_3)
FNDA:0,(anonymous_4)
FNDA:0,(anonymous_5)
FNDA:0,(anonymous_6)
FNDA:0,(anonymous_7)
FNDA:0,(anonymous_8)
FNDA:0,(anonymous_9)
FNDA:0,(anonymous_10)
FNDA:0,(anonymous_11)
FNDA:0,(anonymous_12)
FNDA:0,(anonymous_13)
FNDA:0,(anonymous_14)
FNDA:0,(anonymous_15)
FNDA:0,(anonymous_16)
FNDA:0,(anonymous_17)
FNDA:0,(anonymous_18)
FNDA:41,(anonymous_19)
FNDA:0,(anonymous_20)
FNDA:0,(anonymous_21)
FNDA:0,(anonymous_22)
FNDA:0,(anonymous_23)
DA:15,12
DA:23,24
DA:25,0
DA:26,0
DA:27,0
DA:28,0
DA:32,0
DA:33,0
DA:35,0
DA:36,0
DA:37,0
DA:41,0
DA:42,0
DA:43,0
DA:44,0
DA:45,0
DA:49,0
DA:50,0
DA:52,0
DA:53,0
DA:54,0
DA:58,0
DA:60,0
DA:61,0
DA:62,0
DA:63,0
DA:67,41
DA:68,41
DA:71,0
DA:73,0
DA:74,0
DA:75,0
DA:77,0
DA:79,0
DA:82,0
DA:88,0
DA:89,0
DA:91,0
DA:93,0
DA:95,0
LF:40
LH:4
BRDA:27,0,0,0
BRDA:27,0,1,0
BRDA:36,1,0,0
BRDA:36,1,1,0
BRDA:44,2,0,0
BRDA:44,2,1,0
BRDA:53,3,0,0
BRDA:53,3,1,0
BRDA:62,4,0,0
BRDA:62,4,1,0
BRDA:67,5,0,41
BRDA:67,5,1,0
BRDA:67,6,0,41
BRDA:67,6,1,41
BRDA:77,7,0,0
BRDA:77,7,1,0
BRDA:88,8,0,0
BRDA:88,8,1,0
BRDA:88,9,0,0
BRDA:88,9,1,0
BRF:20
BRH:3
end_of_record
TN:
SF:src\core\plugins\err\selectors.js
FN:4,(anonymous_0)
FN:8,(anonymous_1)
FN:13,(anonymous_2)
FNF:3
FNH:2
FNDA:9,(anonymous_0)
FNDA:9,(anonymous_1)
FNDA:0,(anonymous_2)
DA:4,12
DA:6,12
DA:8,9
DA:11,12
DA:13,0
LF:5
LH:4
BRF:0
BRH:0
end_of_record
TN:
SF:src\core\plugins\err\error-transformers\hook.js
FN:10,transformErrors
FN:19,(anonymous_1)
FN:22,(anonymous_2)
FN:30,(anonymous_3)
FN:31,(anonymous_4)
FNF:5
FNH:0
FNDA:0,transformErrors
FNDA:0,(anonymous_1)
FNDA:0,(anonymous_2)
FNDA:0,(anonymous_3)
FNDA:0,(anonymous_4)
DA:5,12
DA:15,0
DA:19,0
DA:20,0
DA:21,0
DA:22,0
DA:24,0
DA:25,0
DA:29,0
DA:30,0
DA:32,0
DA:35,0
LF:12
LH:1
BRDA:32,0,0,0
BRDA:32,0,1,0
BRDA:32,1,0,0
BRDA:32,1,1,0
BRF:4
BRH:0
end_of_record
TN:
SF:src\core\plugins\err\error-transformers\transformers\not-of-type.js
FN:1,transform
FN:5,(anonymous_1)
FN:17,makeNewMessage
FN:18,(anonymous_3)
FNF:4
FNH:0
FNDA:0,transform
FNDA:0,(anonymous_1)
FNDA:0,makeNewMessage
FNDA:0,(anonymous_3)
DA:4,0
DA:6,0
DA:7,0
DA:8,0
DA:9,0
DA:10,0
DA:12,0
DA:18,0
DA:19,0
DA:20,0
DA:21,0
DA:22,0
DA:23,0
DA:24,0
DA:26,0
LF:15
LH:0
BRDA:8,0,0,0
BRDA:8,0,1,0
BRDA:19,1,0,0
BRDA:19,1,1,0
BRDA:19,2,0,0
BRDA:19,2,1,0
BRDA:21,3,0,0
BRDA:21,3,1,0
BRDA:21,4,0,0
BRDA:21,4,1,0
BRDA:23,5,0,0
BRDA:23,5,1,0
BRF:12
BRH:0
end_of_record
TN:
SF:src\core\plugins\err\error-transformers\transformers\parameter-oneof.js
FN:4,transform
FN:14,(anonymous_1)
FN:30,createTailoredParameterError
FNF:3
FNH:0
FNDA:0,transform
FNDA:0,(anonymous_1)
FNDA:0,createTailoredParameterError
DA:8,0
DA:12,0
DA:13,0
DA:15,0
DA:16,0
DA:17,0
DA:19,0
DA:21,0
DA:27,12
DA:28,12
DA:31,0
DA:32,0
DA:35,0
DA:36,0
DA:37,0
DA:46,0
DA:47,0
DA:48,0
DA:57,0
LF:19
LH:2
BRDA:17,0,0,0
BRDA:17,0,1,0
BRDA:35,1,0,0
BRDA:35,1,1,0
BRDA:35,2,0,0
BRDA:35,2,1,0
BRDA:46,3,0,0
BRDA:46,3,1,0
BRDA:46,4,0,0
BRDA:46,4,1,0
BRDA:57,5,0,0
BRDA:57,5,1,0
BRF:12
BRH:0
end_of_record
TN:
SF:src\core\plugins\filter\index.js
FN:3,(anonymous_0)
FNF:1
FNH:1
FNDA:24,(anonymous_0)
DA:4,24
LF:1
LH:1
BRF:0
BRH:0
end_of_record
TN:
SF:src\core\plugins\filter\opsFilter.js
FN:1,(anonymous_0)
FN:2,(anonymous_1)
FNF:2
FNH:0
FNDA:0,(anonymous_0)
FNDA:0,(anonymous_1)
DA:2,0
LF:1
LH:0
BRF:0
BRH:0
end_of_record
TN:
SF:src\core\plugins\layout\actions.js
FN:10,updateLayout
FN:17,updateFilter
FN:24,show
FN:35,changeMode
FNF:4
FNH:1
FNDA:0,updateLayout
FNDA:0,updateFilter
FNDA:1,show
FNDA:0,changeMode
DA:3,12
DA:4,12
DA:5,12
DA:6,12
DA:11,0
DA:18,0
DA:25,1
DA:28,1
DA:36,0
DA:37,0
LF:10
LH:6
BRDA:24,0,0,0
BRDA:35,1,0,0
BRF:2
BRH:0
end_of_record
TN:
SF:src\core\plugins\layout\index.js
FN:6,(anonymous_0)
FNF:1
FNH:1
FNDA:24,(anonymous_0)
DA:7,24
LF:1
LH:1
BRF:0
BRH:0
end_of_record
TN:
SF:src\core\plugins\layout\reducers.js
FN:11,(anonymous_0)
FN:13,(anonymous_1)
FN:15,(anonymous_2)
FN:23,(anonymous_3)
FN:26,(anonymous_4)
FNF:5
FNH:2
FNDA:0,(anonymous_0)
FNDA:0,(anonymous_1)
FNDA:1,(anonymous_2)
FNDA:1,(anonymous_3)
FNDA:0,(anonymous_4)
DA:11,0
DA:13,0
DA:16,1
DA:19,1
DA:23,1
DA:27,0
DA:28,0
DA:29,0
LF:8
LH:3
BRDA:29,0,0,0
BRDA:29,0,1,0
BRF:2
BRH:0
end_of_record
TN:
SF:src\core\plugins\layout\selectors.js
FN:5,(anonymous_0)
FN:7,(anonymous_1)
FN:9,(anonymous_2)
FN:11,(anonymous_3)
FN:16,(anonymous_4)
FN:23,(anonymous_5)
FNF:6
FNH:5
FNDA:10,(anonymous_0)
FNDA:347,(anonymous_1)
FNDA:141,(anonymous_2)
FNDA:763,(anonymous_3)
FNDA:0,(anonymous_4)
FNDA:10,(anonymous_5)
DA:5,12
DA:7,347
DA:9,141
DA:11,12
DA:12,763
DA:13,763
DA:16,12
DA:17,0
DA:18,0
DA:21,12
DA:23,10
LF:11
LH:9
BRDA:16,0,0,0
BRF:1
BRH:0
end_of_record
TN:
SF:src\core\plugins\layout\spec-extensions\wrap-selector.js
FN:2,(anonymous_0)
FN:2,(anonymous_1)
FNF:2
FNH:2
FNDA:91,(anonymous_0)
FNDA:91,(anonymous_1)
DA:2,91
DA:3,91
DA:5,91
DA:6,91
DA:7,91
DA:10,91
DA:11,91
DA:12,0
DA:13,0
DA:17,91
DA:18,0
DA:21,91
LF:12
LH:9
BRDA:11,0,0,0
BRDA:11,0,1,91
BRDA:12,1,0,0
BRDA:12,1,1,0
BRDA:12,2,0,0
BRDA:12,2,1,0
BRDA:12,2,2,0
BRDA:17,3,0,0
BRDA:17,3,1,91
BRDA:17,4,0,91
BRDA:17,4,1,0
BRDA:17,4,2,0
BRF:12
BRH:3
end_of_record
TN:
SF:src\core\plugins\logs\index.js
FN:1,(anonymous_0)
FN:11,(anonymous_1)
FN:16,log
FNF:3
FNH:2
FNDA:24,(anonymous_0)
FNDA:24,(anonymous_1)
FNDA:0,log
DA:3,24
DA:11,24
DA:13,24
DA:14,24
DA:17,0
DA:19,0
DA:22,24
DA:23,24
DA:24,24
DA:25,24
DA:27,24
LF:11
LH:9
BRDA:11,0,0,24
BRDA:11,0,1,24
BRDA:17,1,0,0
BRDA:17,1,1,0
BRF:4
BRH:2
end_of_record
TN:
SF:src\core\plugins\oas3\actions.js
FN:16,setSelectedServer
FN:23,setRequestBodyValue
FN:30,(anonymous_2)
FN:38,setRequestBodyInclusion
FN:45,setActiveExamplesMember
FN:52,setRequestContentType
FN:59,setResponseContentType
FN:66,setServerVariableValue
FN:73,(anonymous_8)
FN:80,(anonymous_9)
FN:87,(anonymous_10)
FN:94,(anonymous_11)
FNF:12
FNH:1
FNDA:0,setSelectedServer
FNDA:0,setRequestBodyValue
FNDA:0,(anonymous_2)
FNDA:0,setRequestBodyInclusion
FNDA:0,setActiveExamplesMember
FNDA:0,setRequestContentType
FNDA:1,setResponseContentType
FNDA:0,setServerVariableValue
FNDA:0,(anonymous_8)
FNDA:0,(anonymous_9)
FNDA:0,(anonymous_10)
FNDA:0,(anonymous_11)
DA:4,12
DA:5,12
DA:6,12
DA:7,12
DA:8,12
DA:9,12
DA:10,12
DA:11,12
DA:12,12
DA:13,12
DA:14,12
DA:17,0
DA:24,0
DA:30,12
DA:31,0
DA:39,0
DA:46,0
DA:53,0
DA:60,1
DA:67,0
DA:73,12
DA:74,0
DA:80,12
DA:81,0
DA:87,12
DA:88,0
DA:94,12
DA:95,0
LF:28
LH:17
BRF:0
BRH:0
end_of_record
TN:
SF:src\core\plugins\oas3\index.js
FN:12,(anonymous_0)
FNF:1
FNH:1
FNDA:24,(anonymous_0)
DA:13,24
LF:1
LH:1
BRF:0
BRH:0
end_of_record
TN:
SF:src\core\plugins\oas3\reducers.js
FN:17,(anonymous_0)
FN:21,(anonymous_1)
FN:34,(anonymous_2)
FN:45,(anonymous_3)
FN:49,(anonymous_4)
FN:53,(anonymous_5)
FN:57,(anonymous_6)
FN:61,(anonymous_7)
FN:64,(anonymous_8)
FN:68,(anonymous_9)
FN:78,(anonymous_10)
FN:79,(anonymous_11)
FN:87,(anonymous_12)
FN:96,(anonymous_13)
FN:97,(anonymous_14)
FN:102,(anonymous_15)
FNF:16
FNH:1
FNDA:0,(anonymous_0)
FNDA:0,(anonymous_1)
FNDA:0,(anonymous_2)
FNDA:0,(anonymous_3)
FNDA:0,(anonymous_4)
FNDA:0,(anonymous_5)
FNDA:0,(anonymous_6)
FNDA:1,(anonymous_7)
FNDA:0,(anonymous_8)
FNDA:0,(anonymous_9)
FNDA:0,(anonymous_10)
FNDA:0,(anonymous_11)
FNDA:0,(anonymous_12)
FNDA:0,(anonymous_13)
FNDA:0,(anonymous_14)
FNDA:0,(anonymous_15)
DA:18,0
DA:19,0
DA:22,0
DA:23,0
DA:25,0
DA:27,0
DA:28,0
DA:30,0
DA:33,0
DA:34,0
DA:35,0
DA:36,0
DA:37,0
DA:38,0
DA:40,0
DA:43,0
DA:46,0
DA:47,0
DA:50,0
DA:51,0
DA:54,0
DA:55,0
DA:58,0
DA:59,0
DA:62,1
DA:65,0
DA:66,0
DA:69,0
DA:70,0
DA:71,0
DA:73,0
DA:75,0
DA:77,0
DA:78,0
DA:79,0
DA:80,0
DA:84,0
DA:85,0
DA:88,0
DA:89,0
DA:90,0
DA:92,0
DA:93,0
DA:94,0
DA:96,0
DA:97,0
DA:98,0
DA:103,0
DA:104,0
DA:105,0
DA:106,0
DA:108,0
DA:109,0
DA:111,0
LF:54
LH:1
BRDA:18,0,0,0
BRDA:18,0,1,0
BRDA:23,1,0,0
BRDA:23,1,1,0
BRDA:27,2,0,0
BRDA:27,2,1,0
BRDA:28,3,0,0
BRDA:28,3,1,0
BRDA:36,4,0,0
BRDA:36,4,1,0
BRDA:38,5,0,0
BRDA:38,5,1,0
BRDA:65,6,0,0
BRDA:65,6,1,0
BRDA:71,7,0,0
BRDA:71,7,1,0
BRDA:75,8,0,0
BRDA:75,8,1,0
BRDA:75,9,0,0
BRDA:75,9,1,0
BRDA:89,10,0,0
BRDA:89,10,1,0
BRDA:93,11,0,0
BRDA:93,11,1,0
BRDA:105,12,0,0
BRDA:105,12,1,0
BRDA:108,13,0,0
BRDA:108,13,1,0
BRF:28
BRH:0
end_of_record
TN:
SF:src\core\plugins\oas3\selectors.js
FN:9,(anonymous_0)
FN:10,(anonymous_1)
FN:11,(anonymous_2)
FN:25,validateRequestBodyIsRequired
FN:26,(anonymous_4)
FN:26,(anonymous_5)
FN:42,(anonymous_6)
FN:54,(anonymous_7)
FN:60,(anonymous_8)
FN:65,(anonymous_9)
FN:70,(anonymous_10)
FN:70,(anonymous_11)
FN:90,(anonymous_12)
FN:90,(anonymous_13)
FN:114,(anonymous_14)
FN:135,(anonymous_15)
FN:140,(anonymous_16)
FN:145,(anonymous_17)
FN:150,(anonymous_18)
FN:155,(anonymous_19)
FN:160,(anonymous_20)
FN:181,(anonymous_21)
FN:202,(anonymous_22)
FN:223,(anonymous_23)
FN:232,(anonymous_24)
FN:235,(anonymous_25)
FN:243,(anonymous_26)
FN:246,(anonymous_27)
FN:253,(anonymous_28)
FNF:29
FNH:10
FNDA:144,(anonymous_0)
FNDA:62,(anonymous_1)
FNDA:62,(anonymous_2)
FNDA:12,validateRequestBodyIsRequired
FNDA:0,(anonymous_4)
FNDA:0,(anonymous_5)
FNDA:0,(anonymous_6)
FNDA:50,(anonymous_7)
FNDA:3,(anonymous_8)
FNDA:0,(anonymous_9)
FNDA:0,(anonymous_10)
FNDA:0,(anonymous_11)
FNDA:3,(anonymous_12)
FNDA:3,(anonymous_13)
FNDA:0,(anonymous_14)
FNDA:0,(anonymous_15)
FNDA:0,(anonymous_16)
FNDA:3,(anonymous_17)
FNDA:3,(anonymous_18)
FNDA:0,(anonymous_19)
FNDA:0,(anonymous_20)
FNDA:0,(anonymous_21)
FNDA:0,(anonymous_22)
FNDA:0,(anonymous_23)
FNDA:0,(anonymous_24)
FNDA:0,(anonymous_25)
FNDA:0,(anonymous_26)
FNDA:0,(anonymous_27)
FNDA:0,(anonymous_28)
DA:9,12
DA:10,144
DA:11,62
DA:12,62
DA:14,62
DA:15,62
DA:16,62
DA:20,0
DA:26,12
DA:27,0
DA:28,0
DA:30,0
DA:31,0
DA:33,0
DA:34,0
DA:37,0
DA:42,12
DA:43,0
DA:44,0
DA:46,0
DA:47,0
DA:50,0
DA:54,12
DA:55,50
DA:56,50
DA:60,12
DA:61,3
DA:65,12
DA:66,0
DA:70,12
DA:71,0
DA:72,0
DA:73,0
DA:74,0
DA:75,0
DA:76,0
DA:87,0
DA:90,12
DA:91,3
DA:93,3
DA:94,3
DA:95,3
DA:96,3
DA:108,3
DA:109,3
DA:112,0
DA:114,0
DA:116,0
DA:117,0
DA:119,0
DA:120,0
DA:129,0
DA:131,0
DA:135,12
DA:136,0
DA:140,12
DA:141,0
DA:145,12
DA:146,3
DA:150,12
DA:151,3
DA:155,12
DA:156,0
DA:160,12
DA:165,0
DA:166,0
DA:167,0
DA:168,0
DA:170,0
DA:173,0
DA:174,0
DA:177,0
DA:181,12
DA:186,0
DA:187,0
DA:188,0
DA:189,0
DA:191,0
DA:194,0
DA:195,0
DA:198,0
DA:202,12
DA:207,0
DA:208,0
DA:209,0
DA:210,0
DA:211,0
DA:213,0
DA:216,0
DA:217,0
DA:220,0
DA:221,0
DA:223,0
DA:224,0
DA:227,0
DA:231,12
DA:232,0
DA:235,12
DA:236,0
DA:238,0
DA:239,0
DA:241,0
DA:243,0
DA:244,0
DA:245,0
DA:246,0
DA:247,0
DA:248,0
DA:253,0
DA:254,0
DA:255,0
DA:256,0
DA:259,0
LF:113
LH:36
BRDA:14,0,0,62
BRDA:14,0,1,0
BRDA:16,1,0,3
BRDA:16,1,1,59
BRDA:30,2,0,0
BRDA:30,2,1,0
BRDA:33,3,0,0
BRDA:33,3,1,0
BRDA:43,4,0,0
BRDA:43,4,1,0
BRDA:46,5,0,0
BRDA:46,5,1,0
BRDA:55,6,0,0
BRDA:55,6,1,50
BRDA:56,7,0,50
BRDA:56,7,1,50
BRDA:61,8,0,3
BRDA:61,8,1,3
BRDA:66,9,0,0
BRDA:66,9,1,0
BRDA:73,10,0,0
BRDA:73,10,1,0
BRDA:75,11,0,0
BRDA:75,11,1,0
BRDA:108,12,0,3
BRDA:108,12,1,0
BRDA:112,13,0,0
BRDA:112,13,1,0
BRDA:114,14,0,0
BRDA:114,14,1,0
BRDA:116,15,0,0
BRDA:116,15,1,0
BRDA:119,16,0,0
BRDA:119,16,1,0
BRDA:129,17,0,0
BRDA:129,17,1,0
BRDA:136,18,0,0
BRDA:136,18,1,0
BRDA:141,19,0,0
BRDA:141,19,1,0
BRDA:146,20,0,3
BRDA:146,20,1,3
BRDA:151,21,0,3
BRDA:151,21,1,3
BRDA:156,22,0,0
BRDA:156,22,1,0
BRDA:165,23,0,0
BRDA:165,23,1,0
BRDA:167,24,0,0
BRDA:167,24,1,0
BRDA:177,25,0,0
BRDA:177,25,1,0
BRDA:186,26,0,0
BRDA:186,26,1,0
BRDA:188,27,0,0
BRDA:188,27,1,0
BRDA:198,28,0,0
BRDA:198,28,1,0
BRDA:207,29,0,0
BRDA:207,29,1,0
BRDA:210,30,0,0
BRDA:210,30,1,0
BRDA:220,31,0,0
BRDA:220,31,1,0
BRDA:238,32,0,0
BRDA:238,32,1,0
BRDA:244,33,0,0
BRDA:244,33,1,0
BRDA:247,34,0,0
BRDA:247,34,1,0
BRDA:255,35,0,0
BRDA:255,35,1,0
BRF:72
BRH:13
end_of_record
TN:
SF:src\core\plugins\oas3\auth-extensions\wrap-selectors.js
FN:8,(anonymous_0)
FN:10,onlyOAS3
FN:11,(anonymous_2)
FN:11,(anonymous_3)
FN:26,(anonymous_4)
FN:27,(anonymous_5)
FN:36,(anonymous_6)
FN:40,(anonymous_7)
FN:51,(anonymous_8)
FN:67,(anonymous_9)
FN:70,(anonymous_10)
FN:82,(anonymous_11)
FNF:12
FNH:1
FNDA:0,(anonymous_0)
FNDA:12,onlyOAS3
FNDA:0,(anonymous_2)
FNDA:0,(anonymous_3)
FNDA:0,(anonymous_4)
FNDA:0,(anonymous_5)
FNDA:0,(anonymous_6)
FNDA:0,(anonymous_7)
FNDA:0,(anonymous_8)
FNDA:0,(anonymous_9)
FNDA:0,(anonymous_10)
FNDA:0,(anonymous_11)
DA:8,12
DA:11,12
DA:12,0
DA:13,0
DA:15,0
DA:17,0
DA:19,0
DA:24,12
DA:26,0
DA:30,0
DA:32,0
DA:33,0
DA:36,0
DA:37,0
DA:39,0
DA:40,0
DA:41,0
DA:50,0
DA:54,0
DA:59,0
DA:60,0
DA:64,0
DA:65,0
DA:66,0
DA:67,0
DA:69,0
DA:70,0
DA:72,0
DA:81,0
DA:85,0
DA:92,0
LF:31
LH:3
BRDA:13,0,0,0
BRDA:13,0,1,0
BRDA:32,1,0,0
BRDA:32,1,1,0
BRDA:39,2,0,0
BRDA:39,2,1,0
BRDA:59,3,0,0
BRDA:59,3,1,0
BRDA:59,4,0,0
BRDA:59,4,1,0
BRDA:64,5,0,0
BRDA:64,5,1,0
BRDA:64,6,0,0
BRDA:64,6,1,0
BRDA:66,7,0,0
BRDA:66,7,1,0
BRDA:69,8,0,0
BRDA:69,8,1,0
BRF:18
BRH:0
end_of_record
TN:
SF:src\core\plugins\oas3\components\index.js
FNF:0
FNH:0
LF:0
LH:0
BRF:0
BRH:0
end_of_record
TN:
SF:src\core\plugins\oas3\spec-extensions\selectors.js
FN:8,onlyOAS3
FN:9,(anonymous_1)
FN:9,(anonymous_2)
FN:19,(anonymous_3)
FN:25,(anonymous_4)
FN:30,(anonymous_5)
FN:33,(anonymous_6)
FN:44,(anonymous_7)
FN:47,(anonymous_8)
FN:47,(anonymous_9)
FNF:10
FNH:3
FNDA:12,onlyOAS3
FNDA:204,(anonymous_1)
FNDA:204,(anonymous_2)
FNDA:0,(anonymous_3)
FNDA:0,(anonymous_4)
FNDA:0,(anonymous_5)
FNDA:0,(anonymous_6)
FNDA:0,(anonymous_7)
FNDA:0,(anonymous_8)
FNDA:0,(anonymous_9)
DA:9,204
DA:10,204
DA:11,204
DA:12,0
DA:14,204
DA:19,12
DA:20,0
DA:23,12
DA:25,0
DA:28,12
DA:30,0
DA:33,12
DA:34,0
DA:35,0
DA:36,0
DA:37,0
DA:42,12
DA:44,0
DA:47,12
DA:48,0
DA:49,0
LF:21
LH:10
BRDA:11,0,0,0
BRDA:11,0,1,204
BRDA:20,1,0,0
BRDA:20,1,1,0
BRDA:35,2,0,0
BRDA:35,2,1,0
BRDA:44,3,0,0
BRDA:44,3,1,0
BRF:8
BRH:1
end_of_record
TN:
SF:src\core\plugins\oas3\spec-extensions\wrap-selectors.js
FN:9,onlyOAS3
FN:10,(anonymous_1)
FN:10,(anonymous_2)
FN:20,(anonymous_3)
FN:24,(anonymous_4)
FN:30,(anonymous_5)
FN:35,(anonymous_6)
FN:38,(anonymous_7)
FN:49,(anonymous_8)
FN:55,(anonymous_9)
FN:61,(anonymous_10)
FN:74,(anonymous_11)
FN:77,(anonymous_12)
FN:77,(anonymous_13)
FN:82,(anonymous_14)
FN:82,(anonymous_15)
FNF:16
FNH:15
FNDA:60,onlyOAS3
FNDA:1341,(anonymous_1)
FNDA:1341,(anonymous_2)
FNDA:92,(anonymous_3)
FNDA:9,(anonymous_4)
FNDA:46,(anonymous_5)
FNDA:46,(anonymous_6)
FNDA:83,(anonymous_7)
FNDA:9,(anonymous_8)
FNDA:0,(anonymous_9)
FNDA:37,(anonymous_10)
FNDA:9,(anonymous_11)
FNDA:924,(anonymous_12)
FNDA:924,(anonymous_13)
FNDA:335,(anonymous_14)
FNDA:335,(anonymous_15)
DA:10,1341
DA:11,1341
DA:12,1341
DA:13,729
DA:15,612
DA:20,12
DA:21,92
DA:24,12
DA:26,12
DA:28,12
DA:30,46
DA:33,12
DA:35,46
DA:38,12
DA:39,83
DA:40,83
DA:41,83
DA:42,83
DA:47,12
DA:50,9
DA:51,9
DA:55,12
DA:56,0
DA:59,12
DA:61,37
DA:64,12
DA:65,12
DA:66,12
DA:67,12
DA:68,12
DA:72,12
DA:74,9
DA:77,924
DA:78,924
DA:79,924
DA:82,335
DA:83,335
DA:84,335
LF:38
LH:37
BRDA:12,0,0,729
BRDA:12,0,1,612
BRDA:21,1,0,92
BRDA:21,1,1,0
BRDA:40,2,0,83
BRDA:40,2,1,0
BRDA:51,3,0,8
BRDA:51,3,1,1
BRDA:61,4,0,37
BRDA:61,4,1,37
BRDA:74,5,0,9
BRDA:74,5,1,9
BRDA:79,6,0,924
BRDA:79,6,1,0
BRDA:84,7,0,335
BRDA:84,7,1,0
BRF:16
BRH:12
end_of_record
TN:
SF:src\core\plugins\oas3\wrap-components\index.js
FNF:0
FNH:0
LF:0
LH:0
BRF:0
BRH:0
end_of_record
TN:
SF:src\core\plugins\oas3\wrap-components\online-validator-badge.js
FNF:0
FNH:0
LF:0
LH:0
BRF:0
BRH:0
end_of_record
TN:
SF:src\core\plugins\on-complete\index.js
FN:3,(anonymous_0)
FN:9,(anonymous_1)
FN:9,(anonymous_2)
FN:13,(anonymous_3)
FN:13,(anonymous_4)
FNF:5
FNH:5
FNDA:24,(anonymous_0)
FNDA:20,(anonymous_1)
FNDA:20,(anonymous_2)
FNDA:20,(anonymous_3)
FNDA:20,(anonymous_4)
DA:1,12
DA:5,24
DA:9,20
DA:10,20
DA:11,20
DA:13,20
DA:14,20
DA:15,20
DA:18,0
DA:19,0
DA:22,20
LF:11
LH:9
BRDA:15,0,0,0
BRDA:15,0,1,20
BRDA:15,1,0,20
BRDA:15,1,1,20
BRF:4
BRH:3
end_of_record
TN:
SF:src\core\plugins\request-snippets\fn.js
FN:10,(anonymous_0)
FN:18,(anonymous_1)
FN:30,(anonymous_2)
FN:47,(anonymous_3)
FN:63,getStringBodyOfMap
FN:76,(anonymous_5)
FN:79,(anonymous_6)
FN:80,(anonymous_7)
FN:81,(anonymous_8)
FN:82,(anonymous_9)
FN:148,(anonymous_10)
FN:153,(anonymous_11)
FN:158,(anonymous_12)
FNF:13
FNH:0
FNDA:0,(anonymous_0)
FNDA:0,(anonymous_1)
FNDA:0,(anonymous_2)
FNDA:0,(anonymous_3)
FNDA:0,getStringBodyOfMap
FNDA:0,(anonymous_5)
FNDA:0,(anonymous_6)
FNDA:0,(anonymous_7)
FNDA:0,(anonymous_8)
FNDA:0,(anonymous_9)
FNDA:0,(anonymous_10)
FNDA:0,(anonymous_11)
FNDA:0,(anonymous_12)
DA:10,12
DA:11,0
DA:12,0
DA:13,0
DA:15,0
DA:18,12
DA:19,0
DA:20,0
DA:23,0
DA:24,0
DA:27,0
DA:30,12
DA:31,0
DA:36,0
DA:37,0
DA:41,0
DA:42,0
DA:44,0
DA:47,12
DA:48,0
DA:49,0
DA:51,0
DA:52,0
DA:55,0
DA:56,0
DA:60,0
DA:64,0
DA:65,0
DA:66,0
DA:67,0
DA:68,0
DA:70,0
DA:73,0
DA:76,12
DA:77,0
DA:78,0
DA:79,0
DA:80,0
DA:81,0
DA:82,0
DA:83,0
DA:84,0
DA:86,0
DA:87,0
DA:90,0
DA:92,0
DA:93,0
DA:94,0
DA:96,0
DA:97,0
DA:98,0
DA:99,0
DA:100,0
DA:101,0
DA:102,0
DA:106,0
DA:107,0
DA:108,0
DA:109,0
DA:110,0
DA:111,0
DA:112,0
DA:113,0
DA:114,0
DA:115,0
DA:117,0
DA:120,0
DA:121,0
DA:122,0
DA:123,0
DA:125,0
DA:126,0
DA:127,0
DA:128,0
DA:129,0
DA:130,0
DA:131,0
DA:133,0
DA:135,0
DA:138,0
DA:139,0
DA:140,0
DA:141,0
DA:144,0
DA:148,12
DA:149,0
DA:153,12
DA:154,0
DA:158,12
DA:159,0
LF:90
LH:8
BRDA:12,0,0,0
BRDA:12,0,1,0
BRDA:19,1,0,0
BRDA:19,1,1,0
BRDA:23,2,0,0
BRDA:23,2,1,0
BRDA:36,3,0,0
BRDA:36,3,1,0
BRDA:41,4,0,0
BRDA:41,4,1,0
BRDA:48,5,0,0
BRDA:48,5,1,0
BRDA:51,6,0,0
BRDA:51,6,1,0
BRDA:55,7,0,0
BRDA:55,7,1,0
BRDA:67,8,0,0
BRDA:67,8,1,0
BRDA:68,9,0,0
BRDA:68,9,1,0
BRDA:76,10,0,0
BRDA:82,11,0,0
BRDA:86,12,0,0
BRDA:86,12,1,0
BRDA:96,13,0,0
BRDA:96,13,1,0
BRDA:96,14,0,0
BRDA:96,14,1,0
BRDA:102,15,0,0
BRDA:102,15,1,0
BRDA:102,15,2,0
BRDA:107,16,0,0
BRDA:107,16,1,0
BRDA:108,17,0,0
BRDA:108,17,1,0
BRDA:108,18,0,0
BRDA:108,18,1,0
BRDA:114,19,0,0
BRDA:114,19,1,0
BRDA:115,20,0,0
BRDA:115,20,1,0
BRDA:120,21,0,0
BRDA:120,21,1,0
BRDA:129,22,0,0
BRDA:129,22,1,0
BRDA:130,23,0,0
BRDA:130,23,1,0
BRDA:138,24,0,0
BRDA:138,24,1,0
BRDA:138,25,0,0
BRDA:138,25,1,0
BRF:51
BRH:0
end_of_record
TN:
SF:src\core\plugins\request-snippets\index.js
FN:4,(anonymous_0)
FNF:1
FNH:1
FNDA:24,(anonymous_0)
DA:5,24
LF:1
LH:1
BRF:0
BRH:0
end_of_record
TN:
SF:src\core\plugins\request-snippets\selectors.js
FN:4,(anonymous_0)
FN:8,(anonymous_1)
FN:17,(anonymous_2)
FN:21,(anonymous_3)
FN:21,(anonymous_4)
FN:22,(anonymous_5)
FN:24,(anonymous_6)
FN:32,(anonymous_7)
FN:37,(anonymous_8)
FN:43,(anonymous_9)
FNF:10
FNH:0
FNDA:0,(anonymous_0)
FNDA:0,(anonymous_1)
FNDA:0,(anonymous_2)
FNDA:0,(anonymous_3)
FNDA:0,(anonymous_4)
FNDA:0,(anonymous_5)
FNDA:0,(anonymous_6)
FNDA:0,(anonymous_7)
FNDA:0,(anonymous_8)
FNDA:0,(anonymous_9)
DA:4,12
DA:6,12
DA:9,0
DA:11,0
DA:13,0
DA:14,0
DA:16,0
DA:17,0
DA:21,12
DA:22,0
DA:23,0
DA:25,0
DA:26,0
DA:27,0
DA:30,0
DA:32,0
DA:35,12
DA:37,0
DA:41,12
DA:43,0
LF:20
LH:5
BRDA:4,0,0,0
BRDA:4,0,1,0
BRDA:13,1,0,0
BRDA:13,1,1,0
BRDA:13,2,0,0
BRDA:13,2,1,0
BRDA:26,3,0,0
BRDA:26,3,1,0
BRF:8
BRH:0
end_of_record
TN:
SF:src\core\plugins\samples\fn.js
FN:8,(anonymous_0)
FN:19,(anonymous_1)
FN:20,(anonymous_2)
FN:21,(anonymous_3)
FN:22,(anonymous_4)
FN:23,(anonymous_5)
FN:24,(anonymous_6)
FN:25,(anonymous_7)
FN:26,(anonymous_8)
FN:27,(anonymous_9)
FN:28,(anonymous_10)
FN:29,(anonymous_11)
FN:30,(anonymous_12)
FN:33,(anonymous_13)
FN:47,(anonymous_14)
FN:47,(anonymous_15)
FN:60,(anonymous_16)
FN:61,(anonymous_17)
FN:77,(anonymous_18)
FN:83,(anonymous_19)
FN:130,(anonymous_20)
FN:204,(anonymous_21)
FN:204,(anonymous_22)
FN:234,(anonymous_23)
FN:252,(anonymous_24)
FN:256,(anonymous_25)
FN:262,(anonymous_26)
FN:268,(anonymous_27)
FN:269,(anonymous_28)
FN:277,(anonymous_29)
FN:284,(anonymous_30)
FN:298,(anonymous_31)
FN:345,(anonymous_32)
FN:420,(anonymous_33)
FN:541,(anonymous_34)
FN:543,(anonymous_35)
FN:609,(anonymous_36)
FN:620,(anonymous_37)
FN:629,(anonymous_38)
FN:632,(anonymous_39)
FNF:40
FNH:9
FNDA:0,(anonymous_0)
FNDA:2,(anonymous_1)
FNDA:0,(anonymous_2)
FNDA:0,(anonymous_3)
FNDA:0,(anonymous_4)
FNDA:0,(anonymous_5)
FNDA:0,(anonymous_6)
FNDA:0,(anonymous_7)
FNDA:0,(anonymous_8)
FNDA:0,(anonymous_9)
FNDA:0,(anonymous_10)
FNDA:0,(anonymous_11)
FNDA:0,(anonymous_12)
FNDA:2,(anonymous_13)
FNDA:0,(anonymous_14)
FNDA:0,(anonymous_15)
FNDA:0,(anonymous_16)
FNDA:0,(anonymous_17)
FNDA:0,(anonymous_18)
FNDA:0,(anonymous_19)
FNDA:5,(anonymous_20)
FNDA:6,(anonymous_21)
FNDA:16,(anonymous_22)
FNDA:2,(anonymous_23)
FNDA:0,(anonymous_24)
FNDA:0,(anonymous_25)
FNDA:0,(anonymous_26)
FNDA:0,(anonymous_27)
FNDA:0,(anonymous_28)
FNDA:0,(anonymous_29)
FNDA:0,(anonymous_30)
FNDA:0,(anonymous_31)
FNDA:0,(anonymous_32)
FNDA:0,(anonymous_33)
FNDA:0,(anonymous_34)
FNDA:0,(anonymous_35)
FNDA:2,(anonymous_36)
FNDA:0,(anonymous_37)
FNDA:3,(anonymous_38)
FNDA:3,(anonymous_39)
DA:8,12
DA:9,0
DA:10,0
DA:11,0
DA:14,0
DA:18,12
DA:19,2
DA:20,0
DA:21,0
DA:22,0
DA:23,0
DA:24,0
DA:25,0
DA:26,0
DA:27,0
DA:28,0
DA:29,0
DA:30,0
DA:33,12
DA:34,2
DA:35,2
DA:37,2
DA:39,2
DA:40,2
DA:42,0
DA:47,12
DA:48,0
DA:50,12
DA:51,12
DA:52,12
DA:58,12
DA:60,12
DA:61,0
DA:62,0
DA:63,0
DA:67,0
DA:77,0
DA:79,0
DA:80,0
DA:81,0
DA:83,0
DA:84,0
DA:85,0
DA:87,0
DA:90,0
DA:91,0
DA:92,0
DA:94,0
DA:95,0
DA:96,0
DA:97,0
DA:99,0
DA:100,0
DA:102,0
DA:103,0
DA:105,0
DA:106,0
DA:108,0
DA:109,0
DA:110,0
DA:111,0
DA:112,0
DA:114,0
DA:120,0
DA:121,0
DA:122,0
DA:124,0
DA:127,0
DA:130,12
DA:131,5
DA:132,0
DA:133,5
DA:135,5
DA:136,5
DA:137,5
DA:138,0
DA:142,0
DA:143,0
DA:144,0
DA:146,0
DA:147,0
DA:148,0
DA:149,0
DA:150,0
DA:152,0
DA:153,0
DA:154,0
DA:155,0
DA:157,0
DA:158,0
DA:160,0
DA:161,0
DA:163,0
DA:164,0
DA:166,0
DA:167,0
DA:168,0
DA:169,0
DA:170,0
DA:172,0
DA:179,5
DA:180,5
DA:181,5
DA:182,5
DA:183,5
DA:185,5
DA:188,5
DA:189,0
DA:191,0
DA:192,0
DA:194,0
DA:195,0
DA:200,5
DA:201,0
DA:204,16
DA:206,5
DA:207,2
DA:208,0
DA:209,2
DA:210,0
DA:211,2
DA:212,0
DA:213,0
DA:214,2
DA:229,2
DA:230,2
DA:234,5
DA:235,2
DA:236,0
DA:238,2
DA:239,0
DA:240,0
DA:241,0
DA:244,2
DA:248,5
DA:250,5
DA:252,5
DA:256,5
DA:257,0
DA:258,0
DA:260,0
DA:261,0
DA:262,0
DA:268,0
DA:269,0
DA:274,0
DA:277,5
DA:278,0
DA:279,0
DA:281,0
DA:284,5
DA:285,0
DA:286,0
DA:288,0
DA:289,0
DA:291,0
DA:292,0
DA:294,0
DA:297,5
DA:298,0
DA:299,0
DA:301,0
DA:303,0
DA:304,0
DA:307,0
DA:308,0
DA:310,0
DA:311,0
DA:312,0
DA:313,0
DA:314,0
DA:315,0
DA:317,0
DA:320,0
DA:322,0
DA:323,0
DA:325,0
DA:332,0
DA:333,0
DA:334,0
DA:337,0
DA:338,0
DA:339,0
DA:341,0
DA:345,5
DA:346,0
DA:347,0
DA:349,0
DA:356,0
DA:357,0
DA:358,0
DA:359,0
DA:363,0
DA:365,0
DA:370,5
DA:372,0
DA:373,0
DA:374,0
DA:375,0
DA:377,0
DA:381,0
DA:383,0
DA:384,0
DA:387,0
DA:388,0
DA:391,0
DA:392,0
DA:395,0
DA:400,0
DA:401,0
DA:405,0
DA:406,0
DA:407,0
DA:408,0
DA:410,0
DA:412,0
DA:415,0
DA:416,0
DA:417,0
DA:419,0
DA:420,0
DA:421,0
DA:422,0
DA:423,0
DA:424,0
DA:425,0
DA:429,0
DA:431,0
DA:435,0
DA:437,0
DA:438,0
DA:440,0
DA:441,0
DA:442,0
DA:444,0
DA:445,0
DA:447,0
DA:448,0
DA:450,0
DA:451,0
DA:452,0
DA:454,0
DA:456,0
DA:457,0
DA:460,0
DA:463,0
DA:464,0
DA:469,5
DA:470,0
DA:471,0
DA:472,0
DA:474,0
DA:475,0
DA:477,0
DA:478,0
DA:480,0
DA:481,0
DA:483,0
DA:485,0
DA:486,0
DA:489,0
DA:490,0
DA:493,0
DA:494,0
DA:495,0
DA:497,0
DA:499,0
DA:500,0
DA:501,0
DA:502,0
DA:504,0
DA:506,0
DA:508,0
DA:511,0
DA:512,0
DA:513,0
DA:515,0
DA:516,0
DA:517,0
DA:518,0
DA:520,0
DA:522,0
DA:526,0
DA:529,5
DA:530,2
DA:531,0
DA:535,2
DA:536,0
DA:537,0
DA:540,2
DA:541,0
DA:542,2
DA:543,0
DA:544,2
DA:545,2
DA:547,0
DA:549,2
DA:550,2
DA:551,0
DA:552,0
DA:553,0
DA:555,0
DA:557,2
DA:561,3
DA:563,0
DA:564,3
DA:566,2
DA:567,2
DA:568,0
DA:569,0
DA:570,0
DA:571,0
DA:573,0
DA:575,0
DA:576,0
DA:577,0
DA:578,0
DA:580,0
DA:583,2
DA:584,2
DA:585,0
DA:587,2
DA:588,0
DA:589,0
DA:590,0
DA:595,1
DA:597,2
DA:598,0
DA:601,2
DA:602,0
DA:603,0
DA:606,2
DA:609,12
DA:610,2
DA:611,0
DA:613,2
DA:614,0
DA:617,2
DA:620,12
DA:621,0
DA:622,0
DA:623,0
DA:624,0
DA:626,0
DA:629,12
DA:630,3
DA:632,12
DA:634,12
DA:636,12
LF:349
LH:82
BRDA:19,0,0,0
BRDA:19,0,1,2
BRDA:30,1,0,0
BRDA:30,1,1,0
BRDA:37,2,0,2
BRDA:37,2,1,2
BRDA:39,3,0,2
BRDA:39,3,1,0
BRDA:48,4,0,0
BRDA:48,4,1,0
BRDA:60,5,0,0
BRDA:62,6,0,0
BRDA:62,6,1,0
BRDA:62,7,0,0
BRDA:62,7,1,0
BRDA:79,8,0,0
BRDA:79,8,1,0
BRDA:79,9,0,0
BRDA:79,9,1,0
BRDA:80,10,0,0
BRDA:80,10,1,0
BRDA:80,11,0,0
BRDA:80,11,1,0
BRDA:84,12,0,0
BRDA:84,12,1,0
BRDA:90,13,0,0
BRDA:90,13,1,0
BRDA:91,14,0,0
BRDA:91,14,1,0
BRDA:96,15,0,0
BRDA:96,15,1,0
BRDA:99,16,0,0
BRDA:99,16,1,0
BRDA:99,17,0,0
BRDA:99,17,1,0
BRDA:102,18,0,0
BRDA:102,18,1,0
BRDA:102,19,0,0
BRDA:102,19,1,0
BRDA:102,19,2,0
BRDA:105,20,0,0
BRDA:105,20,1,0
BRDA:105,21,0,0
BRDA:105,21,1,0
BRDA:105,21,2,0
BRDA:108,22,0,0
BRDA:108,22,1,0
BRDA:110,23,0,0
BRDA:110,23,1,0
BRDA:110,24,0,0
BRDA:110,24,1,0
BRDA:110,24,2,0
BRDA:111,25,0,0
BRDA:111,25,1,0
BRDA:120,26,0,0
BRDA:120,26,1,0
BRDA:121,27,0,0
BRDA:121,27,1,0
BRDA:130,28,0,0
BRDA:130,29,0,5
BRDA:130,30,0,0
BRDA:131,31,0,0
BRDA:131,31,1,5
BRDA:131,32,0,5
BRDA:131,32,1,4
BRDA:133,33,0,5
BRDA:133,33,1,5
BRDA:133,33,2,4
BRDA:133,33,3,5
BRDA:133,33,4,4
BRDA:135,34,0,5
BRDA:135,34,1,5
BRDA:135,34,2,4
BRDA:135,34,3,0
BRDA:136,35,0,5
BRDA:136,35,1,5
BRDA:136,35,2,4
BRDA:136,35,3,0
BRDA:137,36,0,0
BRDA:137,36,1,5
BRDA:137,37,0,5
BRDA:137,37,1,5
BRDA:137,37,2,5
BRDA:138,38,0,0
BRDA:138,38,1,0
BRDA:143,39,0,0
BRDA:143,39,1,0
BRDA:143,40,0,0
BRDA:143,40,1,0
BRDA:146,41,0,0
BRDA:146,41,1,0
BRDA:146,42,0,0
BRDA:146,42,1,0
BRDA:148,43,0,0
BRDA:148,43,1,0
BRDA:149,44,0,0
BRDA:149,44,1,0
BRDA:154,45,0,0
BRDA:154,45,1,0
BRDA:157,46,0,0
BRDA:157,46,1,0
BRDA:157,47,0,0
BRDA:157,47,1,0
BRDA:160,48,0,0
BRDA:160,48,1,0
BRDA:160,49,0,0
BRDA:160,49,1,0
BRDA:160,49,2,0
BRDA:163,50,0,0
BRDA:163,50,1,0
BRDA:163,51,0,0
BRDA:163,51,1,0
BRDA:163,51,2,0
BRDA:166,52,0,0
BRDA:166,52,1,0
BRDA:168,53,0,0
BRDA:168,53,1,0
BRDA:168,54,0,0
BRDA:168,54,1,0
BRDA:168,54,2,0
BRDA:169,55,0,0
BRDA:169,55,1,0
BRDA:180,56,0,5
BRDA:180,56,1,1
BRDA:182,57,0,5
BRDA:182,57,1,5
BRDA:188,58,0,0
BRDA:188,58,1,5
BRDA:189,59,0,0
BRDA:189,59,1,0
BRDA:191,60,0,0
BRDA:191,60,1,0
BRDA:192,61,0,0
BRDA:192,61,1,0
BRDA:194,62,0,0
BRDA:194,62,1,0
BRDA:200,63,0,0
BRDA:200,63,1,5
BRDA:206,64,0,2
BRDA:206,64,1,3
BRDA:206,65,0,5
BRDA:206,65,1,4
BRDA:207,66,0,0
BRDA:207,66,1,2
BRDA:207,67,0,2
BRDA:207,67,1,2
BRDA:207,67,2,2
BRDA:209,68,0,0
BRDA:209,68,1,2
BRDA:209,69,0,2
BRDA:209,69,1,2
BRDA:211,70,0,0
BRDA:211,70,1,2
BRDA:214,71,0,2
BRDA:214,71,1,0
BRDA:214,72,0,2
BRDA:214,72,1,2
BRDA:235,73,0,0
BRDA:235,73,1,2
BRDA:235,74,0,2
BRDA:235,74,1,2
BRDA:238,75,0,0
BRDA:238,75,1,2
BRDA:238,76,0,2
BRDA:238,76,1,2
BRDA:252,77,0,0
BRDA:252,77,1,0
BRDA:252,77,2,0
BRDA:252,77,3,0
BRDA:257,78,0,0
BRDA:257,78,1,0
BRDA:257,79,0,0
BRDA:257,79,1,0
BRDA:261,80,0,0
BRDA:261,80,1,0
BRDA:263,81,0,0
BRDA:263,81,1,0
BRDA:269,82,0,0
BRDA:269,82,1,0
BRDA:278,83,0,0
BRDA:278,83,1,0
BRDA:278,84,0,0
BRDA:278,84,1,0
BRDA:278,84,2,0
BRDA:285,85,0,0
BRDA:285,85,1,0
BRDA:285,86,0,0
BRDA:285,86,1,0
BRDA:285,86,2,0
BRDA:288,87,0,0
BRDA:288,87,1,0
BRDA:291,88,0,0
BRDA:291,88,1,0
BRDA:297,89,0,0
BRDA:297,89,1,5
BRDA:298,90,0,0
BRDA:299,91,0,0
BRDA:299,91,1,0
BRDA:299,92,0,0
BRDA:299,92,1,0
BRDA:301,93,0,0
BRDA:301,93,1,0
BRDA:303,94,0,0
BRDA:303,94,1,0
BRDA:304,95,0,0
BRDA:304,95,1,0
BRDA:310,96,0,0
BRDA:310,96,1,0
BRDA:311,97,0,0
BRDA:311,97,1,0
BRDA:312,98,0,0
BRDA:312,98,1,0
BRDA:313,99,0,0
BRDA:313,99,1,0
BRDA:314,100,0,0
BRDA:314,100,1,0
BRDA:315,101,0,0
BRDA:315,101,1,0
BRDA:317,102,0,0
BRDA:317,102,1,0
BRDA:322,103,0,0
BRDA:322,103,1,0
BRDA:323,104,0,0
BRDA:323,104,1,0
BRDA:323,105,0,0
BRDA:323,105,1,0
BRDA:332,106,0,0
BRDA:332,106,1,0
BRDA:332,106,2,0
BRDA:333,107,0,0
BRDA:333,107,1,0
BRDA:338,108,0,0
BRDA:338,108,1,0
BRDA:346,109,0,0
BRDA:346,109,1,0
BRDA:349,110,0,0
BRDA:349,110,1,0
BRDA:349,111,0,0
BRDA:349,111,1,0
BRDA:349,111,2,0
BRDA:349,111,3,0
BRDA:349,111,4,0
BRDA:349,111,5,0
BRDA:349,111,6,0
BRDA:357,112,0,0
BRDA:357,112,1,0
BRDA:370,113,0,0
BRDA:370,113,1,5
BRDA:372,114,0,0
BRDA:372,114,1,0
BRDA:374,115,0,0
BRDA:374,115,1,0
BRDA:381,116,0,0
BRDA:381,116,1,0
BRDA:383,117,0,0
BRDA:383,117,1,0
BRDA:383,118,0,0
BRDA:383,118,1,0
BRDA:387,119,0,0
BRDA:387,119,1,0
BRDA:387,120,0,0
BRDA:387,120,1,0
BRDA:400,121,0,0
BRDA:400,121,1,0
BRDA:401,122,0,0
BRDA:401,122,1,0
BRDA:405,123,0,0
BRDA:405,123,1,0
BRDA:406,124,0,0
BRDA:406,124,1,0
BRDA:407,125,0,0
BRDA:407,125,1,0
BRDA:412,126,0,0
BRDA:412,126,1,0
BRDA:415,127,0,0
BRDA:415,127,1,0
BRDA:416,128,0,0
BRDA:416,128,1,0
BRDA:416,128,2,0
BRDA:417,129,0,0
BRDA:417,129,1,0
BRDA:422,130,0,0
BRDA:422,130,1,0
BRDA:424,131,0,0
BRDA:424,131,1,0
BRDA:435,132,0,0
BRDA:435,132,1,0
BRDA:437,133,0,0
BRDA:437,133,1,0
BRDA:441,134,0,0
BRDA:441,134,1,0
BRDA:444,135,0,0
BRDA:444,135,1,0
BRDA:444,136,0,0
BRDA:444,136,1,0
BRDA:444,136,2,0
BRDA:444,136,3,0
BRDA:447,137,0,0
BRDA:447,137,1,0
BRDA:447,138,0,0
BRDA:447,138,1,0
BRDA:447,138,2,0
BRDA:447,138,3,0
BRDA:450,139,0,0
BRDA:450,139,1,0
BRDA:450,140,0,0
BRDA:450,140,1,0
BRDA:450,140,2,0
BRDA:450,140,3,0
BRDA:451,141,0,0
BRDA:451,141,1,0
BRDA:456,142,0,0
BRDA:456,142,1,0
BRDA:463,143,0,0
BRDA:463,143,1,0
BRDA:469,144,0,0
BRDA:469,144,1,5
BRDA:471,145,0,0
BRDA:471,145,1,0
BRDA:474,146,0,0
BRDA:474,146,1,0
BRDA:474,147,0,0
BRDA:474,147,1,0
BRDA:477,148,0,0
BRDA:477,148,1,0
BRDA:477,149,0,0
BRDA:477,149,1,0
BRDA:477,149,2,0
BRDA:480,150,0,0
BRDA:480,150,1,0
BRDA:480,151,0,0
BRDA:480,151,1,0
BRDA:480,151,2,0
BRDA:485,152,0,0
BRDA:485,152,1,0
BRDA:485,153,0,0
BRDA:485,153,1,0
BRDA:489,154,0,0
BRDA:489,154,1,0
BRDA:493,155,0,0
BRDA:493,155,1,0
BRDA:494,156,0,0
BRDA:494,156,1,0
BRDA:500,157,0,0
BRDA:500,157,1,0
BRDA:504,158,0,0
BRDA:504,158,1,0
BRDA:504,159,0,0
BRDA:504,159,1,0
BRDA:504,159,2,0
BRDA:504,159,3,0
BRDA:508,160,0,0
BRDA:508,160,1,0
BRDA:508,161,0,0
BRDA:508,161,1,0
BRDA:508,161,2,0
BRDA:512,162,0,0
BRDA:512,162,1,0
BRDA:515,163,0,0
BRDA:515,163,1,0
BRDA:529,164,0,2
BRDA:529,164,1,3
BRDA:530,165,0,0
BRDA:530,165,1,2
BRDA:535,166,0,0
BRDA:535,166,1,2
BRDA:536,167,0,0
BRDA:536,167,1,0
BRDA:536,167,2,0
BRDA:537,168,0,0
BRDA:537,168,1,0
BRDA:540,169,0,0
BRDA:540,169,1,2
BRDA:542,170,0,0
BRDA:542,170,1,2
BRDA:544,171,0,2
BRDA:544,171,1,0
BRDA:544,172,0,2
BRDA:544,172,1,0
BRDA:544,172,2,0
BRDA:550,173,0,0
BRDA:550,173,1,2
BRDA:550,174,0,2
BRDA:550,174,1,0
BRDA:552,175,0,0
BRDA:552,175,1,0
BRDA:561,176,0,0
BRDA:561,176,1,3
BRDA:561,177,0,3
BRDA:561,177,1,2
BRDA:564,178,0,2
BRDA:564,178,1,1
BRDA:567,179,0,0
BRDA:567,179,1,2
BRDA:569,180,0,0
BRDA:569,180,1,0
BRDA:569,181,0,0
BRDA:569,181,1,0
BRDA:570,182,0,0
BRDA:570,182,1,0
BRDA:576,183,0,0
BRDA:576,183,1,0
BRDA:576,184,0,0
BRDA:576,184,1,0
BRDA:577,185,0,0
BRDA:577,185,1,0
BRDA:583,186,0,2
BRDA:583,186,1,0
BRDA:584,187,0,0
BRDA:584,187,1,2
BRDA:584,188,0,2
BRDA:584,188,1,2
BRDA:587,189,0,0
BRDA:587,189,1,2
BRDA:587,190,0,2
BRDA:587,190,1,2
BRDA:597,191,0,0
BRDA:597,191,1,2
BRDA:601,192,0,0
BRDA:601,192,1,2
BRDA:602,193,0,0
BRDA:602,193,1,0
BRDA:610,194,0,0
BRDA:610,194,1,2
BRDA:613,195,0,0
BRDA:613,195,1,2
BRDA:622,196,0,0
BRDA:622,196,1,0
BRDA:623,197,0,0
BRDA:623,197,1,0
BRF:430
BRH:80
end_of_record
TN:
SF:src\core\plugins\samples\index.js
FN:3,(anonymous_0)
FNF:1
FNH:1
FNDA:24,(anonymous_0)
DA:4,24
LF:1
LH:1
BRF:0
BRH:0
end_of_record
TN:
SF:src\core\plugins\spec\client-selectors.js
FN:12,(anonymous_0)
FN:18,(anonymous_1)
FN:23,(anonymous_2)
FN:28,(anonymous_3)
FN:33,(anonymous_4)
FN:38,(anonymous_5)
FN:43,(anonymous_6)
FN:48,(anonymous_7)
FN:53,(anonymous_8)
FN:56,(anonymous_9)
FN:60,(anonymous_10)
FN:82,(anonymous_11)
FN:90,(anonymous_12)
FN:101,(anonymous_13)
FN:106,(anonymous_14)
FN:111,(anonymous_15)
FN:116,(anonymous_16)
FN:121,(anonymous_17)
FN:126,(anonymous_18)
FN:131,(anonymous_19)
FN:141,(anonymous_20)
FN:145,(anonymous_21)
FN:164,(anonymous_22)
FN:169,(anonymous_23)
FN:174,(anonymous_24)
FN:179,(anonymous_25)
FN:183,(anonymous_26)
FN:191,(anonymous_27)
FN:199,(anonymous_28)
FN:204,(anonymous_29)
FN:209,(anonymous_30)
FN:216,(anonymous_31)
FN:217,(anonymous_32)
FN:217,(anonymous_33)
FN:220,(anonymous_34)
FN:222,(anonymous_35)
FN:225,(anonymous_36)
FN:240,(anonymous_37)
FN:242,(anonymous_38)
FN:246,(anonymous_39)
FN:248,(anonymous_40)
FN:254,(anonymous_41)
FN:257,(anonymous_42)
FN:260,(anonymous_43)
FN:261,(anonymous_44)
FN:261,(anonymous_45)
FN:262,(anonymous_46)
FN:270,(anonymous_47)
FN:270,(anonymous_48)
FN:275,(anonymous_49)
FN:275,(anonymous_50)
FN:280,(anonymous_51)
FN:281,(anonymous_52)
FN:286,(anonymous_53)
FN:298,(anonymous_54)
FN:301,(anonymous_55)
FN:304,(anonymous_56)
FN:305,(anonymous_57)
FN:305,(anonymous_58)
FN:306,(anonymous_59)
FN:315,(anonymous_60)
FN:321,(anonymous_61)
FN:322,(anonymous_62)
FN:327,(anonymous_63)
FN:338,(anonymous_64)
FN:343,(anonymous_65)
FN:348,(anonymous_66)
FN:351,(anonymous_67)
FN:355,(anonymous_68)
FN:359,(anonymous_69)
FN:363,(anonymous_70)
FN:368,(anonymous_71)
FN:372,(anonymous_72)
FN:381,(anonymous_73)
FN:384,(anonymous_74)
FN:390,(anonymous_75)
FN:392,(anonymous_76)
FN:396,(anonymous_77)
FN:400,(anonymous_78)
FN:410,getParameter
FN:413,(anonymous_80)
FN:420,(anonymous_81)
FN:427,parameterValues
FN:430,(anonymous_83)
FN:437,parametersIncludeIn
FN:439,(anonymous_85)
FN:444,parametersIncludeType
FN:446,(anonymous_87)
FN:451,contentTypeValues
FN:473,currentProducesFor
FN:491,producesOptionsFor
FN:512,consumesOptionsFor
FN:532,(anonymous_92)
FN:540,(anonymous_93)
FN:544,(anonymous_94)
FN:549,(anonymous_95)
FN:552,(anonymous_96)
FN:559,(anonymous_97)
FN:563,(anonymous_98)
FN:575,(anonymous_99)
FN:585,(anonymous_100)
FN:599,returnSelfOrNewMap
FNF:102
FNH:0
FNDA:0,(anonymous_0)
FNDA:0,(anonymous_1)
FNDA:0,(anonymous_2)
FNDA:0,(anonymous_3)
FNDA:0,(anonymous_4)
FNDA:0,(anonymous_5)
FNDA:0,(anonymous_6)
FNDA:0,(anonymous_7)
FNDA:0,(anonymous_8)
FNDA:0,(anonymous_9)
FNDA:0,(anonymous_10)
FNDA:0,(anonymous_11)
FNDA:0,(anonymous_12)
FNDA:0,(anonymous_13)
FNDA:0,(anonymous_14)
FNDA:0,(anonymous_15)
FNDA:0,(anonymous_16)
FNDA:0,(anonymous_17)
FNDA:0,(anonymous_18)
FNDA:0,(anonymous_19)
FNDA:0,(anonymous_20)
FNDA:0,(anonymous_21)
FNDA:0,(anonymous_22)
FNDA:0,(anonymous_23)
FNDA:0,(anonymous_24)
FNDA:0,(anonymous_25)
FNDA:0,(anonymous_26)
FNDA:0,(anonymous_27)
FNDA:0,(anonymous_28)
FNDA:0,(anonymous_29)
FNDA:0,(anonymous_30)
FNDA:0,(anonymous_31)
FNDA:0,(anonymous_32)
FNDA:0,(anonymous_33)
FNDA:0,(anonymous_34)
FNDA:0,(anonymous_35)
FNDA:0,(anonymous_36)
FNDA:0,(anonymous_37)
FNDA:0,(anonymous_38)
FNDA:0,(anonymous_39)
FNDA:0,(anonymous_40)
FNDA:0,(anonymous_41)
FNDA:0,(anonymous_42)
FNDA:0,(anonymous_43)
FNDA:0,(anonymous_44)
FNDA:0,(anonymous_45)
FNDA:0,(anonymous_46)
FNDA:0,(anonymous_47)
FNDA:0,(anonymous_48)
FNDA:0,(anonymous_49)
FNDA:0,(anonymous_50)
FNDA:0,(anonymous_51)
FNDA:0,(anonymous_52)
FNDA:0,(anonymous_53)
FNDA:0,(anonymous_54)
FNDA:0,(anonymous_55)
FNDA:0,(anonymous_56)
FNDA:0,(anonymous_57)
FNDA:0,(anonymous_58)
FNDA:0,(anonymous_59)
FNDA:0,(anonymous_60)
FNDA:0,(anonymous_61)
FNDA:0,(anonymous_62)
FNDA:0,(anonymous_63)
FNDA:0,(anonymous_64)
FNDA:0,(anonymous_65)
FNDA:0,(anonymous_66)
FNDA:0,(anonymous_67)
FNDA:0,(anonymous_68)
FNDA:0,(anonymous_69)
FNDA:0,(anonymous_70)
FNDA:0,(anonymous_71)
FNDA:0,(anonymous_72)
FNDA:0,(anonymous_73)
FNDA:0,(anonymous_74)
FNDA:0,(anonymous_75)
FNDA:0,(anonymous_76)
FNDA:0,(anonymous_77)
FNDA:0,(anonymous_78)
FNDA:0,getParameter
FNDA:0,(anonymous_80)
FNDA:0,(anonymous_81)
FNDA:0,parameterValues
FNDA:0,(anonymous_83)
FNDA:0,parametersIncludeIn
FNDA:0,(anonymous_85)
FNDA:0,parametersIncludeType
FNDA:0,(anonymous_87)
FNDA:0,contentTypeValues
FNDA:0,currentProducesFor
FNDA:0,producesOptionsFor
FNDA:0,consumesOptionsFor
FNDA:0,(anonymous_92)
FNDA:0,(anonymous_93)
FNDA:0,(anonymous_94)
FNDA:0,(anonymous_95)
FNDA:0,(anonymous_96)
FNDA:0,(anonymous_97)
FNDA:0,(anonymous_98)
FNDA:0,(anonymous_99)
FNDA:0,(anonymous_100)
FNDA:0,returnSelfOrNewMap
DA:6,12
DA:8,12
DA:12,12
DA:13,0
DA:16,12
DA:18,0
DA:21,12
DA:23,0
DA:26,12
DA:28,0
DA:31,12
DA:33,0
DA:36,12
DA:38,0
DA:41,12
DA:43,0
DA:46,12
DA:48,0
DA:51,12
DA:53,0
DA:56,12
DA:57,0
DA:60,12
DA:61,0
DA:62,0
DA:65,0
DA:68,0
DA:75,0
DA:80,12
DA:82,0
DA:90,12
DA:91,0
DA:92,0
DA:95,12
DA:101,0
DA:104,12
DA:106,0
DA:109,12
DA:111,0
DA:114,12
DA:116,0
DA:119,12
DA:121,0
DA:124,12
DA:126,0
DA:129,12
DA:132,0
DA:133,0
DA:135,0
DA:137,0
DA:138,0
DA:141,0
DA:142,0
DA:143,0
DA:145,0
DA:146,0
DA:147,0
DA:149,0
DA:158,0
DA:162,12
DA:164,0
DA:167,12
DA:169,0
DA:172,12
DA:174,0
DA:177,12
DA:179,0
DA:183,12
DA:184,0
DA:185,0
DA:186,0
DA:189,12
DA:192,0
DA:193,0
DA:197,12
DA:199,0
DA:202,12
DA:204,0
DA:207,12
DA:209,0
DA:212,12
DA:217,0
DA:218,0
DA:219,0
DA:220,0
DA:221,0
DA:222,0
DA:224,0
DA:225,0
DA:227,0
DA:231,0
DA:238,12
DA:241,0
DA:242,0
DA:246,12
DA:247,0
DA:248,0
DA:251,12
DA:257,0
DA:258,0
DA:259,0
DA:260,0
DA:261,0
DA:265,0
DA:270,12
DA:272,0
DA:275,12
DA:277,0
DA:278,0
DA:280,0
DA:282,0
DA:283,0
DA:287,0
DA:288,0
DA:291,0
DA:295,12
DA:301,0
DA:302,0
DA:303,0
DA:304,0
DA:305,0
DA:309,0
DA:315,12
DA:317,0
DA:319,0
DA:321,0
DA:323,0
DA:324,0
DA:328,0
DA:329,0
DA:332,0
DA:336,12
DA:338,0
DA:341,12
DA:343,0
DA:346,12
DA:348,0
DA:351,12
DA:352,0
DA:355,12
DA:356,0
DA:359,12
DA:360,0
DA:363,12
DA:365,0
DA:368,12
DA:369,0
DA:370,0
DA:372,0
DA:373,0
DA:374,0
DA:375,0
DA:381,0
DA:384,12
DA:385,0
DA:386,0
DA:390,12
DA:391,0
DA:392,0
DA:393,0
DA:396,12
DA:397,0
DA:398,0
DA:400,0
DA:401,0
DA:404,0
DA:411,0
DA:412,0
DA:413,0
DA:414,0
DA:418,12
DA:421,0
DA:422,0
DA:428,0
DA:429,0
DA:430,0
DA:431,0
DA:432,0
DA:438,0
DA:439,0
DA:445,0
DA:446,0
DA:452,0
DA:453,0
DA:454,0
DA:455,0
DA:457,0
DA:460,0
DA:466,0
DA:474,0
DA:476,0
DA:478,0
DA:480,0
DA:483,0
DA:484,0
DA:486,0
DA:492,0
DA:494,0
DA:495,0
DA:497,0
DA:499,0
DA:502,0
DA:504,0
DA:505,0
DA:506,0
DA:508,0
DA:513,0
DA:515,0
DA:516,0
DA:518,0
DA:520,0
DA:523,0
DA:525,0
DA:526,0
DA:527,0
DA:529,0
DA:532,12
DA:533,0
DA:534,0
DA:535,0
DA:537,0
DA:540,12
DA:541,0
DA:544,12
DA:545,0
DA:546,0
DA:547,0
DA:549,0
DA:550,0
DA:551,0
DA:552,0
DA:556,0
DA:559,12
DA:560,0
DA:563,12
DA:564,0
DA:568,0
DA:569,0
DA:570,0
DA:572,0
DA:573,0
DA:575,0
DA:576,0
DA:577,0
DA:578,0
DA:579,0
DA:582,0
DA:585,12
DA:586,0
DA:587,0
DA:589,0
DA:590,0
DA:592,0
DA:594,0
DA:595,0
DA:596,0
DA:601,0
LF:257
LH:57
BRDA:13,0,0,0
BRDA:13,0,1,0
BRDA:38,1,0,0
BRDA:38,1,1,0
BRDA:43,2,0,0
BRDA:43,2,1,0
BRDA:61,3,0,0
BRDA:61,3,1,0
BRDA:61,4,0,0
BRDA:61,4,1,0
BRDA:62,5,0,0
BRDA:62,5,1,0
BRDA:106,6,0,0
BRDA:106,6,1,0
BRDA:111,7,0,0
BRDA:111,7,1,0
BRDA:116,8,0,0
BRDA:116,8,1,0
BRDA:132,9,0,0
BRDA:132,9,1,0
BRDA:132,10,0,0
BRDA:132,10,1,0
BRDA:137,11,0,0
BRDA:137,11,1,0
BRDA:137,12,0,0
BRDA:137,12,1,0
BRDA:142,13,0,0
BRDA:142,13,1,0
BRDA:142,14,0,0
BRDA:142,14,1,0
BRDA:146,15,0,0
BRDA:146,15,1,0
BRDA:186,16,0,0
BRDA:186,16,1,0
BRDA:186,16,2,0
BRDA:193,17,0,0
BRDA:193,17,1,0
BRDA:218,18,0,0
BRDA:218,18,1,0
BRDA:219,19,0,0
BRDA:219,19,1,0
BRDA:221,20,0,0
BRDA:221,20,1,0
BRDA:224,21,0,0
BRDA:224,21,1,0
BRDA:242,22,0,0
BRDA:242,22,1,0
BRDA:247,23,0,0
BRDA:247,23,1,0
BRDA:259,24,0,0
BRDA:259,24,1,0
BRDA:282,25,0,0
BRDA:282,25,1,0
BRDA:283,26,0,0
BRDA:283,26,1,0
BRDA:287,27,0,0
BRDA:287,27,1,0
BRDA:288,28,0,0
BRDA:288,28,1,0
BRDA:303,29,0,0
BRDA:303,29,1,0
BRDA:323,30,0,0
BRDA:323,30,1,0
BRDA:324,31,0,0
BRDA:324,31,1,0
BRDA:328,32,0,0
BRDA:328,32,1,0
BRDA:329,33,0,0
BRDA:329,33,1,0
BRDA:381,34,0,0
BRDA:381,34,1,0
BRDA:392,35,0,0
BRDA:392,35,1,0
BRDA:411,36,0,0
BRDA:411,36,1,0
BRDA:413,37,0,0
BRDA:413,37,1,0
BRDA:414,38,0,0
BRDA:414,38,1,0
BRDA:414,38,2,0
BRDA:422,39,0,0
BRDA:422,39,1,0
BRDA:422,39,2,0
BRDA:428,40,0,0
BRDA:428,40,1,0
BRDA:431,41,0,0
BRDA:431,41,1,0
BRDA:431,42,0,0
BRDA:431,42,1,0
BRDA:437,43,0,0
BRDA:438,44,0,0
BRDA:438,44,1,0
BRDA:439,45,0,0
BRDA:439,45,1,0
BRDA:444,46,0,0
BRDA:445,47,0,0
BRDA:445,47,1,0
BRDA:446,48,0,0
BRDA:446,48,1,0
BRDA:452,49,0,0
BRDA:452,49,1,0
BRDA:457,50,0,0
BRDA:457,50,1,0
BRDA:460,51,0,0
BRDA:460,51,1,0
BRDA:461,52,0,0
BRDA:461,52,1,0
BRDA:462,53,0,0
BRDA:462,53,1,0
BRDA:474,54,0,0
BRDA:474,54,1,0
BRDA:478,55,0,0
BRDA:478,55,1,0
BRDA:486,56,0,0
BRDA:486,56,1,0
BRDA:486,56,2,0
BRDA:492,57,0,0
BRDA:492,57,1,0
BRDA:497,58,0,0
BRDA:497,58,1,0
BRDA:508,59,0,0
BRDA:508,59,1,0
BRDA:508,59,2,0
BRDA:513,60,0,0
BRDA:513,60,1,0
BRDA:518,61,0,0
BRDA:518,61,1,0
BRDA:529,62,0,0
BRDA:529,62,1,0
BRDA:529,62,2,0
BRDA:535,63,0,0
BRDA:535,63,1,0
BRDA:537,64,0,0
BRDA:537,64,1,0
BRDA:537,64,2,0
BRDA:537,64,3,0
BRDA:545,65,0,0
BRDA:545,65,1,0
BRDA:551,66,0,0
BRDA:551,66,1,0
BRDA:551,67,0,0
BRDA:551,67,1,0
BRDA:569,68,0,0
BRDA:569,68,1,0
BRDA:572,69,0,0
BRDA:572,69,1,0
BRDA:577,70,0,0
BRDA:577,70,1,0
BRDA:586,71,0,0
BRDA:586,71,1,0
BRDA:586,72,0,0
BRDA:586,72,1,0
BRDA:586,72,2,0
BRDA:590,73,0,0
BRDA:590,73,1,0
BRDA:590,74,0,0
BRDA:590,74,1,0
BRDA:590,74,2,0
BRDA:601,75,0,0
BRDA:601,75,1,0
BRF:160
BRH:0
end_of_record
TN:
SF:src\core\plugins\spec\index.js
FN:6,(anonymous_0)
FNF:1
FNH:1
FNDA:24,(anonymous_0)
DA:7,24
LF:1
LH:1
BRF:0
BRH:0
end_of_record
TN:
SF:src\core\plugins\spec\reducers.js
FN:39,(anonymous_0)
FN:45,(anonymous_1)
FN:49,(anonymous_2)
FN:53,(anonymous_3)
FN:57,(anonymous_4)
FN:61,(anonymous_5)
FN:65,(anonymous_6)
FN:71,(anonymous_7)
FN:75,(anonymous_8)
FN:79,(anonymous_9)
FN:83,(anonymous_10)
FN:89,(anonymous_11)
FN:102,(anonymous_12)
FN:118,(anonymous_13)
FN:122,(anonymous_14)
FN:123,(anonymous_15)
FN:134,(anonymous_16)
FN:135,(anonymous_17)
FN:136,(anonymous_18)
FN:140,(anonymous_19)
FN:165,(anonymous_20)
FN:169,(anonymous_21)
FN:173,(anonymous_22)
FN:190,(anonymous_23)
FN:194,(anonymous_24)
FN:198,(anonymous_25)
FNF:26
FNH:11
FNDA:12,(anonymous_0)
FNDA:9,(anonymous_1)
FNDA:20,(anonymous_2)
FNDA:81,(anonymous_3)
FNDA:33,(anonymous_4)
FNDA:56,(anonymous_5)
FNDA:20,(anonymous_6)
FNDA:30,(anonymous_7)
FNDA:20,(anonymous_8)
FNDA:0,(anonymous_9)
FNDA:39,(anonymous_10)
FNDA:0,(anonymous_11)
FNDA:0,(anonymous_12)
FNDA:0,(anonymous_13)
FNDA:0,(anonymous_14)
FNDA:0,(anonymous_15)
FNDA:0,(anonymous_16)
FNDA:0,(anonymous_17)
FNDA:0,(anonymous_18)
FNDA:0,(anonymous_19)
FNDA:0,(anonymous_20)
FNDA:0,(anonymous_21)
FNDA:0,(anonymous_22)
FNDA:0,(anonymous_23)
FNDA:0,(anonymous_24)
FNDA:26,(anonymous_25)
DA:40,12
DA:46,9
DA:50,20
DA:54,81
DA:58,33
DA:62,56
DA:66,20
DA:72,30
DA:76,20
DA:80,0
DA:84,39
DA:86,39
DA:90,0
DA:92,0
DA:94,0
DA:96,0
DA:103,0
DA:105,0
DA:106,0
DA:107,0
DA:110,0
DA:112,0
DA:119,0
DA:120,0
DA:122,0
DA:123,0
DA:124,0
DA:125,0
DA:126,0
DA:130,0
DA:135,0
DA:136,0
DA:142,0
DA:143,0
DA:150,0
DA:154,0
DA:156,0
DA:159,0
DA:160,0
DA:162,0
DA:166,0
DA:170,0
DA:175,0
DA:176,0
DA:178,0
DA:184,0
DA:187,0
DA:191,0
DA:195,0
DA:199,26
DA:200,0
DA:203,26
DA:204,26
LF:53
LH:14
BRDA:40,0,0,12
BRDA:40,0,1,0
BRDA:66,1,0,20
BRDA:66,1,1,0
BRDA:92,2,0,0
BRDA:92,2,1,0
BRDA:94,3,0,0
BRDA:94,3,1,0
BRDA:105,4,0,0
BRDA:105,4,1,0
BRDA:105,5,0,0
BRDA:105,5,1,0
BRDA:142,6,0,0
BRDA:142,6,1,0
BRDA:154,7,0,0
BRDA:154,7,1,0
BRDA:159,8,0,0
BRDA:159,8,1,0
BRDA:159,9,0,0
BRDA:159,9,1,0
BRDA:178,10,0,0
BRDA:178,10,1,0
BRDA:179,11,0,0
BRDA:179,11,1,0
BRDA:179,11,2,0
BRDA:199,12,0,0
BRDA:199,12,1,26
BRDA:199,13,0,26
BRDA:199,13,1,0
BRDA:203,14,0,26
BRDA:203,14,1,0
BRDA:203,15,0,26
BRDA:203,15,1,26
BRF:33
BRH:7
end_of_record
TN:
SF:src\core\plugins\spec\wrap-actions.js
FN:3,(anonymous_0)
FN:3,(anonymous_1)
FN:10,(anonymous_2)
FN:10,(anonymous_3)
FN:26,(anonymous_4)
FN:39,(anonymous_5)
FN:39,(anonymous_6)
FN:45,(anonymous_7)
FN:45,(anonymous_8)
FNF:9
FNH:5
FNDA:20,(anonymous_0)
FNDA:20,(anonymous_1)
FNDA:20,(anonymous_2)
FNDA:20,(anonymous_3)
FNDA:16,(anonymous_4)
FNDA:0,(anonymous_5)
FNDA:0,(anonymous_6)
FNDA:0,(anonymous_7)
FNDA:0,(anonymous_8)
DA:3,20
DA:4,20
DA:7,20
DA:10,20
DA:11,20
DA:17,20
DA:20,20
DA:21,20
DA:22,20
DA:26,20
DA:27,16
DA:29,16
DA:30,0
DA:35,20
DA:39,12
DA:41,0
DA:42,0
DA:45,12
DA:46,0
LF:19
LH:15
BRDA:21,0,0,20
BRDA:21,0,1,11
BRDA:29,1,0,0
BRDA:29,1,1,16
BRF:4
BRH:3
end_of_record
TN:
SF:src\core\plugins\swagger-js\configs-wrap-actions.js
FN:1,(anonymous_0)
FN:1,(anonymous_1)
FNF:2
FNH:2
FNDA:12,(anonymous_0)
FNDA:12,(anonymous_1)
DA:1,12
DA:2,12
DA:3,12
DA:5,12
DA:6,0
LF:5
LH:4
BRDA:5,0,0,0
BRDA:5,0,1,12
BRDA:6,1,0,0
BRDA:6,1,1,0
BRF:4
BRH:1
end_of_record
TN:
SF:src\core\plugins\swagger-js\index.js
FN:8,(anonymous_0)
FN:15,(anonymous_1)
FNF:2
FNH:2
FNDA:24,(anonymous_0)
FNDA:19,(anonymous_1)
DA:9,24
DA:16,19
DA:17,0
DA:18,0
DA:26,19
LF:5
LH:3
BRDA:16,0,0,0
BRDA:16,0,1,19
BRF:2
BRH:1
end_of_record
TN:
SF:src\core\plugins\util\index.js
FN:3,(anonymous_0)
FNF:1
FNH:1
FNDA:24,(anonymous_0)
DA:4,24
LF:1
LH:1
BRF:0
BRH:0
end_of_record
TN:
SF:src\core\plugins\view\fn.js
FN:1,(anonymous_0)
FNF:1
FNH:1
FNDA:402,(anonymous_0)
DA:1,402
LF:1
LH:1
BRDA:1,0,0,402
BRDA:1,0,1,261
BRDA:1,0,2,21
BRF:3
BRH:3
end_of_record
TN:
SF:src\core\plugins\view\index.js
FN:7,(anonymous_0)
FN:8,(anonymous_1)
FN:12,(anonymous_2)
FN:13,(anonymous_3)
FN:17,(anonymous_4)
FNF:5
FNH:4
FNDA:24,(anonymous_0)
FNDA:17928,(anonymous_1)
FNDA:24,(anonymous_2)
FNDA:0,(anonymous_3)
FNDA:24,(anonymous_4)
DA:7,12
DA:8,17928
DA:9,24
DA:12,12
DA:13,24
DA:14,24
DA:17,12
DA:19,24
DA:20,24
DA:22,24
LF:10
LH:10
BRF:0
BRH:0
end_of_record
TN:
SF:src\core\presets\apis.js
FN:6,PresetApis
FNF:1
FNH:1
FNDA:24,PresetApis
DA:8,24
LF:1
LH:1
BRF:0
BRH:0
end_of_record
TN:
SF:src\core\utils\jsonParse.js
FN:1,canJsonParse
FN:11,getKnownSyntaxHighlighterLanguage
FNF:2
FNH:2
FNDA:2,canJsonParse
FNDA:2,getKnownSyntaxHighlighterLanguage
DA:2,2
DA:3,2
DA:4,2
DA:7,0
DA:13,2
DA:14,2
LF:6
LH:5
BRDA:4,0,0,2
BRDA:4,0,1,0
BRDA:14,1,0,2
BRDA:14,1,1,0
BRF:4
BRH:2
end_of_record
TN:
SF:src\core\utils\url.js
FN:1,isAbsoluteUrl
FN:5,addProtocol
FN:11,buildBaseUrl
FN:18,buildUrl
FN:33,safeBuildUrl
FNF:5
FNH:3
FNDA:90,isAbsoluteUrl
FNDA:0,addProtocol
FNDA:0,buildBaseUrl
FNDA:190,buildUrl
FNDA:190,safeBuildUrl
DA:2,90
DA:6,0
DA:8,0
DA:12,0
DA:13,0
DA:15,0
DA:19,190
DA:20,90
DA:22,0
DA:23,0
DA:24,0
DA:26,0
DA:34,190
DA:35,190
DA:37,0
LF:15
LH:5
BRDA:6,0,0,0
BRDA:6,0,1,0
BRDA:12,1,0,0
BRDA:12,1,1,0
BRDA:13,2,0,0
BRDA:13,2,1,0
BRDA:18,3,0,0
BRDA:18,4,0,0
BRDA:19,5,0,100
BRDA:19,5,1,90
BRDA:20,6,0,90
BRDA:20,6,1,0
BRDA:23,7,0,0
BRDA:23,7,1,0
BRDA:33,8,0,0
BRDA:33,9,0,0
BRF:16
BRH:3
end_of_record
