TN:
SF:src\core\index.js
FN:12,SwaggerUI
FN:42,(anonymous_1)
FN:43,(anonymous_2)
FN:152,(anonymous_3)
FN:165,(anonymous_4)
FNF:5
FNH:5
FNDA:95,SwaggerUI
FNDA:246,(anonymous_1)
FNDA:220,(anonymous_2)
FNDA:190,(anonymous_3)
FNDA:95,(anonymous_4)
DA:10,95
DA:14,95
DA:15,95
DA:22,95
DA:42,246
DA:43,220
DA:112,95
DA:114,95
DA:115,95
DA:117,95
DA:119,95
DA:138,95
DA:142,95
DA:143,0
DA:147,0
DA:152,95
DA:153,190
DA:160,95
DA:161,95
DA:163,95
DA:165,95
DA:169,95
DA:170,95
DA:173,95
DA:174,0
DA:177,95
DA:178,95
DA:180,95
DA:181,95
DA:182,0
DA:183,0
DA:184,0
DA:185,95
DA:188,95
DA:189,95
DA:193,95
DA:194,0
DA:195,95
DA:196,95
DA:197,95
DA:198,0
DA:202,0
DA:205,95
DA:208,95
DA:210,95
DA:211,0
DA:218,95
DA:221,0
DA:225,95
DA:230,95
LF:50
LH:39
BRDA:14,0,0,95
BRDA:14,0,1,95
BRDA:112,1,0,0
BRDA:112,1,1,95
BRDA:138,2,0,95
BRDA:138,2,1,0
BRDA:143,3,0,0
BRDA:143,3,1,0
BRDA:144,4,0,0
BRDA:144,4,1,0
BRDA:169,5,0,95
BRDA:169,5,1,0
BRDA:170,6,0,95
BRDA:170,6,1,95
BRDA:173,7,0,0
BRDA:173,7,1,95
BRDA:180,8,0,95
BRDA:180,8,1,0
BRDA:181,9,0,0
BRDA:181,9,1,95
BRDA:181,10,0,95
BRDA:181,10,1,95
BRDA:181,10,2,95
BRDA:185,11,0,95
BRDA:185,11,1,0
BRDA:185,12,0,95
BRDA:185,12,1,95
BRDA:185,12,2,95
BRDA:193,13,0,0
BRDA:193,13,1,95
BRDA:195,14,0,95
BRDA:195,14,1,0
BRDA:198,15,0,0
BRDA:198,15,1,0
BRDA:198,16,0,0
BRDA:198,16,1,0
BRDA:208,17,0,95
BRDA:208,17,1,95
BRDA:210,18,0,0
BRDA:210,18,1,95
BRDA:210,19,0,95
BRDA:210,19,1,0
BRDA:210,19,2,0
BRF:43
BRH:23
end_of_record
TN:
SF:src\core\oauth2-authorize.js
FN:5,authorize
FNF:1
FNH:0
FNDA:0,authorize
DA:6,0
DA:7,0
DA:8,0
DA:10,0
DA:12,0
DA:13,0
DA:16,0
DA:17,0
DA:20,0
DA:21,0
DA:24,0
DA:25,0
DA:30,0
DA:31,0
DA:36,0
DA:37,0
DA:40,0
DA:41,0
DA:44,0
DA:47,0
DA:48,0
DA:54,0
DA:56,0
DA:58,0
DA:59,0
DA:60,0
DA:61,0
DA:62,0
DA:65,0
DA:66,0
DA:68,0
DA:71,0
DA:73,0
DA:75,0
DA:76,0
DA:79,0
DA:80,0
DA:81,0
DA:83,0
DA:84,0
DA:88,0
DA:91,0
DA:93,0
DA:94,0
DA:95,0
DA:99,0
DA:101,0
DA:103,0
DA:109,0
DA:111,0
DA:117,0
DA:118,0
DA:119,0
DA:120,0
DA:122,0
DA:125,0
LF:56
LH:0
BRDA:5,0,0,0
BRDA:10,1,0,0
BRDA:10,1,1,0
BRDA:10,1,2,0
BRDA:10,1,3,0
BRDA:10,1,4,0
BRDA:10,1,5,0
BRDA:10,1,6,0
BRDA:10,1,7,0
BRDA:40,2,0,0
BRDA:40,2,1,0
BRDA:47,3,0,0
BRDA:47,3,1,0
BRDA:59,4,0,0
BRDA:59,4,1,0
BRDA:61,5,0,0
BRDA:61,5,1,0
BRDA:65,6,0,0
BRDA:65,6,1,0
BRDA:66,7,0,0
BRDA:66,7,1,0
BRDA:75,8,0,0
BRDA:75,8,1,0
BRDA:79,9,0,0
BRDA:79,9,1,0
BRDA:79,10,0,0
BRDA:79,10,1,0
BRDA:79,10,2,0
BRDA:79,10,3,0
BRDA:94,11,0,0
BRDA:94,11,1,0
BRDA:101,12,0,0
BRDA:101,12,1,0
BRDA:111,13,0,0
BRDA:111,13,1,0
BRDA:117,14,0,0
BRDA:117,14,1,0
BRDA:119,15,0,0
BRDA:119,15,1,0
BRF:39
BRH:0
end_of_record
TN:
SF:src\core\syntax-highlighting.js
FN:30,(anonymous_0)
FNF:1
FNH:1
FNDA:28,(anonymous_0)
DA:18,95
DA:19,95
DA:20,95
DA:21,95
DA:22,95
DA:23,95
DA:24,95
DA:25,95
DA:27,95
DA:28,95
DA:30,95
DA:31,28
DA:32,0
DA:33,0
DA:35,28
LF:15
LH:13
BRDA:31,0,0,0
BRDA:31,0,1,28
BRF:2
BRH:1
end_of_record
TN:
SF:src\core\system.js
FN:13,(anonymous_0)
FN:16,createStoreWithMiddleware
FN:34,(anonymous_2)
FN:62,(anonymous_3)
FN:66,(anonymous_4)
FN:80,(anonymous_5)
FN:97,(anonymous_6)
FN:101,(anonymous_7)
FN:113,(anonymous_8)
FN:117,(anonymous_9)
FN:123,(anonymous_10)
FN:127,(anonymous_11)
FN:135,(anonymous_12)
FN:137,(anonymous_13)
FN:144,(anonymous_14)
FN:148,(anonymous_15)
FN:151,(anonymous_16)
FN:152,(anonymous_17)
FN:159,(anonymous_18)
FN:161,(anonymous_19)
FN:164,(anonymous_20)
FN:173,(anonymous_21)
FN:174,(anonymous_22)
FN:188,(anonymous_23)
FN:190,(anonymous_24)
FN:194,(anonymous_25)
FN:203,(anonymous_26)
FN:204,(anonymous_27)
FN:218,(anonymous_28)
FN:219,(anonymous_29)
FN:225,(anonymous_30)
FN:226,(anonymous_31)
FN:227,(anonymous_32)
FN:232,(anonymous_33)
FN:238,(anonymous_34)
FN:242,(anonymous_35)
FN:253,(anonymous_36)
FN:254,(anonymous_37)
FN:256,(anonymous_38)
FN:258,(anonymous_39)
FN:259,(anonymous_40)
FN:272,(anonymous_41)
FN:278,(anonymous_42)
FN:280,(anonymous_43)
FN:283,(anonymous_44)
FN:297,(anonymous_45)
FN:300,(anonymous_46)
FN:301,(anonymous_47)
FN:306,(anonymous_48)
FN:307,(anonymous_49)
FN:314,combinePlugins
FN:327,(anonymous_51)
FN:334,callAfterLoad
FN:347,(anonymous_53)
FN:356,systemExtend
FN:368,(anonymous_55)
FN:442,buildReducer
FN:443,(anonymous_57)
FN:449,allReducers
FN:450,(anonymous_59)
FN:462,makeReducer
FN:463,(anonymous_61)
FN:478,wrapWithTryCatch
FN:485,(anonymous_63)
FN:497,configureStore
FNF:65
FNH:58
FNDA:95,(anonymous_0)
FNDA:95,createStoreWithMiddleware
FNDA:95,(anonymous_2)
FNDA:1520,(anonymous_3)
FNDA:190,(anonymous_4)
FNDA:475,(anonymous_5)
FNDA:86512,(anonymous_6)
FNDA:475,(anonymous_7)
FNDA:19305,(anonymous_8)
FNDA:475,(anonymous_9)
FNDA:95,(anonymous_10)
FNDA:380,(anonymous_11)
FNDA:950,(anonymous_12)
FNDA:5320,(anonymous_13)
FNDA:475,(anonymous_14)
FNDA:475,(anonymous_15)
FNDA:2280,(anonymous_16)
FNDA:52440,(anonymous_17)
FNDA:475,(anonymous_18)
FNDA:2280,(anonymous_19)
FNDA:24320,(anonymous_20)
FNDA:5700,(anonymous_21)
FNDA:1012,(anonymous_22)
FNDA:475,(anonymous_23)
FNDA:2660,(anonymous_24)
FNDA:31920,(anonymous_25)
FNDA:4940,(anonymous_26)
FNDA:12725,(anonymous_27)
FNDA:0,(anonymous_28)
FNDA:0,(anonymous_29)
FNDA:475,(anonymous_30)
FNDA:2660,(anonymous_31)
FNDA:0,(anonymous_32)
FNDA:475,(anonymous_33)
FNDA:4358,(anonymous_34)
FNDA:1926,(anonymous_35)
FNDA:475,(anonymous_36)
FNDA:2660,(anonymous_37)
FNDA:98041,(anonymous_38)
FNDA:43320,(anonymous_39)
FNDA:98041,(anonymous_40)
FNDA:475,(anonymous_41)
FNDA:33820,(anonymous_42)
FNDA:31540,(anonymous_43)
FNDA:4961,(anonymous_44)
FNDA:2280,(anonymous_45)
FNDA:0,(anonymous_46)
FNDA:0,(anonymous_47)
FNDA:0,(anonymous_48)
FNDA:0,(anonymous_49)
FNDA:5985,combinePlugins
FNDA:3325,(anonymous_51)
FNDA:5985,callAfterLoad
FNDA:3325,(anonymous_53)
FNDA:3515,systemExtend
FNDA:4560,(anonymous_55)
FNDA:380,buildReducer
FNDA:2660,(anonymous_57)
FNDA:380,allReducers
FNDA:2660,(anonymous_59)
FNDA:2660,makeReducer
FNDA:22113,(anonymous_61)
FNDA:112214,wrapWithTryCatch
FNDA:107526,(anonymous_63)
FNDA:95,configureStore
DA:13,95
DA:18,95
DA:25,95
DA:27,95
DA:35,95
DA:50,95
DA:53,95
DA:56,95
DA:59,95
DA:63,1520
DA:67,190
DA:68,190
DA:69,190
DA:70,190
DA:73,190
DA:75,190
DA:76,190
DA:81,475
DA:82,475
DA:84,475
DA:93,475
DA:94,380
DA:98,86512
DA:102,475
DA:114,19305
DA:118,475
DA:124,95
DA:128,380
DA:136,950
DA:137,950
DA:138,5320
DA:139,5320
DA:140,4940
DA:145,475
DA:149,475
DA:151,475
DA:152,2280
DA:153,52440
DA:154,31540
DA:160,475
DA:161,475
DA:162,2280
DA:163,2280
DA:164,1520
DA:165,24320
DA:166,24320
DA:167,20900
DA:170,3420
DA:171,0
DA:173,3420
DA:174,5700
DA:175,1012
DA:177,5700
DA:178,0
DA:180,5700
DA:184,760
DA:189,475
DA:190,475
DA:191,2660
DA:192,2660
DA:193,2660
DA:194,760
DA:195,31920
DA:196,31920
DA:197,26980
DA:200,4940
DA:201,0
DA:203,4940
DA:204,4940
DA:205,12725
DA:207,4940
DA:208,0
DA:210,4940
DA:214,1900
DA:219,0
DA:220,0
DA:221,0
DA:226,475
DA:227,2660
DA:228,2660
DA:233,475
DA:239,4358
DA:241,4358
DA:242,1693
DA:243,1926
DA:246,2665
DA:247,2665
DA:250,0
DA:254,475
DA:255,2660
DA:256,98041
DA:258,2660
DA:259,43320
DA:260,98041
DA:263,98041
DA:264,5599
DA:266,98041
DA:274,475
DA:276,475
DA:278,475
DA:279,33820
DA:280,31540
DA:283,31540
DA:284,4961
DA:285,4961
DA:286,4961
DA:289,0
DA:292,4961
DA:297,2280
DA:301,0
DA:302,0
DA:307,0
DA:308,0
DA:315,5985
DA:316,2755
DA:319,3230
DA:320,2470
DA:323,760
DA:324,760
DA:326,760
DA:327,3325
DA:331,0
DA:335,5985
DA:336,5985
DA:337,2755
DA:338,95
DA:339,95
DA:343,5985
DA:344,2470
DA:346,3515
DA:347,3325
DA:350,2755
DA:358,3515
DA:359,0
DA:361,3515
DA:362,0
DA:367,3515
DA:368,1045
DA:369,4560
DA:370,4560
DA:371,285
DA:372,285
DA:373,4275
DA:374,2185
DA:375,2185
DA:379,1045
DA:383,285
DA:391,3515
DA:392,3515
DA:393,2660
DA:394,9500
DA:395,9500
DA:396,0
DA:399,9500
DA:402,9500
DA:403,4750
DA:404,11780
DA:407,11780
DA:408,950
DA:409,950
DA:412,11780
DA:413,570
DA:420,9500
DA:421,1710
DA:422,3800
DA:425,3800
DA:426,1235
DA:427,1235
DA:430,3800
DA:431,0
DA:439,3515
DA:443,380
DA:444,2660
DA:446,380
DA:450,380
DA:451,2660
DA:452,2660
DA:455,380
DA:456,0
DA:459,380
DA:463,2660
DA:464,22113
DA:465,3159
DA:467,18954
DA:468,18954
DA:469,2779
DA:472,2779
DA:474,16175
DA:481,112214
DA:482,0
DA:485,112214
DA:486,107526
DA:487,107526
DA:489,0
DA:490,0
DA:492,0
DA:498,95
DA:508,95
LF:198
LH:175
BRDA:25,0,0,95
BRDA:25,0,1,95
BRDA:34,1,0,0
BRDA:66,2,0,190
BRDA:69,3,0,190
BRDA:69,3,1,0
BRDA:75,4,0,190
BRDA:75,4,1,0
BRDA:80,5,0,380
BRDA:93,6,0,380
BRDA:93,6,1,95
BRDA:110,7,0,475
BRDA:110,7,1,0
BRDA:139,8,0,4940
BRDA:139,8,1,380
BRDA:153,9,0,31540
BRDA:153,9,1,20900
BRDA:163,10,0,1520
BRDA:163,10,1,760
BRDA:166,11,0,20900
BRDA:166,11,1,3420
BRDA:170,12,0,0
BRDA:170,12,1,3420
BRDA:177,13,0,0
BRDA:177,13,1,5700
BRDA:181,14,0,3420
BRDA:181,14,1,0
BRDA:193,15,0,760
BRDA:193,15,1,1900
BRDA:196,16,0,26980
BRDA:196,16,1,4940
BRDA:200,17,0,0
BRDA:200,17,1,4940
BRDA:207,18,0,0
BRDA:207,18,1,4940
BRDA:211,19,0,4940
BRDA:211,19,1,0
BRDA:241,20,0,1693
BRDA:241,20,1,2665
BRDA:246,21,0,2665
BRDA:246,21,1,0
BRDA:263,22,0,5599
BRDA:263,22,1,92442
BRDA:274,23,0,475
BRDA:274,23,1,0
BRDA:279,24,0,2280
BRDA:279,24,1,31540
BRDA:315,25,0,2755
BRDA:315,25,1,3230
BRDA:315,26,0,5985
BRDA:315,26,1,3515
BRDA:319,27,0,2470
BRDA:319,27,1,760
BRDA:323,28,0,760
BRDA:323,28,1,0
BRDA:324,29,0,0
BRDA:324,29,1,760
BRDA:334,30,0,190
BRDA:336,31,0,2755
BRDA:336,31,1,3230
BRDA:336,32,0,5985
BRDA:336,32,1,3515
BRDA:337,33,0,95
BRDA:337,33,1,2660
BRDA:343,34,0,2470
BRDA:343,34,1,3515
BRDA:346,35,0,760
BRDA:346,35,1,2755
BRDA:356,36,0,0
BRDA:356,37,0,0
BRDA:358,38,0,0
BRDA:358,38,1,3515
BRDA:361,39,0,0
BRDA:361,39,1,3515
BRDA:367,40,0,1045
BRDA:367,40,1,2470
BRDA:369,41,0,4560
BRDA:369,41,1,3325
BRDA:370,42,0,285
BRDA:370,42,1,4275
BRDA:370,43,0,4560
BRDA:370,43,1,2470
BRDA:373,44,0,2185
BRDA:373,44,1,2090
BRDA:379,45,0,285
BRDA:379,45,1,760
BRDA:392,46,0,2660
BRDA:392,46,1,855
BRDA:395,47,0,0
BRDA:395,47,1,9500
BRDA:402,48,0,4750
BRDA:402,48,1,4750
BRDA:407,49,0,950
BRDA:407,49,1,10830
BRDA:412,50,0,570
BRDA:412,50,1,11210
BRDA:412,51,0,11780
BRDA:412,51,1,11780
BRDA:412,51,2,8455
BRDA:412,51,3,3800
BRDA:412,51,4,1235
BRDA:420,52,0,1710
BRDA:420,52,1,7790
BRDA:425,53,0,1235
BRDA:425,53,1,2565
BRDA:430,54,0,0
BRDA:430,54,1,3800
BRDA:430,55,0,3800
BRDA:430,55,1,3800
BRDA:430,55,2,3230
BRDA:430,55,3,2660
BRDA:430,55,4,95
BRDA:455,56,0,0
BRDA:455,56,1,380
BRDA:463,57,0,380
BRDA:464,58,0,3159
BRDA:464,58,1,18954
BRDA:468,59,0,2779
BRDA:468,59,1,16175
BRDA:472,60,0,0
BRDA:472,60,1,2779
BRDA:478,61,0,112214
BRDA:479,62,0,112214
BRDA:481,63,0,0
BRDA:481,63,1,112214
BRDA:489,64,0,0
BRDA:489,64,1,0
BRF:127
BRH:102
end_of_record
TN:
SF:src\core\utils.js
FN:33,(anonymous_0)
FN:35,objectify
FN:43,arrayify
FN:53,fromJSOrdered
FN:92,createObjWithHashedKeys
FN:123,bindToState
FN:126,(anonymous_6)
FN:127,(anonymous_7)
FN:131,normalizeArray
FN:137,isFn
FN:141,isObject
FN:145,isFunc
FN:149,isArray
FN:156,objMap
FN:157,(anonymous_14)
FN:163,objReduce
FN:164,(anonymous_16)
FN:173,systemThunkMiddleware
FN:174,(anonymous_18)
FN:175,(anonymous_19)
FN:175,(anonymous_20)
FN:185,defaultStatusCode
FN:187,(anonymous_22)
FN:197,getList
FN:212,mapToList
FN:241,extractFileNameFromContentDispositionHeader
FN:250,(anonymous_26)
FN:267,pascalCase
FN:272,pascalCaseFilename
FN:281,(anonymous_29)
FN:288,(anonymous_30)
FN:305,(anonymous_31)
FN:308,(anonymous_32)
FN:314,(anonymous_33)
FN:320,(anonymous_34)
FN:326,(anonymous_35)
FN:332,(anonymous_36)
FN:338,(anonymous_37)
FN:344,(anonymous_38)
FN:350,(anonymous_39)
FN:356,(anonymous_40)
FN:363,(anonymous_41)
FN:369,(anonymous_42)
FN:379,(anonymous_43)
FN:380,(anonymous_44)
FN:385,(anonymous_45)
FN:391,(anonymous_46)
FN:397,(anonymous_47)
FN:403,(anonymous_48)
FN:409,(anonymous_49)
FN:416,validateValueBySchema
FN:472,(anonymous_51)
FN:493,(anonymous_52)
FN:500,(anonymous_53)
FN:503,(anonymous_54)
FN:582,(anonymous_55)
FN:585,(anonymous_56)
FN:598,(anonymous_57)
FN:607,(anonymous_58)
FN:633,(anonymous_59)
FN:638,(anonymous_60)
FN:643,(anonymous_61)
FN:648,(anonymous_62)
FN:667,(anonymous_63)
FN:682,(anonymous_64)
FN:704,(anonymous_65)
FN:705,(anonymous_66)
FN:710,(anonymous_67)
FN:724,(anonymous_68)
FN:725,(anonymous_69)
FN:728,(anonymous_70)
FN:732,(anonymous_71)
FN:745,(anonymous_72)
FN:746,(anonymous_73)
FN:751,sanitizeUrl
FN:759,requiresValidationURL
FN:767,getAcceptControllingResponse
FN:778,(anonymous_77)
FN:791,(anonymous_78)
FN:793,(anonymous_79)
FN:795,(anonymous_80)
FN:795,(anonymous_81)
FN:796,(anonymous_82)
FN:796,(anonymous_83)
FN:802,deeplyStripKey
FN:802,(anonymous_85)
FN:809,(anonymous_86)
FN:820,stringify
FN:845,numberToString
FN:853,paramToIdentifier
FN:879,paramToValue
FN:885,(anonymous_91)
FN:888,(anonymous_92)
FN:894,generateCodeVerifier
FN:900,createCodeChallenge
FN:908,b64toB64UrlEncoded
FN:915,(anonymous_96)
FNF:97
FNH:34
FNDA:43418,(anonymous_0)
FNDA:98,objectify
FNDA:0,arrayify
FNDA:43390,fromJSOrdered
FNDA:0,createObjWithHashedKeys
FNDA:0,bindToState
FNDA:0,(anonymous_6)
FNDA:0,(anonymous_7)
FNDA:6209,normalizeArray
FNDA:63080,isFn
FNDA:94352,isObject
FNDA:10663,isFunc
FNDA:11305,isArray
FNDA:11020,objMap
FNDA:150480,(anonymous_14)
FNDA:3230,objReduce
FNDA:57760,(anonymous_16)
FNDA:95,systemThunkMiddleware
FNDA:95,(anonymous_18)
FNDA:95,(anonymous_19)
FNDA:4961,(anonymous_20)
FNDA:42,defaultStatusCode
FNDA:42,(anonymous_22)
FNDA:3337,getList
FNDA:0,mapToList
FNDA:0,extractFileNameFromContentDispositionHeader
FNDA:0,(anonymous_26)
FNDA:16910,pascalCase
FNDA:16910,pascalCaseFilename
FNDA:0,(anonymous_29)
FNDA:0,(anonymous_30)
FNDA:0,(anonymous_31)
FNDA:0,(anonymous_32)
FNDA:0,(anonymous_33)
FNDA:0,(anonymous_34)
FNDA:0,(anonymous_35)
FNDA:0,(anonymous_36)
FNDA:0,(anonymous_37)
FNDA:0,(anonymous_38)
FNDA:0,(anonymous_39)
FNDA:0,(anonymous_40)
FNDA:0,(anonymous_41)
FNDA:0,(anonymous_42)
FNDA:0,(anonymous_43)
FNDA:0,(anonymous_44)
FNDA:0,(anonymous_45)
FNDA:0,(anonymous_46)
FNDA:0,(anonymous_47)
FNDA:0,(anonymous_48)
FNDA:0,(anonymous_49)
FNDA:0,validateValueBySchema
FNDA:0,(anonymous_51)
FNDA:0,(anonymous_52)
FNDA:0,(anonymous_53)
FNDA:0,(anonymous_54)
FNDA:0,(anonymous_55)
FNDA:0,(anonymous_56)
FNDA:0,(anonymous_57)
FNDA:0,(anonymous_58)
FNDA:42,(anonymous_59)
FNDA:42,(anonymous_60)
FNDA:42,(anonymous_61)
FNDA:0,(anonymous_62)
FNDA:42,(anonymous_63)
FNDA:0,(anonymous_64)
FNDA:0,(anonymous_65)
FNDA:0,(anonymous_66)
FNDA:0,(anonymous_67)
FNDA:0,(anonymous_68)
FNDA:0,(anonymous_69)
FNDA:0,(anonymous_70)
FNDA:0,(anonymous_71)
FNDA:0,(anonymous_72)
FNDA:0,(anonymous_73)
FNDA:2201,sanitizeUrl
FNDA:4122,requiresValidationURL
FNDA:42,getAcceptControllingResponse
FNDA:42,(anonymous_77)
FNDA:10682,(anonymous_78)
FNDA:6009,(anonymous_79)
FNDA:3337,(anonymous_80)
FNDA:4956,(anonymous_81)
FNDA:0,(anonymous_82)
FNDA:0,(anonymous_83)
FNDA:0,deeplyStripKey
FNDA:0,(anonymous_85)
FNDA:0,(anonymous_86)
FNDA:28,stringify
FNDA:0,numberToString
FNDA:0,paramToIdentifier
FNDA:0,paramToValue
FNDA:0,(anonymous_91)
FNDA:0,(anonymous_92)
FNDA:0,generateCodeVerifier
FNDA:0,createCodeChallenge
FNDA:0,b64toB64UrlEncoded
FNDA:0,(anonymous_96)
DA:31,95
DA:33,43418
DA:36,98
DA:37,70
DA:38,28
DA:39,0
DA:40,28
DA:44,0
DA:45,0
DA:47,0
DA:48,0
DA:50,0
DA:54,43390
DA:55,151
DA:57,43239
DA:58,0
DA:60,43239
DA:61,21509
DA:63,21730
DA:64,2490
DA:66,19240
DA:68,0
DA:69,0
DA:71,19240
DA:93,0
DA:94,0
DA:96,0
DA:97,0
DA:98,0
DA:99,0
DA:100,0
DA:101,0
DA:103,0
DA:105,0
DA:110,0
DA:111,0
DA:113,0
DA:115,0
DA:116,0
DA:117,0
DA:120,0
DA:124,0
DA:125,0
DA:126,0
DA:127,0
DA:128,0
DA:132,6209
DA:133,6125
DA:134,84
DA:138,63080
DA:142,94352
DA:146,10663
DA:150,11305
DA:154,95
DA:157,11020
DA:158,150480
DA:159,150480
DA:164,3230
DA:165,57760
DA:166,57760
DA:167,36480
DA:168,57760
DA:174,95
DA:175,95
DA:176,4961
DA:177,2182
DA:180,2779
DA:186,42
DA:187,42
DA:198,3337
DA:199,0
DA:201,3337
DA:202,3337
DA:213,0
DA:214,0
DA:217,0
DA:218,0
DA:221,0
DA:222,0
DA:226,0
DA:227,0
DA:228,0
DA:229,0
DA:230,0
DA:231,0
DA:232,0
DA:234,0
DA:238,0
DA:242,0
DA:250,0
DA:251,0
DA:252,0
DA:255,0
DA:256,0
DA:257,0
DA:259,0
DA:263,0
DA:268,16910
DA:273,16910
DA:281,95
DA:283,0
DA:284,0
DA:287,0
DA:289,0
DA:290,0
DA:292,0
DA:294,0
DA:295,0
DA:299,0
DA:300,0
DA:303,0
DA:305,0
DA:308,95
DA:309,0
DA:310,0
DA:314,95
DA:315,0
DA:316,0
DA:320,95
DA:321,0
DA:322,0
DA:326,95
DA:327,0
DA:328,0
DA:332,95
DA:333,0
DA:334,0
DA:338,95
DA:339,0
DA:340,0
DA:344,95
DA:345,0
DA:346,0
DA:350,95
DA:351,0
DA:352,0
DA:356,95
DA:357,0
DA:358,0
DA:359,0
DA:363,95
DA:364,0
DA:365,0
DA:369,95
DA:370,0
DA:371,0
DA:373,0
DA:374,0
DA:375,0
DA:376,0
DA:377,0
DA:378,0
DA:379,0
DA:380,0
DA:381,0
DA:384,0
DA:385,0
DA:391,95
DA:392,0
DA:393,0
DA:397,95
DA:398,0
DA:399,0
DA:403,95
DA:404,0
DA:405,0
DA:409,95
DA:410,0
DA:411,0
DA:412,0
DA:417,0
DA:418,0
DA:419,0
DA:420,0
DA:421,0
DA:422,0
DA:423,0
DA:424,0
DA:425,0
DA:426,0
DA:427,0
DA:428,0
DA:429,0
DA:430,0
DA:432,0
DA:433,0
DA:434,0
DA:436,0
DA:439,0
DA:443,0
DA:447,0
DA:451,0
DA:452,0
DA:456,0
DA:457,0
DA:458,0
DA:459,0
DA:460,0
DA:461,0
DA:462,0
DA:463,0
DA:464,0
DA:465,0
DA:467,0
DA:472,0
DA:474,0
DA:475,0
DA:476,0
DA:478,0
DA:483,0
DA:484,0
DA:485,0
DA:486,0
DA:488,0
DA:489,0
DA:492,0
DA:493,0
DA:494,0
DA:495,0
DA:499,0
DA:500,0
DA:501,0
DA:502,0
DA:503,0
DA:508,0
DA:509,0
DA:510,0
DA:513,0
DA:514,0
DA:515,0
DA:516,0
DA:520,0
DA:521,0
DA:522,0
DA:523,0
DA:527,0
DA:528,0
DA:529,0
DA:530,0
DA:534,0
DA:535,0
DA:536,0
DA:539,0
DA:540,0
DA:541,0
DA:544,0
DA:545,0
DA:546,0
DA:549,0
DA:550,0
DA:551,0
DA:554,0
DA:556,0
DA:557,0
DA:558,0
DA:559,0
DA:561,0
DA:563,0
DA:564,0
DA:565,0
DA:566,0
DA:567,0
DA:568,0
DA:569,0
DA:570,0
DA:571,0
DA:572,0
DA:573,0
DA:574,0
DA:575,0
DA:576,0
DA:577,0
DA:578,0
DA:579,0
DA:581,0
DA:582,0
DA:583,0
DA:584,0
DA:585,0
DA:588,0
DA:589,0
DA:590,0
DA:591,0
DA:594,0
DA:598,95
DA:600,0
DA:602,0
DA:604,0
DA:607,95
DA:608,0
DA:609,0
DA:611,0
DA:612,0
DA:613,0
DA:615,0
DA:616,0
DA:617,0
DA:621,0
DA:624,95
DA:631,95
DA:633,95
DA:634,42
DA:635,42
DA:637,42
DA:638,42
DA:643,42
DA:648,95
DA:649,0
DA:651,0
DA:652,0
DA:656,0
DA:657,0
DA:660,0
DA:661,0
DA:663,0
DA:667,95
DA:668,42
DA:669,0
DA:670,42
DA:671,0
DA:673,42
DA:674,0
DA:676,42
DA:677,0
DA:679,42
DA:682,95
DA:683,0
DA:684,0
DA:686,0
DA:687,0
DA:689,0
DA:690,0
DA:692,0
DA:693,0
DA:694,0
DA:696,0
DA:697,0
DA:701,0
DA:704,95
DA:705,0
DA:706,0
DA:710,95
DA:713,0
DA:714,0
DA:716,0
DA:719,0
DA:722,95
DA:724,0
DA:725,0
DA:728,0
DA:732,95
DA:733,0
DA:735,0
DA:736,0
DA:737,0
DA:738,0
DA:741,0
DA:745,95
DA:746,0
DA:747,0
DA:752,2201
DA:753,0
DA:756,2201
DA:760,4122
DA:761,2061
DA:763,2061
DA:768,42
DA:770,0
DA:773,42
DA:775,0
DA:778,42
DA:779,42
DA:783,42
DA:784,42
DA:785,42
DA:787,42
DA:791,10682
DA:793,6009
DA:795,4956
DA:796,95
DA:802,0
DA:803,0
DA:804,0
DA:807,0
DA:809,0
DA:810,0
DA:811,0
DA:812,0
DA:814,0
DA:817,0
DA:821,28
DA:822,28
DA:825,0
DA:826,0
DA:829,0
DA:830,0
DA:831,0
DA:834,0
DA:838,0
DA:839,0
DA:842,0
DA:846,0
DA:847,0
DA:850,0
DA:854,0
DA:855,0
DA:857,0
DA:858,0
DA:860,0
DA:864,0
DA:865,0
DA:868,0
DA:869,0
DA:872,0
DA:876,0
DA:880,0
DA:884,0
DA:886,0
DA:888,0
DA:890,0
DA:895,0
DA:901,0
DA:909,0
DA:915,95
DA:916,0
DA:917,0
DA:920,0
DA:921,0
DA:924,0
LF:429
LH:102
BRDA:36,0,0,70
BRDA:36,0,1,28
BRDA:38,1,0,0
BRDA:38,1,1,28
BRDA:44,2,0,0
BRDA:44,2,1,0
BRDA:47,3,0,0
BRDA:47,3,1,0
BRDA:54,4,0,151
BRDA:54,4,1,43239
BRDA:57,5,0,0
BRDA:57,5,1,43239
BRDA:60,6,0,21509
BRDA:60,6,1,21730
BRDA:63,7,0,2490
BRDA:63,7,1,19240
BRDA:66,8,0,0
BRDA:66,8,1,19240
BRDA:93,9,0,0
BRDA:93,9,1,0
BRDA:100,10,0,0
BRDA:100,10,1,0
BRDA:100,11,0,0
BRDA:100,11,1,0
BRDA:100,12,0,0
BRDA:100,12,1,0
BRDA:103,13,0,0
BRDA:103,13,1,0
BRDA:132,14,0,6125
BRDA:132,14,1,84
BRDA:142,15,0,94352
BRDA:142,15,1,79872
BRDA:166,16,0,36480
BRDA:166,16,1,21280
BRDA:166,17,0,57760
BRDA:166,17,1,36480
BRDA:176,18,0,2182
BRDA:176,18,1,2779
BRDA:187,19,0,0
BRDA:187,19,1,42
BRDA:198,20,0,0
BRDA:198,20,1,3337
BRDA:201,21,0,3337
BRDA:201,21,1,0
BRDA:202,22,0,28
BRDA:202,22,1,3309
BRDA:212,23,0,0
BRDA:212,24,0,0
BRDA:213,25,0,0
BRDA:213,25,1,0
BRDA:213,26,0,0
BRDA:213,26,1,0
BRDA:217,27,0,0
BRDA:217,27,1,0
BRDA:221,28,0,0
BRDA:221,28,1,0
BRDA:231,29,0,0
BRDA:231,29,1,0
BRDA:255,30,0,0
BRDA:255,30,1,0
BRDA:255,31,0,0
BRDA:255,31,1,0
BRDA:281,32,0,0
BRDA:281,33,0,0
BRDA:283,34,0,0
BRDA:283,34,1,0
BRDA:288,35,0,0
BRDA:288,35,1,0
BRDA:289,36,0,0
BRDA:289,36,1,0
BRDA:294,37,0,0
BRDA:294,37,1,0
BRDA:299,38,0,0
BRDA:299,38,1,0
BRDA:299,39,0,0
BRDA:299,39,1,0
BRDA:309,40,0,0
BRDA:309,40,1,0
BRDA:315,41,0,0
BRDA:315,41,1,0
BRDA:321,42,0,0
BRDA:321,42,1,0
BRDA:327,43,0,0
BRDA:327,43,1,0
BRDA:333,44,0,0
BRDA:333,44,1,0
BRDA:333,45,0,0
BRDA:333,45,1,0
BRDA:339,46,0,0
BRDA:339,46,1,0
BRDA:339,47,0,0
BRDA:339,47,1,0
BRDA:339,47,2,0
BRDA:339,47,3,0
BRDA:345,48,0,0
BRDA:345,48,1,0
BRDA:345,49,0,0
BRDA:345,49,1,0
BRDA:351,50,0,0
BRDA:351,50,1,0
BRDA:358,51,0,0
BRDA:358,51,1,0
BRDA:364,52,0,0
BRDA:364,52,1,0
BRDA:365,53,0,0
BRDA:365,53,1,0
BRDA:370,54,0,0
BRDA:370,54,1,0
BRDA:373,55,0,0
BRDA:373,55,1,0
BRDA:373,56,0,0
BRDA:373,56,1,0
BRDA:377,57,0,0
BRDA:377,57,1,0
BRDA:380,58,0,0
BRDA:380,58,1,0
BRDA:380,59,0,0
BRDA:380,59,1,0
BRDA:384,60,0,0
BRDA:384,60,1,0
BRDA:392,61,0,0
BRDA:392,61,1,0
BRDA:392,62,0,0
BRDA:392,62,1,0
BRDA:392,62,2,0
BRDA:392,62,3,0
BRDA:393,63,0,0
BRDA:393,63,1,0
BRDA:398,64,0,0
BRDA:398,64,1,0
BRDA:398,65,0,0
BRDA:398,65,1,0
BRDA:399,66,0,0
BRDA:399,66,1,0
BRDA:404,67,0,0
BRDA:404,67,1,0
BRDA:405,68,0,0
BRDA:405,68,1,0
BRDA:411,69,0,0
BRDA:411,69,1,0
BRDA:417,70,0,0
BRDA:417,70,1,0
BRDA:432,71,0,0
BRDA:432,71,1,0
BRDA:433,72,0,0
BRDA:433,72,1,0
BRDA:434,73,0,0
BRDA:434,73,1,0
BRDA:436,74,0,0
BRDA:436,74,1,0
BRDA:439,75,0,0
BRDA:439,75,1,0
BRDA:439,75,2,0
BRDA:443,76,0,0
BRDA:443,76,1,0
BRDA:447,77,0,0
BRDA:447,77,1,0
BRDA:447,77,2,0
BRDA:451,78,0,0
BRDA:451,78,1,0
BRDA:456,79,0,0
BRDA:456,79,1,0
BRDA:457,80,0,0
BRDA:457,80,1,0
BRDA:457,80,2,0
BRDA:458,81,0,0
BRDA:458,81,1,0
BRDA:458,81,2,0
BRDA:459,82,0,0
BRDA:459,82,1,0
BRDA:459,82,2,0
BRDA:460,83,0,0
BRDA:460,83,1,0
BRDA:461,84,0,0
BRDA:461,84,1,0
BRDA:461,84,2,0
BRDA:462,85,0,0
BRDA:462,85,1,0
BRDA:462,85,2,0
BRDA:463,86,0,0
BRDA:463,86,1,0
BRDA:463,86,2,0
BRDA:464,87,0,0
BRDA:464,87,1,0
BRDA:464,87,2,0
BRDA:465,88,0,0
BRDA:465,88,1,0
BRDA:465,88,2,0
BRDA:474,89,0,0
BRDA:474,89,1,0
BRDA:474,90,0,0
BRDA:474,90,1,0
BRDA:474,90,2,0
BRDA:478,91,0,0
BRDA:478,91,1,0
BRDA:479,92,0,0
BRDA:479,92,1,0
BRDA:479,92,2,0
BRDA:484,93,0,0
BRDA:484,93,1,0
BRDA:492,94,0,0
BRDA:492,94,1,0
BRDA:492,95,0,0
BRDA:492,95,1,0
BRDA:492,95,2,0
BRDA:492,95,3,0
BRDA:494,96,0,0
BRDA:494,96,1,0
BRDA:499,97,0,0
BRDA:499,97,1,0
BRDA:499,98,0,0
BRDA:499,98,1,0
BRDA:508,99,0,0
BRDA:508,99,1,0
BRDA:510,100,0,0
BRDA:510,100,1,0
BRDA:513,101,0,0
BRDA:513,101,1,0
BRDA:514,102,0,0
BRDA:514,102,1,0
BRDA:516,103,0,0
BRDA:516,103,1,0
BRDA:520,104,0,0
BRDA:520,104,1,0
BRDA:521,105,0,0
BRDA:521,105,1,0
BRDA:523,106,0,0
BRDA:523,106,1,0
BRDA:527,107,0,0
BRDA:527,107,1,0
BRDA:528,108,0,0
BRDA:528,108,1,0
BRDA:530,109,0,0
BRDA:530,109,1,0
BRDA:534,110,0,0
BRDA:534,110,1,0
BRDA:534,111,0,0
BRDA:534,111,1,0
BRDA:536,112,0,0
BRDA:536,112,1,0
BRDA:539,113,0,0
BRDA:539,113,1,0
BRDA:541,114,0,0
BRDA:541,114,1,0
BRDA:544,115,0,0
BRDA:544,115,1,0
BRDA:544,116,0,0
BRDA:544,116,1,0
BRDA:546,117,0,0
BRDA:546,117,1,0
BRDA:549,118,0,0
BRDA:549,118,1,0
BRDA:549,119,0,0
BRDA:549,119,1,0
BRDA:551,120,0,0
BRDA:551,120,1,0
BRDA:554,121,0,0
BRDA:554,121,1,0
BRDA:556,122,0,0
BRDA:556,122,1,0
BRDA:558,123,0,0
BRDA:558,123,1,0
BRDA:563,124,0,0
BRDA:563,124,1,0
BRDA:565,125,0,0
BRDA:565,125,1,0
BRDA:567,126,0,0
BRDA:567,126,1,0
BRDA:569,127,0,0
BRDA:569,127,1,0
BRDA:571,128,0,0
BRDA:571,128,1,0
BRDA:573,129,0,0
BRDA:573,129,1,0
BRDA:575,130,0,0
BRDA:575,130,1,0
BRDA:577,131,0,0
BRDA:577,131,1,0
BRDA:578,132,0,0
BRDA:578,132,1,0
BRDA:578,133,0,0
BRDA:578,133,1,0
BRDA:581,134,0,0
BRDA:581,134,1,0
BRDA:588,135,0,0
BRDA:588,135,1,0
BRDA:590,136,0,0
BRDA:590,136,1,0
BRDA:598,137,0,0
BRDA:598,138,0,0
BRDA:598,139,0,0
BRDA:608,140,0,0
BRDA:608,140,1,0
BRDA:608,141,0,0
BRDA:608,141,1,0
BRDA:611,142,0,0
BRDA:611,142,1,0
BRDA:611,143,0,0
BRDA:611,143,1,0
BRDA:612,144,0,0
BRDA:612,144,1,0
BRDA:612,145,0,0
BRDA:612,145,1,0
BRDA:612,145,2,0
BRDA:612,145,3,0
BRDA:612,145,4,0
BRDA:615,146,0,0
BRDA:615,146,1,0
BRDA:638,147,0,28
BRDA:638,147,1,14
BRDA:643,148,0,28
BRDA:643,148,1,14
BRDA:656,149,0,0
BRDA:656,149,1,0
BRDA:667,150,0,14
BRDA:667,151,0,0
BRDA:667,152,0,42
BRDA:668,153,0,0
BRDA:668,153,1,42
BRDA:668,154,0,42
BRDA:668,154,1,28
BRDA:670,155,0,0
BRDA:670,155,1,42
BRDA:670,156,0,42
BRDA:670,156,1,0
BRDA:673,157,0,0
BRDA:673,157,1,42
BRDA:676,158,0,0
BRDA:676,158,1,42
BRDA:686,159,0,0
BRDA:686,159,1,0
BRDA:689,160,0,0
BRDA:689,160,1,0
BRDA:693,161,0,0
BRDA:693,161,1,0
BRDA:697,162,0,0
BRDA:697,162,1,0
BRDA:697,162,2,0
BRDA:713,163,0,0
BRDA:713,163,1,0
BRDA:737,164,0,0
BRDA:737,164,1,0
BRDA:737,165,0,0
BRDA:737,165,1,0
BRDA:752,166,0,0
BRDA:752,166,1,2201
BRDA:752,167,0,2201
BRDA:752,167,1,2201
BRDA:760,168,0,2061
BRDA:760,168,1,2061
BRDA:760,169,0,4122
BRDA:760,169,1,4122
BRDA:760,169,2,2061
BRDA:760,169,3,2061
BRDA:768,170,0,0
BRDA:768,170,1,42
BRDA:773,171,0,0
BRDA:773,171,1,42
BRDA:779,172,0,42
BRDA:779,172,1,42
BRDA:779,173,0,42
BRDA:779,173,1,0
BRDA:783,174,0,42
BRDA:783,174,1,42
BRDA:784,175,0,42
BRDA:784,175,1,42
BRDA:785,176,0,0
BRDA:785,176,1,42
BRDA:787,177,0,42
BRDA:787,177,1,0
BRDA:791,178,0,10682
BRDA:791,178,1,0
BRDA:791,179,0,10682
BRDA:791,179,1,0
BRDA:802,180,0,0
BRDA:803,181,0,0
BRDA:803,181,1,0
BRDA:803,182,0,0
BRDA:803,182,1,0
BRDA:803,182,2,0
BRDA:803,182,3,0
BRDA:810,183,0,0
BRDA:810,183,1,0
BRDA:810,184,0,0
BRDA:810,184,1,0
BRDA:821,185,0,28
BRDA:821,185,1,0
BRDA:825,186,0,0
BRDA:825,186,1,0
BRDA:825,187,0,0
BRDA:825,187,1,0
BRDA:829,188,0,0
BRDA:829,188,1,0
BRDA:829,189,0,0
BRDA:829,189,1,0
BRDA:838,190,0,0
BRDA:838,190,1,0
BRDA:838,191,0,0
BRDA:838,191,1,0
BRDA:846,192,0,0
BRDA:846,192,1,0
BRDA:853,193,0,0
BRDA:853,194,0,0
BRDA:853,195,0,0
BRDA:854,196,0,0
BRDA:854,196,1,0
BRDA:864,197,0,0
BRDA:864,197,1,0
BRDA:864,198,0,0
BRDA:864,198,1,0
BRDA:864,198,2,0
BRDA:864,198,3,0
BRDA:864,198,4,0
BRDA:868,199,0,0
BRDA:868,199,1,0
BRDA:868,200,0,0
BRDA:868,200,1,0
BRDA:876,201,0,0
BRDA:876,201,1,0
BRDA:876,202,0,0
BRDA:876,202,1,0
BRDA:916,203,0,0
BRDA:916,203,1,0
BRDA:920,204,0,0
BRDA:920,204,1,0
BRDA:920,205,0,0
BRDA:920,205,1,0
BRF:427
BRH:62
end_of_record
TN:
SF:src\core\window.js
FN:1,makeWindow
FN:5,(anonymous_1)
FN:6,(anonymous_2)
FN:7,(anonymous_3)
FNF:4
FNH:1
FNDA:95,makeWindow
FNDA:0,(anonymous_1)
FNDA:0,(anonymous_2)
FNDA:0,(anonymous_3)
DA:2,95
DA:10,95
DA:11,0
DA:14,95
DA:15,95
DA:16,95
DA:17,95
DA:18,285
DA:19,285
DA:23,0
DA:26,95
LF:11
LH:9
BRDA:10,0,0,0
BRDA:10,0,1,95
BRDA:18,1,0,285
BRDA:18,1,1,0
BRF:4
BRH:2
end_of_record
TN:
SF:src\core\components\jump-to-path.jsx
FN:6,(anonymous_0)
FNF:1
FNH:1
FNDA:3933,(anonymous_0)
DA:7,3933
LF:1
LH:1
BRF:0
BRH:0
end_of_record
TN:
SF:src\core\components\parameters\index.js
FNF:0
FNH:0
LF:0
LH:0
BRF:0
BRH:0
end_of_record
TN:
SF:src\core\plugins\all.js
FN:10,(anonymous_0)
FNF:1
FNH:1
FNDA:16910,(anonymous_0)
DA:4,95
DA:6,95
DA:10,95
DA:11,16910
DA:12,0
DA:20,16910
DA:21,16910
DA:24,95
LF:8
LH:7
BRDA:11,0,0,0
BRDA:11,0,1,16910
BRDA:21,1,0,10260
BRDA:21,1,1,6650
BRF:4
BRH:3
end_of_record
TN:
SF:src\core\plugins\download-url.js
FN:5,downloadUrlPlugin
FN:9,(anonymous_1)
FN:9,(anonymous_2)
FN:20,(anonymous_3)
FN:21,(anonymous_4)
FN:28,next
FN:43,checkPossibleFailReasons
FN:77,(anonymous_7)
FN:91,(anonymous_8)
FN:100,(anonymous_9)
FN:103,(anonymous_10)
FNF:11
FNH:8
FNDA:380,downloadUrlPlugin
FNDA:166,(anonymous_1)
FNDA:166,(anonymous_2)
FNDA:0,(anonymous_3)
FNDA:0,(anonymous_4)
FNDA:151,next
FNDA:0,checkPossibleFailReasons
FNDA:317,(anonymous_7)
FNDA:317,(anonymous_8)
FNDA:1937,(anonymous_9)
FNDA:1937,(anonymous_10)
DA:6,380
DA:8,380
DA:9,166
DA:12,166
DA:13,166
DA:14,166
DA:15,166
DA:16,166
DA:17,166
DA:20,0
DA:21,0
DA:29,151
DA:30,0
DA:31,0
DA:33,0
DA:34,0
DA:36,151
DA:37,151
DA:38,151
DA:39,71
DA:44,0
DA:47,0
DA:48,0
DA:51,0
DA:52,0
DA:55,0
DA:56,0
DA:60,0
DA:61,0
DA:63,0
DA:64,0
DA:68,0
DA:71,0
DA:78,317
DA:79,317
DA:80,0
DA:83,317
DA:90,380
DA:92,317
DA:98,380
DA:101,1937
DA:103,1937
DA:107,380
LF:43
LH:23
BRDA:14,0,0,166
BRDA:14,0,1,0
BRDA:20,1,0,166
BRDA:20,1,1,0
BRDA:21,2,0,166
BRDA:21,2,1,0
BRDA:29,3,0,0
BRDA:29,3,1,151
BRDA:29,4,0,151
BRDA:29,4,1,151
BRDA:31,5,0,0
BRDA:31,5,1,0
BRDA:33,6,0,0
BRDA:33,6,1,0
BRDA:33,7,0,0
BRDA:33,7,1,0
BRDA:38,8,0,71
BRDA:38,8,1,80
BRDA:47,9,0,0
BRDA:47,9,1,0
BRDA:55,10,0,0
BRDA:55,10,1,0
BRDA:55,11,0,0
BRDA:55,11,1,0
BRDA:63,12,0,0
BRDA:63,12,1,0
BRDA:79,13,0,0
BRDA:79,13,1,317
BRDA:92,14,0,317
BRDA:92,14,1,0
BRDA:101,15,0,1937
BRDA:101,15,1,0
BRDA:103,16,0,1937
BRDA:103,16,1,0
BRF:34
BRH:12
end_of_record
TN:
SF:src\core\plugins\auth\actions.js
FN:16,showDefinitions
FN:23,authorize
FN:30,(anonymous_2)
FN:30,(anonymous_3)
FN:35,logout
FN:42,(anonymous_5)
FN:42,(anonymous_6)
FN:47,(anonymous_7)
FN:47,(anonymous_8)
FN:78,authorizeOauth2
FN:86,(anonymous_10)
FN:86,(anonymous_11)
FN:91,(anonymous_12)
FN:91,(anonymous_13)
FN:117,setClientIdAndSecret
FN:127,(anonymous_15)
FN:127,(anonymous_16)
FN:140,(anonymous_17)
FN:140,(anonymous_18)
FN:154,(anonymous_19)
FN:154,(anonymous_20)
FN:170,(anonymous_21)
FN:170,(anonymous_22)
FN:205,(anonymous_23)
FN:232,(anonymous_24)
FN:260,configureAuth
FN:267,restoreAuthorization
FN:274,(anonymous_27)
FN:274,(anonymous_28)
FN:284,(anonymous_29)
FN:284,(anonymous_30)
FNF:31
FNH:2
FNDA:1,showDefinitions
FNDA:0,authorize
FNDA:0,(anonymous_2)
FNDA:0,(anonymous_3)
FNDA:0,logout
FNDA:0,(anonymous_5)
FNDA:0,(anonymous_6)
FNDA:0,(anonymous_7)
FNDA:0,(anonymous_8)
FNDA:0,authorizeOauth2
FNDA:0,(anonymous_10)
FNDA:0,(anonymous_11)
FNDA:0,(anonymous_12)
FNDA:0,(anonymous_13)
FNDA:0,setClientIdAndSecret
FNDA:0,(anonymous_15)
FNDA:0,(anonymous_16)
FNDA:0,(anonymous_17)
FNDA:0,(anonymous_18)
FNDA:0,(anonymous_19)
FNDA:0,(anonymous_20)
FNDA:0,(anonymous_21)
FNDA:0,(anonymous_22)
FNDA:0,(anonymous_23)
FNDA:0,(anonymous_24)
FNDA:95,configureAuth
FNDA:0,restoreAuthorization
FNDA:0,(anonymous_27)
FNDA:0,(anonymous_28)
FNDA:0,(anonymous_29)
FNDA:0,(anonymous_30)
DA:5,95
DA:6,95
DA:7,95
DA:8,95
DA:9,95
DA:10,95
DA:11,95
DA:12,95
DA:14,95
DA:17,1
DA:24,0
DA:30,95
DA:31,0
DA:32,0
DA:36,0
DA:42,95
DA:43,0
DA:44,0
DA:47,95
DA:48,0
DA:49,0
DA:50,0
DA:53,0
DA:55,0
DA:56,0
DA:64,0
DA:65,0
DA:71,0
DA:74,0
DA:79,0
DA:86,95
DA:87,0
DA:88,0
DA:91,95
DA:92,0
DA:93,0
DA:99,0
DA:100,0
DA:102,0
DA:104,0
DA:105,0
DA:108,0
DA:109,0
DA:111,0
DA:114,0
DA:118,0
DA:119,0
DA:122,0
DA:123,0
DA:127,95
DA:128,0
DA:129,0
DA:132,0
DA:137,0
DA:140,95
DA:141,0
DA:142,0
DA:151,0
DA:154,95
DA:155,0
DA:156,0
DA:159,0
DA:167,0
DA:170,95
DA:171,0
DA:173,0
DA:177,0
DA:178,0
DA:179,0
DA:181,0
DA:184,0
DA:185,0
DA:188,0
DA:190,0
DA:196,0
DA:206,0
DA:207,0
DA:208,0
DA:210,0
DA:211,0
DA:217,0
DA:220,0
DA:221,0
DA:227,0
DA:230,0
DA:233,0
DA:234,0
DA:239,0
DA:240,0
DA:241,0
DA:242,0
DA:243,0
DA:244,0
DA:245,0
DA:246,0
DA:251,0
DA:261,95
DA:268,0
DA:274,95
DA:275,0
DA:277,0
DA:280,0
DA:281,0
DA:284,95
DA:285,0
DA:287,0
LF:106
LH:22
BRDA:55,0,0,0
BRDA:55,0,1,0
BRDA:55,1,0,0
BRDA:55,1,1,0
BRDA:64,2,0,0
BRDA:64,2,1,0
BRDA:102,3,0,0
BRDA:102,3,1,0
BRDA:102,3,2,0
BRDA:118,4,0,0
BRDA:118,4,1,0
BRDA:122,5,0,0
BRDA:122,5,1,0
BRDA:171,6,0,0
BRDA:171,7,0,0
BRDA:173,8,0,0
BRDA:173,8,1,0
BRDA:177,9,0,0
BRDA:177,9,1,0
BRDA:184,10,0,0
BRDA:184,10,1,0
BRDA:207,11,0,0
BRDA:207,11,1,0
BRDA:207,11,2,0
BRDA:208,12,0,0
BRDA:208,12,1,0
BRDA:208,12,2,0
BRDA:210,13,0,0
BRDA:210,13,1,0
BRDA:220,14,0,0
BRDA:220,14,1,0
BRDA:220,15,0,0
BRDA:220,15,1,0
BRDA:239,16,0,0
BRDA:239,16,1,0
BRDA:239,17,0,0
BRDA:239,17,1,0
BRDA:242,18,0,0
BRDA:242,18,1,0
BRDA:243,19,0,0
BRDA:243,19,1,0
BRDA:245,20,0,0
BRDA:245,20,1,0
BRDA:277,21,0,0
BRDA:277,21,1,0
BRF:45
BRH:0
end_of_record
TN:
SF:src\core\plugins\auth\index.js
FN:8,(anonymous_0)
FN:10,(anonymous_1)
FN:40,preauthorizeBasic
FN:65,preauthorizeApiKey
FNF:4
FNH:2
FNDA:190,(anonymous_0)
FNDA:95,(anonymous_1)
FNDA:0,preauthorizeBasic
FNDA:0,preauthorizeApiKey
DA:9,190
DA:11,95
DA:12,95
DA:13,95
DA:14,95
DA:44,0
DA:46,0
DA:48,0
DA:50,0
DA:51,0
DA:54,0
DA:69,0
DA:71,0
DA:73,0
DA:75,0
DA:76,0
DA:79,0
LF:17
LH:5
BRDA:11,0,0,95
BRDA:11,0,1,0
BRDA:46,1,0,0
BRDA:46,1,1,0
BRDA:50,2,0,0
BRDA:50,2,1,0
BRDA:71,3,0,0
BRDA:71,3,1,0
BRDA:75,4,0,0
BRDA:75,4,1,0
BRF:10
BRH:1
end_of_record
TN:
SF:src\core\plugins\auth\reducers.js
FN:14,(anonymous_0)
FN:18,(anonymous_1)
FN:23,(anonymous_2)
FN:47,(anonymous_3)
FN:60,(anonymous_4)
FN:61,(anonymous_5)
FN:62,(anonymous_6)
FN:70,(anonymous_7)
FN:74,(anonymous_8)
FNF:9
FNH:2
FNDA:1,(anonymous_0)
FNDA:0,(anonymous_1)
FNDA:0,(anonymous_2)
FNDA:0,(anonymous_3)
FNDA:0,(anonymous_4)
FNDA:0,(anonymous_5)
FNDA:0,(anonymous_6)
FNDA:95,(anonymous_7)
FNDA:0,(anonymous_8)
DA:15,1
DA:19,0
DA:20,0
DA:23,0
DA:24,0
DA:25,0
DA:27,0
DA:29,0
DA:30,0
DA:31,0
DA:32,0
DA:33,0
DA:35,0
DA:40,0
DA:44,0
DA:48,0
DA:51,0
DA:52,0
DA:54,0
DA:55,0
DA:57,0
DA:61,0
DA:62,0
DA:63,0
DA:67,0
DA:71,95
DA:75,0
LF:27
LH:2
BRDA:20,0,0,0
BRDA:20,0,1,0
BRDA:24,1,0,0
BRDA:24,1,1,0
BRDA:29,2,0,0
BRDA:29,2,1,0
BRDA:29,3,0,0
BRDA:29,3,1,0
BRDA:31,4,0,0
BRDA:31,4,1,0
BRDA:54,5,0,0
BRDA:54,5,1,0
BRF:12
BRH:0
end_of_record
TN:
SF:src\core\plugins\auth\selectors.js
FN:4,(anonymous_0)
FN:8,(anonymous_1)
FN:13,(anonymous_2)
FN:13,(anonymous_3)
FN:18,(anonymous_4)
FN:30,(anonymous_5)
FN:30,(anonymous_6)
FN:35,(anonymous_7)
FN:37,(anonymous_8)
FN:44,(anonymous_9)
FN:62,(anonymous_10)
FN:62,(anonymous_11)
FN:65,(anonymous_12)
FN:66,(anonymous_13)
FN:68,(anonymous_14)
FN:73,(anonymous_15)
FN:90,(anonymous_16)
FN:94,(anonymous_17)
FN:94,(anonymous_18)
FN:101,(anonymous_19)
FN:104,(anonymous_20)
FN:112,(anonymous_21)
FNF:22
FNH:8
FNDA:84,(anonymous_0)
FNDA:12,(anonymous_1)
FNDA:0,(anonymous_2)
FNDA:0,(anonymous_3)
FNDA:0,(anonymous_4)
FNDA:0,(anonymous_5)
FNDA:0,(anonymous_6)
FNDA:0,(anonymous_7)
FNDA:0,(anonymous_8)
FNDA:0,(anonymous_9)
FNDA:0,(anonymous_10)
FNDA:0,(anonymous_11)
FNDA:0,(anonymous_12)
FNDA:0,(anonymous_13)
FNDA:0,(anonymous_14)
FNDA:0,(anonymous_15)
FNDA:71,(anonymous_16)
FNDA:3886,(anonymous_17)
FNDA:3886,(anonymous_18)
FNDA:139,(anonymous_19)
FNDA:139,(anonymous_20)
FNDA:1,(anonymous_21)
DA:4,95
DA:6,95
DA:8,12
DA:11,95
DA:13,0
DA:14,0
DA:15,0
DA:18,0
DA:19,0
DA:21,0
DA:22,0
DA:25,0
DA:30,95
DA:31,0
DA:32,0
DA:33,0
DA:35,0
DA:36,0
DA:37,0
DA:38,0
DA:41,0
DA:42,0
DA:44,0
DA:45,0
DA:46,0
DA:50,0
DA:53,0
DA:56,0
DA:59,0
DA:62,95
DA:63,0
DA:64,0
DA:65,0
DA:66,0
DA:67,0
DA:68,0
DA:69,0
DA:70,0
DA:71,0
DA:72,0
DA:73,0
DA:74,0
DA:75,0
DA:78,0
DA:82,0
DA:85,0
DA:88,95
DA:90,71
DA:94,3886
DA:95,3886
DA:97,3886
DA:98,0
DA:101,3886
DA:102,139
DA:104,139
DA:105,139
DA:110,95
DA:112,1
LF:58
LH:17
BRDA:14,0,0,0
BRDA:14,0,1,0
BRDA:41,1,0,0
BRDA:41,1,1,0
BRDA:41,2,0,0
BRDA:41,2,1,0
BRDA:45,3,0,0
BRDA:45,3,1,0
BRDA:62,4,0,0
BRDA:63,5,0,0
BRDA:63,5,1,0
BRDA:67,6,0,0
BRDA:67,6,1,0
BRDA:69,7,0,0
BRDA:69,7,1,0
BRDA:72,8,0,0
BRDA:72,8,1,0
BRDA:72,9,0,0
BRDA:72,9,1,0
BRDA:74,10,0,0
BRDA:74,10,1,0
BRDA:90,11,0,71
BRDA:90,11,1,71
BRDA:97,12,0,0
BRDA:97,12,1,3886
BRDA:105,13,0,139
BRDA:105,13,1,139
BRF:27
BRH:5
end_of_record
TN:
SF:src\core\plugins\auth\wrap-actions.js
FN:12,(anonymous_0)
FN:12,(anonymous_1)
FN:37,(anonymous_2)
FN:37,(anonymous_3)
FN:44,(anonymous_4)
FNF:5
FNH:0
FNDA:0,(anonymous_0)
FNDA:0,(anonymous_1)
FNDA:0,(anonymous_2)
FNDA:0,(anonymous_3)
FNDA:0,(anonymous_4)
DA:12,95
DA:13,0
DA:15,0
DA:17,0
DA:20,0
DA:21,0
DA:22,0
DA:23,0
DA:24,0
DA:26,0
DA:27,0
DA:30,0
DA:37,95
DA:38,0
DA:39,0
DA:42,0
DA:43,0
DA:44,0
DA:45,0
DA:46,0
DA:47,0
DA:48,0
DA:50,0
DA:51,0
DA:52,0
DA:57,0
DA:63,0
LF:27
LH:2
BRDA:17,0,0,0
BRDA:17,0,1,0
BRDA:24,1,0,0
BRDA:24,1,1,0
BRDA:26,2,0,0
BRDA:26,2,1,0
BRDA:43,3,0,0
BRDA:43,3,1,0
BRDA:43,4,0,0
BRDA:43,4,1,0
BRDA:48,5,0,0
BRDA:48,5,1,0
BRDA:50,6,0,0
BRDA:50,6,1,0
BRF:14
BRH:0
end_of_record
TN:
SF:src\core\plugins\auth\configs-extensions\wrap-actions.js
FN:4,(anonymous_0)
FN:4,(anonymous_1)
FNF:2
FNH:2
FNDA:95,(anonymous_0)
FNDA:95,(anonymous_1)
DA:4,95
DA:5,95
DA:6,95
DA:8,95
DA:11,95
DA:12,0
DA:13,0
DA:14,0
LF:8
LH:5
BRDA:11,0,0,0
BRDA:11,0,1,95
BRDA:13,1,0,0
BRDA:13,1,1,0
BRF:4
BRH:1
end_of_record
TN:
SF:src\core\plugins\auth\spec-extensions\wrap-actions.js
FN:2,(anonymous_0)
FN:2,(anonymous_1)
FNF:2
FNH:0
FNDA:0,(anonymous_0)
FNDA:0,(anonymous_1)
DA:2,95
DA:3,0
DA:9,0
LF:3
LH:1
BRDA:4,0,0,0
BRDA:4,0,1,0
BRDA:5,1,0,0
BRDA:5,1,1,0
BRDA:6,2,0,0
BRDA:6,2,1,0
BRF:6
BRH:0
end_of_record
TN:
SF:src\core\plugins\configs\actions.js
FN:5,update
FN:15,toggle
FN:24,(anonymous_2)
FN:24,(anonymous_3)
FNF:4
FNH:2
FNDA:0,update
FNDA:0,toggle
FNDA:95,(anonymous_2)
FNDA:95,(anonymous_3)
DA:1,95
DA:2,95
DA:6,0
DA:16,0
DA:24,95
LF:5
LH:3
BRF:0
BRH:0
end_of_record
TN:
SF:src\core\plugins\configs\helpers.js
FN:3,(anonymous_0)
FNF:1
FNH:1
FNDA:95,(anonymous_0)
DA:3,95
DA:4,95
DA:5,95
DA:7,0
DA:8,0
DA:10,0
LF:6
LH:3
BRDA:7,0,0,0
BRDA:7,0,1,0
BRF:2
BRH:0
end_of_record
TN:
SF:src\core\plugins\configs\index.js
FN:9,(anonymous_0)
FN:15,configsPlugin
FNF:2
FNH:2
FNDA:95,(anonymous_0)
FNDA:380,configsPlugin
DA:8,95
DA:10,95
DA:17,380
LF:3
LH:3
BRF:0
BRH:0
end_of_record
TN:
SF:src\core\plugins\configs\reducers.js
FN:10,(anonymous_0)
FN:14,(anonymous_1)
FNF:2
FNH:0
FNDA:0,(anonymous_0)
FNDA:0,(anonymous_1)
DA:11,0
DA:15,0
DA:16,0
DA:17,0
LF:4
LH:0
BRF:0
BRH:0
end_of_record
TN:
SF:src\core\plugins\configs\selectors.js
FN:2,(anonymous_0)
FNF:1
FNH:0
FNDA:0,(anonymous_0)
DA:2,95
DA:3,0
LF:2
LH:1
BRDA:3,0,0,0
BRDA:3,0,1,0
BRF:2
BRH:0
end_of_record
TN:
SF:src\core\plugins\configs\spec-actions.js
FN:3,(anonymous_0)
FN:3,(anonymous_1)
FN:9,(anonymous_2)
FN:9,(anonymous_3)
FN:14,next
FNF:5
FNH:0
FNDA:0,(anonymous_0)
FNDA:0,(anonymous_1)
FNDA:0,(anonymous_2)
FNDA:0,(anonymous_3)
FNDA:0,next
DA:3,95
DA:4,0
DA:6,0
DA:9,95
DA:10,0
DA:11,0
DA:15,0
DA:16,0
DA:17,0
DA:18,0
DA:19,0
DA:20,0
DA:22,0
LF:13
LH:2
BRDA:10,0,0,0
BRDA:10,0,1,0
BRDA:15,1,0,0
BRDA:15,1,1,0
BRDA:15,2,0,0
BRDA:15,2,1,0
BRF:6
BRH:0
end_of_record
TN:
SF:src\core\plugins\deep-linking\helpers.js
FN:1,(anonymous_0)
FNF:1
FNH:0
FNDA:0,(anonymous_0)
DA:1,95
DA:2,0
DA:3,0
DA:5,0
LF:4
LH:1
BRDA:2,0,0,0
BRDA:2,0,1,0
BRF:2
BRH:0
end_of_record
TN:
SF:src\core\plugins\deep-linking\index.js
FN:7,(anonymous_0)
FN:12,(anonymous_1)
FN:12,(anonymous_2)
FNF:3
FNH:3
FNDA:190,(anonymous_0)
FNDA:95,(anonymous_1)
FNDA:95,(anonymous_2)
DA:8,190
DA:12,95
DA:13,95
DA:15,95
DA:16,95
LF:5
LH:5
BRF:0
BRH:0
end_of_record
TN:
SF:src\core\plugins\deep-linking\layout.js
FN:9,(anonymous_0)
FN:9,(anonymous_1)
FN:47,(anonymous_2)
FN:54,(anonymous_3)
FN:54,(anonymous_4)
FN:76,(anonymous_5)
FN:90,(anonymous_6)
FN:100,(anonymous_7)
FN:110,(anonymous_8)
FN:110,(anonymous_9)
FN:120,(anonymous_10)
FN:120,(anonymous_11)
FN:130,(anonymous_12)
FN:138,getScrollParent
FN:172,(anonymous_14)
FN:175,(anonymous_15)
FN:185,(anonymous_16)
FN:197,(anonymous_17)
FN:200,(anonymous_18)
FNF:19
FNH:2
FNDA:14,(anonymous_0)
FNDA:14,(anonymous_1)
FNDA:0,(anonymous_2)
FNDA:0,(anonymous_3)
FNDA:0,(anonymous_4)
FNDA:0,(anonymous_5)
FNDA:0,(anonymous_6)
FNDA:0,(anonymous_7)
FNDA:0,(anonymous_8)
FNDA:0,(anonymous_9)
FNDA:0,(anonymous_10)
FNDA:0,(anonymous_11)
FNDA:0,(anonymous_12)
FNDA:0,getScrollParent
FNDA:0,(anonymous_14)
FNDA:0,(anonymous_15)
FNDA:0,(anonymous_16)
FNDA:0,(anonymous_17)
FNDA:0,(anonymous_18)
DA:6,95
DA:7,95
DA:9,95
DA:10,14
DA:12,14
DA:13,14
DA:16,0
DA:17,0
DA:19,0
DA:22,0
DA:25,0
DA:26,0
DA:28,0
DA:30,0
DA:31,0
DA:34,0
DA:35,0
DA:36,0
DA:37,0
DA:43,0
DA:47,95
DA:48,0
DA:54,95
DA:56,0
DA:57,0
DA:60,0
DA:61,0
DA:64,0
DA:66,0
DA:69,0
DA:73,0
DA:76,0
DA:78,0
DA:80,0
DA:82,0
DA:84,0
DA:88,0
DA:89,0
DA:90,0
DA:93,0
DA:98,0
DA:99,0
DA:100,0
DA:103,0
DA:106,0
DA:110,95
DA:111,0
DA:113,0
DA:114,0
DA:115,0
DA:120,95
DA:121,0
DA:122,0
DA:123,0
DA:124,0
DA:126,0
DA:130,95
DA:131,0
DA:139,0
DA:140,0
DA:141,0
DA:142,0
DA:144,0
DA:145,0
DA:146,0
DA:147,0
DA:148,0
DA:149,0
DA:151,0
DA:152,0
DA:155,0
DA:173,0
DA:176,0
DA:178,0
DA:179,0
DA:180,0
DA:181,0
DA:183,0
DA:186,0
DA:188,0
DA:189,0
DA:190,0
DA:191,0
DA:193,0
DA:198,0
DA:201,0
LF:86
LH:11
BRDA:12,0,0,14
BRDA:12,0,1,0
BRDA:19,1,0,0
BRDA:19,1,1,0
BRDA:25,2,0,0
BRDA:25,2,1,0
BRDA:30,3,0,0
BRDA:30,3,1,0
BRDA:34,4,0,0
BRDA:34,4,1,0
BRDA:36,5,0,0
BRDA:36,5,1,0
BRDA:50,6,0,0
BRDA:50,6,1,0
BRDA:56,7,0,0
BRDA:56,7,1,0
BRDA:60,8,0,0
BRDA:60,8,1,0
BRDA:64,9,0,0
BRDA:64,9,1,0
BRDA:69,10,0,0
BRDA:69,10,1,0
BRDA:76,11,0,0
BRDA:76,11,1,0
BRDA:80,12,0,0
BRDA:80,13,0,0
BRDA:82,14,0,0
BRDA:82,14,1,0
BRDA:88,15,0,0
BRDA:88,15,1,0
BRDA:98,16,0,0
BRDA:98,16,1,0
BRDA:98,17,0,0
BRDA:98,17,1,0
BRDA:113,18,0,0
BRDA:113,18,1,0
BRDA:122,19,0,0
BRDA:122,19,1,0
BRDA:142,20,0,0
BRDA:142,20,1,0
BRDA:144,21,0,0
BRDA:144,21,1,0
BRDA:148,22,0,0
BRDA:148,22,1,0
BRDA:148,23,0,0
BRDA:148,23,1,0
BRDA:151,24,0,0
BRDA:151,24,1,0
BRDA:178,25,0,0
BRDA:178,25,1,0
BRDA:180,26,0,0
BRDA:180,26,1,0
BRDA:188,27,0,0
BRDA:188,27,1,0
BRDA:190,28,0,0
BRDA:190,28,1,0
BRF:56
BRH:1
end_of_record
TN:
SF:src\core\plugins\deep-linking-client\helpers.js
FN:1,(anonymous_0)
FNF:1
FNH:0
FNDA:0,(anonymous_0)
DA:1,95
DA:2,0
DA:3,0
DA:5,0
LF:4
LH:1
BRDA:2,0,0,0
BRDA:2,0,1,0
BRF:2
BRH:0
end_of_record
TN:
SF:src\core\plugins\deep-linking-client\index.js
FN:5,(anonymous_0)
FN:10,(anonymous_1)
FN:10,(anonymous_2)
FNF:3
FNH:3
FNDA:190,(anonymous_0)
FNDA:95,(anonymous_1)
FNDA:95,(anonymous_2)
DA:6,190
DA:10,95
DA:11,95
DA:13,95
DA:14,95
LF:5
LH:5
BRF:0
BRH:0
end_of_record
TN:
SF:src\core\plugins\deep-linking-client\layout.js
FN:9,(anonymous_0)
FN:9,(anonymous_1)
FN:47,(anonymous_2)
FN:54,(anonymous_3)
FN:54,(anonymous_4)
FN:76,(anonymous_5)
FN:90,(anonymous_6)
FN:100,(anonymous_7)
FN:110,(anonymous_8)
FN:110,(anonymous_9)
FN:120,(anonymous_10)
FN:120,(anonymous_11)
FN:130,(anonymous_12)
FN:138,getScrollParent
FN:172,(anonymous_14)
FN:175,(anonymous_15)
FN:185,(anonymous_16)
FN:197,(anonymous_17)
FN:200,(anonymous_18)
FNF:19
FNH:7
FNDA:14,(anonymous_0)
FNDA:14,(anonymous_1)
FNDA:0,(anonymous_2)
FNDA:190,(anonymous_3)
FNDA:190,(anonymous_4)
FNDA:0,(anonymous_5)
FNDA:0,(anonymous_6)
FNDA:0,(anonymous_7)
FNDA:1401,(anonymous_8)
FNDA:1401,(anonymous_9)
FNDA:0,(anonymous_10)
FNDA:0,(anonymous_11)
FNDA:0,(anonymous_12)
FNDA:0,getScrollParent
FNDA:1528,(anonymous_14)
FNDA:0,(anonymous_15)
FNDA:0,(anonymous_16)
FNDA:0,(anonymous_17)
FNDA:0,(anonymous_18)
DA:6,95
DA:7,95
DA:9,95
DA:10,14
DA:12,14
DA:13,14
DA:16,0
DA:17,0
DA:19,0
DA:22,0
DA:25,0
DA:26,0
DA:28,0
DA:30,0
DA:31,0
DA:34,0
DA:35,0
DA:36,0
DA:37,0
DA:43,0
DA:47,95
DA:48,0
DA:54,190
DA:56,190
DA:57,190
DA:60,0
DA:61,0
DA:64,0
DA:66,0
DA:69,0
DA:73,0
DA:76,0
DA:78,0
DA:80,0
DA:82,0
DA:84,0
DA:88,0
DA:89,0
DA:90,0
DA:93,0
DA:98,0
DA:99,0
DA:100,0
DA:103,0
DA:106,0
DA:110,1401
DA:111,1401
DA:113,1401
DA:114,0
DA:115,0
DA:120,95
DA:121,0
DA:122,0
DA:123,0
DA:124,0
DA:126,0
DA:130,95
DA:131,0
DA:139,0
DA:140,0
DA:141,0
DA:142,0
DA:144,0
DA:145,0
DA:146,0
DA:147,0
DA:148,0
DA:149,0
DA:151,0
DA:152,0
DA:155,0
DA:173,1528
DA:176,0
DA:178,0
DA:179,0
DA:180,0
DA:181,0
DA:183,0
DA:186,0
DA:188,0
DA:189,0
DA:190,0
DA:191,0
DA:193,0
DA:198,0
DA:201,0
LF:86
LH:16
BRDA:12,0,0,14
BRDA:12,0,1,0
BRDA:19,1,0,0
BRDA:19,1,1,0
BRDA:25,2,0,0
BRDA:25,2,1,0
BRDA:30,3,0,0
BRDA:30,3,1,0
BRDA:34,4,0,0
BRDA:34,4,1,0
BRDA:36,5,0,0
BRDA:36,5,1,0
BRDA:50,6,0,0
BRDA:50,6,1,0
BRDA:56,7,0,190
BRDA:56,7,1,0
BRDA:60,8,0,0
BRDA:60,8,1,0
BRDA:64,9,0,0
BRDA:64,9,1,0
BRDA:69,10,0,0
BRDA:69,10,1,0
BRDA:76,11,0,0
BRDA:76,11,1,0
BRDA:80,12,0,0
BRDA:80,13,0,0
BRDA:82,14,0,0
BRDA:82,14,1,0
BRDA:88,15,0,0
BRDA:88,15,1,0
BRDA:98,16,0,0
BRDA:98,16,1,0
BRDA:98,17,0,0
BRDA:98,17,1,0
BRDA:113,18,0,0
BRDA:113,18,1,1401
BRDA:122,19,0,0
BRDA:122,19,1,0
BRDA:142,20,0,0
BRDA:142,20,1,0
BRDA:144,21,0,0
BRDA:144,21,1,0
BRDA:148,22,0,0
BRDA:148,22,1,0
BRDA:148,23,0,0
BRDA:148,23,1,0
BRDA:151,24,0,0
BRDA:151,24,1,0
BRDA:178,25,0,0
BRDA:178,25,1,0
BRDA:180,26,0,0
BRDA:180,26,1,0
BRDA:188,27,0,0
BRDA:188,27,1,0
BRDA:190,28,0,0
BRDA:190,28,1,0
BRF:56
BRH:3
end_of_record
TN:
SF:src\core\plugins\err\actions.js
FN:11,newThrownErr
FN:18,newThrownErrBatch
FN:25,newSpecErr
FN:32,newSpecErrBatch
FN:39,newAuthErr
FN:46,clear
FN:54,clearBy
FN:54,(anonymous_7)
FNF:8
FNH:1
FNDA:0,newThrownErr
FNDA:0,newThrownErrBatch
FNDA:0,newSpecErr
FNDA:0,newSpecErrBatch
FNDA:0,newAuthErr
FNDA:317,clear
FNDA:0,clearBy
FNDA:0,(anonymous_7)
DA:3,95
DA:4,95
DA:5,95
DA:6,95
DA:7,95
DA:8,95
DA:9,95
DA:12,0
DA:19,0
DA:26,0
DA:33,0
DA:40,0
DA:48,317
DA:54,0
DA:56,0
LF:15
LH:8
BRDA:46,0,0,0
BRDA:54,1,0,0
BRF:2
BRH:0
end_of_record
TN:
SF:src\core\plugins\err\index.js
FN:5,(anonymous_0)
FNF:1
FNH:1
FNDA:190,(anonymous_0)
DA:6,190
LF:1
LH:1
BRF:0
BRH:0
end_of_record
TN:
SF:src\core\plugins\err\reducers.js
FN:22,(anonymous_0)
FN:24,(anonymous_1)
FN:27,(anonymous_2)
FN:28,(anonymous_3)
FN:31,(anonymous_4)
FN:32,(anonymous_5)
FN:36,(anonymous_6)
FN:37,(anonymous_7)
FN:40,(anonymous_8)
FN:44,(anonymous_9)
FN:44,(anonymous_10)
FN:45,(anonymous_11)
FN:48,(anonymous_12)
FN:49,(anonymous_13)
FN:53,(anonymous_14)
FN:54,(anonymous_15)
FN:57,(anonymous_16)
FN:62,(anonymous_17)
FN:63,(anonymous_18)
FN:66,(anonymous_19)
FN:72,(anonymous_20)
FN:73,(anonymous_21)
FN:87,(anonymous_22)
FN:92,(anonymous_23)
FNF:24
FNH:2
FNDA:190,(anonymous_0)
FNDA:0,(anonymous_1)
FNDA:0,(anonymous_2)
FNDA:0,(anonymous_3)
FNDA:0,(anonymous_4)
FNDA:0,(anonymous_5)
FNDA:0,(anonymous_6)
FNDA:0,(anonymous_7)
FNDA:0,(anonymous_8)
FNDA:0,(anonymous_9)
FNDA:0,(anonymous_10)
FNDA:0,(anonymous_11)
FNDA:0,(anonymous_12)
FNDA:0,(anonymous_13)
FNDA:0,(anonymous_14)
FNDA:0,(anonymous_15)
FNDA:0,(anonymous_16)
FNDA:0,(anonymous_17)
FNDA:0,(anonymous_18)
FNDA:317,(anonymous_19)
FNDA:0,(anonymous_20)
FNDA:0,(anonymous_21)
FNDA:0,(anonymous_22)
FNDA:0,(anonymous_23)
DA:15,95
DA:23,190
DA:25,0
DA:26,0
DA:27,0
DA:28,0
DA:32,0
DA:33,0
DA:35,0
DA:36,0
DA:37,0
DA:41,0
DA:42,0
DA:43,0
DA:44,0
DA:45,0
DA:49,0
DA:50,0
DA:52,0
DA:53,0
DA:54,0
DA:58,0
DA:60,0
DA:61,0
DA:62,0
DA:63,0
DA:67,317
DA:68,317
DA:71,0
DA:73,0
DA:74,0
DA:75,0
DA:77,0
DA:79,0
DA:82,0
DA:88,0
DA:89,0
DA:91,0
DA:93,0
DA:95,0
LF:40
LH:4
BRDA:27,0,0,0
BRDA:27,0,1,0
BRDA:36,1,0,0
BRDA:36,1,1,0
BRDA:44,2,0,0
BRDA:44,2,1,0
BRDA:53,3,0,0
BRDA:53,3,1,0
BRDA:62,4,0,0
BRDA:62,4,1,0
BRDA:67,5,0,317
BRDA:67,5,1,0
BRDA:67,6,0,317
BRDA:67,6,1,317
BRDA:77,7,0,0
BRDA:77,7,1,0
BRDA:88,8,0,0
BRDA:88,8,1,0
BRDA:88,9,0,0
BRDA:88,9,1,0
BRF:20
BRH:3
end_of_record
TN:
SF:src\core\plugins\err\selectors.js
FN:4,(anonymous_0)
FN:8,(anonymous_1)
FN:13,(anonymous_2)
FNF:3
FNH:2
FNDA:71,(anonymous_0)
FNDA:71,(anonymous_1)
FNDA:0,(anonymous_2)
DA:4,95
DA:6,95
DA:8,71
DA:11,95
DA:13,0
LF:5
LH:4
BRF:0
BRH:0
end_of_record
TN:
SF:src\core\plugins\err\error-transformers\hook.js
FN:10,transformErrors
FN:19,(anonymous_1)
FN:22,(anonymous_2)
FN:30,(anonymous_3)
FN:31,(anonymous_4)
FNF:5
FNH:0
FNDA:0,transformErrors
FNDA:0,(anonymous_1)
FNDA:0,(anonymous_2)
FNDA:0,(anonymous_3)
FNDA:0,(anonymous_4)
DA:5,95
DA:15,0
DA:19,0
DA:20,0
DA:21,0
DA:22,0
DA:24,0
DA:25,0
DA:29,0
DA:30,0
DA:32,0
DA:35,0
LF:12
LH:1
BRDA:32,0,0,0
BRDA:32,0,1,0
BRDA:32,1,0,0
BRDA:32,1,1,0
BRF:4
BRH:0
end_of_record
TN:
SF:src\core\plugins\err\error-transformers\transformers\not-of-type.js
FN:1,transform
FN:5,(anonymous_1)
FN:17,makeNewMessage
FN:18,(anonymous_3)
FNF:4
FNH:0
FNDA:0,transform
FNDA:0,(anonymous_1)
FNDA:0,makeNewMessage
FNDA:0,(anonymous_3)
DA:4,0
DA:6,0
DA:7,0
DA:8,0
DA:9,0
DA:10,0
DA:12,0
DA:18,0
DA:19,0
DA:20,0
DA:21,0
DA:22,0
DA:23,0
DA:24,0
DA:26,0
LF:15
LH:0
BRDA:8,0,0,0
BRDA:8,0,1,0
BRDA:19,1,0,0
BRDA:19,1,1,0
BRDA:19,2,0,0
BRDA:19,2,1,0
BRDA:21,3,0,0
BRDA:21,3,1,0
BRDA:21,4,0,0
BRDA:21,4,1,0
BRDA:23,5,0,0
BRDA:23,5,1,0
BRF:12
BRH:0
end_of_record
TN:
SF:src\core\plugins\err\error-transformers\transformers\parameter-oneof.js
FN:4,transform
FN:14,(anonymous_1)
FN:30,createTailoredParameterError
FNF:3
FNH:0
FNDA:0,transform
FNDA:0,(anonymous_1)
FNDA:0,createTailoredParameterError
DA:8,0
DA:12,0
DA:13,0
DA:15,0
DA:16,0
DA:17,0
DA:19,0
DA:21,0
DA:27,95
DA:28,95
DA:31,0
DA:32,0
DA:35,0
DA:36,0
DA:37,0
DA:46,0
DA:47,0
DA:48,0
DA:57,0
LF:19
LH:2
BRDA:17,0,0,0
BRDA:17,0,1,0
BRDA:35,1,0,0
BRDA:35,1,1,0
BRDA:35,2,0,0
BRDA:35,2,1,0
BRDA:46,3,0,0
BRDA:46,3,1,0
BRDA:46,4,0,0
BRDA:46,4,1,0
BRDA:57,5,0,0
BRDA:57,5,1,0
BRF:12
BRH:0
end_of_record
TN:
SF:src\core\plugins\filter\index.js
FN:3,(anonymous_0)
FNF:1
FNH:1
FNDA:190,(anonymous_0)
DA:4,190
LF:1
LH:1
BRF:0
BRH:0
end_of_record
TN:
SF:src\core\plugins\filter\opsFilter.js
FN:1,(anonymous_0)
FN:2,(anonymous_1)
FNF:2
FNH:0
FNDA:0,(anonymous_0)
FNDA:0,(anonymous_1)
DA:2,0
LF:1
LH:0
BRF:0
BRH:0
end_of_record
TN:
SF:src\core\plugins\layout\actions.js
FN:10,updateLayout
FN:17,updateFilter
FN:24,show
FN:35,changeMode
FNF:4
FNH:1
FNDA:0,updateLayout
FNDA:0,updateFilter
FNDA:14,show
FNDA:0,changeMode
DA:3,95
DA:4,95
DA:5,95
DA:6,95
DA:11,0
DA:18,0
DA:25,14
DA:28,14
DA:36,0
DA:37,0
LF:10
LH:6
BRDA:24,0,0,0
BRDA:35,1,0,0
BRF:2
BRH:0
end_of_record
TN:
SF:src\core\plugins\layout\index.js
FN:6,(anonymous_0)
FNF:1
FNH:1
FNDA:190,(anonymous_0)
DA:7,190
LF:1
LH:1
BRF:0
BRH:0
end_of_record
TN:
SF:src\core\plugins\layout\reducers.js
FN:11,(anonymous_0)
FN:13,(anonymous_1)
FN:15,(anonymous_2)
FN:23,(anonymous_3)
FN:26,(anonymous_4)
FNF:5
FNH:2
FNDA:0,(anonymous_0)
FNDA:0,(anonymous_1)
FNDA:14,(anonymous_2)
FNDA:14,(anonymous_3)
FNDA:0,(anonymous_4)
DA:11,0
DA:13,0
DA:16,14
DA:19,14
DA:23,14
DA:27,0
DA:28,0
DA:29,0
LF:8
LH:3
BRDA:29,0,0,0
BRDA:29,0,1,0
BRF:2
BRH:0
end_of_record
TN:
SF:src\core\plugins\layout\selectors.js
FN:5,(anonymous_0)
FN:7,(anonymous_1)
FN:9,(anonymous_2)
FN:11,(anonymous_3)
FN:16,(anonymous_4)
FN:23,(anonymous_5)
FNF:6
FNH:5
FNDA:84,(anonymous_0)
FNDA:2156,(anonymous_1)
FNDA:1107,(anonymous_2)
FNDA:6195,(anonymous_3)
FNDA:0,(anonymous_4)
FNDA:84,(anonymous_5)
DA:5,95
DA:7,2156
DA:9,1107
DA:11,95
DA:12,6195
DA:13,6195
DA:16,95
DA:17,0
DA:18,0
DA:21,95
DA:23,84
LF:11
LH:9
BRDA:16,0,0,0
BRF:1
BRH:0
end_of_record
TN:
SF:src\core\plugins\layout\spec-extensions\wrap-selector.js
FN:2,(anonymous_0)
FN:2,(anonymous_1)
FNF:2
FNH:2
FNDA:784,(anonymous_0)
FNDA:784,(anonymous_1)
DA:2,784
DA:3,784
DA:5,784
DA:6,784
DA:7,784
DA:10,784
DA:11,784
DA:12,0
DA:13,0
DA:17,784
DA:18,0
DA:21,784
LF:12
LH:9
BRDA:11,0,0,0
BRDA:11,0,1,784
BRDA:12,1,0,0
BRDA:12,1,1,0
BRDA:12,2,0,0
BRDA:12,2,1,0
BRDA:12,2,2,0
BRDA:17,3,0,0
BRDA:17,3,1,784
BRDA:17,4,0,784
BRDA:17,4,1,0
BRDA:17,4,2,0
BRF:12
BRH:3
end_of_record
TN:
SF:src\core\plugins\logs\index.js
FN:1,(anonymous_0)
FN:11,(anonymous_1)
FN:16,log
FNF:3
FNH:2
FNDA:190,(anonymous_0)
FNDA:190,(anonymous_1)
FNDA:0,log
DA:3,190
DA:11,190
DA:13,190
DA:14,190
DA:17,0
DA:19,0
DA:22,190
DA:23,190
DA:24,190
DA:25,190
DA:27,190
LF:11
LH:9
BRDA:11,0,0,190
BRDA:11,0,1,190
BRDA:17,1,0,0
BRDA:17,1,1,0
BRF:4
BRH:2
end_of_record
TN:
SF:src\core\plugins\oas3\actions.js
FN:16,setSelectedServer
FN:23,setRequestBodyValue
FN:30,(anonymous_2)
FN:38,setRequestBodyInclusion
FN:45,setActiveExamplesMember
FN:52,setRequestContentType
FN:59,setResponseContentType
FN:66,setServerVariableValue
FN:73,(anonymous_8)
FN:80,(anonymous_9)
FN:87,(anonymous_10)
FN:94,(anonymous_11)
FNF:12
FNH:1
FNDA:0,setSelectedServer
FNDA:0,setRequestBodyValue
FNDA:0,(anonymous_2)
FNDA:0,setRequestBodyInclusion
FNDA:0,setActiveExamplesMember
FNDA:0,setRequestContentType
FNDA:14,setResponseContentType
FNDA:0,setServerVariableValue
FNDA:0,(anonymous_8)
FNDA:0,(anonymous_9)
FNDA:0,(anonymous_10)
FNDA:0,(anonymous_11)
DA:4,95
DA:5,95
DA:6,95
DA:7,95
DA:8,95
DA:9,95
DA:10,95
DA:11,95
DA:12,95
DA:13,95
DA:14,95
DA:17,0
DA:24,0
DA:30,95
DA:31,0
DA:39,0
DA:46,0
DA:53,0
DA:60,14
DA:67,0
DA:73,95
DA:74,0
DA:80,95
DA:81,0
DA:87,95
DA:88,0
DA:94,95
DA:95,0
LF:28
LH:17
BRF:0
BRH:0
end_of_record
TN:
SF:src\core\plugins\oas3\index.js
FN:12,(anonymous_0)
FNF:1
FNH:1
FNDA:190,(anonymous_0)
DA:13,190
LF:1
LH:1
BRF:0
BRH:0
end_of_record
TN:
SF:src\core\plugins\oas3\reducers.js
FN:17,(anonymous_0)
FN:21,(anonymous_1)
FN:34,(anonymous_2)
FN:45,(anonymous_3)
FN:49,(anonymous_4)
FN:53,(anonymous_5)
FN:57,(anonymous_6)
FN:61,(anonymous_7)
FN:64,(anonymous_8)
FN:68,(anonymous_9)
FN:78,(anonymous_10)
FN:79,(anonymous_11)
FN:87,(anonymous_12)
FN:96,(anonymous_13)
FN:97,(anonymous_14)
FN:102,(anonymous_15)
FNF:16
FNH:1
FNDA:0,(anonymous_0)
FNDA:0,(anonymous_1)
FNDA:0,(anonymous_2)
FNDA:0,(anonymous_3)
FNDA:0,(anonymous_4)
FNDA:0,(anonymous_5)
FNDA:0,(anonymous_6)
FNDA:14,(anonymous_7)
FNDA:0,(anonymous_8)
FNDA:0,(anonymous_9)
FNDA:0,(anonymous_10)
FNDA:0,(anonymous_11)
FNDA:0,(anonymous_12)
FNDA:0,(anonymous_13)
FNDA:0,(anonymous_14)
FNDA:0,(anonymous_15)
DA:18,0
DA:19,0
DA:22,0
DA:23,0
DA:25,0
DA:27,0
DA:28,0
DA:30,0
DA:33,0
DA:34,0
DA:35,0
DA:36,0
DA:37,0
DA:38,0
DA:40,0
DA:43,0
DA:46,0
DA:47,0
DA:50,0
DA:51,0
DA:54,0
DA:55,0
DA:58,0
DA:59,0
DA:62,14
DA:65,0
DA:66,0
DA:69,0
DA:70,0
DA:71,0
DA:73,0
DA:75,0
DA:77,0
DA:78,0
DA:79,0
DA:80,0
DA:84,0
DA:85,0
DA:88,0
DA:89,0
DA:90,0
DA:92,0
DA:93,0
DA:94,0
DA:96,0
DA:97,0
DA:98,0
DA:103,0
DA:104,0
DA:105,0
DA:106,0
DA:108,0
DA:109,0
DA:111,0
LF:54
LH:1
BRDA:18,0,0,0
BRDA:18,0,1,0
BRDA:23,1,0,0
BRDA:23,1,1,0
BRDA:27,2,0,0
BRDA:27,2,1,0
BRDA:28,3,0,0
BRDA:28,3,1,0
BRDA:36,4,0,0
BRDA:36,4,1,0
BRDA:38,5,0,0
BRDA:38,5,1,0
BRDA:65,6,0,0
BRDA:65,6,1,0
BRDA:71,7,0,0
BRDA:71,7,1,0
BRDA:75,8,0,0
BRDA:75,8,1,0
BRDA:75,9,0,0
BRDA:75,9,1,0
BRDA:89,10,0,0
BRDA:89,10,1,0
BRDA:93,11,0,0
BRDA:93,11,1,0
BRDA:105,12,0,0
BRDA:105,12,1,0
BRDA:108,13,0,0
BRDA:108,13,1,0
BRF:28
BRH:0
end_of_record
TN:
SF:src\core\plugins\oas3\selectors.js
FN:9,(anonymous_0)
FN:10,(anonymous_1)
FN:11,(anonymous_2)
FN:25,validateRequestBodyIsRequired
FN:26,(anonymous_4)
FN:26,(anonymous_5)
FN:42,(anonymous_6)
FN:54,(anonymous_7)
FN:60,(anonymous_8)
FN:65,(anonymous_9)
FN:70,(anonymous_10)
FN:70,(anonymous_11)
FN:90,(anonymous_12)
FN:90,(anonymous_13)
FN:114,(anonymous_14)
FN:135,(anonymous_15)
FN:140,(anonymous_16)
FN:145,(anonymous_17)
FN:150,(anonymous_18)
FN:155,(anonymous_19)
FN:160,(anonymous_20)
FN:181,(anonymous_21)
FN:202,(anonymous_22)
FN:223,(anonymous_23)
FN:232,(anonymous_24)
FN:235,(anonymous_25)
FN:243,(anonymous_26)
FN:246,(anonymous_27)
FN:253,(anonymous_28)
FNF:29
FNH:10
FNDA:1140,(anonymous_0)
FNDA:491,(anonymous_1)
FNDA:491,(anonymous_2)
FNDA:95,validateRequestBodyIsRequired
FNDA:0,(anonymous_4)
FNDA:0,(anonymous_5)
FNDA:0,(anonymous_6)
FNDA:323,(anonymous_7)
FNDA:42,(anonymous_8)
FNDA:0,(anonymous_9)
FNDA:0,(anonymous_10)
FNDA:0,(anonymous_11)
FNDA:42,(anonymous_12)
FNDA:42,(anonymous_13)
FNDA:0,(anonymous_14)
FNDA:0,(anonymous_15)
FNDA:0,(anonymous_16)
FNDA:42,(anonymous_17)
FNDA:42,(anonymous_18)
FNDA:0,(anonymous_19)
FNDA:0,(anonymous_20)
FNDA:0,(anonymous_21)
FNDA:0,(anonymous_22)
FNDA:0,(anonymous_23)
FNDA:0,(anonymous_24)
FNDA:0,(anonymous_25)
FNDA:0,(anonymous_26)
FNDA:0,(anonymous_27)
FNDA:0,(anonymous_28)
DA:9,95
DA:10,1140
DA:11,491
DA:12,491
DA:14,491
DA:15,491
DA:16,491
DA:20,0
DA:26,95
DA:27,0
DA:28,0
DA:30,0
DA:31,0
DA:33,0
DA:34,0
DA:37,0
DA:42,95
DA:43,0
DA:44,0
DA:46,0
DA:47,0
DA:50,0
DA:54,95
DA:55,323
DA:56,323
DA:60,95
DA:61,42
DA:65,95
DA:66,0
DA:70,95
DA:71,0
DA:72,0
DA:73,0
DA:74,0
DA:75,0
DA:76,0
DA:87,0
DA:90,95
DA:91,42
DA:93,42
DA:94,42
DA:95,42
DA:96,42
DA:108,42
DA:109,42
DA:112,0
DA:114,0
DA:116,0
DA:117,0
DA:119,0
DA:120,0
DA:129,0
DA:131,0
DA:135,95
DA:136,0
DA:140,95
DA:141,0
DA:145,95
DA:146,42
DA:150,95
DA:151,42
DA:155,95
DA:156,0
DA:160,95
DA:165,0
DA:166,0
DA:167,0
DA:168,0
DA:170,0
DA:173,0
DA:174,0
DA:177,0
DA:181,95
DA:186,0
DA:187,0
DA:188,0
DA:189,0
DA:191,0
DA:194,0
DA:195,0
DA:198,0
DA:202,95
DA:207,0
DA:208,0
DA:209,0
DA:210,0
DA:211,0
DA:213,0
DA:216,0
DA:217,0
DA:220,0
DA:221,0
DA:223,0
DA:224,0
DA:227,0
DA:231,95
DA:232,0
DA:235,95
DA:236,0
DA:238,0
DA:239,0
DA:241,0
DA:243,0
DA:244,0
DA:245,0
DA:246,0
DA:247,0
DA:248,0
DA:253,0
DA:254,0
DA:255,0
DA:256,0
DA:259,0
LF:113
LH:36
BRDA:14,0,0,491
BRDA:14,0,1,0
BRDA:16,1,0,42
BRDA:16,1,1,449
BRDA:30,2,0,0
BRDA:30,2,1,0
BRDA:33,3,0,0
BRDA:33,3,1,0
BRDA:43,4,0,0
BRDA:43,4,1,0
BRDA:46,5,0,0
BRDA:46,5,1,0
BRDA:55,6,0,0
BRDA:55,6,1,323
BRDA:56,7,0,323
BRDA:56,7,1,323
BRDA:61,8,0,42
BRDA:61,8,1,42
BRDA:66,9,0,0
BRDA:66,9,1,0
BRDA:73,10,0,0
BRDA:73,10,1,0
BRDA:75,11,0,0
BRDA:75,11,1,0
BRDA:108,12,0,42
BRDA:108,12,1,0
BRDA:112,13,0,0
BRDA:112,13,1,0
BRDA:114,14,0,0
BRDA:114,14,1,0
BRDA:116,15,0,0
BRDA:116,15,1,0
BRDA:119,16,0,0
BRDA:119,16,1,0
BRDA:129,17,0,0
BRDA:129,17,1,0
BRDA:136,18,0,0
BRDA:136,18,1,0
BRDA:141,19,0,0
BRDA:141,19,1,0
BRDA:146,20,0,42
BRDA:146,20,1,42
BRDA:151,21,0,42
BRDA:151,21,1,42
BRDA:156,22,0,0
BRDA:156,22,1,0
BRDA:165,23,0,0
BRDA:165,23,1,0
BRDA:167,24,0,0
BRDA:167,24,1,0
BRDA:177,25,0,0
BRDA:177,25,1,0
BRDA:186,26,0,0
BRDA:186,26,1,0
BRDA:188,27,0,0
BRDA:188,27,1,0
BRDA:198,28,0,0
BRDA:198,28,1,0
BRDA:207,29,0,0
BRDA:207,29,1,0
BRDA:210,30,0,0
BRDA:210,30,1,0
BRDA:220,31,0,0
BRDA:220,31,1,0
BRDA:238,32,0,0
BRDA:238,32,1,0
BRDA:244,33,0,0
BRDA:244,33,1,0
BRDA:247,34,0,0
BRDA:247,34,1,0
BRDA:255,35,0,0
BRDA:255,35,1,0
BRF:72
BRH:13
end_of_record
TN:
SF:src\core\plugins\oas3\auth-extensions\wrap-selectors.js
FN:8,(anonymous_0)
FN:10,onlyOAS3
FN:11,(anonymous_2)
FN:11,(anonymous_3)
FN:26,(anonymous_4)
FN:27,(anonymous_5)
FN:36,(anonymous_6)
FN:40,(anonymous_7)
FN:51,(anonymous_8)
FN:67,(anonymous_9)
FN:70,(anonymous_10)
FN:82,(anonymous_11)
FNF:12
FNH:1
FNDA:0,(anonymous_0)
FNDA:95,onlyOAS3
FNDA:0,(anonymous_2)
FNDA:0,(anonymous_3)
FNDA:0,(anonymous_4)
FNDA:0,(anonymous_5)
FNDA:0,(anonymous_6)
FNDA:0,(anonymous_7)
FNDA:0,(anonymous_8)
FNDA:0,(anonymous_9)
FNDA:0,(anonymous_10)
FNDA:0,(anonymous_11)
DA:8,95
DA:11,95
DA:12,0
DA:13,0
DA:15,0
DA:17,0
DA:19,0
DA:24,95
DA:26,0
DA:30,0
DA:32,0
DA:33,0
DA:36,0
DA:37,0
DA:39,0
DA:40,0
DA:41,0
DA:50,0
DA:54,0
DA:59,0
DA:60,0
DA:64,0
DA:65,0
DA:66,0
DA:67,0
DA:69,0
DA:70,0
DA:72,0
DA:81,0
DA:85,0
DA:92,0
LF:31
LH:3
BRDA:13,0,0,0
BRDA:13,0,1,0
BRDA:32,1,0,0
BRDA:32,1,1,0
BRDA:39,2,0,0
BRDA:39,2,1,0
BRDA:59,3,0,0
BRDA:59,3,1,0
BRDA:59,4,0,0
BRDA:59,4,1,0
BRDA:64,5,0,0
BRDA:64,5,1,0
BRDA:64,6,0,0
BRDA:64,6,1,0
BRDA:66,7,0,0
BRDA:66,7,1,0
BRDA:69,8,0,0
BRDA:69,8,1,0
BRF:18
BRH:0
end_of_record
TN:
SF:src\core\plugins\oas3\components\index.js
FNF:0
FNH:0
LF:0
LH:0
BRF:0
BRH:0
end_of_record
TN:
SF:src\core\plugins\oas3\spec-extensions\selectors.js
FN:8,onlyOAS3
FN:9,(anonymous_1)
FN:9,(anonymous_2)
FN:19,(anonymous_3)
FN:25,(anonymous_4)
FN:30,(anonymous_5)
FN:33,(anonymous_6)
FN:44,(anonymous_7)
FN:47,(anonymous_8)
FN:47,(anonymous_9)
FNF:10
FNH:3
FNDA:95,onlyOAS3
FNDA:438,(anonymous_1)
FNDA:438,(anonymous_2)
FNDA:0,(anonymous_3)
FNDA:0,(anonymous_4)
FNDA:0,(anonymous_5)
FNDA:0,(anonymous_6)
FNDA:0,(anonymous_7)
FNDA:0,(anonymous_8)
FNDA:0,(anonymous_9)
DA:9,438
DA:10,438
DA:11,438
DA:12,0
DA:14,438
DA:19,95
DA:20,0
DA:23,95
DA:25,0
DA:28,95
DA:30,0
DA:33,95
DA:34,0
DA:35,0
DA:36,0
DA:37,0
DA:42,95
DA:44,0
DA:47,95
DA:48,0
DA:49,0
LF:21
LH:10
BRDA:11,0,0,0
BRDA:11,0,1,438
BRDA:20,1,0,0
BRDA:20,1,1,0
BRDA:35,2,0,0
BRDA:35,2,1,0
BRDA:44,3,0,0
BRDA:44,3,1,0
BRF:8
BRH:1
end_of_record
TN:
SF:src\core\plugins\oas3\spec-extensions\wrap-selectors.js
FN:9,onlyOAS3
FN:10,(anonymous_1)
FN:10,(anonymous_2)
FN:20,(anonymous_3)
FN:24,(anonymous_4)
FN:30,(anonymous_5)
FN:35,(anonymous_6)
FN:38,(anonymous_7)
FN:49,(anonymous_8)
FN:55,(anonymous_9)
FN:61,(anonymous_10)
FN:74,(anonymous_11)
FN:77,(anonymous_12)
FN:77,(anonymous_13)
FN:82,(anonymous_14)
FN:82,(anonymous_15)
FNF:16
FNH:15
FNDA:475,onlyOAS3
FNDA:3294,(anonymous_1)
FNDA:3294,(anonymous_2)
FNDA:616,(anonymous_3)
FNDA:70,(anonymous_4)
FNDA:308,(anonymous_5)
FNDA:308,(anonymous_6)
FNDA:602,(anonymous_7)
FNDA:71,(anonymous_8)
FNDA:0,(anonymous_9)
FNDA:228,(anonymous_10)
FNDA:71,(anonymous_11)
FNDA:6586,(anonymous_12)
FNDA:6586,(anonymous_13)
FNDA:2061,(anonymous_14)
FNDA:2061,(anonymous_15)
DA:10,3294
DA:11,3294
DA:12,3294
DA:13,1980
DA:15,1314
DA:20,95
DA:21,616
DA:24,95
DA:26,95
DA:28,95
DA:30,308
DA:33,95
DA:35,308
DA:38,95
DA:39,602
DA:40,602
DA:41,602
DA:42,602
DA:47,95
DA:50,71
DA:51,71
DA:55,95
DA:56,0
DA:59,95
DA:61,228
DA:64,95
DA:65,95
DA:66,95
DA:67,95
DA:68,95
DA:72,95
DA:74,71
DA:77,6586
DA:78,6586
DA:79,6586
DA:82,2061
DA:83,2061
DA:84,2061
LF:38
LH:37
BRDA:12,0,0,1980
BRDA:12,0,1,1314
BRDA:21,1,0,616
BRDA:21,1,1,0
BRDA:40,2,0,602
BRDA:40,2,1,0
BRDA:51,3,0,64
BRDA:51,3,1,7
BRDA:61,4,0,228
BRDA:61,4,1,228
BRDA:74,5,0,71
BRDA:74,5,1,71
BRDA:79,6,0,6586
BRDA:79,6,1,0
BRDA:84,7,0,2061
BRDA:84,7,1,0
BRF:16
BRH:12
end_of_record
TN:
SF:src\core\plugins\oas3\wrap-components\index.js
FNF:0
FNH:0
LF:0
LH:0
BRF:0
BRH:0
end_of_record
TN:
SF:src\core\plugins\oas3\wrap-components\online-validator-badge.js
FNF:0
FNH:0
LF:0
LH:0
BRF:0
BRH:0
end_of_record
TN:
SF:src\core\plugins\on-complete\index.js
FN:3,(anonymous_0)
FN:9,(anonymous_1)
FN:9,(anonymous_2)
FN:13,(anonymous_3)
FN:13,(anonymous_4)
FNF:5
FNH:5
FNDA:190,(anonymous_0)
FNDA:151,(anonymous_1)
FNDA:151,(anonymous_2)
FNDA:151,(anonymous_3)
FNDA:151,(anonymous_4)
DA:1,95
DA:5,190
DA:9,151
DA:10,151
DA:11,151
DA:13,151
DA:14,151
DA:15,151
DA:18,0
DA:19,0
DA:22,151
LF:11
LH:9
BRDA:15,0,0,0
BRDA:15,0,1,151
BRDA:15,1,0,151
BRDA:15,1,1,151
BRF:4
BRH:3
end_of_record
TN:
SF:src\core\plugins\request-snippets\fn.js
FN:10,(anonymous_0)
FN:18,(anonymous_1)
FN:30,(anonymous_2)
FN:47,(anonymous_3)
FN:63,getStringBodyOfMap
FN:76,(anonymous_5)
FN:79,(anonymous_6)
FN:80,(anonymous_7)
FN:81,(anonymous_8)
FN:82,(anonymous_9)
FN:148,(anonymous_10)
FN:153,(anonymous_11)
FN:158,(anonymous_12)
FNF:13
FNH:0
FNDA:0,(anonymous_0)
FNDA:0,(anonymous_1)
FNDA:0,(anonymous_2)
FNDA:0,(anonymous_3)
FNDA:0,getStringBodyOfMap
FNDA:0,(anonymous_5)
FNDA:0,(anonymous_6)
FNDA:0,(anonymous_7)
FNDA:0,(anonymous_8)
FNDA:0,(anonymous_9)
FNDA:0,(anonymous_10)
FNDA:0,(anonymous_11)
FNDA:0,(anonymous_12)
DA:10,95
DA:11,0
DA:12,0
DA:13,0
DA:15,0
DA:18,95
DA:19,0
DA:20,0
DA:23,0
DA:24,0
DA:27,0
DA:30,95
DA:31,0
DA:36,0
DA:37,0
DA:41,0
DA:42,0
DA:44,0
DA:47,95
DA:48,0
DA:49,0
DA:51,0
DA:52,0
DA:55,0
DA:56,0
DA:60,0
DA:64,0
DA:65,0
DA:66,0
DA:67,0
DA:68,0
DA:70,0
DA:73,0
DA:76,95
DA:77,0
DA:78,0
DA:79,0
DA:80,0
DA:81,0
DA:82,0
DA:83,0
DA:84,0
DA:86,0
DA:87,0
DA:90,0
DA:92,0
DA:93,0
DA:94,0
DA:96,0
DA:97,0
DA:98,0
DA:99,0
DA:100,0
DA:101,0
DA:102,0
DA:106,0
DA:107,0
DA:108,0
DA:109,0
DA:110,0
DA:111,0
DA:112,0
DA:113,0
DA:114,0
DA:115,0
DA:117,0
DA:120,0
DA:121,0
DA:122,0
DA:123,0
DA:125,0
DA:126,0
DA:127,0
DA:128,0
DA:129,0
DA:130,0
DA:131,0
DA:133,0
DA:135,0
DA:138,0
DA:139,0
DA:140,0
DA:141,0
DA:144,0
DA:148,95
DA:149,0
DA:153,95
DA:154,0
DA:158,95
DA:159,0
LF:90
LH:8
BRDA:12,0,0,0
BRDA:12,0,1,0
BRDA:19,1,0,0
BRDA:19,1,1,0
BRDA:23,2,0,0
BRDA:23,2,1,0
BRDA:36,3,0,0
BRDA:36,3,1,0
BRDA:41,4,0,0
BRDA:41,4,1,0
BRDA:48,5,0,0
BRDA:48,5,1,0
BRDA:51,6,0,0
BRDA:51,6,1,0
BRDA:55,7,0,0
BRDA:55,7,1,0
BRDA:67,8,0,0
BRDA:67,8,1,0
BRDA:68,9,0,0
BRDA:68,9,1,0
BRDA:76,10,0,0
BRDA:82,11,0,0
BRDA:86,12,0,0
BRDA:86,12,1,0
BRDA:96,13,0,0
BRDA:96,13,1,0
BRDA:96,14,0,0
BRDA:96,14,1,0
BRDA:102,15,0,0
BRDA:102,15,1,0
BRDA:102,15,2,0
BRDA:107,16,0,0
BRDA:107,16,1,0
BRDA:108,17,0,0
BRDA:108,17,1,0
BRDA:108,18,0,0
BRDA:108,18,1,0
BRDA:114,19,0,0
BRDA:114,19,1,0
BRDA:115,20,0,0
BRDA:115,20,1,0
BRDA:120,21,0,0
BRDA:120,21,1,0
BRDA:129,22,0,0
BRDA:129,22,1,0
BRDA:130,23,0,0
BRDA:130,23,1,0
BRDA:138,24,0,0
BRDA:138,24,1,0
BRDA:138,25,0,0
BRDA:138,25,1,0
BRF:51
BRH:0
end_of_record
TN:
SF:src\core\plugins\request-snippets\index.js
FN:4,(anonymous_0)
FNF:1
FNH:1
FNDA:190,(anonymous_0)
DA:5,190
LF:1
LH:1
BRF:0
BRH:0
end_of_record
TN:
SF:src\core\plugins\request-snippets\selectors.js
FN:4,(anonymous_0)
FN:8,(anonymous_1)
FN:17,(anonymous_2)
FN:21,(anonymous_3)
FN:21,(anonymous_4)
FN:22,(anonymous_5)
FN:24,(anonymous_6)
FN:32,(anonymous_7)
FN:37,(anonymous_8)
FN:43,(anonymous_9)
FNF:10
FNH:0
FNDA:0,(anonymous_0)
FNDA:0,(anonymous_1)
FNDA:0,(anonymous_2)
FNDA:0,(anonymous_3)
FNDA:0,(anonymous_4)
FNDA:0,(anonymous_5)
FNDA:0,(anonymous_6)
FNDA:0,(anonymous_7)
FNDA:0,(anonymous_8)
FNDA:0,(anonymous_9)
DA:4,95
DA:6,95
DA:9,0
DA:11,0
DA:13,0
DA:14,0
DA:16,0
DA:17,0
DA:21,95
DA:22,0
DA:23,0
DA:25,0
DA:26,0
DA:27,0
DA:30,0
DA:32,0
DA:35,95
DA:37,0
DA:41,95
DA:43,0
LF:20
LH:5
BRDA:4,0,0,0
BRDA:4,0,1,0
BRDA:13,1,0,0
BRDA:13,1,1,0
BRDA:13,2,0,0
BRDA:13,2,1,0
BRDA:26,3,0,0
BRDA:26,3,1,0
BRF:8
BRH:0
end_of_record
TN:
SF:src\core\plugins\safe-render\index.js
FN:7,(anonymous_0)
FN:7,(anonymous_1)
FN:26,(anonymous_2)
FNF:3
FNH:3
FNDA:285,(anonymous_0)
FNDA:380,(anonymous_1)
FNDA:1288,(anonymous_2)
DA:7,285
DA:8,380
DA:25,380
DA:26,1288
DA:27,380
DA:29,380
LF:6
LH:6
BRDA:7,0,0,190
BRDA:7,1,0,190
BRDA:7,2,0,190
BRDA:25,3,0,190
BRDA:25,3,1,190
BRF:5
BRH:5
end_of_record
TN:
SF:src\core\plugins\samples\fn.js
FN:8,(anonymous_0)
FN:19,(anonymous_1)
FN:20,(anonymous_2)
FN:21,(anonymous_3)
FN:22,(anonymous_4)
FN:23,(anonymous_5)
FN:24,(anonymous_6)
FN:25,(anonymous_7)
FN:26,(anonymous_8)
FN:27,(anonymous_9)
FN:28,(anonymous_10)
FN:29,(anonymous_11)
FN:30,(anonymous_12)
FN:33,(anonymous_13)
FN:47,(anonymous_14)
FN:47,(anonymous_15)
FN:60,(anonymous_16)
FN:61,(anonymous_17)
FN:77,(anonymous_18)
FN:83,(anonymous_19)
FN:130,(anonymous_20)
FN:204,(anonymous_21)
FN:204,(anonymous_22)
FN:234,(anonymous_23)
FN:252,(anonymous_24)
FN:256,(anonymous_25)
FN:262,(anonymous_26)
FN:268,(anonymous_27)
FN:269,(anonymous_28)
FN:277,(anonymous_29)
FN:284,(anonymous_30)
FN:298,(anonymous_31)
FN:345,(anonymous_32)
FN:420,(anonymous_33)
FN:541,(anonymous_34)
FN:543,(anonymous_35)
FN:609,(anonymous_36)
FN:620,(anonymous_37)
FN:629,(anonymous_38)
FN:632,(anonymous_39)
FNF:40
FNH:9
FNDA:0,(anonymous_0)
FNDA:28,(anonymous_1)
FNDA:0,(anonymous_2)
FNDA:0,(anonymous_3)
FNDA:0,(anonymous_4)
FNDA:0,(anonymous_5)
FNDA:0,(anonymous_6)
FNDA:0,(anonymous_7)
FNDA:0,(anonymous_8)
FNDA:0,(anonymous_9)
FNDA:0,(anonymous_10)
FNDA:0,(anonymous_11)
FNDA:0,(anonymous_12)
FNDA:28,(anonymous_13)
FNDA:0,(anonymous_14)
FNDA:0,(anonymous_15)
FNDA:0,(anonymous_16)
FNDA:0,(anonymous_17)
FNDA:0,(anonymous_18)
FNDA:0,(anonymous_19)
FNDA:70,(anonymous_20)
FNDA:84,(anonymous_21)
FNDA:224,(anonymous_22)
FNDA:28,(anonymous_23)
FNDA:0,(anonymous_24)
FNDA:0,(anonymous_25)
FNDA:0,(anonymous_26)
FNDA:0,(anonymous_27)
FNDA:0,(anonymous_28)
FNDA:0,(anonymous_29)
FNDA:0,(anonymous_30)
FNDA:0,(anonymous_31)
FNDA:0,(anonymous_32)
FNDA:0,(anonymous_33)
FNDA:0,(anonymous_34)
FNDA:0,(anonymous_35)
FNDA:28,(anonymous_36)
FNDA:0,(anonymous_37)
FNDA:42,(anonymous_38)
FNDA:42,(anonymous_39)
DA:8,95
DA:9,0
DA:10,0
DA:11,0
DA:14,0
DA:18,95
DA:19,28
DA:20,0
DA:21,0
DA:22,0
DA:23,0
DA:24,0
DA:25,0
DA:26,0
DA:27,0
DA:28,0
DA:29,0
DA:30,0
DA:33,95
DA:34,28
DA:35,28
DA:37,28
DA:39,28
DA:40,28
DA:42,0
DA:47,95
DA:48,0
DA:50,95
DA:51,95
DA:52,95
DA:58,95
DA:60,95
DA:61,0
DA:62,0
DA:63,0
DA:67,0
DA:77,0
DA:79,0
DA:80,0
DA:81,0
DA:83,0
DA:84,0
DA:85,0
DA:87,0
DA:90,0
DA:91,0
DA:92,0
DA:94,0
DA:95,0
DA:96,0
DA:97,0
DA:99,0
DA:100,0
DA:102,0
DA:103,0
DA:105,0
DA:106,0
DA:108,0
DA:109,0
DA:110,0
DA:111,0
DA:112,0
DA:114,0
DA:120,0
DA:121,0
DA:122,0
DA:124,0
DA:127,0
DA:130,95
DA:131,70
DA:132,0
DA:133,70
DA:135,70
DA:136,70
DA:137,70
DA:138,0
DA:142,0
DA:143,0
DA:144,0
DA:146,0
DA:147,0
DA:148,0
DA:149,0
DA:150,0
DA:152,0
DA:153,0
DA:154,0
DA:155,0
DA:157,0
DA:158,0
DA:160,0
DA:161,0
DA:163,0
DA:164,0
DA:166,0
DA:167,0
DA:168,0
DA:169,0
DA:170,0
DA:172,0
DA:179,70
DA:180,70
DA:181,70
DA:182,70
DA:183,70
DA:185,70
DA:188,70
DA:189,0
DA:191,0
DA:192,0
DA:194,0
DA:195,0
DA:200,70
DA:201,0
DA:204,224
DA:206,70
DA:207,28
DA:208,0
DA:209,28
DA:210,0
DA:211,28
DA:212,0
DA:213,0
DA:214,28
DA:229,28
DA:230,28
DA:234,70
DA:235,28
DA:236,0
DA:238,28
DA:239,0
DA:240,0
DA:241,0
DA:244,28
DA:248,70
DA:250,70
DA:252,70
DA:256,70
DA:257,0
DA:258,0
DA:260,0
DA:261,0
DA:262,0
DA:268,0
DA:269,0
DA:274,0
DA:277,70
DA:278,0
DA:279,0
DA:281,0
DA:284,70
DA:285,0
DA:286,0
DA:288,0
DA:289,0
DA:291,0
DA:292,0
DA:294,0
DA:297,70
DA:298,0
DA:299,0
DA:301,0
DA:303,0
DA:304,0
DA:307,0
DA:308,0
DA:310,0
DA:311,0
DA:312,0
DA:313,0
DA:314,0
DA:315,0
DA:317,0
DA:320,0
DA:322,0
DA:323,0
DA:325,0
DA:332,0
DA:333,0
DA:334,0
DA:337,0
DA:338,0
DA:339,0
DA:341,0
DA:345,70
DA:346,0
DA:347,0
DA:349,0
DA:356,0
DA:357,0
DA:358,0
DA:359,0
DA:363,0
DA:365,0
DA:370,70
DA:372,0
DA:373,0
DA:374,0
DA:375,0
DA:377,0
DA:381,0
DA:383,0
DA:384,0
DA:387,0
DA:388,0
DA:391,0
DA:392,0
DA:395,0
DA:400,0
DA:401,0
DA:405,0
DA:406,0
DA:407,0
DA:408,0
DA:410,0
DA:412,0
DA:415,0
DA:416,0
DA:417,0
DA:419,0
DA:420,0
DA:421,0
DA:422,0
DA:423,0
DA:424,0
DA:425,0
DA:429,0
DA:431,0
DA:435,0
DA:437,0
DA:438,0
DA:440,0
DA:441,0
DA:442,0
DA:444,0
DA:445,0
DA:447,0
DA:448,0
DA:450,0
DA:451,0
DA:452,0
DA:454,0
DA:456,0
DA:457,0
DA:460,0
DA:463,0
DA:464,0
DA:469,70
DA:470,0
DA:471,0
DA:472,0
DA:474,0
DA:475,0
DA:477,0
DA:478,0
DA:480,0
DA:481,0
DA:483,0
DA:485,0
DA:486,0
DA:489,0
DA:490,0
DA:493,0
DA:494,0
DA:495,0
DA:497,0
DA:499,0
DA:500,0
DA:501,0
DA:502,0
DA:504,0
DA:506,0
DA:508,0
DA:511,0
DA:512,0
DA:513,0
DA:515,0
DA:516,0
DA:517,0
DA:518,0
DA:520,0
DA:522,0
DA:526,0
DA:529,70
DA:530,28
DA:531,0
DA:535,28
DA:536,0
DA:537,0
DA:540,28
DA:541,0
DA:542,28
DA:543,0
DA:544,28
DA:545,28
DA:547,0
DA:549,28
DA:550,28
DA:551,0
DA:552,0
DA:553,0
DA:555,0
DA:557,28
DA:561,42
DA:563,0
DA:564,42
DA:566,28
DA:567,28
DA:568,0
DA:569,0
DA:570,0
DA:571,0
DA:573,0
DA:575,0
DA:576,0
DA:577,0
DA:578,0
DA:580,0
DA:583,28
DA:584,28
DA:585,0
DA:587,28
DA:588,0
DA:589,0
DA:590,0
DA:595,14
DA:597,28
DA:598,0
DA:601,28
DA:602,0
DA:603,0
DA:606,28
DA:609,95
DA:610,28
DA:611,0
DA:613,28
DA:614,0
DA:617,28
DA:620,95
DA:621,0
DA:622,0
DA:623,0
DA:624,0
DA:626,0
DA:629,95
DA:630,42
DA:632,95
DA:634,95
DA:636,95
LF:349
LH:82
BRDA:19,0,0,0
BRDA:19,0,1,28
BRDA:30,1,0,0
BRDA:30,1,1,0
BRDA:37,2,0,28
BRDA:37,2,1,28
BRDA:39,3,0,28
BRDA:39,3,1,0
BRDA:48,4,0,0
BRDA:48,4,1,0
BRDA:60,5,0,0
BRDA:62,6,0,0
BRDA:62,6,1,0
BRDA:62,7,0,0
BRDA:62,7,1,0
BRDA:79,8,0,0
BRDA:79,8,1,0
BRDA:79,9,0,0
BRDA:79,9,1,0
BRDA:80,10,0,0
BRDA:80,10,1,0
BRDA:80,11,0,0
BRDA:80,11,1,0
BRDA:84,12,0,0
BRDA:84,12,1,0
BRDA:90,13,0,0
BRDA:90,13,1,0
BRDA:91,14,0,0
BRDA:91,14,1,0
BRDA:96,15,0,0
BRDA:96,15,1,0
BRDA:99,16,0,0
BRDA:99,16,1,0
BRDA:99,17,0,0
BRDA:99,17,1,0
BRDA:102,18,0,0
BRDA:102,18,1,0
BRDA:102,19,0,0
BRDA:102,19,1,0
BRDA:102,19,2,0
BRDA:105,20,0,0
BRDA:105,20,1,0
BRDA:105,21,0,0
BRDA:105,21,1,0
BRDA:105,21,2,0
BRDA:108,22,0,0
BRDA:108,22,1,0
BRDA:110,23,0,0
BRDA:110,23,1,0
BRDA:110,24,0,0
BRDA:110,24,1,0
BRDA:110,24,2,0
BRDA:111,25,0,0
BRDA:111,25,1,0
BRDA:120,26,0,0
BRDA:120,26,1,0
BRDA:121,27,0,0
BRDA:121,27,1,0
BRDA:130,28,0,0
BRDA:130,29,0,70
BRDA:130,30,0,0
BRDA:131,31,0,0
BRDA:131,31,1,70
BRDA:131,32,0,70
BRDA:131,32,1,56
BRDA:133,33,0,70
BRDA:133,33,1,70
BRDA:133,33,2,56
BRDA:133,33,3,70
BRDA:133,33,4,56
BRDA:135,34,0,70
BRDA:135,34,1,70
BRDA:135,34,2,56
BRDA:135,34,3,0
BRDA:136,35,0,70
BRDA:136,35,1,70
BRDA:136,35,2,56
BRDA:136,35,3,0
BRDA:137,36,0,0
BRDA:137,36,1,70
BRDA:137,37,0,70
BRDA:137,37,1,70
BRDA:137,37,2,70
BRDA:138,38,0,0
BRDA:138,38,1,0
BRDA:143,39,0,0
BRDA:143,39,1,0
BRDA:143,40,0,0
BRDA:143,40,1,0
BRDA:146,41,0,0
BRDA:146,41,1,0
BRDA:146,42,0,0
BRDA:146,42,1,0
BRDA:148,43,0,0
BRDA:148,43,1,0
BRDA:149,44,0,0
BRDA:149,44,1,0
BRDA:154,45,0,0
BRDA:154,45,1,0
BRDA:157,46,0,0
BRDA:157,46,1,0
BRDA:157,47,0,0
BRDA:157,47,1,0
BRDA:160,48,0,0
BRDA:160,48,1,0
BRDA:160,49,0,0
BRDA:160,49,1,0
BRDA:160,49,2,0
BRDA:163,50,0,0
BRDA:163,50,1,0
BRDA:163,51,0,0
BRDA:163,51,1,0
BRDA:163,51,2,0
BRDA:166,52,0,0
BRDA:166,52,1,0
BRDA:168,53,0,0
BRDA:168,53,1,0
BRDA:168,54,0,0
BRDA:168,54,1,0
BRDA:168,54,2,0
BRDA:169,55,0,0
BRDA:169,55,1,0
BRDA:180,56,0,70
BRDA:180,56,1,14
BRDA:182,57,0,70
BRDA:182,57,1,70
BRDA:188,58,0,0
BRDA:188,58,1,70
BRDA:189,59,0,0
BRDA:189,59,1,0
BRDA:191,60,0,0
BRDA:191,60,1,0
BRDA:192,61,0,0
BRDA:192,61,1,0
BRDA:194,62,0,0
BRDA:194,62,1,0
BRDA:200,63,0,0
BRDA:200,63,1,70
BRDA:206,64,0,28
BRDA:206,64,1,42
BRDA:206,65,0,70
BRDA:206,65,1,56
BRDA:207,66,0,0
BRDA:207,66,1,28
BRDA:207,67,0,28
BRDA:207,67,1,28
BRDA:207,67,2,28
BRDA:209,68,0,0
BRDA:209,68,1,28
BRDA:209,69,0,28
BRDA:209,69,1,28
BRDA:211,70,0,0
BRDA:211,70,1,28
BRDA:214,71,0,28
BRDA:214,71,1,0
BRDA:214,72,0,28
BRDA:214,72,1,28
BRDA:235,73,0,0
BRDA:235,73,1,28
BRDA:235,74,0,28
BRDA:235,74,1,28
BRDA:238,75,0,0
BRDA:238,75,1,28
BRDA:238,76,0,28
BRDA:238,76,1,28
BRDA:252,77,0,0
BRDA:252,77,1,0
BRDA:252,77,2,0
BRDA:252,77,3,0
BRDA:257,78,0,0
BRDA:257,78,1,0
BRDA:257,79,0,0
BRDA:257,79,1,0
BRDA:261,80,0,0
BRDA:261,80,1,0
BRDA:263,81,0,0
BRDA:263,81,1,0
BRDA:269,82,0,0
BRDA:269,82,1,0
BRDA:278,83,0,0
BRDA:278,83,1,0
BRDA:278,84,0,0
BRDA:278,84,1,0
BRDA:278,84,2,0
BRDA:285,85,0,0
BRDA:285,85,1,0
BRDA:285,86,0,0
BRDA:285,86,1,0
BRDA:285,86,2,0
BRDA:288,87,0,0
BRDA:288,87,1,0
BRDA:291,88,0,0
BRDA:291,88,1,0
BRDA:297,89,0,0
BRDA:297,89,1,70
BRDA:298,90,0,0
BRDA:299,91,0,0
BRDA:299,91,1,0
BRDA:299,92,0,0
BRDA:299,92,1,0
BRDA:301,93,0,0
BRDA:301,93,1,0
BRDA:303,94,0,0
BRDA:303,94,1,0
BRDA:304,95,0,0
BRDA:304,95,1,0
BRDA:310,96,0,0
BRDA:310,96,1,0
BRDA:311,97,0,0
BRDA:311,97,1,0
BRDA:312,98,0,0
BRDA:312,98,1,0
BRDA:313,99,0,0
BRDA:313,99,1,0
BRDA:314,100,0,0
BRDA:314,100,1,0
BRDA:315,101,0,0
BRDA:315,101,1,0
BRDA:317,102,0,0
BRDA:317,102,1,0
BRDA:322,103,0,0
BRDA:322,103,1,0
BRDA:323,104,0,0
BRDA:323,104,1,0
BRDA:323,105,0,0
BRDA:323,105,1,0
BRDA:332,106,0,0
BRDA:332,106,1,0
BRDA:332,106,2,0
BRDA:333,107,0,0
BRDA:333,107,1,0
BRDA:338,108,0,0
BRDA:338,108,1,0
BRDA:346,109,0,0
BRDA:346,109,1,0
BRDA:349,110,0,0
BRDA:349,110,1,0
BRDA:349,111,0,0
BRDA:349,111,1,0
BRDA:349,111,2,0
BRDA:349,111,3,0
BRDA:349,111,4,0
BRDA:349,111,5,0
BRDA:349,111,6,0
BRDA:357,112,0,0
BRDA:357,112,1,0
BRDA:370,113,0,0
BRDA:370,113,1,70
BRDA:372,114,0,0
BRDA:372,114,1,0
BRDA:374,115,0,0
BRDA:374,115,1,0
BRDA:381,116,0,0
BRDA:381,116,1,0
BRDA:383,117,0,0
BRDA:383,117,1,0
BRDA:383,118,0,0
BRDA:383,118,1,0
BRDA:387,119,0,0
BRDA:387,119,1,0
BRDA:387,120,0,0
BRDA:387,120,1,0
BRDA:400,121,0,0
BRDA:400,121,1,0
BRDA:401,122,0,0
BRDA:401,122,1,0
BRDA:405,123,0,0
BRDA:405,123,1,0
BRDA:406,124,0,0
BRDA:406,124,1,0
BRDA:407,125,0,0
BRDA:407,125,1,0
BRDA:412,126,0,0
BRDA:412,126,1,0
BRDA:415,127,0,0
BRDA:415,127,1,0
BRDA:416,128,0,0
BRDA:416,128,1,0
BRDA:416,128,2,0
BRDA:417,129,0,0
BRDA:417,129,1,0
BRDA:422,130,0,0
BRDA:422,130,1,0
BRDA:424,131,0,0
BRDA:424,131,1,0
BRDA:435,132,0,0
BRDA:435,132,1,0
BRDA:437,133,0,0
BRDA:437,133,1,0
BRDA:441,134,0,0
BRDA:441,134,1,0
BRDA:444,135,0,0
BRDA:444,135,1,0
BRDA:444,136,0,0
BRDA:444,136,1,0
BRDA:444,136,2,0
BRDA:444,136,3,0
BRDA:447,137,0,0
BRDA:447,137,1,0
BRDA:447,138,0,0
BRDA:447,138,1,0
BRDA:447,138,2,0
BRDA:447,138,3,0
BRDA:450,139,0,0
BRDA:450,139,1,0
BRDA:450,140,0,0
BRDA:450,140,1,0
BRDA:450,140,2,0
BRDA:450,140,3,0
BRDA:451,141,0,0
BRDA:451,141,1,0
BRDA:456,142,0,0
BRDA:456,142,1,0
BRDA:463,143,0,0
BRDA:463,143,1,0
BRDA:469,144,0,0
BRDA:469,144,1,70
BRDA:471,145,0,0
BRDA:471,145,1,0
BRDA:474,146,0,0
BRDA:474,146,1,0
BRDA:474,147,0,0
BRDA:474,147,1,0
BRDA:477,148,0,0
BRDA:477,148,1,0
BRDA:477,149,0,0
BRDA:477,149,1,0
BRDA:477,149,2,0
BRDA:480,150,0,0
BRDA:480,150,1,0
BRDA:480,151,0,0
BRDA:480,151,1,0
BRDA:480,151,2,0
BRDA:485,152,0,0
BRDA:485,152,1,0
BRDA:485,153,0,0
BRDA:485,153,1,0
BRDA:489,154,0,0
BRDA:489,154,1,0
BRDA:493,155,0,0
BRDA:493,155,1,0
BRDA:494,156,0,0
BRDA:494,156,1,0
BRDA:500,157,0,0
BRDA:500,157,1,0
BRDA:504,158,0,0
BRDA:504,158,1,0
BRDA:504,159,0,0
BRDA:504,159,1,0
BRDA:504,159,2,0
BRDA:504,159,3,0
BRDA:508,160,0,0
BRDA:508,160,1,0
BRDA:508,161,0,0
BRDA:508,161,1,0
BRDA:508,161,2,0
BRDA:512,162,0,0
BRDA:512,162,1,0
BRDA:515,163,0,0
BRDA:515,163,1,0
BRDA:529,164,0,28
BRDA:529,164,1,42
BRDA:530,165,0,0
BRDA:530,165,1,28
BRDA:535,166,0,0
BRDA:535,166,1,28
BRDA:536,167,0,0
BRDA:536,167,1,0
BRDA:536,167,2,0
BRDA:537,168,0,0
BRDA:537,168,1,0
BRDA:540,169,0,0
BRDA:540,169,1,28
BRDA:542,170,0,0
BRDA:542,170,1,28
BRDA:544,171,0,28
BRDA:544,171,1,0
BRDA:544,172,0,28
BRDA:544,172,1,0
BRDA:544,172,2,0
BRDA:550,173,0,0
BRDA:550,173,1,28
BRDA:550,174,0,28
BRDA:550,174,1,0
BRDA:552,175,0,0
BRDA:552,175,1,0
BRDA:561,176,0,0
BRDA:561,176,1,42
BRDA:561,177,0,42
BRDA:561,177,1,28
BRDA:564,178,0,28
BRDA:564,178,1,14
BRDA:567,179,0,0
BRDA:567,179,1,28
BRDA:569,180,0,0
BRDA:569,180,1,0
BRDA:569,181,0,0
BRDA:569,181,1,0
BRDA:570,182,0,0
BRDA:570,182,1,0
BRDA:576,183,0,0
BRDA:576,183,1,0
BRDA:576,184,0,0
BRDA:576,184,1,0
BRDA:577,185,0,0
BRDA:577,185,1,0
BRDA:583,186,0,28
BRDA:583,186,1,0
BRDA:584,187,0,0
BRDA:584,187,1,28
BRDA:584,188,0,28
BRDA:584,188,1,28
BRDA:587,189,0,0
BRDA:587,189,1,28
BRDA:587,190,0,28
BRDA:587,190,1,28
BRDA:597,191,0,0
BRDA:597,191,1,28
BRDA:601,192,0,0
BRDA:601,192,1,28
BRDA:602,193,0,0
BRDA:602,193,1,0
BRDA:610,194,0,0
BRDA:610,194,1,28
BRDA:613,195,0,0
BRDA:613,195,1,28
BRDA:622,196,0,0
BRDA:622,196,1,0
BRDA:623,197,0,0
BRDA:623,197,1,0
BRF:430
BRH:80
end_of_record
TN:
SF:src\core\plugins\samples\index.js
FN:3,(anonymous_0)
FNF:1
FNH:1
FNDA:190,(anonymous_0)
DA:4,190
LF:1
LH:1
BRF:0
BRH:0
end_of_record
TN:
SF:src\core\plugins\spec\actions.js
FN:37,(anonymous_0)
FN:39,updateSpec
FN:50,setClientDetails
FN:57,setClients
FN:67,setManifest
FN:74,setBaseUrl
FN:81,setCurrentDoc
FN:88,setClientJson
FN:95,updateResolved
FN:102,updateUrl
FN:106,updateJsonSpec
FN:110,(anonymous_11)
FN:110,(anonymous_12)
FN:138,(anonymous_13)
FN:138,(anonymous_14)
FN:158,(anonymous_15)
FN:170,(anonymous_16)
FN:176,(anonymous_17)
FN:196,(anonymous_18)
FN:220,(anonymous_19)
FN:232,(anonymous_20)
FN:245,(anonymous_21)
FN:249,(anonymous_22)
FN:255,(anonymous_23)
FN:270,(anonymous_24)
FN:271,(anonymous_25)
FN:314,(anonymous_26)
FN:314,(anonymous_27)
FN:318,(anonymous_28)
FN:330,changeParam
FN:337,changeParamByIdentity
FN:344,(anonymous_31)
FN:351,(anonymous_32)
FN:361,(anonymous_33)
FN:371,(anonymous_34)
FN:383,clearValidateParams
FN:390,changeConsumesValue
FN:397,changeProducesValue
FN:404,(anonymous_38)
FN:411,(anonymous_39)
FN:418,(anonymous_40)
FN:426,(anonymous_41)
FN:435,(anonymous_42)
FN:436,(anonymous_43)
FN:447,(anonymous_44)
FN:448,(anonymous_45)
FN:493,(anonymous_46)
FN:501,(anonymous_47)
FN:517,(anonymous_48)
FN:532,(anonymous_49)
FN:537,(anonymous_50)
FN:552,(anonymous_51)
FN:552,(anonymous_52)
FN:573,clearResponse
FN:580,clearRequest
FN:587,setScheme
FNF:56
FNH:18
FNDA:151,(anonymous_0)
FNDA:151,updateSpec
FNDA:621,setClientDetails
FNDA:240,setClients
FNDA:150,setManifest
FNDA:95,setBaseUrl
FNDA:71,setCurrentDoc
FNDA:0,setClientJson
FNDA:0,updateResolved
FNDA:236,updateUrl
FNDA:151,updateJsonSpec
FNDA:151,(anonymous_11)
FNDA:151,(anonymous_12)
FNDA:0,(anonymous_13)
FNDA:0,(anonymous_14)
FNDA:0,(anonymous_15)
FNDA:0,(anonymous_16)
FNDA:0,(anonymous_17)
FNDA:155,(anonymous_18)
FNDA:0,(anonymous_19)
FNDA:155,(anonymous_20)
FNDA:0,(anonymous_21)
FNDA:0,(anonymous_22)
FNDA:0,(anonymous_23)
FNDA:0,(anonymous_24)
FNDA:0,(anonymous_25)
FNDA:179,(anonymous_26)
FNDA:179,(anonymous_27)
FNDA:14,(anonymous_28)
FNDA:0,changeParam
FNDA:0,changeParamByIdentity
FNDA:155,(anonymous_31)
FNDA:151,(anonymous_32)
FNDA:0,(anonymous_33)
FNDA:0,(anonymous_34)
FNDA:0,clearValidateParams
FNDA:0,changeConsumesValue
FNDA:0,changeProducesValue
FNDA:0,(anonymous_38)
FNDA:0,(anonymous_39)
FNDA:0,(anonymous_40)
FNDA:0,(anonymous_41)
FNDA:0,(anonymous_42)
FNDA:0,(anonymous_43)
FNDA:0,(anonymous_44)
FNDA:0,(anonymous_45)
FNDA:0,(anonymous_46)
FNDA:0,(anonymous_47)
FNDA:0,(anonymous_48)
FNDA:0,(anonymous_49)
FNDA:0,(anonymous_50)
FNDA:0,(anonymous_51)
FNDA:0,(anonymous_52)
FNDA:0,clearResponse
FNDA:0,clearRequest
FNDA:0,setScheme
DA:13,95
DA:14,95
DA:15,95
DA:16,95
DA:17,95
DA:18,95
DA:19,95
DA:20,95
DA:21,95
DA:22,95
DA:23,95
DA:24,95
DA:25,95
DA:26,95
DA:27,95
DA:28,95
DA:29,95
DA:30,95
DA:31,95
DA:32,95
DA:33,95
DA:34,95
DA:35,95
DA:37,151
DA:40,151
DA:41,151
DA:42,151
DA:51,621
DA:58,240
DA:68,150
DA:75,95
DA:82,71
DA:89,0
DA:96,0
DA:103,236
DA:107,151
DA:110,151
DA:111,151
DA:113,151
DA:114,151
DA:115,151
DA:116,151
DA:117,151
DA:120,0
DA:121,0
DA:130,151
DA:131,151
DA:133,0
DA:136,95
DA:138,95
DA:139,0
DA:140,0
DA:141,0
DA:149,0
DA:151,0
DA:152,0
DA:154,0
DA:155,0
DA:158,0
DA:160,0
DA:162,0
DA:171,0
DA:174,0
DA:175,0
DA:177,0
DA:178,0
DA:179,0
DA:180,0
DA:181,0
DA:182,0
DA:183,0
DA:184,0
DA:186,0
DA:190,0
DA:194,95
DA:196,95
DA:197,155
DA:199,155
DA:200,0
DA:201,0
DA:213,155
DA:215,155
DA:216,0
DA:217,0
DA:220,155
DA:222,155
DA:229,155
DA:231,155
DA:232,155
DA:233,155
DA:234,155
DA:244,155
DA:245,0
DA:247,0
DA:249,0
DA:253,155
DA:254,0
DA:256,0
DA:257,0
DA:258,0
[...]
BRDA:414,38,0,0
BRDA:414,38,1,0
BRDA:414,38,2,0
BRDA:422,39,0,0
BRDA:422,39,1,0
BRDA:422,39,2,0
BRDA:428,40,0,0
BRDA:428,40,1,0
BRDA:431,41,0,0
BRDA:431,41,1,0
BRDA:431,42,0,0
BRDA:431,42,1,0
BRDA:437,43,0,0
BRDA:438,44,0,0
BRDA:438,44,1,0
BRDA:439,45,0,0
BRDA:439,45,1,0
BRDA:444,46,0,0
BRDA:445,47,0,0
BRDA:445,47,1,0
BRDA:446,48,0,0
BRDA:446,48,1,0
BRDA:452,49,0,0
BRDA:452,49,1,0
BRDA:457,50,0,0
BRDA:457,50,1,0
BRDA:460,51,0,0
BRDA:460,51,1,0
BRDA:461,52,0,0
BRDA:461,52,1,0
BRDA:462,53,0,0
BRDA:462,53,1,0
BRDA:474,54,0,0
BRDA:474,54,1,0
BRDA:478,55,0,0
BRDA:478,55,1,0
BRDA:486,56,0,0
BRDA:486,56,1,0
BRDA:486,56,2,0
BRDA:492,57,0,0
BRDA:492,57,1,0
BRDA:497,58,0,0
BRDA:497,58,1,0
BRDA:508,59,0,0
BRDA:508,59,1,0
BRDA:508,59,2,0
BRDA:513,60,0,0
BRDA:513,60,1,0
BRDA:518,61,0,0
BRDA:518,61,1,0
BRDA:529,62,0,0
BRDA:529,62,1,0
BRDA:529,62,2,0
BRDA:535,63,0,0
BRDA:535,63,1,0
BRDA:537,64,0,0
BRDA:537,64,1,0
BRDA:537,64,2,0
BRDA:537,64,3,0
BRDA:545,65,0,0
BRDA:545,65,1,0
BRDA:551,66,0,0
BRDA:551,66,1,0
BRDA:551,67,0,0
BRDA:551,67,1,0
BRDA:569,68,0,0
BRDA:569,68,1,0
BRDA:572,69,0,0
BRDA:572,69,1,0
BRDA:577,70,0,0
BRDA:577,70,1,0
BRDA:586,71,0,0
BRDA:586,71,1,0
BRDA:586,72,0,0
BRDA:586,72,1,0
BRDA:586,72,2,0
BRDA:590,73,0,0
BRDA:590,73,1,0
BRDA:590,74,0,0
BRDA:590,74,1,0
BRDA:590,74,2,0
BRDA:601,75,0,0
BRDA:601,75,1,0
BRF:160
BRH:0
end_of_record
TN:
SF:src\core\plugins\spec\index.js
FN:6,(anonymous_0)
FNF:1
FNH:1
FNDA:190,(anonymous_0)
DA:7,190
LF:1
LH:1
BRF:0
BRH:0
end_of_record
TN:
SF:src\core\plugins\spec\reducers.js
FN:39,(anonymous_0)
FN:45,(anonymous_1)
FN:49,(anonymous_2)
FN:53,(anonymous_3)
FN:57,(anonymous_4)
FN:61,(anonymous_5)
FN:65,(anonymous_6)
FN:71,(anonymous_7)
FN:75,(anonymous_8)
FN:79,(anonymous_9)
FN:83,(anonymous_10)
FN:89,(anonymous_11)
FN:102,(anonymous_12)
FN:118,(anonymous_13)
FN:122,(anonymous_14)
FN:123,(anonymous_15)
FN:134,(anonymous_16)
FN:135,(anonymous_17)
FN:136,(anonymous_18)
FN:140,(anonymous_19)
FN:165,(anonymous_20)
FN:169,(anonymous_21)
FN:173,(anonymous_22)
FN:190,(anonymous_23)
FN:194,(anonymous_24)
FN:198,(anonymous_25)
FNF:26
FNH:9
FNDA:95,(anonymous_0)
FNDA:71,(anonymous_1)
FNDA:150,(anonymous_2)
FNDA:621,(anonymous_3)
FNDA:240,(anonymous_4)
FNDA:0,(anonymous_5)
FNDA:151,(anonymous_6)
FNDA:236,(anonymous_7)
FNDA:151,(anonymous_8)
FNDA:0,(anonymous_9)
FNDA:306,(anonymous_10)
FNDA:0,(anonymous_11)
FNDA:0,(anonymous_12)
FNDA:0,(anonymous_13)
FNDA:0,(anonymous_14)
FNDA:0,(anonymous_15)
FNDA:0,(anonymous_16)
FNDA:0,(anonymous_17)
FNDA:0,(anonymous_18)
FNDA:0,(anonymous_19)
FNDA:0,(anonymous_20)
FNDA:0,(anonymous_21)
FNDA:0,(anonymous_22)
FNDA:0,(anonymous_23)
FNDA:0,(anonymous_24)
FNDA:0,(anonymous_25)
DA:40,95
DA:46,71
DA:50,150
DA:54,621
DA:58,240
DA:62,0
DA:66,151
DA:72,236
DA:76,151
DA:80,0
DA:84,306
DA:86,306
DA:90,0
DA:92,0
DA:94,0
DA:96,0
DA:103,0
DA:105,0
DA:106,0
DA:107,0
DA:110,0
DA:112,0
DA:119,0
DA:120,0
DA:122,0
DA:123,0
DA:124,0
DA:125,0
DA:126,0
DA:130,0
DA:135,0
DA:136,0
DA:142,0
DA:143,0
DA:150,0
DA:154,0
DA:156,0
DA:159,0
DA:160,0
DA:162,0
DA:166,0
DA:170,0
DA:175,0
DA:176,0
DA:178,0
DA:184,0
DA:187,0
DA:191,0
DA:195,0
DA:199,0
DA:200,0
DA:203,0
DA:204,0
LF:53
LH:10
BRDA:40,0,0,95
BRDA:40,0,1,0
BRDA:66,1,0,151
BRDA:66,1,1,0
BRDA:92,2,0,0
BRDA:92,2,1,0
BRDA:94,3,0,0
BRDA:94,3,1,0
BRDA:105,4,0,0
BRDA:105,4,1,0
BRDA:105,5,0,0
BRDA:105,5,1,0
BRDA:142,6,0,0
BRDA:142,6,1,0
BRDA:154,7,0,0
BRDA:154,7,1,0
BRDA:159,8,0,0
BRDA:159,8,1,0
BRDA:159,9,0,0
BRDA:159,9,1,0
BRDA:178,10,0,0
BRDA:178,10,1,0
BRDA:179,11,0,0
BRDA:179,11,1,0
BRDA:179,11,2,0
BRDA:199,12,0,0
BRDA:199,12,1,0
BRDA:199,13,0,0
BRDA:199,13,1,0
BRDA:203,14,0,0
BRDA:203,14,1,0
BRDA:203,15,0,0
BRDA:203,15,1,0
BRF:33
BRH:2
end_of_record
TN:
SF:src\core\plugins\spec\selectors.js
FN:12,(anonymous_0)
FN:18,(anonymous_1)
FN:23,(anonymous_2)
FN:28,(anonymous_3)
FN:34,(anonymous_4)
FN:39,(anonymous_5)
FN:44,(anonymous_6)
FN:49,(anonymous_7)
FN:54,(anonymous_8)
FN:59,(anonymous_9)
FN:64,(anonymous_10)
FN:69,(anonymous_11)
FN:74,(anonymous_12)
FN:77,(anonymous_13)
FN:81,(anonymous_14)
FN:101,(anonymous_15)
FN:109,(anonymous_16)
FN:120,(anonymous_17)
FN:125,(anonymous_18)
FN:130,(anonymous_19)
FN:135,(anonymous_20)
FN:140,(anonymous_21)
FN:145,(anonymous_22)
FN:150,(anonymous_23)
FN:160,(anonymous_24)
FN:164,(anonymous_25)
FN:183,(anonymous_26)
FN:188,(anonymous_27)
FN:193,(anonymous_28)
FN:198,(anonymous_29)
FN:202,(anonymous_30)
FN:210,(anonymous_31)
FN:218,(anonymous_32)
FN:223,(anonymous_33)
FN:228,(anonymous_34)
FN:235,(anonymous_35)
FN:237,(anonymous_36)
FN:237,(anonymous_37)
FN:240,(anonymous_38)
FN:242,(anonymous_39)
FN:245,(anonymous_40)
FN:260,(anonymous_41)
FN:262,(anonymous_42)
FN:266,(anonymous_43)
FN:268,(anonymous_44)
FN:274,(anonymous_45)
FN:276,(anonymous_46)
FN:279,(anonymous_47)
FN:280,(anonymous_48)
FN:280,(anonymous_49)
FN:281,(anonymous_50)
FN:289,(anonymous_51)
FN:289,(anonymous_52)
FN:294,(anonymous_53)
FN:295,(anonymous_54)
FN:300,(anonymous_55)
FN:313,(anonymous_56)
FN:318,(anonymous_57)
FN:323,(anonymous_58)
FN:326,(anonymous_59)
FN:330,(anonymous_60)
FN:334,(anonymous_61)
FN:338,(anonymous_62)
FN:343,(anonymous_63)
FN:347,(anonymous_64)
FN:356,(anonymous_65)
FN:359,(anonymous_66)
FN:365,(anonymous_67)
FN:367,(anonymous_68)
FN:371,(anonymous_69)
FN:375,(anonymous_70)
FN:385,getParameter
FN:388,(anonymous_72)
FN:395,(anonymous_73)
FN:402,parameterValues
FN:405,(anonymous_75)
FN:412,parametersIncludeIn
FN:414,(anonymous_77)
FN:419,parametersIncludeType
FN:421,(anonymous_79)
FN:426,contentTypeValues
FN:448,currentProducesFor
FN:466,producesOptionsFor
FN:487,consumesOptionsFor
FN:507,(anonymous_84)
FN:515,(anonymous_85)
FN:519,(anonymous_86)
FN:524,(anonymous_87)
FN:527,(anonymous_88)
FN:534,(anonymous_89)
FN:538,(anonymous_90)
FN:550,(anonymous_91)
FN:560,(anonymous_92)
FN:574,returnSelfOrNewMap
FN:581,(anonymous_94)
FN:585,(anonymous_95)
FN:594,(anonymous_96)
FN:596,(anonymous_97)
FN:602,(anonymous_98)
FN:607,(anonymous_99)
FN:612,(anonymous_100)
FN:622,(anonymous_101)
FN:627,(anonymous_102)
FN:637,(anonymous_103)
FN:641,(anonymous_104)
FN:662,(anonymous_105)
FN:664,(anonymous_106)
FN:664,(anonymous_107)
FN:667,(anonymous_108)
FN:669,(anonymous_109)
FN:672,(anonymous_110)
FN:688,(anonymous_111)
FN:691,(anonymous_112)
FN:694,(anonymous_113)
FN:695,(anonymous_114)
FN:695,(anonymous_115)
FN:696,(anonymous_116)
FN:705,(anonymous_117)
FN:705,(anonymous_118)
FN:711,(anonymous_119)
FN:712,(anonymous_120)
FN:717,(anonymous_121)
FNF:122
FNH:52
FNDA:9473,(anonymous_0)
FNDA:644,(anonymous_1)
FNDA:290,(anonymous_2)
FNDA:909,(anonymous_3)
FNDA:534,(anonymous_4)
FNDA:294,(anonymous_5)
FNDA:0,(anonymous_6)
FNDA:2032,(anonymous_7)
FNDA:1937,(anonymous_8)
FNDA:0,(anonymous_9)
FNDA:1937,(anonymous_10)
FNDA:0,(anonymous_11)
FNDA:0,(anonymous_12)
FNDA:7473,(anonymous_13)
FNDA:157,(anonymous_14)
FNDA:308,(anonymous_15)
FNDA:2691,(anonymous_16)
FNDA:0,(anonymous_17)
FNDA:71,(anonymous_18)
FNDA:71,(anonymous_19)
FNDA:0,(anonymous_20)
FNDA:0,(anonymous_21)
FNDA:225,(anonymous_22)
FNDA:85,(anonymous_23)
FNDA:169,(anonymous_24)
FNDA:247,(anonymous_25)
FNDA:71,(anonymous_26)
FNDA:71,(anonymous_27)
FNDA:71,(anonymous_28)
FNDA:160,(anonymous_29)
FNDA:0,(anonymous_30)
FNDA:0,(anonymous_31)
FNDA:0,(anonymous_32)
FNDA:0,(anonymous_33)
FNDA:160,(anonymous_34)
FNDA:85,(anonymous_35)
FNDA:247,(anonymous_36)
FNDA:247,(anonymous_37)
FNDA:233,(anonymous_38)
FNDA:233,(anonymous_39)
FNDA:233,(anonymous_40)
FNDA:71,(anonymous_41)
FNDA:0,(anonymous_42)
FNDA:832,(anonymous_43)
FNDA:0,(anonymous_44)
FNDA:85,(anonymous_45)
FNDA:247,(anonymous_46)
FNDA:14,(anonymous_47)
FNDA:233,(anonymous_48)
FNDA:233,(anonymous_49)
FNDA:0,(anonymous_50)
FNDA:784,(anonymous_51)
FNDA:784,(anonymous_52)
FNDA:832,(anonymous_53)
FNDA:126,(anonymous_54)
FNDA:832,(anonymous_55)
FNDA:294,(anonymous_56)
FNDA:294,(anonymous_57)
FNDA:0,(anonymous_58)
FNDA:3886,(anonymous_59)
FNDA:3886,(anonymous_60)
FNDA:0,(anonymous_61)
FNDA:3886,(anonymous_62)
FNDA:0,(anonymous_63)
FNDA:0,(anonymous_64)
FNDA:0,(anonymous_65)
FNDA:0,(anonymous_66)
FNDA:0,(anonymous_67)
FNDA:0,(anonymous_68)
FNDA:0,(anonymous_69)
FNDA:0,(anonymous_70)
FNDA:0,getParameter
FNDA:0,(anonymous_72)
FNDA:0,(anonymous_73)
FNDA:0,parameterValues
FNDA:0,(anonymous_75)
FNDA:0,parametersIncludeIn
FNDA:0,(anonymous_77)
FNDA:0,parametersIncludeType
FNDA:0,(anonymous_79)
FNDA:0,contentTypeValues
FNDA:1232,currentProducesFor
FNDA:1232,producesOptionsFor
FNDA:0,consumesOptionsFor
FNDA:3337,(anonymous_84)
FNDA:0,(anonymous_85)
FNDA:3337,(anonymous_86)
FNDA:0,(anonymous_87)
FNDA:0,(anonymous_88)
FNDA:0,(anonymous_89)
FNDA:0,(anonymous_90)
FNDA:0,(anonymous_91)
FNDA:0,(anonymous_92)
FNDA:142,returnSelfOrNewMap
FNDA:0,(anonymous_94)
FNDA:0,(anonymous_95)
FNDA:0,(anonymous_96)
FNDA:0,(anonymous_97)
FNDA:0,(anonymous_98)
FNDA:0,(anonymous_99)
FNDA:0,(anonymous_100)
FNDA:0,(anonymous_101)
FNDA:0,(anonymous_102)
FNDA:0,(anonymous_103)
FNDA:0,(anonymous_104)
FNDA:0,(anonymous_105)
FNDA:0,(anonymous_106)
FNDA:0,(anonymous_107)
FNDA:0,(anonymous_108)
FNDA:0,(anonymous_109)
FNDA:0,(anonymous_110)
FNDA:0,(anonymous_111)
FNDA:0,(anonymous_112)
FNDA:0,(anonymous_113)
FNDA:0,(anonymous_114)
FNDA:0,(anonymous_115)
FNDA:0,(anonymous_116)
FNDA:0,(anonymous_117)
FNDA:0,(anonymous_118)
FNDA:0,(anonymous_119)
FNDA:0,(anonymous_120)
FNDA:0,(anonymous_121)
DA:6,95
DA:8,95
DA:12,95
DA:13,9473
DA:16,95
DA:18,644
DA:21,95
DA:23,290
DA:26,95
DA:28,909
DA:32,95
DA:34,534
DA:37,95
DA:39,294
DA:42,95
DA:44,0
DA:47,95
DA:49,2032
DA:52,95
DA:54,1937
DA:57,95
DA:59,0
DA:62,95
DA:64,1937
DA:67,95
DA:69,0
DA:72,95
DA:74,0
DA:77,95
DA:78,7473
DA:81,95
DA:82,157
DA:83,157
DA:86,0
DA:89,157
DA:96,0
DA:99,95
DA:101,308
DA:109,95
DA:110,2691
DA:111,2691
DA:114,95
DA:120,0
DA:123,95
DA:125,71
DA:128,95
DA:130,71
DA:133,95
DA:135,0
DA:138,95
DA:140,0
DA:143,95
DA:145,225
DA:148,95
DA:151,85
DA:152,7
DA:154,78
DA:156,78
DA:157,0
DA:160,78
DA:161,169
DA:162,0
DA:164,169
DA:165,247
DA:166,0
DA:168,247
DA:177,78
DA:181,95
DA:183,71
DA:186,95
DA:188,71
DA:191,95
DA:193,71
DA:196,95
DA:198,160
DA:202,95
DA:203,0
DA:204,0
DA:205,0
DA:208,95
DA:211,0
DA:212,0
DA:216,95
DA:218,0
DA:221,95
DA:223,0
DA:226,95
DA:228,160
DA:231,95
DA:237,247
DA:238,247
DA:239,233
DA:240,233
DA:241,233
DA:242,233
DA:244,233
DA:245,233
DA:247,233
DA:251,14
DA:258,95
DA:261,71
DA:262,71
DA:266,95
DA:267,832
DA:268,832
DA:271,95
DA:276,85
DA:277,247
DA:278,247
DA:279,14
DA:280,233
DA:284,0
DA:289,784
DA:291,784
DA:292,784
DA:294,832
DA:296,126
DA:297,126
DA:301,832
DA:302,832
DA:305,832
DA:311,95
DA:313,294
DA:316,95
DA:318,294
DA:321,95
DA:323,0
DA:326,95
DA:327,3886
DA:330,95
DA:331,3886
DA:334,95
DA:335,0
DA:338,95
DA:340,3886
DA:343,95
DA:344,0
DA:345,0
DA:347,0
DA:348,0
DA:349,0
DA:350,0
DA:356,0
DA:359,95
DA:360,0
DA:361,0
DA:365,95
DA:366,0
DA:367,0
DA:368,0
DA:371,95
DA:372,0
DA:373,0
DA:375,0
DA:376,0
DA:379,0
DA:386,0
DA:387,0
DA:388,0
DA:389,0
DA:393,95
DA:396,0
DA:397,0
DA:403,0
DA:404,0
DA:405,0
DA:406,0
DA:407,0
DA:413,0
DA:414,0
DA:420,0
DA:421,0
DA:427,0
DA:428,0
DA:429,0
DA:430,0
DA:432,0
DA:435,0
DA:441,0
DA:449,1232
DA:451,1232
DA:453,1232
DA:455,1232
DA:458,0
DA:459,0
DA:461,0
DA:467,1232
DA:469,1232
DA:470,1232
DA:472,1232
DA:474,1232
DA:477,0
DA:479,0
DA:480,0
DA:481,0
DA:483,0
DA:488,0
DA:490,0
DA:491,0
DA:493,0
DA:495,0
DA:498,0
DA:500,0
DA:501,0
DA:502,0
DA:504,0
DA:507,95
DA:508,3337
DA:509,3337
DA:510,3337
DA:512,3337
DA:515,95
DA:516,0
DA:519,95
DA:520,3337
DA:521,3337
DA:522,3337
DA:524,3337
DA:525,0
DA:526,0
DA:527,0
DA:531,3337
DA:534,95
DA:535,0
DA:538,95
DA:539,0
DA:543,0
DA:544,0
DA:545,0
DA:547,0
DA:548,0
DA:550,0
DA:551,0
DA:552,0
DA:553,0
DA:554,0
DA:557,0
DA:560,95
DA:561,0
DA:562,0
DA:564,0
DA:565,0
DA:567,0
DA:569,0
DA:570,0
DA:571,0
DA:576,142
DA:579,95
DA:581,0
DA:585,95
DA:586,0
DA:588,0
DA:592,95
DA:595,0
DA:596,0
DA:600,95
DA:602,0
DA:605,95
DA:607,0
DA:610,95
DA:612,0
DA:620,95
DA:622,0
DA:625,95
DA:628,0
DA:629,0
DA:631,0
DA:633,0
DA:634,0
DA:637,0
DA:638,0
DA:639,0
DA:641,0
DA:642,0
DA:643,0
DA:645,0
DA:654,0
DA:658,95
DA:664,0
DA:665,0
DA:666,0
DA:667,0
DA:668,0
DA:669,0
DA:671,0
DA:672,0
DA:674,0
DA:678,0
DA:685,95
DA:691,0
DA:692,0
DA:693,0
DA:694,0
DA:695,0
DA:699,0
DA:705,95
DA:707,0
DA:709,0
DA:711,0
DA:713,0
DA:714,0
DA:718,0
DA:719,0
DA:722,0
LF:304
LH:154
BRDA:13,0,0,9473
BRDA:13,0,1,0
BRDA:54,1,0,1937
BRDA:54,1,1,495
BRDA:59,2,0,0
BRDA:59,2,1,0
BRDA:82,3,0,157
BRDA:82,3,1,0
BRDA:82,4,0,157
BRDA:82,4,1,157
BRDA:83,5,0,0
BRDA:83,5,1,157
BRDA:125,6,0,71
BRDA:125,6,1,71
BRDA:130,7,0,71
BRDA:130,7,1,71
BRDA:135,8,0,0
BRDA:135,8,1,0
BRDA:151,9,0,7
BRDA:151,9,1,78
BRDA:151,10,0,85
BRDA:151,10,1,85
BRDA:156,11,0,0
BRDA:156,11,1,78
BRDA:156,12,0,78
BRDA:156,12,1,78
BRDA:161,13,0,0
BRDA:161,13,1,169
BRDA:161,14,0,169
BRDA:161,14,1,169
BRDA:165,15,0,0
BRDA:165,15,1,247
BRDA:205,16,0,0
BRDA:205,16,1,0
BRDA:205,16,2,0
BRDA:212,17,0,0
BRDA:212,17,1,0
BRDA:238,18,0,233
BRDA:238,18,1,14
BRDA:239,19,0,0
BRDA:239,19,1,233
BRDA:241,20,0,233
BRDA:241,20,1,0
BRDA:244,21,0,233
BRDA:244,21,1,0
BRDA:262,22,0,71
BRDA:262,22,1,0
BRDA:267,23,0,832
BRDA:267,23,1,0
BRDA:278,24,0,14
BRDA:278,24,1,233
BRDA:296,25,0,0
BRDA:296,25,1,126
BRDA:297,26,0,126
BRDA:297,26,1,0
BRDA:301,27,0,0
BRDA:301,27,1,832
BRDA:302,28,0,832
BRDA:302,28,1,0
BRDA:356,29,0,0
BRDA:356,29,1,0
BRDA:367,30,0,0
BRDA:367,30,1,0
BRDA:386,31,0,0
BRDA:386,31,1,0
BRDA:388,32,0,0
BRDA:388,32,1,0
BRDA:389,33,0,0
BRDA:389,33,1,0
BRDA:389,33,2,0
BRDA:397,34,0,0
BRDA:397,34,1,0
BRDA:397,34,2,0
BRDA:403,35,0,0
BRDA:403,35,1,0
BRDA:406,36,0,0
BRDA:406,36,1,0
BRDA:406,37,0,0
BRDA:406,37,1,0
BRDA:412,38,0,0
BRDA:413,39,0,0
BRDA:413,39,1,0
BRDA:414,40,0,0
BRDA:414,40,1,0
BRDA:419,41,0,0
BRDA:420,42,0,0
BRDA:420,42,1,0
BRDA:421,43,0,0
BRDA:421,43,1,0
BRDA:427,44,0,0
BRDA:427,44,1,0
BRDA:432,45,0,0
BRDA:432,45,1,0
BRDA:435,46,0,0
BRDA:435,46,1,0
BRDA:436,47,0,0
BRDA:436,47,1,0
BRDA:437,48,0,0
BRDA:437,48,1,0
BRDA:449,49,0,1232
BRDA:449,49,1,0
BRDA:453,50,0,1232
BRDA:453,50,1,0
BRDA:461,51,0,0
BRDA:461,51,1,0
BRDA:461,51,2,0
BRDA:467,52,0,1232
BRDA:467,52,1,0
BRDA:472,53,0,1232
BRDA:472,53,1,0
BRDA:483,54,0,0
BRDA:483,54,1,0
BRDA:483,54,2,0
BRDA:488,55,0,0
BRDA:488,55,1,0
BRDA:493,56,0,0
BRDA:493,56,1,0
BRDA:504,57,0,0
BRDA:504,57,1,0
BRDA:504,57,2,0
BRDA:510,58,0,3337
BRDA:510,58,1,0
BRDA:512,59,0,3337
BRDA:512,59,1,3337
BRDA:512,59,2,3337
BRDA:512,59,3,0
BRDA:520,60,0,3337
BRDA:520,60,1,0
BRDA:526,61,0,0
BRDA:526,61,1,0
BRDA:526,62,0,0
BRDA:526,62,1,0
BRDA:544,63,0,0
BRDA:544,63,1,0
BRDA:547,64,0,0
BRDA:547,64,1,0
BRDA:552,65,0,0
BRDA:552,65,1,0
BRDA:561,66,0,0
BRDA:561,66,1,0
BRDA:561,67,0,0
BRDA:561,67,1,0
BRDA:561,67,2,0
BRDA:565,68,0,0
BRDA:565,68,1,0
BRDA:565,69,0,0
BRDA:565,69,1,0
BRDA:565,69,2,0
BRDA:576,70,0,71
BRDA:576,70,1,71
BRDA:596,71,0,0
BRDA:596,71,1,0
BRDA:628,72,0,0
BRDA:628,72,1,0
BRDA:628,73,0,0
BRDA:628,73,1,0
BRDA:633,74,0,0
BRDA:633,74,1,0
BRDA:633,75,0,0
BRDA:633,75,1,0
BRDA:638,76,0,0
BRDA:638,76,1,0
BRDA:638,77,0,0
BRDA:638,77,1,0
BRDA:642,78,0,0
BRDA:642,78,1,0
BRDA:665,79,0,0
BRDA:665,79,1,0
BRDA:666,80,0,0
BRDA:666,80,1,0
BRDA:668,81,0,0
BRDA:668,81,1,0
BRDA:671,82,0,0
BRDA:671,82,1,0
BRDA:693,83,0,0
BRDA:693,83,1,0
BRDA:713,84,0,0
BRDA:713,84,1,0
BRDA:714,85,0,0
BRDA:714,85,1,0
BRDA:718,86,0,0
BRDA:718,86,1,0
BRDA:719,87,0,0
BRDA:719,87,1,0
BRF:184
BRH:46
end_of_record
TN:
SF:src\core\plugins\spec\wrap-actions.js
FN:3,(anonymous_0)
FN:3,(anonymous_1)
FN:10,(anonymous_2)
FN:10,(anonymous_3)
FN:26,(anonymous_4)
FN:39,(anonymous_5)
FN:39,(anonymous_6)
FN:45,(anonymous_7)
FN:45,(anonymous_8)
FNF:9
FNH:5
FNDA:151,(anonymous_0)
FNDA:151,(anonymous_1)
FNDA:151,(anonymous_2)
FNDA:151,(anonymous_3)
FNDA:127,(anonymous_4)
FNDA:0,(anonymous_5)
FNDA:0,(anonymous_6)
FNDA:0,(anonymous_7)
FNDA:0,(anonymous_8)
DA:3,151
DA:4,151
DA:7,151
DA:10,151
DA:11,151
DA:17,151
DA:20,151
DA:21,151
DA:22,151
DA:26,151
DA:27,127
DA:29,127
DA:30,0
DA:35,151
DA:39,95
DA:41,0
DA:42,0
DA:45,95
DA:46,0
LF:19
LH:15
BRDA:21,0,0,151
BRDA:21,0,1,80
BRDA:29,1,0,0
BRDA:29,1,1,127
BRF:4
BRH:3
end_of_record
TN:
SF:src\core\plugins\swagger-js\configs-wrap-actions.js
FN:1,(anonymous_0)
FN:1,(anonymous_1)
FNF:2
FNH:2
FNDA:95,(anonymous_0)
FNDA:95,(anonymous_1)
DA:1,95
DA:2,95
DA:3,95
DA:5,95
DA:6,0
LF:5
LH:4
BRDA:5,0,0,0
BRDA:5,0,1,95
BRDA:6,1,0,0
BRDA:6,1,1,0
BRF:4
BRH:1
end_of_record
TN:
SF:src\core\plugins\swagger-js\index.js
FN:8,(anonymous_0)
FN:15,(anonymous_1)
FNF:2
FNH:2
FNDA:190,(anonymous_0)
FNDA:155,(anonymous_1)
DA:9,190
DA:16,155
DA:17,0
DA:18,0
DA:26,155
LF:5
LH:3
BRDA:16,0,0,0
BRDA:16,0,1,155
BRF:2
BRH:1
end_of_record
TN:
SF:src\core\plugins\util\index.js
FN:3,(anonymous_0)
FNF:1
FNH:1
FNDA:190,(anonymous_0)
DA:4,190
LF:1
LH:1
BRF:0
BRH:0
end_of_record
TN:
SF:src\core\plugins\view\fn.js
FN:1,(anonymous_0)
FNF:1
FNH:1
FNDA:3056,(anonymous_0)
DA:1,3056
LF:1
LH:1
BRDA:1,0,0,3056
BRDA:1,0,1,1971
BRDA:1,0,2,165
BRF:3
BRH:3
end_of_record
TN:
SF:src\core\plugins\view\index.js
FN:7,(anonymous_0)
FN:8,(anonymous_1)
FN:12,(anonymous_2)
FN:13,(anonymous_3)
FN:17,(anonymous_4)
FNF:5
FNH:4
FNDA:190,(anonymous_0)
FNDA:121797,(anonymous_1)
FNDA:190,(anonymous_2)
FNDA:0,(anonymous_3)
FNDA:190,(anonymous_4)
DA:7,95
DA:8,121797
DA:9,190
DA:12,95
DA:13,190
DA:14,190
DA:17,95
DA:19,190
DA:20,190
DA:22,190
LF:10
LH:10
BRF:0
BRH:0
end_of_record
TN:
SF:src\core\presets\apis.js
FN:6,PresetApis
FNF:1
FNH:1
FNDA:190,PresetApis
DA:8,190
LF:1
LH:1
BRF:0
BRH:0
end_of_record
TN:
SF:src\core\presets\base.js
FN:102,(anonymous_0)
FNF:1
FNH:1
FNDA:190,(anonymous_0)
DA:104,190
DA:184,190
DA:188,190
DA:192,190
LF:4
LH:4
BRF:0
BRH:0
end_of_record
TN:
SF:src\core\utils\jsonParse.js
FN:1,canJsonParse
FN:11,getKnownSyntaxHighlighterLanguage
FNF:2
FNH:2
FNDA:28,canJsonParse
FNDA:28,getKnownSyntaxHighlighterLanguage
DA:2,28
DA:3,28
DA:4,28
DA:7,0
DA:13,28
DA:14,28
LF:6
LH:5
BRDA:4,0,0,28
BRDA:4,0,1,0
BRDA:14,1,0,28
BRDA:14,1,1,0
BRF:4
BRH:2
end_of_record
TN:
SF:src\core\utils\url.js
FN:1,isAbsoluteUrl
FN:5,addProtocol
FN:11,buildBaseUrl
FN:18,buildUrl
FN:33,safeBuildUrl
FNF:5
FNH:2
FNDA:0,isAbsoluteUrl
FNDA:0,addProtocol
FNDA:0,buildBaseUrl
FNDA:646,buildUrl
FNDA:646,safeBuildUrl
DA:2,0
DA:6,0
DA:8,0
DA:12,0
DA:13,0
DA:15,0
DA:19,646
DA:20,0
DA:22,0
DA:23,0
DA:24,0
DA:26,0
DA:34,646
DA:35,646
DA:37,0
LF:15
LH:3
BRDA:6,0,0,0
BRDA:6,0,1,0
BRDA:12,1,0,0
BRDA:12,1,1,0
BRDA:13,2,0,0
BRDA:13,2,1,0
BRDA:18,3,0,0
BRDA:18,4,0,0
BRDA:19,5,0,646
BRDA:19,5,1,0
BRDA:20,6,0,0
BRDA:20,6,1,0
BRDA:23,7,0,0
BRDA:23,7,1,0
BRDA:33,8,0,0
BRDA:33,9,0,0
BRF:16
BRH:1
end_of_record
TN:
SF:src\helpers\create-html-ready-id.js
FN:8,createHtmlReadyId
FNF:1
FNH:1
FNDA:42,createHtmlReadyId
DA:9,42
LF:1
LH:1
BRDA:8,0,0,42
BRF:1
BRH:1
end_of_record
TN:
SF:src\helpers\get-parameter-schema.js
FN:46,getParameterSchema
FN:64,(anonymous_1)
FNF:2
FNH:0
FNDA:0,getParameterSchema
FNDA:0,(anonymous_1)
DA:7,95
DA:48,0
DA:49,0
DA:55,0
DA:57,0
DA:58,0
DA:63,0
DA:64,0
DA:72,0
DA:73,0
DA:77,0
DA:79,0
DA:88,0
LF:13
LH:1
BRDA:46,0,0,0
BRDA:48,1,0,0
BRDA:48,1,1,0
BRDA:55,2,0,0
BRDA:55,2,1,0
BRDA:57,3,0,0
BRDA:57,3,1,0
BRDA:72,4,0,0
BRDA:72,4,1,0
BRDA:89,5,0,0
BRDA:89,5,1,0
BRF:11
BRH:0
end_of_record
TN:
SF:src\helpers\memoizeN.js
FN:10,(anonymous_0)
FN:10,(anonymous_1)
FN:13,(anonymous_2)
FN:16,(anonymous_3)
FN:19,(anonymous_4)
FN:25,(anonymous_5)
FN:31,(anonymous_6)
FN:37,(anonymous_7)
FNF:8
FNH:5
FNDA:42,(anonymous_0)
FNDA:42,(anonymous_1)
FNDA:42,(anonymous_2)
FNDA:0,(anonymous_3)
FNDA:0,(anonymous_4)
FNDA:0,(anonymous_5)
FNDA:42,(anonymous_6)
FNDA:380,(anonymous_7)
DA:10,95
DA:11,42
DA:13,42
DA:16,95
DA:20,0
DA:21,0
DA:22,0
DA:26,0
DA:27,0
DA:28,0
DA:32,42
DA:33,42
DA:37,95
DA:38,380
DA:39,380
DA:41,380
DA:43,380
DA:45,380
LF:18
LH:12
BRDA:11,0,0,42
BRDA:11,0,1,42
BRDA:11,0,2,42
BRDA:11,0,3,42
BRDA:37,1,0,0
BRF:5
BRH:4
end_of_record
TN:
SF:src\plugins\topbar\index.js
FN:4,(anonymous_0)
FNF:1
FNH:1
FNDA:190,(anonymous_0)
DA:5,190
LF:1
LH:1
BRF:0
BRH:0
end_of_record
TN:
SF:src\standalone\index.js
FN:11,(anonymous_0)
FNF:1
FNH:1
FNDA:190,(anonymous_0)
DA:12,190
LF:1
LH:1
BRF:0
BRH:0
end_of_record
